[2022-11-01T19:59:30.952Z] Nivel de registro: Info
[2022-11-01T19:59:30.956Z] [info] La validación encontró Git en: git
[2022-11-01T19:59:31.234Z] [info] Usando GIT 2.25.1 desde git
[2022-11-01T19:59:31.261Z] > git rev-parse --show-toplevel [18ms]
[2022-11-01T19:59:31.311Z] > git rev-parse --git-dir --git-common-dir [42ms]
[2022-11-01T19:59:31.315Z] [info] Open repository: /home/lrb96
[2022-11-01T19:59:31.342Z] > git rev-parse --show-toplevel [5ms]
[2022-11-01T19:59:31.351Z] > git rev-parse --show-toplevel [2ms]
[2022-11-01T19:59:31.360Z] > git rev-parse --show-toplevel [2ms]
[2022-11-01T19:59:31.375Z] > git rev-parse --show-toplevel [10ms]
[2022-11-01T19:59:31.458Z] > git status -z -uall [128ms]
[2022-11-01T19:59:31.924Z] > git check-ignore -v -z --stdin [39ms]
[2022-11-01T19:59:32.082Z] > git show --textconv :pandas_ejercicios/df.py [46ms]
[2022-11-01T19:59:32.082Z] > git ls-files --stage -- /home/lrb96/pandas_ejercicios/df.py [38ms]
[2022-11-01T19:59:32.104Z] > git cat-file -s 2bc8428b502ef172248334360d99ec0ad3205269 [15ms]
[2022-11-01T19:59:32.890Z] > git fetch [1567ms]
[2022-11-01T19:59:33.981Z] > git ls-files --stage -- /home/lrb96/pandas_ejercicios/df.py [8ms]
[2022-11-01T19:59:33.986Z] > git cat-file -s 2bc8428b502ef172248334360d99ec0ad3205269 [1ms]
[2022-11-01T19:59:34.003Z] > git show --textconv :pandas_ejercicios/df.py [7ms]
[2022-11-01T19:59:44.660Z] > git symbolic-ref --short HEAD [1ms]
[2022-11-01T19:59:44.665Z] > git for-each-ref --format=%(refname)%00%(upstream:short)%00%(objectname)%00%(upstream:track)%00%(upstream:remotename)%00%(upstream:remoteref) refs/heads/master refs/remotes/master [1ms]
[2022-11-01T19:59:44.675Z] > git remote --verbose [1ms]
[2022-11-01T19:59:44.675Z] > git for-each-ref --sort -committerdate --format %(refname) %(objectname) %(*objectname) [6ms]
[2022-11-01T19:59:44.798Z] > git config --get commit.template [6ms]
[2022-11-01T19:59:45.650Z] > git status -z -uall [846ms]
[2022-11-01T19:59:45.651Z] > git symbolic-ref --short HEAD [2ms]
[2022-11-01T19:59:45.659Z] > git for-each-ref --format=%(refname)%00%(upstream:short)%00%(objectname)%00%(upstream:track)%00%(upstream:remotename)%00%(upstream:remoteref) refs/heads/master refs/remotes/master [1ms]
[2022-11-01T19:59:45.670Z] > git remote --verbose [1ms]
[2022-11-01T19:59:45.671Z] > git for-each-ref --sort -committerdate --format %(refname) %(objectname) %(*objectname) [6ms]
[2022-11-01T19:59:45.783Z] > git config --get commit.template [0ms]
[2022-11-01T19:59:46.898Z] > git status -z -uall [1109ms]
[2022-11-01T19:59:46.898Z] > git symbolic-ref --short HEAD [1ms]
[2022-11-01T19:59:46.908Z] > git for-each-ref --format=%(refname)%00%(upstream:short)%00%(objectname)%00%(upstream:track)%00%(upstream:remotename)%00%(upstream:remoteref) refs/heads/master refs/remotes/master [1ms]
[2022-11-01T19:59:46.922Z] > git remote --verbose [1ms]
[2022-11-01T19:59:46.922Z] > git for-each-ref --sort -committerdate --format %(refname) %(objectname) %(*objectname) [6ms]
[2022-11-01T19:59:47.946Z] > git config --get commit.template [903ms]
[2022-11-01T19:59:48.041Z] > git config --local branch.master.github-pr-owner-number [50ms]
[2022-11-01T20:03:02.263Z] > git ls-files --stage -- /home/lrb96/pandas_ejercicios/df.py [8ms]
[2022-11-01T20:03:02.268Z] > git cat-file -s 2bc8428b502ef172248334360d99ec0ad3205269 [0ms]
[2022-11-01T20:03:02.285Z] > git show --textconv :pandas_ejercicios/df.py [7ms]
[2022-11-01T20:03:02.316Z] > git fetch [1247ms]
[2022-11-01T20:03:02.433Z] > git status -z -uall [112ms]
[2022-11-01T20:03:02.433Z] > git symbolic-ref --short HEAD [2ms]
[2022-11-01T20:03:02.438Z] > git for-each-ref --format=%(refname)%00%(upstream:short)%00%(objectname)%00%(upstream:track)%00%(upstream:remotename)%00%(upstream:remoteref) refs/heads/master refs/remotes/master [1ms]
[2022-11-01T20:03:02.446Z] > git remote --verbose [1ms]
[2022-11-01T20:03:02.447Z] > git for-each-ref --sort -committerdate --format %(refname) %(objectname) %(*objectname) [5ms]
[2022-11-01T20:03:02.549Z] > git config --get commit.template [3ms]
[2022-11-01T20:03:03.736Z] > git ls-files --stage -- /home/lrb96/pandas_ejercicios/df.py [8ms]
[2022-11-01T20:03:03.742Z] > git cat-file -s 2bc8428b502ef172248334360d99ec0ad3205269 [1ms]
[2022-11-01T20:03:03.800Z] > git show --textconv :pandas_ejercicios/df.py [7ms]
[2022-11-01T20:11:03.804Z] > git ls-files --stage -- /home/lrb96/pandas_ejercicios/df.py [9ms]
[2022-11-01T20:11:03.808Z] > git cat-file -s 2bc8428b502ef172248334360d99ec0ad3205269 [1ms]
[2022-11-01T20:11:03.826Z] > git show --textconv :pandas_ejercicios/df.py [7ms]
[2022-11-01T20:11:03.840Z] > git fetch [1229ms]
[2022-11-01T20:11:03.961Z] > git status -z -uall [116ms]
[2022-11-01T20:11:03.961Z] > git symbolic-ref --short HEAD [1ms]
[2022-11-01T20:11:03.967Z] > git for-each-ref --format=%(refname)%00%(upstream:short)%00%(objectname)%00%(upstream:track)%00%(upstream:remotename)%00%(upstream:remoteref) refs/heads/master refs/remotes/master [2ms]
[2022-11-01T20:11:03.976Z] > git remote --verbose [2ms]
[2022-11-01T20:11:03.976Z] > git for-each-ref --sort -committerdate --format %(refname) %(objectname) %(*objectname) [5ms]
[2022-11-01T20:11:04.071Z] > git config --get commit.template [3ms]
[2022-11-01T20:11:05.231Z] > git ls-files --stage -- /home/lrb96/pandas_ejercicios/df.py [7ms]
[2022-11-01T20:11:05.237Z] > git cat-file -s 2bc8428b502ef172248334360d99ec0ad3205269 [1ms]
[2022-11-01T20:11:05.254Z] > git show --textconv :pandas_ejercicios/df.py [7ms]
[2022-11-01T20:15:10.085Z] > git ls-files --stage -- /home/lrb96/pandas_ejercicios/df.py [9ms]
[2022-11-01T20:15:10.090Z] > git cat-file -s 2bc8428b502ef172248334360d99ec0ad3205269 [1ms]
[2022-11-01T20:15:10.104Z] > git fetch [1231ms]
[2022-11-01T20:15:10.109Z] > git show --textconv :pandas_ejercicios/df.py [10ms]
[2022-11-01T20:15:10.227Z] > git status -z -uall [118ms]
[2022-11-01T20:15:10.227Z] > git symbolic-ref --short HEAD [2ms]
[2022-11-01T20:15:10.234Z] > git for-each-ref --format=%(refname)%00%(upstream:short)%00%(objectname)%00%(upstream:track)%00%(upstream:remotename)%00%(upstream:remoteref) refs/heads/master refs/remotes/master [1ms]
[2022-11-01T20:15:10.244Z] > git remote --verbose [2ms]
[2022-11-01T20:15:10.244Z] > git for-each-ref --sort -committerdate --format %(refname) %(objectname) %(*objectname) [5ms]
[2022-11-01T20:15:10.342Z] > git config --get commit.template [3ms]
[2022-11-01T20:15:11.565Z] > git ls-files --stage -- /home/lrb96/pandas_ejercicios/df.py [10ms]
[2022-11-01T20:15:11.570Z] > git cat-file -s 2bc8428b502ef172248334360d99ec0ad3205269 [1ms]
[2022-11-01T20:15:11.588Z] > git show --textconv :pandas_ejercicios/df.py [7ms]
[2022-11-01T20:18:11.756Z] > git fetch [1261ms]
[2022-11-01T20:18:11.894Z] > git status -z -uall [132ms]
[2022-11-01T20:18:11.894Z] > git symbolic-ref --short HEAD [2ms]
[2022-11-01T20:18:11.899Z] > git for-each-ref --format=%(refname)%00%(upstream:short)%00%(objectname)%00%(upstream:track)%00%(upstream:remotename)%00%(upstream:remoteref) refs/heads/master refs/remotes/master [0ms]
[2022-11-01T20:18:11.910Z] > git remote --verbose [1ms]
[2022-11-01T20:18:11.911Z] > git for-each-ref --sort -committerdate --format %(refname) %(objectname) %(*objectname) [7ms]
[2022-11-01T20:18:13.064Z] > git config --get commit.template [1029ms]
[2022-11-01T20:18:13.283Z] > git ls-files --stage -- /home/lrb96/pandas_ejercicios/df.py [7ms]
[2022-11-01T20:18:13.289Z] > git cat-file -s 2bc8428b502ef172248334360d99ec0ad3205269 [1ms]
[2022-11-01T20:18:13.306Z] > git show --textconv :pandas_ejercicios/df.py [7ms]
[2022-11-01T20:22:02.253Z] > git ls-files --stage -- /home/lrb96/pandas_ejercicios/df.py [10ms]
[2022-11-01T20:22:02.257Z] > git cat-file -s 2bc8428b502ef172248334360d99ec0ad3205269 [1ms]
[2022-11-01T20:22:02.276Z] > git show --textconv :pandas_ejercicios/df.py [8ms]
[2022-11-01T20:22:02.289Z] > git fetch [1265ms]
[2022-11-01T20:22:02.411Z] > git status -z -uall [118ms]
[2022-11-01T20:22:02.412Z] > git symbolic-ref --short HEAD [1ms]
[2022-11-01T20:22:02.416Z] > git for-each-ref --format=%(refname)%00%(upstream:short)%00%(objectname)%00%(upstream:track)%00%(upstream:remotename)%00%(upstream:remoteref) refs/heads/master refs/remotes/master [1ms]
[2022-11-01T20:22:02.425Z] > git remote --verbose [2ms]
[2022-11-01T20:22:02.425Z] > git for-each-ref --sort -committerdate --format %(refname) %(objectname) %(*objectname) [5ms]
[2022-11-01T20:22:02.524Z] > git config --get commit.template [4ms]
[2022-11-01T20:22:03.756Z] > git ls-files --stage -- /home/lrb96/pandas_ejercicios/df.py [8ms]
[2022-11-01T20:22:03.762Z] > git cat-file -s 2bc8428b502ef172248334360d99ec0ad3205269 [1ms]
[2022-11-01T20:22:03.779Z] > git show --textconv :pandas_ejercicios/df.py [8ms]
[2022-11-01T20:25:34.438Z] > git fetch [1245ms]
[2022-11-01T20:25:34.563Z] > git status -z -uall [120ms]
[2022-11-01T20:25:34.563Z] > git symbolic-ref --short HEAD [2ms]
[2022-11-01T20:25:34.568Z] > git for-each-ref --format=%(refname)%00%(upstream:short)%00%(objectname)%00%(upstream:track)%00%(upstream:remotename)%00%(upstream:remoteref) refs/heads/master refs/remotes/master [1ms]
[2022-11-01T20:25:34.577Z] > git remote --verbose [0ms]
[2022-11-01T20:25:34.578Z] > git for-each-ref --sort -committerdate --format %(refname) %(objectname) %(*objectname) [5ms]
[2022-11-01T20:25:34.678Z] > git config --get commit.template [4ms]
[2022-11-01T20:25:35.959Z] > git ls-files --stage -- /home/lrb96/pandas_ejercicios/df.py [7ms]
[2022-11-01T20:25:35.964Z] > git cat-file -s 2bc8428b502ef172248334360d99ec0ad3205269 [0ms]
[2022-11-01T20:25:35.981Z] > git show --textconv :pandas_ejercicios/df.py [7ms]
