[2022-11-01T19:27:49.687Z] Nivel de registro: Info
[2022-11-01T19:27:49.693Z] [info] La validación encontró Git en: git
[2022-11-01T19:27:49.722Z] [info] Usando GIT 2.25.1 desde git
[2022-11-01T19:27:49.752Z] > git rev-parse --show-toplevel [22ms]
[2022-11-01T19:27:49.762Z] > git rev-parse --git-dir --git-common-dir [4ms]
[2022-11-01T19:27:49.768Z] [info] Open repository: /home/lrb96
[2022-11-01T19:27:49.782Z] > git rev-parse --show-toplevel [2ms]
[2022-11-01T19:27:49.787Z] > git rev-parse --show-toplevel [1ms]
[2022-11-01T19:27:49.794Z] > git rev-parse --show-toplevel [1ms]
[2022-11-01T19:27:49.798Z] > git rev-parse --show-toplevel [1ms]
[2022-11-01T19:27:49.802Z] > git rev-parse --show-toplevel [1ms]
[2022-11-01T19:27:49.806Z] > git rev-parse --show-toplevel [1ms]
[2022-11-01T19:27:49.809Z] > git rev-parse --show-toplevel [1ms]
[2022-11-01T19:27:49.813Z] > git rev-parse --show-toplevel [0ms]
[2022-11-01T19:27:49.815Z] > git rev-parse --show-toplevel [0ms]
[2022-11-01T19:27:49.818Z] > git rev-parse --show-toplevel [1ms]
[2022-11-01T19:27:49.821Z] > git rev-parse --show-toplevel [1ms]
[2022-11-01T19:27:49.823Z] > git rev-parse --show-toplevel [0ms]
[2022-11-01T19:27:49.825Z] > git rev-parse --show-toplevel [0ms]
[2022-11-01T19:27:49.828Z] > git rev-parse --show-toplevel [1ms]
[2022-11-01T19:27:49.830Z] > git rev-parse --show-toplevel [0ms]
[2022-11-01T19:27:49.887Z] > git status -z -uall [112ms]
[2022-11-01T19:27:49.890Z] > git symbolic-ref --short HEAD [0ms]
[2022-11-01T19:27:49.893Z] > git for-each-ref --format=%(refname)%00%(upstream:short)%00%(objectname)%00%(upstream:track)%00%(upstream:remotename)%00%(upstream:remoteref) refs/heads/master refs/remotes/master [0ms]
[2022-11-01T19:27:49.900Z] > git remote --verbose [1ms]
[2022-11-01T19:27:49.901Z] > git for-each-ref --sort -committerdate --format %(refname) %(objectname) %(*objectname) [5ms]
[2022-11-01T19:27:49.957Z] > git config --get commit.template [1ms]
[2022-11-01T19:27:50.476Z] > git status -z -uall [516ms]
[2022-11-01T19:27:50.486Z] > git symbolic-ref --short HEAD [6ms]
[2022-11-01T19:27:50.491Z] > git for-each-ref --format=%(refname)%00%(upstream:short)%00%(objectname)%00%(upstream:track)%00%(upstream:remotename)%00%(upstream:remoteref) refs/heads/master refs/remotes/master [1ms]
[2022-11-01T19:27:50.499Z] > git remote --verbose [1ms]
[2022-11-01T19:27:50.499Z] > git for-each-ref --sort -committerdate --format %(refname) %(objectname) %(*objectname) [4ms]
[2022-11-01T19:27:50.569Z] > git config --get commit.template [43ms]
[2022-11-01T19:27:51.064Z] > git fetch [1292ms]
[2022-11-01T19:27:51.151Z] > git status -z -uall [84ms]
[2022-11-01T19:27:51.155Z] > git symbolic-ref --short HEAD [1ms]
[2022-11-01T19:27:51.158Z] > git for-each-ref --format=%(refname)%00%(upstream:short)%00%(objectname)%00%(upstream:track)%00%(upstream:remotename)%00%(upstream:remoteref) refs/heads/master refs/remotes/master [1ms]
[2022-11-01T19:27:51.164Z] > git remote --verbose [1ms]
[2022-11-01T19:27:51.164Z] > git for-each-ref --sort -committerdate --format %(refname) %(objectname) %(*objectname) [3ms]
[2022-11-01T19:27:51.190Z] > git config --get commit.template [0ms]
[2022-11-01T19:27:52.720Z] > git config --local branch.master.github-pr-owner-number [46ms]
[2022-11-01T19:27:54.625Z] > git status -z -uall [85ms]
[2022-11-01T19:27:54.629Z] > git symbolic-ref --short HEAD [1ms]
[2022-11-01T19:27:54.633Z] > git for-each-ref --format=%(refname)%00%(upstream:short)%00%(objectname)%00%(upstream:track)%00%(upstream:remotename)%00%(upstream:remoteref) refs/heads/master refs/remotes/master [1ms]
[2022-11-01T19:27:54.639Z] > git remote --verbose [0ms]
[2022-11-01T19:27:54.640Z] > git for-each-ref --sort -committerdate --format %(refname) %(objectname) %(*objectname) [4ms]
[2022-11-01T19:27:54.664Z] > git config --get commit.template [1ms]
[2022-11-01T19:27:58.419Z] > git check-ignore -v -z --stdin [27ms]
[2022-11-01T19:27:59.754Z] > git status -z -uall [84ms]
[2022-11-01T19:27:59.758Z] > git symbolic-ref --short HEAD [0ms]
[2022-11-01T19:27:59.762Z] > git for-each-ref --format=%(refname)%00%(upstream:short)%00%(objectname)%00%(upstream:track)%00%(upstream:remotename)%00%(upstream:remoteref) refs/heads/master refs/remotes/master [0ms]
[2022-11-01T19:27:59.769Z] > git remote --verbose [1ms]
[2022-11-01T19:27:59.769Z] > git for-each-ref --sort -committerdate --format %(refname) %(objectname) %(*objectname) [3ms]
[2022-11-01T19:27:59.792Z] > git config --get commit.template [0ms]
[2022-11-01T19:28:00.645Z] > git check-ignore -v -z --stdin [11ms]
[2022-11-01T19:28:02.521Z] > git show --textconv :df.py [177ms]
[2022-11-01T19:28:02.549Z] > git ls-files --stage -- /home/lrb96/df.py [195ms]
[2022-11-01T19:28:04.889Z] > git status -z -uall [90ms]
[2022-11-01T19:28:04.896Z] > git symbolic-ref --short HEAD [1ms]
[2022-11-01T19:28:04.902Z] > git for-each-ref --format=%(refname)%00%(upstream:short)%00%(objectname)%00%(upstream:track)%00%(upstream:remotename)%00%(upstream:remoteref) refs/heads/master refs/remotes/master [1ms]
[2022-11-01T19:28:04.913Z] > git remote --verbose [1ms]
[2022-11-01T19:28:04.913Z] > git for-each-ref --sort -committerdate --format %(refname) %(objectname) %(*objectname) [6ms]
[2022-11-01T19:28:04.957Z] > git config --get commit.template [0ms]
[2022-11-01T19:28:16.085Z] > git status -z -uall [86ms]
[2022-11-01T19:28:16.092Z] > git symbolic-ref --short HEAD [1ms]
[2022-11-01T19:28:16.099Z] > git for-each-ref --format=%(refname)%00%(upstream:short)%00%(objectname)%00%(upstream:track)%00%(upstream:remotename)%00%(upstream:remoteref) refs/heads/master refs/remotes/master [1ms]
[2022-11-01T19:28:16.110Z] > git remote --verbose [1ms]
[2022-11-01T19:28:16.110Z] > git for-each-ref --sort -committerdate --format %(refname) %(objectname) %(*objectname) [6ms]
[2022-11-01T19:28:16.141Z] > git config --get commit.template [1ms]
[2022-11-01T19:28:26.458Z] > git status -z -uall [90ms]
[2022-11-01T19:28:26.465Z] > git symbolic-ref --short HEAD [1ms]
[2022-11-01T19:28:26.472Z] > git for-each-ref --format=%(refname)%00%(upstream:short)%00%(objectname)%00%(upstream:track)%00%(upstream:remotename)%00%(upstream:remoteref) refs/heads/master refs/remotes/master [1ms]
[2022-11-01T19:28:26.484Z] > git remote --verbose [1ms]
[2022-11-01T19:28:26.484Z] > git for-each-ref --sort -committerdate --format %(refname) %(objectname) %(*objectname) [6ms]
[2022-11-01T19:28:26.512Z] > git config --get commit.template [2ms]
[2022-11-01T19:28:31.609Z] > git status -z -uall [86ms]
[2022-11-01T19:28:31.616Z] > git symbolic-ref --short HEAD [0ms]
[2022-11-01T19:28:31.623Z] > git for-each-ref --format=%(refname)%00%(upstream:short)%00%(objectname)%00%(upstream:track)%00%(upstream:remotename)%00%(upstream:remoteref) refs/heads/master refs/remotes/master [0ms]
[2022-11-01T19:28:31.636Z] > git remote --verbose [1ms]
[2022-11-01T19:28:31.636Z] > git for-each-ref --sort -committerdate --format %(refname) %(objectname) %(*objectname) [7ms]
[2022-11-01T19:28:31.668Z] > git config --get commit.template [5ms]
[2022-11-01T19:28:36.758Z] > git status -z -uall [84ms]
[2022-11-01T19:28:36.764Z] > git symbolic-ref --short HEAD [0ms]
[2022-11-01T19:28:36.770Z] > git for-each-ref --format=%(refname)%00%(upstream:short)%00%(objectname)%00%(upstream:track)%00%(upstream:remotename)%00%(upstream:remoteref) refs/heads/master refs/remotes/master [1ms]
[2022-11-01T19:28:36.782Z] > git remote --verbose [2ms]
[2022-11-01T19:28:36.783Z] > git for-each-ref --sort -committerdate --format %(refname) %(objectname) %(*objectname) [7ms]
[2022-11-01T19:28:36.810Z] > git config --get commit.template [1ms]
[2022-11-01T19:28:49.052Z] > git status -z -uall [88ms]
[2022-11-01T19:28:49.057Z] > git symbolic-ref --short HEAD [0ms]
[2022-11-01T19:28:49.062Z] > git for-each-ref --format=%(refname)%00%(upstream:short)%00%(objectname)%00%(upstream:track)%00%(upstream:remotename)%00%(upstream:remoteref) refs/heads/master refs/remotes/master [0ms]
[2022-11-01T19:28:49.071Z] > git remote --verbose [1ms]
[2022-11-01T19:28:49.071Z] > git for-each-ref --sort -committerdate --format %(refname) %(objectname) %(*objectname) [5ms]
[2022-11-01T19:28:49.098Z] > git config --get commit.template [1ms]
[2022-11-01T19:28:56.391Z] > git status -z -uall [107ms]
[2022-11-01T19:28:56.396Z] > git symbolic-ref --short HEAD [0ms]
[2022-11-01T19:28:56.401Z] > git for-each-ref --format=%(refname)%00%(upstream:short)%00%(objectname)%00%(upstream:track)%00%(upstream:remotename)%00%(upstream:remoteref) refs/heads/master refs/remotes/master [0ms]
[2022-11-01T19:28:56.409Z] > git remote --verbose [0ms]
[2022-11-01T19:28:56.410Z] > git for-each-ref --sort -committerdate --format %(refname) %(objectname) %(*objectname) [5ms]
[2022-11-01T19:28:56.436Z] > git config --get commit.template [1ms]
[2022-11-01T19:29:01.527Z] > git status -z -uall [84ms]
[2022-11-01T19:29:01.532Z] > git symbolic-ref --short HEAD [0ms]
[2022-11-01T19:29:01.539Z] > git for-each-ref --format=%(refname)%00%(upstream:short)%00%(objectname)%00%(upstream:track)%00%(upstream:remotename)%00%(upstream:remoteref) refs/heads/master refs/remotes/master [2ms]
[2022-11-01T19:29:01.548Z] > git remote --verbose [1ms]
[2022-11-01T19:29:01.548Z] > git for-each-ref --sort -committerdate --format %(refname) %(objectname) %(*objectname) [5ms]
[2022-11-01T19:29:01.574Z] > git config --get commit.template [1ms]
[2022-11-01T19:29:06.666Z] > git status -z -uall [85ms]
[2022-11-01T19:29:06.671Z] > git symbolic-ref --short HEAD [0ms]
[2022-11-01T19:29:06.676Z] > git for-each-ref --format=%(refname)%00%(upstream:short)%00%(objectname)%00%(upstream:track)%00%(upstream:remotename)%00%(upstream:remoteref) refs/heads/master refs/remotes/master [0ms]
[2022-11-01T19:29:06.684Z] > git remote --verbose [0ms]
[2022-11-01T19:29:06.684Z] > git for-each-ref --sort -committerdate --format %(refname) %(objectname) %(*objectname) [4ms]
[2022-11-01T19:29:06.713Z] > git config --get commit.template [3ms]
[2022-11-01T19:29:11.805Z] > git status -z -uall [85ms]
[2022-11-01T19:29:11.810Z] > git symbolic-ref --short HEAD [0ms]
[2022-11-01T19:29:11.814Z] > git for-each-ref --format=%(refname)%00%(upstream:short)%00%(objectname)%00%(upstream:track)%00%(upstream:remotename)%00%(upstream:remoteref) refs/heads/master refs/remotes/master [1ms]
[2022-11-01T19:29:11.822Z] > git for-each-ref --sort -committerdate --format %(refname) %(objectname) %(*objectname) [4ms]
[2022-11-01T19:29:11.822Z] > git remote --verbose [1ms]
[2022-11-01T19:29:11.849Z] > git config --get commit.template [0ms]
[2022-11-01T19:29:16.938Z] > git status -z -uall [83ms]
[2022-11-01T19:29:16.943Z] > git symbolic-ref --short HEAD [1ms]
[2022-11-01T19:29:16.948Z] > git for-each-ref --format=%(refname)%00%(upstream:short)%00%(objectname)%00%(upstream:track)%00%(upstream:remotename)%00%(upstream:remoteref) refs/heads/master refs/remotes/master [1ms]
[2022-11-01T19:29:16.956Z] > git remote --verbose [1ms]
[2022-11-01T19:29:16.956Z] > git for-each-ref --sort -committerdate --format %(refname) %(objectname) %(*objectname) [4ms]
[2022-11-01T19:29:16.982Z] > git config --get commit.template [1ms]
[2022-11-01T19:29:22.074Z] > git status -z -uall [85ms]
[2022-11-01T19:29:22.080Z] > git symbolic-ref --short HEAD [1ms]
[2022-11-01T19:29:22.085Z] > git for-each-ref --format=%(refname)%00%(upstream:short)%00%(objectname)%00%(upstream:track)%00%(upstream:remotename)%00%(upstream:remoteref) refs/heads/master refs/remotes/master [1ms]
[2022-11-01T19:29:22.095Z] > git remote --verbose [1ms]
[2022-11-01T19:29:22.095Z] > git for-each-ref --sort -committerdate --format %(refname) %(objectname) %(*objectname) [6ms]
[2022-11-01T19:29:22.122Z] > git config --get commit.template [1ms]
[2022-11-01T19:30:19.262Z] > git status -z -uall [94ms]
[2022-11-01T19:30:19.266Z] > git symbolic-ref --short HEAD [0ms]
[2022-11-01T19:30:19.271Z] > git for-each-ref --format=%(refname)%00%(upstream:short)%00%(objectname)%00%(upstream:track)%00%(upstream:remotename)%00%(upstream:remoteref) refs/heads/master refs/remotes/master [1ms]
[2022-11-01T19:30:19.279Z] > git remote --verbose [1ms]
[2022-11-01T19:30:19.279Z] > git for-each-ref --sort -committerdate --format %(refname) %(objectname) %(*objectname) [5ms]
[2022-11-01T19:30:19.310Z] > git config --get commit.template [0ms]
[2022-11-01T19:30:24.438Z] > git status -z -uall [121ms]
[2022-11-01T19:30:24.443Z] > git symbolic-ref --short HEAD [1ms]
[2022-11-01T19:30:24.450Z] > git for-each-ref --format=%(refname)%00%(upstream:short)%00%(objectname)%00%(upstream:track)%00%(upstream:remotename)%00%(upstream:remoteref) refs/heads/master refs/remotes/master [0ms]
[2022-11-01T19:30:24.464Z] > git remote --verbose [1ms]
[2022-11-01T19:30:24.464Z] > git for-each-ref --sort -committerdate --format %(refname) %(objectname) %(*objectname) [7ms]
[2022-11-01T19:30:24.499Z] > git config --get commit.template [1ms]
[2022-11-01T19:30:32.103Z] > git status -z -uall [91ms]
[2022-11-01T19:30:32.108Z] > git symbolic-ref --short HEAD [0ms]
[2022-11-01T19:30:32.113Z] > git for-each-ref --format=%(refname)%00%(upstream:short)%00%(objectname)%00%(upstream:track)%00%(upstream:remotename)%00%(upstream:remoteref) refs/heads/master refs/remotes/master [0ms]
[2022-11-01T19:30:32.122Z] > git remote --verbose [0ms]
[2022-11-01T19:30:32.123Z] > git for-each-ref --sort -committerdate --format %(refname) %(objectname) %(*objectname) [5ms]
[2022-11-01T19:30:32.149Z] > git config --get commit.template [1ms]
[2022-11-01T19:30:37.239Z] > git status -z -uall [85ms]
[2022-11-01T19:30:37.245Z] > git symbolic-ref --short HEAD [1ms]
[2022-11-01T19:30:37.251Z] > git for-each-ref --format=%(refname)%00%(upstream:short)%00%(objectname)%00%(upstream:track)%00%(upstream:remotename)%00%(upstream:remoteref) refs/heads/master refs/remotes/master [1ms]
[2022-11-01T19:30:37.259Z] > git remote --verbose [1ms]
[2022-11-01T19:30:37.259Z] > git for-each-ref --sort -committerdate --format %(refname) %(objectname) %(*objectname) [4ms]
[2022-11-01T19:30:37.290Z] > git config --get commit.template [3ms]
[2022-11-01T19:30:44.339Z] > git status -z -uall [89ms]
[2022-11-01T19:30:44.345Z] > git symbolic-ref --short HEAD [1ms]
[2022-11-01T19:30:44.351Z] > git for-each-ref --format=%(refname)%00%(upstream:short)%00%(objectname)%00%(upstream:track)%00%(upstream:remotename)%00%(upstream:remoteref) refs/heads/master refs/remotes/master [1ms]
[2022-11-01T19:30:44.361Z] > git remote --verbose [0ms]
[2022-11-01T19:30:44.361Z] > git for-each-ref --sort -committerdate --format %(refname) %(objectname) %(*objectname) [6ms]
[2022-11-01T19:30:44.386Z] > git config --get commit.template [0ms]
[2022-11-01T19:30:49.475Z] > git status -z -uall [83ms]
[2022-11-01T19:30:49.481Z] > git symbolic-ref --short HEAD [1ms]
[2022-11-01T19:30:49.489Z] > git for-each-ref --format=%(refname)%00%(upstream:short)%00%(objectname)%00%(upstream:track)%00%(upstream:remotename)%00%(upstream:remoteref) refs/heads/master refs/remotes/master [1ms]
[2022-11-01T19:30:49.499Z] > git for-each-ref --sort -committerdate --format %(refname) %(objectname) %(*objectname) [5ms]
[2022-11-01T19:30:49.500Z] > git remote --verbose [2ms]
[2022-11-01T19:30:49.550Z] > git config --get commit.template [11ms]
[2022-11-01T19:30:52.409Z] > git ls-files --stage -- /home/lrb96/df.py [13ms]
[2022-11-01T19:30:52.430Z] > git show --textconv :df.py [9ms]
[2022-11-01T19:30:52.959Z] > git fetch [1761ms]
[2022-11-01T19:30:53.046Z] > git status -z -uall [82ms]
[2022-11-01T19:30:53.051Z] > git symbolic-ref --short HEAD [1ms]
[2022-11-01T19:30:53.056Z] > git for-each-ref --format=%(refname)%00%(upstream:short)%00%(objectname)%00%(upstream:track)%00%(upstream:remotename)%00%(upstream:remoteref) refs/heads/master refs/remotes/master [1ms]
[2022-11-01T19:30:53.064Z] > git remote --verbose [0ms]
[2022-11-01T19:30:53.064Z] > git for-each-ref --sort -committerdate --format %(refname) %(objectname) %(*objectname) [5ms]
[2022-11-01T19:30:53.089Z] > git config --get commit.template [0ms]
[2022-11-01T19:30:54.036Z] > git ls-files --stage -- /home/lrb96/df.py [8ms]
[2022-11-01T19:30:54.051Z] > git show --textconv :df.py [7ms]
[2022-11-01T19:31:15.930Z] > git status -z -uall [90ms]
[2022-11-01T19:31:15.935Z] > git symbolic-ref --short HEAD [1ms]
[2022-11-01T19:31:15.939Z] > git for-each-ref --format=%(refname)%00%(upstream:short)%00%(objectname)%00%(upstream:track)%00%(upstream:remotename)%00%(upstream:remoteref) refs/heads/master refs/remotes/master [1ms]
[2022-11-01T19:31:15.946Z] > git for-each-ref --sort -committerdate --format %(refname) %(objectname) %(*objectname) [4ms]
[2022-11-01T19:31:15.946Z] > git remote --verbose [1ms]
[2022-11-01T19:31:15.978Z] > git config --get commit.template [1ms]
[2022-11-01T19:31:34.326Z] > git status -z -uall [87ms]
[2022-11-01T19:31:34.330Z] > git symbolic-ref --short HEAD [0ms]
[2022-11-01T19:31:34.335Z] > git for-each-ref --format=%(refname)%00%(upstream:short)%00%(objectname)%00%(upstream:track)%00%(upstream:remotename)%00%(upstream:remoteref) refs/heads/master refs/remotes/master [1ms]
[2022-11-01T19:31:34.341Z] > git remote --verbose [0ms]
[2022-11-01T19:31:34.342Z] > git for-each-ref --sort -committerdate --format %(refname) %(objectname) %(*objectname) [4ms]
[2022-11-01T19:31:34.371Z] > git config --get commit.template [0ms]
[2022-11-01T19:31:39.866Z] > git status -z -uall [94ms]
[2022-11-01T19:31:39.872Z] > git symbolic-ref --short HEAD [1ms]
[2022-11-01T19:31:39.876Z] > git for-each-ref --format=%(refname)%00%(upstream:short)%00%(objectname)%00%(upstream:track)%00%(upstream:remotename)%00%(upstream:remoteref) refs/heads/master refs/remotes/master [1ms]
[2022-11-01T19:31:39.883Z] > git remote --verbose [0ms]
[2022-11-01T19:31:39.884Z] > git for-each-ref --sort -committerdate --format %(refname) %(objectname) %(*objectname) [5ms]
[2022-11-01T19:31:39.911Z] > git config --get commit.template [0ms]
[2022-11-01T19:31:45.003Z] > git status -z -uall [86ms]
[2022-11-01T19:31:45.008Z] > git symbolic-ref --short HEAD [1ms]
[2022-11-01T19:31:45.012Z] > git for-each-ref --format=%(refname)%00%(upstream:short)%00%(objectname)%00%(upstream:track)%00%(upstream:remotename)%00%(upstream:remoteref) refs/heads/master refs/remotes/master [1ms]
[2022-11-01T19:31:45.020Z] > git remote --verbose [0ms]
[2022-11-01T19:31:45.021Z] > git for-each-ref --sort -committerdate --format %(refname) %(objectname) %(*objectname) [5ms]
[2022-11-01T19:31:45.047Z] > git config --get commit.template [0ms]
[2022-11-01T19:31:50.134Z] > git status -z -uall [81ms]
[2022-11-01T19:31:50.139Z] > git symbolic-ref --short HEAD [1ms]
[2022-11-01T19:31:50.143Z] > git for-each-ref --format=%(refname)%00%(upstream:short)%00%(objectname)%00%(upstream:track)%00%(upstream:remotename)%00%(upstream:remoteref) refs/heads/master refs/remotes/master [0ms]
[2022-11-01T19:31:50.151Z] > git remote --verbose [1ms]
[2022-11-01T19:31:50.151Z] > git for-each-ref --sort -committerdate --format %(refname) %(objectname) %(*objectname) [4ms]
[2022-11-01T19:31:50.177Z] > git config --get commit.template [1ms]
[2022-11-01T19:31:55.268Z] > git status -z -uall [85ms]
[2022-11-01T19:31:55.274Z] > git symbolic-ref --short HEAD [1ms]
[2022-11-01T19:31:55.278Z] > git for-each-ref --format=%(refname)%00%(upstream:short)%00%(objectname)%00%(upstream:track)%00%(upstream:remotename)%00%(upstream:remoteref) refs/heads/master refs/remotes/master [0ms]
[2022-11-01T19:31:55.286Z] > git remote --verbose [1ms]
[2022-11-01T19:31:55.286Z] > git for-each-ref --sort -committerdate --format %(refname) %(objectname) %(*objectname) [4ms]
[2022-11-01T19:31:55.313Z] > git config --get commit.template [2ms]
[2022-11-01T19:32:03.536Z] > git status -z -uall [91ms]
[2022-11-01T19:32:03.542Z] > git symbolic-ref --short HEAD [1ms]
[2022-11-01T19:32:03.547Z] > git for-each-ref --format=%(refname)%00%(upstream:short)%00%(objectname)%00%(upstream:track)%00%(upstream:remotename)%00%(upstream:remoteref) refs/heads/master refs/remotes/master [1ms]
[2022-11-01T19:32:03.554Z] > git remote --verbose [0ms]
[2022-11-01T19:32:03.555Z] > git for-each-ref --sort -committerdate --format %(refname) %(objectname) %(*objectname) [5ms]
[2022-11-01T19:32:03.579Z] > git config --get commit.template [0ms]
[2022-11-01T19:32:08.669Z] > git status -z -uall [84ms]
[2022-11-01T19:32:08.675Z] > git symbolic-ref --short HEAD [1ms]
[2022-11-01T19:32:08.682Z] > git for-each-ref --format=%(refname)%00%(upstream:short)%00%(objectname)%00%(upstream:track)%00%(upstream:remotename)%00%(upstream:remoteref) refs/heads/master refs/remotes/master [1ms]
[2022-11-01T19:32:08.694Z] > git for-each-ref --sort -committerdate --format %(refname) %(objectname) %(*objectname) [7ms]
[2022-11-01T19:32:08.694Z] > git remote --verbose [1ms]
[2022-11-01T19:32:08.742Z] > git config --get commit.template [12ms]
[2022-11-01T19:32:13.832Z] > git status -z -uall [84ms]
[2022-11-01T19:32:13.837Z] > git symbolic-ref --short HEAD [1ms]
[2022-11-01T19:32:13.842Z] > git for-each-ref --format=%(refname)%00%(upstream:short)%00%(objectname)%00%(upstream:track)%00%(upstream:remotename)%00%(upstream:remoteref) refs/heads/master refs/remotes/master [0ms]
[2022-11-01T19:32:13.851Z] > git remote --verbose [0ms]
[2022-11-01T19:32:13.852Z] > git for-each-ref --sort -committerdate --format %(refname) %(objectname) %(*objectname) [5ms]
[2022-11-01T19:32:13.878Z] > git config --get commit.template [1ms]
[2022-11-01T19:32:18.971Z] > git status -z -uall [86ms]
[2022-11-01T19:32:18.976Z] > git symbolic-ref --short HEAD [0ms]
[2022-11-01T19:32:18.981Z] > git for-each-ref --format=%(refname)%00%(upstream:short)%00%(objectname)%00%(upstream:track)%00%(upstream:remotename)%00%(upstream:remoteref) refs/heads/master refs/remotes/master [1ms]
[2022-11-01T19:32:18.989Z] > git for-each-ref --sort -committerdate --format %(refname) %(objectname) %(*objectname) [4ms]
[2022-11-01T19:32:18.989Z] > git remote --verbose [1ms]
[2022-11-01T19:32:19.022Z] > git config --get commit.template [7ms]
[2022-11-01T19:32:33.049Z] > git status -z -uall [93ms]
[2022-11-01T19:32:33.054Z] > git symbolic-ref --short HEAD [0ms]
[2022-11-01T19:32:33.060Z] > git for-each-ref --format=%(refname)%00%(upstream:short)%00%(objectname)%00%(upstream:track)%00%(upstream:remotename)%00%(upstream:remoteref) refs/heads/master refs/remotes/master [1ms]
[2022-11-01T19:32:33.067Z] > git remote --verbose [0ms]
[2022-11-01T19:32:33.068Z] > git for-each-ref --sort -committerdate --format %(refname) %(objectname) %(*objectname) [5ms]
[2022-11-01T19:32:33.092Z] > git config --get commit.template [0ms]
[2022-11-01T19:33:28.515Z] > git status -z -uall [89ms]
[2022-11-01T19:33:28.520Z] > git symbolic-ref --short HEAD [1ms]
[2022-11-01T19:33:28.524Z] > git for-each-ref --format=%(refname)%00%(upstream:short)%00%(objectname)%00%(upstream:track)%00%(upstream:remotename)%00%(upstream:remoteref) refs/heads/master refs/remotes/master [0ms]
[2022-11-01T19:33:28.533Z] > git for-each-ref --sort -committerdate --format %(refname) %(objectname) %(*objectname) [4ms]
[2022-11-01T19:33:28.534Z] > git remote --verbose [1ms]
[2022-11-01T19:33:28.561Z] > git config --get commit.template [1ms]
[2022-11-01T19:34:58.044Z] > git status -z -uall [88ms]
[2022-11-01T19:34:58.049Z] > git symbolic-ref --short HEAD [0ms]
[2022-11-01T19:34:58.054Z] > git for-each-ref --format=%(refname)%00%(upstream:short)%00%(objectname)%00%(upstream:track)%00%(upstream:remotename)%00%(upstream:remoteref) refs/heads/master refs/remotes/master [1ms]
[2022-11-01T19:34:58.062Z] > git remote --verbose [1ms]
[2022-11-01T19:34:58.062Z] > git for-each-ref --sort -committerdate --format %(refname) %(objectname) %(*objectname) [4ms]
[2022-11-01T19:34:58.094Z] > git config --get commit.template [1ms]
[2022-11-01T19:34:59.131Z] > git ls-files --stage -- /home/lrb96/df.py [7ms]
[2022-11-01T19:34:59.148Z] > git show --textconv :df.py [6ms]
[2022-11-01T19:34:59.197Z] > git fetch [1250ms]
[2022-11-01T19:34:59.286Z] > git status -z -uall [84ms]
[2022-11-01T19:34:59.291Z] > git symbolic-ref --short HEAD [1ms]
[2022-11-01T19:34:59.296Z] > git for-each-ref --format=%(refname)%00%(upstream:short)%00%(objectname)%00%(upstream:track)%00%(upstream:remotename)%00%(upstream:remoteref) refs/heads/master refs/remotes/master [1ms]
[2022-11-01T19:34:59.303Z] > git for-each-ref --sort -committerdate --format %(refname) %(objectname) %(*objectname) [4ms]
[2022-11-01T19:34:59.304Z] > git remote --verbose [1ms]
[2022-11-01T19:34:59.331Z] > git config --get commit.template [1ms]
[2022-11-01T19:35:00.372Z] > git ls-files --stage -- /home/lrb96/df.py [9ms]
[2022-11-01T19:35:00.389Z] > git show --textconv :df.py [7ms]
[2022-11-01T19:35:03.190Z] > git status -z -uall [91ms]
[2022-11-01T19:35:03.195Z] > git symbolic-ref --short HEAD [1ms]
[2022-11-01T19:35:03.200Z] > git for-each-ref --format=%(refname)%00%(upstream:short)%00%(objectname)%00%(upstream:track)%00%(upstream:remotename)%00%(upstream:remoteref) refs/heads/master refs/remotes/master [0ms]
[2022-11-01T19:35:03.212Z] > git for-each-ref --sort -committerdate --format %(refname) %(objectname) %(*objectname) [8ms]
[2022-11-01T19:35:03.213Z] > git remote --verbose [3ms]
[2022-11-01T19:35:03.238Z] > git config --get commit.template [1ms]
[2022-11-01T19:35:08.329Z] > git status -z -uall [84ms]
[2022-11-01T19:35:08.335Z] > git symbolic-ref --short HEAD [1ms]
[2022-11-01T19:35:08.343Z] > git for-each-ref --format=%(refname)%00%(upstream:short)%00%(objectname)%00%(upstream:track)%00%(upstream:remotename)%00%(upstream:remoteref) refs/heads/master refs/remotes/master [0ms]
[2022-11-01T19:35:08.359Z] > git remote --verbose [1ms]
[2022-11-01T19:35:08.359Z] > git for-each-ref --sort -committerdate --format %(refname) %(objectname) %(*objectname) [9ms]
[2022-11-01T19:35:08.413Z] > git config --get commit.template [12ms]
[2022-11-01T19:35:22.613Z] > git status -z -uall [93ms]
[2022-11-01T19:35:22.618Z] > git symbolic-ref --short HEAD [0ms]
[2022-11-01T19:35:22.623Z] > git for-each-ref --format=%(refname)%00%(upstream:short)%00%(objectname)%00%(upstream:track)%00%(upstream:remotename)%00%(upstream:remoteref) refs/heads/master refs/remotes/master [1ms]
[2022-11-01T19:35:22.631Z] > git remote --verbose [0ms]
[2022-11-01T19:35:22.631Z] > git for-each-ref --sort -committerdate --format %(refname) %(objectname) %(*objectname) [4ms]
[2022-11-01T19:35:22.656Z] > git config --get commit.template [1ms]
[2022-11-01T19:35:55.387Z] > git status -z -uall [89ms]
[2022-11-01T19:35:55.392Z] > git symbolic-ref --short HEAD [1ms]
[2022-11-01T19:35:55.396Z] > git for-each-ref --format=%(refname)%00%(upstream:short)%00%(objectname)%00%(upstream:track)%00%(upstream:remotename)%00%(upstream:remoteref) refs/heads/master refs/remotes/master [1ms]
[2022-11-01T19:35:55.404Z] > git remote --verbose [1ms]
[2022-11-01T19:35:55.404Z] > git for-each-ref --sort -committerdate --format %(refname) %(objectname) %(*objectname) [5ms]
[2022-11-01T19:35:55.438Z] > git config --get commit.template [2ms]
[2022-11-01T19:36:00.528Z] > git status -z -uall [84ms]
[2022-11-01T19:36:00.534Z] > git symbolic-ref --short HEAD [1ms]
[2022-11-01T19:36:00.539Z] > git for-each-ref --format=%(refname)%00%(upstream:short)%00%(objectname)%00%(upstream:track)%00%(upstream:remotename)%00%(upstream:remoteref) refs/heads/master refs/remotes/master [1ms]
[2022-11-01T19:36:00.547Z] > git remote --verbose [1ms]
[2022-11-01T19:36:00.547Z] > git for-each-ref --sort -committerdate --format %(refname) %(objectname) %(*objectname) [4ms]
[2022-11-01T19:36:00.575Z] > git config --get commit.template [1ms]
[2022-11-01T19:36:06.010Z] > git status -z -uall [90ms]
[2022-11-01T19:36:06.016Z] > git symbolic-ref --short HEAD [1ms]
[2022-11-01T19:36:06.021Z] > git for-each-ref --format=%(refname)%00%(upstream:short)%00%(objectname)%00%(upstream:track)%00%(upstream:remotename)%00%(upstream:remoteref) refs/heads/master refs/remotes/master [1ms]
[2022-11-01T19:36:06.029Z] > git remote --verbose [1ms]
[2022-11-01T19:36:06.029Z] > git for-each-ref --sort -committerdate --format %(refname) %(objectname) %(*objectname) [5ms]
[2022-11-01T19:36:06.055Z] > git config --get commit.template [0ms]
[2022-11-01T19:36:15.281Z] > git status -z -uall [97ms]
[2022-11-01T19:36:15.286Z] > git symbolic-ref --short HEAD [1ms]
[2022-11-01T19:36:15.290Z] > git for-each-ref --format=%(refname)%00%(upstream:short)%00%(objectname)%00%(upstream:track)%00%(upstream:remotename)%00%(upstream:remoteref) refs/heads/master refs/remotes/master [0ms]
[2022-11-01T19:36:15.298Z] > git remote --verbose [1ms]
[2022-11-01T19:36:15.298Z] > git for-each-ref --sort -committerdate --format %(refname) %(objectname) %(*objectname) [4ms]
[2022-11-01T19:36:15.326Z] > git config --get commit.template [1ms]
[2022-11-01T19:36:51.657Z] > git status -z -uall [90ms]
[2022-11-01T19:36:51.662Z] > git symbolic-ref --short HEAD [0ms]
[2022-11-01T19:36:51.667Z] > git for-each-ref --format=%(refname)%00%(upstream:short)%00%(objectname)%00%(upstream:track)%00%(upstream:remotename)%00%(upstream:remoteref) refs/heads/master refs/remotes/master [1ms]
[2022-11-01T19:36:51.676Z] > git remote --verbose [0ms]
[2022-11-01T19:36:51.677Z] > git for-each-ref --sort -committerdate --format %(refname) %(objectname) %(*objectname) [5ms]
[2022-11-01T19:36:51.711Z] > git config --get commit.template [1ms]
[2022-11-01T19:36:57.228Z] > git status -z -uall [92ms]
[2022-11-01T19:36:57.234Z] > git symbolic-ref --short HEAD [1ms]
[2022-11-01T19:36:57.238Z] > git for-each-ref --format=%(refname)%00%(upstream:short)%00%(objectname)%00%(upstream:track)%00%(upstream:remotename)%00%(upstream:remoteref) refs/heads/master refs/remotes/master [0ms]
[2022-11-01T19:36:57.247Z] > git remote --verbose [1ms]
[2022-11-01T19:36:57.247Z] > git for-each-ref --sort -committerdate --format %(refname) %(objectname) %(*objectname) [5ms]
[2022-11-01T19:36:57.275Z] > git config --get commit.template [0ms]
[2022-11-01T19:37:02.366Z] > git status -z -uall [83ms]
[2022-11-01T19:37:02.372Z] > git symbolic-ref --short HEAD [1ms]
[2022-11-01T19:37:02.378Z] > git for-each-ref --format=%(refname)%00%(upstream:short)%00%(objectname)%00%(upstream:track)%00%(upstream:remotename)%00%(upstream:remoteref) refs/heads/master refs/remotes/master [1ms]
[2022-11-01T19:37:02.389Z] > git remote --verbose [1ms]
[2022-11-01T19:37:02.390Z] > git for-each-ref --sort -committerdate --format %(refname) %(objectname) %(*objectname) [6ms]
[2022-11-01T19:37:02.417Z] > git config --get commit.template [0ms]
[2022-11-01T19:39:49.352Z] > git status -z -uall [87ms]
[2022-11-01T19:39:49.360Z] > git symbolic-ref --short HEAD [0ms]
[2022-11-01T19:39:49.367Z] > git for-each-ref --format=%(refname)%00%(upstream:short)%00%(objectname)%00%(upstream:track)%00%(upstream:remotename)%00%(upstream:remoteref) refs/heads/master refs/remotes/master [1ms]
[2022-11-01T19:39:49.377Z] > git remote --verbose [1ms]
[2022-11-01T19:39:49.377Z] > git for-each-ref --sort -committerdate --format %(refname) %(objectname) %(*objectname) [6ms]
[2022-11-01T19:39:49.404Z] > git config --get commit.template [0ms]
[2022-11-01T19:39:50.438Z] > git ls-files --stage -- /home/lrb96/df.py [8ms]
[2022-11-01T19:39:50.454Z] > git show --textconv :df.py [6ms]
[2022-11-01T19:39:50.490Z] > git fetch [1236ms]
[2022-11-01T19:39:50.580Z] > git status -z -uall [84ms]
[2022-11-01T19:39:50.585Z] > git symbolic-ref --short HEAD [0ms]
[2022-11-01T19:39:50.593Z] > git for-each-ref --format=%(refname)%00%(upstream:short)%00%(objectname)%00%(upstream:track)%00%(upstream:remotename)%00%(upstream:remoteref) refs/heads/master refs/remotes/master [1ms]
[2022-11-01T19:39:50.608Z] > git remote --verbose [1ms]
[2022-11-01T19:39:50.608Z] > git for-each-ref --sort -committerdate --format %(refname) %(objectname) %(*objectname) [7ms]
[2022-11-01T19:39:50.650Z] > git config --get commit.template [8ms]
