[2022-10-27T21:23:00.361Z] Nivel de registro: Info
[2022-10-27T21:23:00.366Z] [info] La validación encontró Git en: git
[2022-10-27T21:23:00.395Z] [info] Usando GIT 2.25.1 desde git
[2022-10-27T21:23:00.447Z] > git rev-parse --show-toplevel [40ms]
[2022-10-27T21:23:00.453Z] > git rev-parse --git-dir --git-common-dir [1ms]
[2022-10-27T21:23:00.458Z] [info] Open repository: /home/lrb96
[2022-10-27T21:23:01.023Z] > git status -z -uall [555ms]
[2022-10-27T21:23:01.026Z] > git symbolic-ref --short HEAD [1ms]
[2022-10-27T21:23:01.029Z] > git for-each-ref --format=%(refname)%00%(upstream:short)%00%(objectname)%00%(upstream:track)%00%(upstream:remotename)%00%(upstream:remoteref) refs/heads/master refs/remotes/master [1ms]
[2022-10-27T21:23:01.038Z] > git remote --verbose [5ms]
[2022-10-27T21:23:01.038Z] > git for-each-ref --sort -committerdate --format %(refname) %(objectname) %(*objectname) [7ms]
[2022-10-27T21:23:01.044Z] > git check-ignore -v -z --stdin [7ms]
[2022-10-27T21:23:01.045Z] > git config --get commit.template [1ms]
[2022-10-27T21:23:01.112Z] > git status -z -uall [64ms]
[2022-10-27T21:23:01.115Z] > git symbolic-ref --short HEAD [1ms]
[2022-10-27T21:23:01.117Z] > git for-each-ref --format=%(refname)%00%(upstream:short)%00%(objectname)%00%(upstream:track)%00%(upstream:remotename)%00%(upstream:remoteref) refs/heads/master refs/remotes/master [1ms]
[2022-10-27T21:23:01.121Z] > git remote --verbose [1ms]
[2022-10-27T21:23:01.121Z] > git for-each-ref --sort -committerdate --format %(refname) %(objectname) %(*objectname) [2ms]
[2022-10-27T21:23:01.125Z] > git config --get commit.template [1ms]
[2022-10-27T21:23:12.221Z] > git fetch [11758ms]
[2022-10-27T21:23:12.221Z] Warning: Permanently added the ECDSA host key for IP address '140.82.114.3' to the list of known hosts.
From github.com:LRB96/repositorio_python
   92007f42..2e0fd77e  master     -> origin/master
[2022-10-27T21:23:12.301Z] > git status -z -uall [78ms]
[2022-10-27T21:23:12.304Z] > git symbolic-ref --short HEAD [1ms]
[2022-10-27T21:23:12.306Z] > git for-each-ref --format=%(refname)%00%(upstream:short)%00%(objectname)%00%(upstream:track)%00%(upstream:remotename)%00%(upstream:remoteref) refs/heads/master refs/remotes/master [0ms]
[2022-10-27T21:23:12.310Z] > git remote --verbose [0ms]
[2022-10-27T21:23:12.311Z] > git for-each-ref --sort -committerdate --format %(refname) %(objectname) %(*objectname) [3ms]
[2022-10-27T21:23:12.371Z] > git config --get commit.template [0ms]
[2022-10-27T21:23:16.267Z] > git status -z -uall [83ms]
[2022-10-27T21:23:16.270Z] > git symbolic-ref --short HEAD [1ms]
[2022-10-27T21:23:16.273Z] > git for-each-ref --format=%(refname)%00%(upstream:short)%00%(objectname)%00%(upstream:track)%00%(upstream:remotename)%00%(upstream:remoteref) refs/heads/master refs/remotes/master [1ms]
[2022-10-27T21:23:16.278Z] > git remote --verbose [1ms]
[2022-10-27T21:23:16.279Z] > git for-each-ref --sort -committerdate --format %(refname) %(objectname) %(*objectname) [4ms]
[2022-10-27T21:23:16.329Z] > git config --get commit.template [1ms]
[2022-10-27T21:23:21.412Z] > git status -z -uall [79ms]
[2022-10-27T21:23:21.416Z] > git symbolic-ref --short HEAD [1ms]
[2022-10-27T21:23:21.421Z] > git for-each-ref --format=%(refname)%00%(upstream:short)%00%(objectname)%00%(upstream:track)%00%(upstream:remotename)%00%(upstream:remoteref) refs/heads/master refs/remotes/master [2ms]
[2022-10-27T21:23:21.428Z] > git remote --verbose [1ms]
[2022-10-27T21:23:21.428Z] > git for-each-ref --sort -committerdate --format %(refname) %(objectname) %(*objectname) [4ms]
[2022-10-27T21:23:21.471Z] > git config --get commit.template [0ms]
[2022-10-27T21:23:26.555Z] > git status -z -uall [79ms]
[2022-10-27T21:23:26.561Z] > git symbolic-ref --short HEAD [0ms]
[2022-10-27T21:23:26.565Z] > git for-each-ref --format=%(refname)%00%(upstream:short)%00%(objectname)%00%(upstream:track)%00%(upstream:remotename)%00%(upstream:remoteref) refs/heads/master refs/remotes/master [0ms]
[2022-10-27T21:23:26.572Z] > git for-each-ref --sort -committerdate --format %(refname) %(objectname) %(*objectname) [4ms]
[2022-10-27T21:23:26.572Z] > git remote --verbose [1ms]
[2022-10-27T21:23:26.614Z] > git config --get commit.template [1ms]
[2022-10-27T21:23:28.211Z] > git check-ignore -v -z --stdin [405ms]
[2022-10-27T21:23:28.405Z] > git show --textconv :ejercicio_pandas/students_performance.py [177ms]
[2022-10-27T21:23:28.434Z] > git ls-files --stage -- /home/lrb96/ejercicio_pandas/students_performance.py [199ms]
[2022-10-27T21:23:32.356Z] > git status -z -uall [80ms]
[2022-10-27T21:23:32.363Z] > git symbolic-ref --short HEAD [1ms]
[2022-10-27T21:23:32.369Z] > git for-each-ref --format=%(refname)%00%(upstream:short)%00%(objectname)%00%(upstream:track)%00%(upstream:remotename)%00%(upstream:remoteref) refs/heads/master refs/remotes/master [1ms]
[2022-10-27T21:23:32.381Z] > git remote --verbose [1ms]
[2022-10-27T21:23:32.381Z] > git for-each-ref --sort -committerdate --format %(refname) %(objectname) %(*objectname) [6ms]
[2022-10-27T21:23:32.449Z] > git config --get commit.template [1ms]
[2022-10-27T21:23:37.533Z] > git status -z -uall [76ms]
[2022-10-27T21:23:37.540Z] > git symbolic-ref --short HEAD [1ms]
[2022-10-27T21:23:37.547Z] > git for-each-ref --format=%(refname)%00%(upstream:short)%00%(objectname)%00%(upstream:track)%00%(upstream:remotename)%00%(upstream:remoteref) refs/heads/master refs/remotes/master [1ms]
[2022-10-27T21:23:37.559Z] > git remote --verbose [1ms]
[2022-10-27T21:23:37.560Z] > git for-each-ref --sort -committerdate --format %(refname) %(objectname) %(*objectname) [7ms]
[2022-10-27T21:23:37.611Z] > git config --get commit.template [1ms]
[2022-10-27T21:23:45.444Z] > git status -z -uall [78ms]
[2022-10-27T21:23:45.451Z] > git symbolic-ref --short HEAD [1ms]
[2022-10-27T21:23:45.458Z] > git for-each-ref --format=%(refname)%00%(upstream:short)%00%(objectname)%00%(upstream:track)%00%(upstream:remotename)%00%(upstream:remoteref) refs/heads/master refs/remotes/master [1ms]
[2022-10-27T21:23:45.470Z] > git remote --verbose [1ms]
[2022-10-27T21:23:45.471Z] > git for-each-ref --sort -committerdate --format %(refname) %(objectname) %(*objectname) [8ms]
[2022-10-27T21:23:45.529Z] > git config --get commit.template [6ms]
[2022-10-27T21:23:50.612Z] > git status -z -uall [75ms]
[2022-10-27T21:23:50.619Z] > git symbolic-ref --short HEAD [0ms]
[2022-10-27T21:23:50.626Z] > git for-each-ref --format=%(refname)%00%(upstream:short)%00%(objectname)%00%(upstream:track)%00%(upstream:remotename)%00%(upstream:remoteref) refs/heads/master refs/remotes/master [0ms]
[2022-10-27T21:23:50.640Z] > git remote --verbose [1ms]
[2022-10-27T21:23:50.641Z] > git for-each-ref --sort -committerdate --format %(refname) %(objectname) %(*objectname) [8ms]
[2022-10-27T21:23:50.699Z] > git config --get commit.template [5ms]
[2022-10-27T21:23:57.372Z] > git status -z -uall [83ms]
[2022-10-27T21:23:57.381Z] > git symbolic-ref --short HEAD [1ms]
[2022-10-27T21:23:57.389Z] > git for-each-ref --format=%(refname)%00%(upstream:short)%00%(objectname)%00%(upstream:track)%00%(upstream:remotename)%00%(upstream:remoteref) refs/heads/master refs/remotes/master [0ms]
[2022-10-27T21:23:57.405Z] > git remote --verbose [1ms]
[2022-10-27T21:23:57.405Z] > git for-each-ref --sort -committerdate --format %(refname) %(objectname) %(*objectname) [9ms]
[2022-10-27T21:23:57.463Z] > git config --get commit.template [5ms]
[2022-10-27T21:24:02.549Z] > git status -z -uall [77ms]
[2022-10-27T21:24:02.557Z] > git symbolic-ref --short HEAD [0ms]
[2022-10-27T21:24:02.566Z] > git for-each-ref --format=%(refname)%00%(upstream:short)%00%(objectname)%00%(upstream:track)%00%(upstream:remotename)%00%(upstream:remoteref) refs/heads/master refs/remotes/master [0ms]
[2022-10-27T21:24:02.582Z] > git remote --verbose [1ms]
[2022-10-27T21:24:02.582Z] > git for-each-ref --sort -committerdate --format %(refname) %(objectname) %(*objectname) [8ms]
[2022-10-27T21:24:02.640Z] > git config --get commit.template [3ms]
[2022-10-27T21:24:07.728Z] > git status -z -uall [78ms]
[2022-10-27T21:24:07.737Z] > git symbolic-ref --short HEAD [0ms]
[2022-10-27T21:24:07.746Z] > git for-each-ref --format=%(refname)%00%(upstream:short)%00%(objectname)%00%(upstream:track)%00%(upstream:remotename)%00%(upstream:remoteref) refs/heads/master refs/remotes/master [1ms]
[2022-10-27T21:24:07.764Z] > git remote --verbose [1ms]
[2022-10-27T21:24:07.764Z] > git for-each-ref --sort -committerdate --format %(refname) %(objectname) %(*objectname) [10ms]
[2022-10-27T21:24:07.822Z] > git config --get commit.template [2ms]
[2022-10-27T21:24:12.927Z] > git status -z -uall [81ms]
[2022-10-27T21:24:12.939Z] > git symbolic-ref --short HEAD [1ms]
[2022-10-27T21:24:12.948Z] > git for-each-ref --format=%(refname)%00%(upstream:short)%00%(objectname)%00%(upstream:track)%00%(upstream:remotename)%00%(upstream:remoteref) refs/heads/master refs/remotes/master [0ms]
[2022-10-27T21:24:12.966Z] > git remote --verbose [0ms]
[2022-10-27T21:24:12.966Z] > git for-each-ref --sort -committerdate --format %(refname) %(objectname) %(*objectname) [9ms]
[2022-10-27T21:24:13.023Z] > git config --get commit.template [0ms]
[2022-10-27T21:24:18.115Z] > git status -z -uall [81ms]
[2022-10-27T21:24:18.127Z] > git symbolic-ref --short HEAD [0ms]
[2022-10-27T21:24:18.139Z] > git for-each-ref --format=%(refname)%00%(upstream:short)%00%(objectname)%00%(upstream:track)%00%(upstream:remotename)%00%(upstream:remoteref) refs/heads/master refs/remotes/master [0ms]
[2022-10-27T21:24:18.159Z] > git remote --verbose [0ms]
[2022-10-27T21:24:18.160Z] > git for-each-ref --sort -committerdate --format %(refname) %(objectname) %(*objectname) [11ms]
[2022-10-27T21:24:18.221Z] > git config --get commit.template [6ms]
[2022-10-27T21:24:31.033Z] > git status -z -uall [77ms]
[2022-10-27T21:24:31.045Z] > git symbolic-ref --short HEAD [1ms]
[2022-10-27T21:24:31.056Z] > git for-each-ref --format=%(refname)%00%(upstream:short)%00%(objectname)%00%(upstream:track)%00%(upstream:remotename)%00%(upstream:remoteref) refs/heads/master refs/remotes/master [2ms]
[2022-10-27T21:24:31.076Z] > git remote --verbose [1ms]
[2022-10-27T21:24:31.076Z] > git for-each-ref --sort -committerdate --format %(refname) %(objectname) %(*objectname) [11ms]
[2022-10-27T21:24:31.135Z] > git config --get commit.template [2ms]
[2022-10-27T21:25:38.148Z] > git status -z -uall [85ms]
[2022-10-27T21:25:38.152Z] > git symbolic-ref --short HEAD [0ms]
[2022-10-27T21:25:38.156Z] > git for-each-ref --format=%(refname)%00%(upstream:short)%00%(objectname)%00%(upstream:track)%00%(upstream:remotename)%00%(upstream:remoteref) refs/heads/master refs/remotes/master [0ms]
[2022-10-27T21:25:38.162Z] > git remote --verbose [0ms]
[2022-10-27T21:25:38.163Z] > git for-each-ref --sort -committerdate --format %(refname) %(objectname) %(*objectname) [4ms]
[2022-10-27T21:25:38.227Z] > git config --get commit.template [1ms]
[2022-10-27T21:25:43.311Z] > git status -z -uall [78ms]
[2022-10-27T21:25:43.317Z] > git symbolic-ref --short HEAD [1ms]
[2022-10-27T21:25:43.321Z] > git for-each-ref --format=%(refname)%00%(upstream:short)%00%(objectname)%00%(upstream:track)%00%(upstream:remotename)%00%(upstream:remoteref) refs/heads/master refs/remotes/master [1ms]
[2022-10-27T21:25:43.328Z] > git for-each-ref --sort -committerdate --format %(refname) %(objectname) %(*objectname) [4ms]
[2022-10-27T21:25:43.329Z] > git remote --verbose [1ms]
[2022-10-27T21:25:43.387Z] > git config --get commit.template [5ms]
[2022-10-27T21:25:48.469Z] > git status -z -uall [76ms]
[2022-10-27T21:25:48.474Z] > git symbolic-ref --short HEAD [0ms]
[2022-10-27T21:25:48.479Z] > git for-each-ref --format=%(refname)%00%(upstream:short)%00%(objectname)%00%(upstream:track)%00%(upstream:remotename)%00%(upstream:remoteref) refs/heads/master refs/remotes/master [1ms]
[2022-10-27T21:25:48.487Z] > git remote --verbose [1ms]
[2022-10-27T21:25:48.487Z] > git for-each-ref --sort -committerdate --format %(refname) %(objectname) %(*objectname) [4ms]
[2022-10-27T21:25:48.540Z] > git config --get commit.template [1ms]
[2022-10-27T21:25:53.629Z] > git status -z -uall [83ms]
[2022-10-27T21:25:53.638Z] > git symbolic-ref --short HEAD [1ms]
[2022-10-27T21:25:53.645Z] > git for-each-ref --format=%(refname)%00%(upstream:short)%00%(objectname)%00%(upstream:track)%00%(upstream:remotename)%00%(upstream:remoteref) refs/heads/master refs/remotes/master [1ms]
[2022-10-27T21:25:53.653Z] > git remote --verbose [1ms]
[2022-10-27T21:25:53.653Z] > git for-each-ref --sort -committerdate --format %(refname) %(objectname) %(*objectname) [4ms]
[2022-10-27T21:25:53.708Z] > git config --get commit.template [2ms]
[2022-10-27T21:26:04.116Z] > git status -z -uall [84ms]
[2022-10-27T21:26:04.122Z] > git symbolic-ref --short HEAD [1ms]
[2022-10-27T21:26:04.129Z] > git for-each-ref --format=%(refname)%00%(upstream:short)%00%(objectname)%00%(upstream:track)%00%(upstream:remotename)%00%(upstream:remoteref) refs/heads/master refs/remotes/master [1ms]
[2022-10-27T21:26:04.141Z] > git remote --verbose [2ms]
[2022-10-27T21:26:04.141Z] > git for-each-ref --sort -committerdate --format %(refname) %(objectname) %(*objectname) [7ms]
[2022-10-27T21:26:04.213Z] > git config --get commit.template [1ms]
[2022-10-27T21:26:28.214Z] > git status -z -uall [96ms]
[2022-10-27T21:26:28.217Z] > git symbolic-ref --short HEAD [0ms]
[2022-10-27T21:26:28.222Z] > git for-each-ref --format=%(refname)%00%(upstream:short)%00%(objectname)%00%(upstream:track)%00%(upstream:remotename)%00%(upstream:remoteref) refs/heads/master refs/remotes/master [1ms]
[2022-10-27T21:26:28.230Z] > git remote --verbose [1ms]
[2022-10-27T21:26:28.230Z] > git for-each-ref --sort -committerdate --format %(refname) %(objectname) %(*objectname) [5ms]
[2022-10-27T21:26:28.288Z] > git config --get commit.template [1ms]
[2022-10-27T21:26:29.294Z] > git ls-files --stage -- /home/lrb96/ejercicio_pandas/students_performance.py [4ms]
[2022-10-27T21:26:29.308Z] > git show --textconv :ejercicio_pandas/students_performance.py [4ms]
[2022-10-27T21:26:29.362Z] > git fetch [1253ms]
[2022-10-27T21:26:29.443Z] > git status -z -uall [77ms]
[2022-10-27T21:26:29.448Z] > git symbolic-ref --short HEAD [1ms]
[2022-10-27T21:26:29.452Z] > git for-each-ref --format=%(refname)%00%(upstream:short)%00%(objectname)%00%(upstream:track)%00%(upstream:remotename)%00%(upstream:remoteref) refs/heads/master refs/remotes/master [1ms]
[2022-10-27T21:26:29.459Z] > git remote --verbose [1ms]
[2022-10-27T21:26:29.459Z] > git for-each-ref --sort -committerdate --format %(refname) %(objectname) %(*objectname) [4ms]
[2022-10-27T21:26:29.512Z] > git config --get commit.template [1ms]
[2022-10-27T21:26:30.482Z] > git ls-files --stage -- /home/lrb96/ejercicio_pandas/students_performance.py [4ms]
[2022-10-27T21:26:30.495Z] > git show --textconv :ejercicio_pandas/students_performance.py [4ms]
[2022-10-27T21:26:33.371Z] > git status -z -uall [77ms]
[2022-10-27T21:26:33.376Z] > git symbolic-ref --short HEAD [1ms]
[2022-10-27T21:26:33.382Z] > git for-each-ref --format=%(refname)%00%(upstream:short)%00%(objectname)%00%(upstream:track)%00%(upstream:remotename)%00%(upstream:remoteref) refs/heads/master refs/remotes/master [2ms]
[2022-10-27T21:26:33.390Z] > git remote --verbose [1ms]
[2022-10-27T21:26:33.390Z] > git for-each-ref --sort -committerdate --format %(refname) %(objectname) %(*objectname) [4ms]
[2022-10-27T21:26:33.442Z] > git config --get commit.template [1ms]
[2022-10-27T21:26:42.186Z] > git status -z -uall [83ms]
[2022-10-27T21:26:42.194Z] > git symbolic-ref --short HEAD [1ms]
[2022-10-27T21:26:42.200Z] > git for-each-ref --format=%(refname)%00%(upstream:short)%00%(objectname)%00%(upstream:track)%00%(upstream:remotename)%00%(upstream:remoteref) refs/heads/master refs/remotes/master [1ms]
[2022-10-27T21:26:42.213Z] > git remote --verbose [1ms]
[2022-10-27T21:26:42.214Z] > git for-each-ref --sort -committerdate --format %(refname) %(objectname) %(*objectname) [9ms]
[2022-10-27T21:26:42.290Z] > git config --get commit.template [1ms]
[2022-10-27T21:26:57.808Z] > git status -z -uall [84ms]
[2022-10-27T21:26:57.815Z] > git symbolic-ref --short HEAD [0ms]
[2022-10-27T21:26:57.820Z] > git for-each-ref --format=%(refname)%00%(upstream:short)%00%(objectname)%00%(upstream:track)%00%(upstream:remotename)%00%(upstream:remoteref) refs/heads/master refs/remotes/master [1ms]
[2022-10-27T21:26:57.829Z] > git remote --verbose [0ms]
[2022-10-27T21:26:57.830Z] > git for-each-ref --sort -committerdate --format %(refname) %(objectname) %(*objectname) [5ms]
[2022-10-27T21:26:57.882Z] > git config --get commit.template [0ms]
[2022-10-27T21:27:04.887Z] > git status -z -uall [86ms]
[2022-10-27T21:27:04.895Z] > git symbolic-ref --short HEAD [1ms]
[2022-10-27T21:27:04.899Z] > git for-each-ref --format=%(refname)%00%(upstream:short)%00%(objectname)%00%(upstream:track)%00%(upstream:remotename)%00%(upstream:remoteref) refs/heads/master refs/remotes/master [0ms]
[2022-10-27T21:27:04.908Z] > git remote --verbose [0ms]
[2022-10-27T21:27:04.908Z] > git for-each-ref --sort -committerdate --format %(refname) %(objectname) %(*objectname) [5ms]
[2022-10-27T21:27:04.964Z] > git config --get commit.template [3ms]
[2022-10-27T21:27:10.045Z] > git status -z -uall [76ms]
[2022-10-27T21:27:10.051Z] > git symbolic-ref --short HEAD [1ms]
[2022-10-27T21:27:10.056Z] > git for-each-ref --format=%(refname)%00%(upstream:short)%00%(objectname)%00%(upstream:track)%00%(upstream:remotename)%00%(upstream:remoteref) refs/heads/master refs/remotes/master [1ms]
[2022-10-27T21:27:10.067Z] > git remote --verbose [0ms]
[2022-10-27T21:27:10.067Z] > git for-each-ref --sort -committerdate --format %(refname) %(objectname) %(*objectname) [5ms]
[2022-10-27T21:27:10.120Z] > git config --get commit.template [1ms]
[2022-10-27T21:27:15.205Z] > git status -z -uall [76ms]
[2022-10-27T21:27:15.211Z] > git symbolic-ref --short HEAD [1ms]
[2022-10-27T21:27:15.216Z] > git for-each-ref --format=%(refname)%00%(upstream:short)%00%(objectname)%00%(upstream:track)%00%(upstream:remotename)%00%(upstream:remoteref) refs/heads/master refs/remotes/master [1ms]
[2022-10-27T21:27:15.225Z] > git remote --verbose [1ms]
[2022-10-27T21:27:15.225Z] > git for-each-ref --sort -committerdate --format %(refname) %(objectname) %(*objectname) [5ms]
[2022-10-27T21:27:15.276Z] > git config --get commit.template [1ms]
[2022-10-27T21:27:24.620Z] > git status -z -uall [79ms]
[2022-10-27T21:27:24.627Z] > git symbolic-ref --short HEAD [1ms]
[2022-10-27T21:27:24.633Z] > git for-each-ref --format=%(refname)%00%(upstream:short)%00%(objectname)%00%(upstream:track)%00%(upstream:remotename)%00%(upstream:remoteref) refs/heads/master refs/remotes/master [1ms]
[2022-10-27T21:27:24.643Z] > git remote --verbose [1ms]
[2022-10-27T21:27:24.643Z] > git for-each-ref --sort -committerdate --format %(refname) %(objectname) %(*objectname) [6ms]
[2022-10-27T21:27:24.695Z] > git config --get commit.template [4ms]
[2022-10-27T21:27:32.122Z] > git status -z -uall [83ms]
[2022-10-27T21:27:32.128Z] > git symbolic-ref --short HEAD [1ms]
[2022-10-27T21:27:32.135Z] > git for-each-ref --format=%(refname)%00%(upstream:short)%00%(objectname)%00%(upstream:track)%00%(upstream:remotename)%00%(upstream:remoteref) refs/heads/master refs/remotes/master [1ms]
[2022-10-27T21:27:32.146Z] > git remote --verbose [1ms]
[2022-10-27T21:27:32.146Z] > git for-each-ref --sort -committerdate --format %(refname) %(objectname) %(*objectname) [6ms]
[2022-10-27T21:27:32.193Z] > git config --get commit.template [0ms]
[2022-10-27T21:28:32.691Z] > git status -z -uall [88ms]
[2022-10-27T21:28:32.696Z] > git symbolic-ref --short HEAD [1ms]
[2022-10-27T21:28:32.700Z] > git for-each-ref --format=%(refname)%00%(upstream:short)%00%(objectname)%00%(upstream:track)%00%(upstream:remotename)%00%(upstream:remoteref) refs/heads/master refs/remotes/master [1ms]
[2022-10-27T21:28:32.706Z] > git remote --verbose [1ms]
[2022-10-27T21:28:32.706Z] > git for-each-ref --sort -committerdate --format %(refname) %(objectname) %(*objectname) [3ms]
[2022-10-27T21:28:32.765Z] > git config --get commit.template [1ms]
[2022-10-27T21:32:30.205Z] > git status -z -uall [78ms]
[2022-10-27T21:32:30.212Z] > git symbolic-ref --short HEAD [0ms]
[2022-10-27T21:32:30.216Z] > git for-each-ref --format=%(refname)%00%(upstream:short)%00%(objectname)%00%(upstream:track)%00%(upstream:remotename)%00%(upstream:remoteref) refs/heads/master refs/remotes/master [1ms]
[2022-10-27T21:32:30.223Z] > git remote --verbose [1ms]
[2022-10-27T21:32:30.223Z] > git for-each-ref --sort -committerdate --format %(refname) %(objectname) %(*objectname) [3ms]
[2022-10-27T21:32:30.281Z] > git config --get commit.template [0ms]
[2022-10-27T21:32:31.296Z] > git ls-files --stage -- /home/lrb96/ejercicio_pandas/students_performance.py [3ms]
[2022-10-27T21:32:31.311Z] > git show --textconv :ejercicio_pandas/students_performance.py [4ms]
[2022-10-27T21:32:31.359Z] > git fetch [1240ms]
[2022-10-27T21:32:31.438Z] > git status -z -uall [75ms]
[2022-10-27T21:32:31.446Z] > git symbolic-ref --short HEAD [2ms]
[2022-10-27T21:32:31.452Z] > git for-each-ref --format=%(refname)%00%(upstream:short)%00%(objectname)%00%(upstream:track)%00%(upstream:remotename)%00%(upstream:remoteref) refs/heads/master refs/remotes/master [1ms]
[2022-10-27T21:32:31.460Z] > git remote --verbose [1ms]
[2022-10-27T21:32:31.460Z] > git for-each-ref --sort -committerdate --format %(refname) %(objectname) %(*objectname) [4ms]
[2022-10-27T21:32:31.514Z] > git config --get commit.template [0ms]
[2022-10-27T21:32:32.529Z] > git ls-files --stage -- /home/lrb96/ejercicio_pandas/students_performance.py [4ms]
[2022-10-27T21:32:32.541Z] > git show --textconv :ejercicio_pandas/students_performance.py [4ms]
[2022-10-27T21:32:35.363Z] > git status -z -uall [76ms]
[2022-10-27T21:32:35.369Z] > git symbolic-ref --short HEAD [0ms]
[2022-10-27T21:32:35.373Z] > git for-each-ref --format=%(refname)%00%(upstream:short)%00%(objectname)%00%(upstream:track)%00%(upstream:remotename)%00%(upstream:remoteref) refs/heads/master refs/remotes/master [1ms]
[2022-10-27T21:32:35.381Z] > git remote --verbose [1ms]
[2022-10-27T21:32:35.381Z] > git for-each-ref --sort -committerdate --format %(refname) %(objectname) %(*objectname) [5ms]
[2022-10-27T21:32:35.437Z] > git config --get commit.template [6ms]
[2022-10-27T21:32:40.519Z] > git status -z -uall [76ms]
[2022-10-27T21:32:40.525Z] > git symbolic-ref --short HEAD [1ms]
[2022-10-27T21:32:40.531Z] > git for-each-ref --format=%(refname)%00%(upstream:short)%00%(objectname)%00%(upstream:track)%00%(upstream:remotename)%00%(upstream:remoteref) refs/heads/master refs/remotes/master [1ms]
[2022-10-27T21:32:40.545Z] > git remote --verbose [0ms]
[2022-10-27T21:32:40.546Z] > git for-each-ref --sort -committerdate --format %(refname) %(objectname) %(*objectname) [9ms]
[2022-10-27T21:32:40.626Z] > git config --get commit.template [30ms]
[2022-10-27T21:32:45.711Z] > git status -z -uall [78ms]
[2022-10-27T21:32:45.717Z] > git symbolic-ref --short HEAD [1ms]
[2022-10-27T21:32:45.724Z] > git for-each-ref --format=%(refname)%00%(upstream:short)%00%(objectname)%00%(upstream:track)%00%(upstream:remotename)%00%(upstream:remoteref) refs/heads/master refs/remotes/master [1ms]
[2022-10-27T21:32:45.734Z] > git remote --verbose [1ms]
[2022-10-27T21:32:45.734Z] > git for-each-ref --sort -committerdate --format %(refname) %(objectname) %(*objectname) [5ms]
[2022-10-27T21:32:45.789Z] > git config --get commit.template [7ms]
[2022-10-27T21:32:50.875Z] > git status -z -uall [78ms]
[2022-10-27T21:32:50.882Z] > git symbolic-ref --short HEAD [1ms]
[2022-10-27T21:32:50.888Z] > git for-each-ref --format=%(refname)%00%(upstream:short)%00%(objectname)%00%(upstream:track)%00%(upstream:remotename)%00%(upstream:remoteref) refs/heads/master refs/remotes/master [0ms]
[2022-10-27T21:32:50.901Z] > git remote --verbose [1ms]
[2022-10-27T21:32:50.901Z] > git for-each-ref --sort -committerdate --format %(refname) %(objectname) %(*objectname) [7ms]
[2022-10-27T21:32:50.959Z] > git config --get commit.template [6ms]
[2022-10-27T21:32:57.435Z] > git status -z -uall [76ms]
[2022-10-27T21:32:57.442Z] > git symbolic-ref --short HEAD [1ms]
[2022-10-27T21:32:57.449Z] > git for-each-ref --format=%(refname)%00%(upstream:short)%00%(objectname)%00%(upstream:track)%00%(upstream:remotename)%00%(upstream:remoteref) refs/heads/master refs/remotes/master [1ms]
[2022-10-27T21:32:57.462Z] > git remote --verbose [1ms]
[2022-10-27T21:32:57.462Z] > git for-each-ref --sort -committerdate --format %(refname) %(objectname) %(*objectname) [7ms]
[2022-10-27T21:32:57.515Z] > git config --get commit.template [1ms]
[2022-10-27T21:33:02.728Z] > git status -z -uall [80ms]
[2022-10-27T21:33:02.736Z] > git symbolic-ref --short HEAD [0ms]
[2022-10-27T21:33:02.743Z] > git for-each-ref --format=%(refname)%00%(upstream:short)%00%(objectname)%00%(upstream:track)%00%(upstream:remotename)%00%(upstream:remoteref) refs/heads/master refs/remotes/master [0ms]
[2022-10-27T21:33:02.757Z] > git remote --verbose [1ms]
[2022-10-27T21:33:02.757Z] > git for-each-ref --sort -committerdate --format %(refname) %(objectname) %(*objectname) [7ms]
[2022-10-27T21:33:02.812Z] > git config --get commit.template [3ms]
[2022-10-27T21:43:04.301Z] > git status -z -uall [82ms]
[2022-10-27T21:43:04.306Z] > git symbolic-ref --short HEAD [1ms]
[2022-10-27T21:43:04.310Z] > git for-each-ref --format=%(refname)%00%(upstream:short)%00%(objectname)%00%(upstream:track)%00%(upstream:remotename)%00%(upstream:remoteref) refs/heads/master refs/remotes/master [0ms]
[2022-10-27T21:43:04.317Z] > git remote --verbose [0ms]
[2022-10-27T21:43:04.318Z] > git for-each-ref --sort -committerdate --format %(refname) %(objectname) %(*objectname) [4ms]
[2022-10-27T21:43:04.374Z] > git config --get commit.template [2ms]
[2022-10-27T21:43:05.402Z] > git ls-files --stage -- /home/lrb96/ejercicio_pandas/students_performance.py [4ms]
[2022-10-27T21:43:05.415Z] > git show --textconv :ejercicio_pandas/students_performance.py [4ms]
[2022-10-27T21:43:05.456Z] > git fetch [1241ms]
[2022-10-27T21:43:05.533Z] > git status -z -uall [73ms]
[2022-10-27T21:43:05.538Z] > git symbolic-ref --short HEAD [1ms]
[2022-10-27T21:43:05.542Z] > git for-each-ref --format=%(refname)%00%(upstream:short)%00%(objectname)%00%(upstream:track)%00%(upstream:remotename)%00%(upstream:remoteref) refs/heads/master refs/remotes/master [1ms]
[2022-10-27T21:43:05.548Z] > git remote --verbose [0ms]
[2022-10-27T21:43:05.549Z] > git for-each-ref --sort -committerdate --format %(refname) %(objectname) %(*objectname) [4ms]
[2022-10-27T21:43:05.600Z] > git config --get commit.template [1ms]
[2022-10-27T21:43:07.986Z] > git ls-files --stage -- /home/lrb96/ejercicio_pandas/students_performance.py [5ms]
[2022-10-27T21:43:08.001Z] > git show --textconv :ejercicio_pandas/students_performance.py [4ms]
[2022-10-27T21:43:11.414Z] > git status -z -uall [85ms]
[2022-10-27T21:43:11.419Z] > git symbolic-ref --short HEAD [1ms]
[2022-10-27T21:43:11.426Z] > git for-each-ref --format=%(refname)%00%(upstream:short)%00%(objectname)%00%(upstream:track)%00%(upstream:remotename)%00%(upstream:remoteref) refs/heads/master refs/remotes/master [1ms]
[2022-10-27T21:43:11.439Z] > git remote --verbose [1ms]
[2022-10-27T21:43:11.439Z] > git for-each-ref --sort -committerdate --format %(refname) %(objectname) %(*objectname) [7ms]
[2022-10-27T21:43:11.509Z] > git config --get commit.template [10ms]
[2022-10-27T21:45:24.522Z] > git status -z -uall [81ms]
[2022-10-27T21:45:24.526Z] > git symbolic-ref --short HEAD [0ms]
[2022-10-27T21:45:24.531Z] > git for-each-ref --format=%(refname)%00%(upstream:short)%00%(objectname)%00%(upstream:track)%00%(upstream:remotename)%00%(upstream:remoteref) refs/heads/master refs/remotes/master [1ms]
[2022-10-27T21:45:24.537Z] > git remote --verbose [1ms]
[2022-10-27T21:45:24.537Z] > git for-each-ref --sort -committerdate --format %(refname) %(objectname) %(*objectname) [3ms]
[2022-10-27T21:45:24.592Z] > git config --get commit.template [2ms]
[2022-10-27T21:45:29.676Z] > git status -z -uall [78ms]
[2022-10-27T21:45:29.681Z] > git symbolic-ref --short HEAD [1ms]
[2022-10-27T21:45:29.685Z] > git for-each-ref --format=%(refname)%00%(upstream:short)%00%(objectname)%00%(upstream:track)%00%(upstream:remotename)%00%(upstream:remoteref) refs/heads/master refs/remotes/master [1ms]
[2022-10-27T21:45:29.692Z] > git remote --verbose [1ms]
[2022-10-27T21:45:29.692Z] > git for-each-ref --sort -committerdate --format %(refname) %(objectname) %(*objectname) [4ms]
[2022-10-27T21:45:29.749Z] > git config --get commit.template [0ms]
[2022-10-27T21:45:34.831Z] > git status -z -uall [76ms]
[2022-10-27T21:45:34.837Z] > git symbolic-ref --short HEAD [1ms]
[2022-10-27T21:45:34.842Z] > git for-each-ref --format=%(refname)%00%(upstream:short)%00%(objectname)%00%(upstream:track)%00%(upstream:remotename)%00%(upstream:remoteref) refs/heads/master refs/remotes/master [1ms]
[2022-10-27T21:45:34.851Z] > git for-each-ref --sort -committerdate --format %(refname) %(objectname) %(*objectname) [5ms]
[2022-10-27T21:45:34.851Z] > git remote --verbose [1ms]
[2022-10-27T21:45:34.902Z] > git config --get commit.template [0ms]
[2022-10-27T21:45:39.984Z] > git status -z -uall [76ms]
[2022-10-27T21:45:39.989Z] > git symbolic-ref --short HEAD [1ms]
[2022-10-27T21:45:39.994Z] > git for-each-ref --format=%(refname)%00%(upstream:short)%00%(objectname)%00%(upstream:track)%00%(upstream:remotename)%00%(upstream:remoteref) refs/heads/master refs/remotes/master [1ms]
[2022-10-27T21:45:40.001Z] > git remote --verbose [1ms]
[2022-10-27T21:45:40.001Z] > git for-each-ref --sort -committerdate --format %(refname) %(objectname) %(*objectname) [4ms]
[2022-10-27T21:45:40.057Z] > git config --get commit.template [4ms]
[2022-10-27T21:45:45.138Z] > git status -z -uall [76ms]
[2022-10-27T21:45:45.143Z] > git symbolic-ref --short HEAD [1ms]
[2022-10-27T21:45:45.147Z] > git for-each-ref --format=%(refname)%00%(upstream:short)%00%(objectname)%00%(upstream:track)%00%(upstream:remotename)%00%(upstream:remoteref) refs/heads/master refs/remotes/master [1ms]
[2022-10-27T21:45:45.154Z] > git remote --verbose [0ms]
[2022-10-27T21:45:45.154Z] > git for-each-ref --sort -committerdate --format %(refname) %(objectname) %(*objectname) [3ms]
[2022-10-27T21:45:45.202Z] > git config --get commit.template [1ms]
[2022-10-27T21:45:50.284Z] > git status -z -uall [76ms]
[2022-10-27T21:45:50.290Z] > git symbolic-ref --short HEAD [0ms]
[2022-10-27T21:45:50.294Z] > git for-each-ref --format=%(refname)%00%(upstream:short)%00%(objectname)%00%(upstream:track)%00%(upstream:remotename)%00%(upstream:remoteref) refs/heads/master refs/remotes/master [0ms]
[2022-10-27T21:45:50.302Z] > git remote --verbose [0ms]
[2022-10-27T21:45:50.302Z] > git for-each-ref --sort -committerdate --format %(refname) %(objectname) %(*objectname) [4ms]
[2022-10-27T21:45:50.351Z] > git config --get commit.template [1ms]
[2022-10-27T21:45:55.432Z] > git status -z -uall [75ms]
[2022-10-27T21:45:55.437Z] > git symbolic-ref --short HEAD [0ms]
[2022-10-27T21:45:55.442Z] > git for-each-ref --format=%(refname)%00%(upstream:short)%00%(objectname)%00%(upstream:track)%00%(upstream:remotename)%00%(upstream:remoteref) refs/heads/master refs/remotes/master [0ms]
[2022-10-27T21:45:55.451Z] > git remote --verbose [1ms]
[2022-10-27T21:45:55.451Z] > git for-each-ref --sort -committerdate --format %(refname) %(objectname) %(*objectname) [5ms]
[2022-10-27T21:45:55.503Z] > git config --get commit.template [6ms]
[2022-10-27T21:46:17.030Z] > git check-ignore -v -z --stdin [5ms]
[2022-10-27T21:46:18.798Z] > git status -z -uall [79ms]
[2022-10-27T21:46:18.806Z] > git symbolic-ref --short HEAD [1ms]
[2022-10-27T21:46:18.811Z] > git for-each-ref --format=%(refname)%00%(upstream:short)%00%(objectname)%00%(upstream:track)%00%(upstream:remotename)%00%(upstream:remoteref) refs/heads/master refs/remotes/master [0ms]
[2022-10-27T21:46:18.824Z] > git remote --verbose [0ms]
[2022-10-27T21:46:18.824Z] > git for-each-ref --sort -committerdate --format %(refname) %(objectname) %(*objectname) [7ms]
[2022-10-27T21:46:18.882Z] > git config --get commit.template [4ms]
[2022-10-27T21:46:19.892Z] > git ls-files --stage -- /home/lrb96/ejercicio_pandas/students_performance.py [4ms]
[2022-10-27T21:46:19.905Z] > git show --textconv :ejercicio_pandas/students_performance.py [4ms]
[2022-10-27T21:46:20.087Z] > git fetch [1377ms]
[2022-10-27T21:46:20.167Z] > git status -z -uall [76ms]
[2022-10-27T21:46:20.171Z] > git symbolic-ref --short HEAD [0ms]
[2022-10-27T21:46:20.175Z] > git for-each-ref --format=%(refname)%00%(upstream:short)%00%(objectname)%00%(upstream:track)%00%(upstream:remotename)%00%(upstream:remoteref) refs/heads/master refs/remotes/master [0ms]
[2022-10-27T21:46:20.183Z] > git remote --verbose [0ms]
[2022-10-27T21:46:20.183Z] > git for-each-ref --sort -committerdate --format %(refname) %(objectname) %(*objectname) [4ms]
[2022-10-27T21:46:20.238Z] > git config --get commit.template [0ms]
[2022-10-27T21:46:21.163Z] > git ls-files --stage -- /home/lrb96/ejercicio_pandas/students_performance.py [5ms]
[2022-10-27T21:46:21.176Z] > git show --textconv :ejercicio_pandas/students_performance.py [4ms]
[2022-10-27T21:46:23.964Z] > git status -z -uall [75ms]
[2022-10-27T21:46:23.969Z] > git symbolic-ref --short HEAD [1ms]
[2022-10-27T21:46:23.974Z] > git for-each-ref --format=%(refname)%00%(upstream:short)%00%(objectname)%00%(upstream:track)%00%(upstream:remotename)%00%(upstream:remoteref) refs/heads/master refs/remotes/master [0ms]
[2022-10-27T21:46:23.982Z] > git remote --verbose [0ms]
[2022-10-27T21:46:23.983Z] > git for-each-ref --sort -committerdate --format %(refname) %(objectname) %(*objectname) [5ms]
[2022-10-27T21:46:24.028Z] > git config --get commit.template [0ms]
