[2022-11-01T19:41:42.413Z] Nivel de registro: Info
[2022-11-01T19:41:42.418Z] [info] La validación encontró Git en: git
[2022-11-01T19:41:42.710Z] [info] Usando GIT 2.25.1 desde git
[2022-11-01T19:41:42.732Z] > git rev-parse --show-toplevel [14ms]
[2022-11-01T19:41:42.773Z] > git rev-parse --git-dir --git-common-dir [34ms]
[2022-11-01T19:41:42.782Z] [info] Open repository: /home/lrb96
[2022-11-01T19:41:42.803Z] > git rev-parse --show-toplevel [4ms]
[2022-11-01T19:41:42.812Z] > git rev-parse --show-toplevel [1ms]
[2022-11-01T19:41:42.826Z] > git rev-parse --show-toplevel [7ms]
[2022-11-01T19:41:42.838Z] > git rev-parse --show-toplevel [4ms]
[2022-11-01T19:41:42.932Z] > git status -z -uall [141ms]
[2022-11-01T19:41:42.947Z] > git symbolic-ref --short HEAD [5ms]
[2022-11-01T19:41:42.958Z] > git for-each-ref --format=%(refname)%00%(upstream:short)%00%(objectname)%00%(upstream:track)%00%(upstream:remotename)%00%(upstream:remoteref) refs/heads/master refs/remotes/master [3ms]
[2022-11-01T19:41:43.011Z] > git remote --verbose [35ms]
[2022-11-01T19:41:43.012Z] > git for-each-ref --sort -committerdate --format %(refname) %(objectname) %(*objectname) [45ms]
[2022-11-01T19:41:43.087Z] > git config --get commit.template [9ms]
[2022-11-01T19:41:43.561Z] > git status -z -uall [464ms]
[2022-11-01T19:41:43.589Z] > git symbolic-ref --short HEAD [20ms]
[2022-11-01T19:41:43.602Z] > git for-each-ref --format=%(refname)%00%(upstream:short)%00%(objectname)%00%(upstream:track)%00%(upstream:remotename)%00%(upstream:remoteref) refs/heads/master refs/remotes/master [2ms]
[2022-11-01T19:41:43.620Z] > git check-ignore -v -z --stdin [37ms]
[2022-11-01T19:41:43.621Z] > git remote --verbose [2ms]
[2022-11-01T19:41:43.622Z] > git for-each-ref --sort -committerdate --format %(refname) %(objectname) %(*objectname) [11ms]
[2022-11-01T19:41:43.726Z] > git show --textconv :pandas_ejercicios/df.py [49ms]
[2022-11-01T19:41:43.726Z] > git ls-files --stage -- /home/lrb96/pandas_ejercicios/df.py [42ms]
[2022-11-01T19:41:43.733Z] > git config --get commit.template [69ms]
[2022-11-01T19:41:44.020Z] > git cat-file -s 2bc8428b502ef172248334360d99ec0ad3205269 [288ms]
[2022-11-01T19:41:46.281Z] > git config --local branch.master.github-pr-owner-number [91ms]
[2022-11-01T19:42:09.967Z] > git status -z -uall [114ms]
[2022-11-01T19:42:09.972Z] > git symbolic-ref --short HEAD [1ms]
[2022-11-01T19:42:09.977Z] > git for-each-ref --format=%(refname)%00%(upstream:short)%00%(objectname)%00%(upstream:track)%00%(upstream:remotename)%00%(upstream:remoteref) refs/heads/master refs/remotes/master [1ms]
[2022-11-01T19:42:09.984Z] > git remote --verbose [1ms]
[2022-11-01T19:42:09.984Z] > git for-each-ref --sort -committerdate --format %(refname) %(objectname) %(*objectname) [4ms]
[2022-11-01T19:42:10.078Z] > git config --get commit.template [2ms]
[2022-11-01T19:42:11.034Z] > git ls-files --stage -- /home/lrb96/pandas_ejercicios/df.py [8ms]
[2022-11-01T19:42:11.041Z] > git cat-file -s 2bc8428b502ef172248334360d99ec0ad3205269 [1ms]
[2022-11-01T19:42:11.061Z] > git show --textconv :pandas_ejercicios/df.py [10ms]
[2022-11-01T19:42:11.082Z] > git fetch [1237ms]
[2022-11-01T19:42:11.194Z] > git status -z -uall [105ms]
[2022-11-01T19:42:11.201Z] > git symbolic-ref --short HEAD [1ms]
[2022-11-01T19:42:11.208Z] > git for-each-ref --format=%(refname)%00%(upstream:short)%00%(objectname)%00%(upstream:track)%00%(upstream:remotename)%00%(upstream:remoteref) refs/heads/master refs/remotes/master [1ms]
[2022-11-01T19:42:11.217Z] > git remote --verbose [1ms]
[2022-11-01T19:42:11.217Z] > git for-each-ref --sort -committerdate --format %(refname) %(objectname) %(*objectname) [5ms]
[2022-11-01T19:42:11.298Z] > git config --get commit.template [7ms]
[2022-11-01T19:42:14.075Z] > git ls-files --stage -- /home/lrb96/pandas_ejercicios/df.py [9ms]
[2022-11-01T19:42:14.081Z] > git cat-file -s 2bc8428b502ef172248334360d99ec0ad3205269 [0ms]
[2022-11-01T19:42:14.100Z] > git show --textconv :pandas_ejercicios/df.py [7ms]
[2022-11-01T19:42:15.181Z] > git status -z -uall [96ms]
[2022-11-01T19:42:15.187Z] > git symbolic-ref --short HEAD [1ms]
[2022-11-01T19:42:15.193Z] > git for-each-ref --format=%(refname)%00%(upstream:short)%00%(objectname)%00%(upstream:track)%00%(upstream:remotename)%00%(upstream:remoteref) refs/heads/master refs/remotes/master [1ms]
[2022-11-01T19:42:15.201Z] > git remote --verbose [0ms]
[2022-11-01T19:42:15.202Z] > git for-each-ref --sort -committerdate --format %(refname) %(objectname) %(*objectname) [5ms]
[2022-11-01T19:42:15.275Z] > git config --get commit.template [7ms]
[2022-11-01T19:42:20.385Z] > git status -z -uall [101ms]
[2022-11-01T19:42:20.391Z] > git symbolic-ref --short HEAD [1ms]
[2022-11-01T19:42:20.396Z] > git for-each-ref --format=%(refname)%00%(upstream:short)%00%(objectname)%00%(upstream:track)%00%(upstream:remotename)%00%(upstream:remoteref) refs/heads/master refs/remotes/master [0ms]
[2022-11-01T19:42:20.406Z] > git remote --verbose [0ms]
[2022-11-01T19:42:20.406Z] > git for-each-ref --sort -committerdate --format %(refname) %(objectname) %(*objectname) [5ms]
[2022-11-01T19:42:20.484Z] > git config --get commit.template [2ms]
[2022-11-01T19:42:27.292Z] > git status -z -uall [96ms]
[2022-11-01T19:42:27.299Z] > git symbolic-ref --short HEAD [2ms]
[2022-11-01T19:42:27.304Z] > git for-each-ref --format=%(refname)%00%(upstream:short)%00%(objectname)%00%(upstream:track)%00%(upstream:remotename)%00%(upstream:remoteref) refs/heads/master refs/remotes/master [0ms]
[2022-11-01T19:42:27.314Z] > git remote --verbose [0ms]
[2022-11-01T19:42:27.314Z] > git for-each-ref --sort -committerdate --format %(refname) %(objectname) %(*objectname) [5ms]
[2022-11-01T19:42:27.386Z] > git config --get commit.template [7ms]
[2022-11-01T19:42:32.490Z] > git status -z -uall [98ms]
[2022-11-01T19:42:32.497Z] > git symbolic-ref --short HEAD [1ms]
[2022-11-01T19:42:32.503Z] > git for-each-ref --format=%(refname)%00%(upstream:short)%00%(objectname)%00%(upstream:track)%00%(upstream:remotename)%00%(upstream:remoteref) refs/heads/master refs/remotes/master [1ms]
[2022-11-01T19:42:32.514Z] > git for-each-ref --sort -committerdate --format %(refname) %(objectname) %(*objectname) [6ms]
[2022-11-01T19:42:32.514Z] > git remote --verbose [1ms]
[2022-11-01T19:42:32.581Z] > git config --get commit.template [4ms]
[2022-11-01T19:42:37.690Z] > git status -z -uall [101ms]
[2022-11-01T19:42:37.697Z] > git symbolic-ref --short HEAD [0ms]
[2022-11-01T19:42:37.704Z] > git for-each-ref --format=%(refname)%00%(upstream:short)%00%(objectname)%00%(upstream:track)%00%(upstream:remotename)%00%(upstream:remoteref) refs/heads/master refs/remotes/master [0ms]
[2022-11-01T19:42:37.716Z] > git remote --verbose [1ms]
[2022-11-01T19:42:37.716Z] > git for-each-ref --sort -committerdate --format %(refname) %(objectname) %(*objectname) [6ms]
[2022-11-01T19:42:37.791Z] > git config --get commit.template [7ms]
[2022-11-01T19:42:42.900Z] > git status -z -uall [100ms]
[2022-11-01T19:42:42.907Z] > git symbolic-ref --short HEAD [1ms]
[2022-11-01T19:42:42.914Z] > git for-each-ref --format=%(refname)%00%(upstream:short)%00%(objectname)%00%(upstream:track)%00%(upstream:remotename)%00%(upstream:remoteref) refs/heads/master refs/remotes/master [1ms]
[2022-11-01T19:42:42.926Z] > git remote --verbose [0ms]
[2022-11-01T19:42:42.927Z] > git for-each-ref --sort -committerdate --format %(refname) %(objectname) %(*objectname) [7ms]
[2022-11-01T19:42:43.004Z] > git config --get commit.template [7ms]
[2022-11-01T19:42:48.255Z] > git status -z -uall [99ms]
[2022-11-01T19:42:48.263Z] > git symbolic-ref --short HEAD [1ms]
[2022-11-01T19:42:48.271Z] > git for-each-ref --format=%(refname)%00%(upstream:short)%00%(objectname)%00%(upstream:track)%00%(upstream:remotename)%00%(upstream:remoteref) refs/heads/master refs/remotes/master [1ms]
[2022-11-01T19:42:48.285Z] > git remote --verbose [1ms]
[2022-11-01T19:42:48.285Z] > git for-each-ref --sort -committerdate --format %(refname) %(objectname) %(*objectname) [8ms]
[2022-11-01T19:42:48.362Z] > git config --get commit.template [8ms]
[2022-11-01T19:42:53.472Z] > git status -z -uall [101ms]
[2022-11-01T19:42:53.481Z] > git symbolic-ref --short HEAD [1ms]
[2022-11-01T19:42:53.490Z] > git for-each-ref --format=%(refname)%00%(upstream:short)%00%(objectname)%00%(upstream:track)%00%(upstream:remotename)%00%(upstream:remoteref) refs/heads/master refs/remotes/master [1ms]
[2022-11-01T19:42:53.505Z] > git remote --verbose [1ms]
[2022-11-01T19:42:53.505Z] > git for-each-ref --sort -committerdate --format %(refname) %(objectname) %(*objectname) [8ms]
[2022-11-01T19:42:53.581Z] > git config --get commit.template [9ms]
[2022-11-01T19:43:00.358Z] > git status -z -uall [98ms]
[2022-11-01T19:43:00.369Z] > git symbolic-ref --short HEAD [1ms]
[2022-11-01T19:43:00.378Z] > git for-each-ref --format=%(refname)%00%(upstream:short)%00%(objectname)%00%(upstream:track)%00%(upstream:remotename)%00%(upstream:remoteref) refs/heads/master refs/remotes/master [1ms]
[2022-11-01T19:43:00.395Z] > git remote --verbose [1ms]
[2022-11-01T19:43:00.395Z] > git for-each-ref --sort -committerdate --format %(refname) %(objectname) %(*objectname) [9ms]
[2022-11-01T19:43:00.470Z] > git config --get commit.template [7ms]
[2022-11-01T19:43:05.580Z] > git status -z -uall [96ms]
[2022-11-01T19:43:05.590Z] > git symbolic-ref --short HEAD [0ms]
[2022-11-01T19:43:05.601Z] > git for-each-ref --format=%(refname)%00%(upstream:short)%00%(objectname)%00%(upstream:track)%00%(upstream:remotename)%00%(upstream:remoteref) refs/heads/master refs/remotes/master [0ms]
[2022-11-01T19:43:05.619Z] > git remote --verbose [1ms]
[2022-11-01T19:43:05.619Z] > git for-each-ref --sort -committerdate --format %(refname) %(objectname) %(*objectname) [9ms]
[2022-11-01T19:43:05.693Z] > git config --get commit.template [5ms]
[2022-11-01T19:43:24.086Z] > git status -z -uall [106ms]
[2022-11-01T19:43:24.097Z] > git symbolic-ref --short HEAD [0ms]
[2022-11-01T19:43:24.108Z] > git for-each-ref --format=%(refname)%00%(upstream:short)%00%(objectname)%00%(upstream:track)%00%(upstream:remotename)%00%(upstream:remoteref) refs/heads/master refs/remotes/master [0ms]
[2022-11-01T19:43:24.126Z] > git remote --verbose [1ms]
[2022-11-01T19:43:24.126Z] > git for-each-ref --sort -committerdate --format %(refname) %(objectname) %(*objectname) [9ms]
[2022-11-01T19:43:24.206Z] > git config --get commit.template [3ms]
[2022-11-01T19:43:31.296Z] > git status -z -uall [102ms]
[2022-11-01T19:43:31.303Z] > git symbolic-ref --short HEAD [1ms]
[2022-11-01T19:43:31.310Z] > git for-each-ref --format=%(refname)%00%(upstream:short)%00%(objectname)%00%(upstream:track)%00%(upstream:remotename)%00%(upstream:remoteref) refs/heads/master refs/remotes/master [1ms]
[2022-11-01T19:43:31.321Z] > git remote --verbose [1ms]
[2022-11-01T19:43:31.321Z] > git for-each-ref --sort -committerdate --format %(refname) %(objectname) %(*objectname) [6ms]
[2022-11-01T19:43:31.395Z] > git config --get commit.template [6ms]
[2022-11-01T19:43:36.501Z] > git status -z -uall [99ms]
[2022-11-01T19:43:36.510Z] > git symbolic-ref --short HEAD [1ms]
[2022-11-01T19:43:36.519Z] > git for-each-ref --format=%(refname)%00%(upstream:short)%00%(objectname)%00%(upstream:track)%00%(upstream:remotename)%00%(upstream:remoteref) refs/heads/master refs/remotes/master [1ms]
[2022-11-01T19:43:36.532Z] > git remote --verbose [1ms]
[2022-11-01T19:43:36.532Z] > git for-each-ref --sort -committerdate --format %(refname) %(objectname) %(*objectname) [7ms]
[2022-11-01T19:43:36.603Z] > git config --get commit.template [6ms]
[2022-11-01T19:43:41.707Z] > git status -z -uall [96ms]
[2022-11-01T19:43:41.715Z] > git symbolic-ref --short HEAD [0ms]
[2022-11-01T19:43:41.721Z] > git for-each-ref --format=%(refname)%00%(upstream:short)%00%(objectname)%00%(upstream:track)%00%(upstream:remotename)%00%(upstream:remoteref) refs/heads/master refs/remotes/master [0ms]
[2022-11-01T19:43:41.734Z] > git remote --verbose [1ms]
[2022-11-01T19:43:41.734Z] > git for-each-ref --sort -committerdate --format %(refname) %(objectname) %(*objectname) [7ms]
[2022-11-01T19:43:41.807Z] > git config --get commit.template [7ms]
[2022-11-01T19:43:50.068Z] > git status -z -uall [99ms]
[2022-11-01T19:43:50.075Z] > git symbolic-ref --short HEAD [0ms]
[2022-11-01T19:43:50.083Z] > git for-each-ref --format=%(refname)%00%(upstream:short)%00%(objectname)%00%(upstream:track)%00%(upstream:remotename)%00%(upstream:remoteref) refs/heads/master refs/remotes/master [1ms]
[2022-11-01T19:43:50.095Z] > git remote --verbose [1ms]
[2022-11-01T19:43:50.095Z] > git for-each-ref --sort -committerdate --format %(refname) %(objectname) %(*objectname) [6ms]
[2022-11-01T19:43:50.167Z] > git config --get commit.template [1ms]
[2022-11-01T19:43:55.275Z] > git status -z -uall [98ms]
[2022-11-01T19:43:55.284Z] > git symbolic-ref --short HEAD [1ms]
[2022-11-01T19:43:55.291Z] > git for-each-ref --format=%(refname)%00%(upstream:short)%00%(objectname)%00%(upstream:track)%00%(upstream:remotename)%00%(upstream:remoteref) refs/heads/master refs/remotes/master [0ms]
[2022-11-01T19:43:55.305Z] > git remote --verbose [1ms]
[2022-11-01T19:43:55.305Z] > git for-each-ref --sort -committerdate --format %(refname) %(objectname) %(*objectname) [7ms]
[2022-11-01T19:43:55.378Z] > git config --get commit.template [8ms]
[2022-11-01T19:44:18.867Z] > git status -z -uall [113ms]
[2022-11-01T19:44:18.872Z] > git symbolic-ref --short HEAD [0ms]
[2022-11-01T19:44:18.877Z] > git for-each-ref --format=%(refname)%00%(upstream:short)%00%(objectname)%00%(upstream:track)%00%(upstream:remotename)%00%(upstream:remoteref) refs/heads/master refs/remotes/master [1ms]
[2022-11-01T19:44:18.885Z] > git remote --verbose [0ms]
[2022-11-01T19:44:18.886Z] > git for-each-ref --sort -committerdate --format %(refname) %(objectname) %(*objectname) [5ms]
[2022-11-01T19:44:18.961Z] > git config --get commit.template [1ms]
[2022-11-01T19:44:24.065Z] > git status -z -uall [96ms]
[2022-11-01T19:44:24.071Z] > git symbolic-ref --short HEAD [0ms]
[2022-11-01T19:44:24.077Z] > git for-each-ref --format=%(refname)%00%(upstream:short)%00%(objectname)%00%(upstream:track)%00%(upstream:remotename)%00%(upstream:remoteref) refs/heads/master refs/remotes/master [1ms]
[2022-11-01T19:44:24.086Z] > git remote --verbose [1ms]
[2022-11-01T19:44:24.086Z] > git for-each-ref --sort -committerdate --format %(refname) %(objectname) %(*objectname) [5ms]
[2022-11-01T19:44:24.158Z] > git config --get commit.template [7ms]
[2022-11-01T19:44:29.262Z] > git status -z -uall [97ms]
[2022-11-01T19:44:29.269Z] > git symbolic-ref --short HEAD [1ms]
[2022-11-01T19:44:29.274Z] > git for-each-ref --format=%(refname)%00%(upstream:short)%00%(objectname)%00%(upstream:track)%00%(upstream:remotename)%00%(upstream:remoteref) refs/heads/master refs/remotes/master [1ms]
[2022-11-01T19:44:29.283Z] > git remote --verbose [0ms]
[2022-11-01T19:44:29.284Z] > git for-each-ref --sort -committerdate --format %(refname) %(objectname) %(*objectname) [6ms]
[2022-11-01T19:44:29.359Z] > git config --get commit.template [8ms]
[2022-11-01T19:44:34.466Z] > git status -z -uall [100ms]
[2022-11-01T19:44:34.473Z] > git symbolic-ref --short HEAD [1ms]
[2022-11-01T19:44:34.479Z] > git for-each-ref --format=%(refname)%00%(upstream:short)%00%(objectname)%00%(upstream:track)%00%(upstream:remotename)%00%(upstream:remoteref) refs/heads/master refs/remotes/master [0ms]
[2022-11-01T19:44:34.488Z] > git remote --verbose [0ms]
[2022-11-01T19:44:34.489Z] > git for-each-ref --sort -committerdate --format %(refname) %(objectname) %(*objectname) [5ms]
[2022-11-01T19:44:34.560Z] > git config --get commit.template [7ms]
[2022-11-01T19:44:39.665Z] > git status -z -uall [98ms]
[2022-11-01T19:44:39.671Z] > git symbolic-ref --short HEAD [1ms]
[2022-11-01T19:44:39.676Z] > git for-each-ref --format=%(refname)%00%(upstream:short)%00%(objectname)%00%(upstream:track)%00%(upstream:remotename)%00%(upstream:remoteref) refs/heads/master refs/remotes/master [1ms]
[2022-11-01T19:44:39.685Z] > git remote --verbose [0ms]
[2022-11-01T19:44:39.686Z] > git for-each-ref --sort -committerdate --format %(refname) %(objectname) %(*objectname) [5ms]
[2022-11-01T19:44:39.759Z] > git config --get commit.template [3ms]
[2022-11-01T19:44:44.863Z] > git status -z -uall [97ms]
[2022-11-01T19:44:44.870Z] > git symbolic-ref --short HEAD [1ms]
[2022-11-01T19:44:44.876Z] > git for-each-ref --format=%(refname)%00%(upstream:short)%00%(objectname)%00%(upstream:track)%00%(upstream:remotename)%00%(upstream:remoteref) refs/heads/master refs/remotes/master [1ms]
[2022-11-01T19:44:44.887Z] > git remote --verbose [0ms]
[2022-11-01T19:44:44.888Z] > git for-each-ref --sort -committerdate --format %(refname) %(objectname) %(*objectname) [7ms]
[2022-11-01T19:44:44.958Z] > git config --get commit.template [6ms]
[2022-11-01T19:44:50.063Z] > git status -z -uall [96ms]
[2022-11-01T19:44:50.070Z] > git symbolic-ref --short HEAD [1ms]
[2022-11-01T19:44:50.077Z] > git for-each-ref --format=%(refname)%00%(upstream:short)%00%(objectname)%00%(upstream:track)%00%(upstream:remotename)%00%(upstream:remoteref) refs/heads/master refs/remotes/master [1ms]
[2022-11-01T19:44:50.090Z] > git remote --verbose [1ms]
[2022-11-01T19:44:50.090Z] > git for-each-ref --sort -committerdate --format %(refname) %(objectname) %(*objectname) [7ms]
[2022-11-01T19:44:50.163Z] > git config --get commit.template [2ms]
[2022-11-01T19:44:55.270Z] > git status -z -uall [97ms]
[2022-11-01T19:44:55.278Z] > git symbolic-ref --short HEAD [0ms]
[2022-11-01T19:44:55.286Z] > git for-each-ref --format=%(refname)%00%(upstream:short)%00%(objectname)%00%(upstream:track)%00%(upstream:remotename)%00%(upstream:remoteref) refs/heads/master refs/remotes/master [1ms]
[2022-11-01T19:44:55.299Z] > git remote --verbose [0ms]
[2022-11-01T19:44:55.299Z] > git for-each-ref --sort -committerdate --format %(refname) %(objectname) %(*objectname) [7ms]
[2022-11-01T19:44:55.373Z] > git config --get commit.template [1ms]
[2022-11-01T19:45:05.561Z] > git status -z -uall [99ms]
[2022-11-01T19:45:05.570Z] > git symbolic-ref --short HEAD [1ms]
[2022-11-01T19:45:05.578Z] > git for-each-ref --format=%(refname)%00%(upstream:short)%00%(objectname)%00%(upstream:track)%00%(upstream:remotename)%00%(upstream:remoteref) refs/heads/master refs/remotes/master [0ms]
[2022-11-01T19:45:05.594Z] > git remote --verbose [0ms]
[2022-11-01T19:45:05.594Z] > git for-each-ref --sort -committerdate --format %(refname) %(objectname) %(*objectname) [9ms]
[2022-11-01T19:45:05.669Z] > git config --get commit.template [7ms]
[2022-11-01T19:45:18.313Z] > git status -z -uall [99ms]
[2022-11-01T19:45:18.322Z] > git symbolic-ref --short HEAD [1ms]
[2022-11-01T19:45:18.331Z] > git for-each-ref --format=%(refname)%00%(upstream:short)%00%(objectname)%00%(upstream:track)%00%(upstream:remotename)%00%(upstream:remoteref) refs/heads/master refs/remotes/master [0ms]
[2022-11-01T19:45:18.348Z] > git remote --verbose [1ms]
[2022-11-01T19:45:18.348Z] > git for-each-ref --sort -committerdate --format %(refname) %(objectname) %(*objectname) [8ms]
[2022-11-01T19:45:18.434Z] > git config --get commit.template [15ms]
[2022-11-01T19:45:19.387Z] > git ls-files --stage -- /home/lrb96/pandas_ejercicios/df.py [6ms]
[2022-11-01T19:45:19.394Z] > git cat-file -s 2bc8428b502ef172248334360d99ec0ad3205269 [1ms]
[2022-11-01T19:45:19.412Z] > git show --textconv :pandas_ejercicios/df.py [7ms]
[2022-11-01T19:45:19.452Z] > git fetch [1250ms]
[2022-11-01T19:45:19.554Z] > git status -z -uall [96ms]
[2022-11-01T19:45:19.561Z] > git symbolic-ref --short HEAD [1ms]
[2022-11-01T19:45:19.567Z] > git for-each-ref --format=%(refname)%00%(upstream:short)%00%(objectname)%00%(upstream:track)%00%(upstream:remotename)%00%(upstream:remoteref) refs/heads/master refs/remotes/master [0ms]
[2022-11-01T19:45:19.576Z] > git remote --verbose [0ms]
[2022-11-01T19:45:19.577Z] > git for-each-ref --sort -committerdate --format %(refname) %(objectname) %(*objectname) [5ms]
[2022-11-01T19:45:19.649Z] > git config --get commit.template [8ms]
[2022-11-01T19:45:20.626Z] > git ls-files --stage -- /home/lrb96/pandas_ejercicios/df.py [8ms]
[2022-11-01T19:45:20.633Z] > git cat-file -s 2bc8428b502ef172248334360d99ec0ad3205269 [0ms]
[2022-11-01T19:45:20.650Z] > git show --textconv :pandas_ejercicios/df.py [6ms]
[2022-11-01T19:45:23.537Z] > git status -z -uall [95ms]
[2022-11-01T19:45:23.543Z] > git symbolic-ref --short HEAD [0ms]
[2022-11-01T19:45:23.549Z] > git for-each-ref --format=%(refname)%00%(upstream:short)%00%(objectname)%00%(upstream:track)%00%(upstream:remotename)%00%(upstream:remoteref) refs/heads/master refs/remotes/master [0ms]
[2022-11-01T19:45:23.560Z] > git remote --verbose [1ms]
[2022-11-01T19:45:23.560Z] > git for-each-ref --sort -committerdate --format %(refname) %(objectname) %(*objectname) [5ms]
[2022-11-01T19:45:23.630Z] > git config --get commit.template [6ms]
[2022-11-01T19:45:29.357Z] > git status -z -uall [104ms]
[2022-11-01T19:45:29.364Z] > git symbolic-ref --short HEAD [1ms]
[2022-11-01T19:45:29.372Z] > git for-each-ref --format=%(refname)%00%(upstream:short)%00%(objectname)%00%(upstream:track)%00%(upstream:remotename)%00%(upstream:remoteref) refs/heads/master refs/remotes/master [0ms]
[2022-11-01T19:45:29.384Z] > git remote --verbose [1ms]
[2022-11-01T19:45:29.384Z] > git for-each-ref --sort -committerdate --format %(refname) %(objectname) %(*objectname) [6ms]
[2022-11-01T19:45:29.457Z] > git config --get commit.template [7ms]
[2022-11-01T19:45:35.045Z] > git status -z -uall [98ms]
[2022-11-01T19:45:35.052Z] > git symbolic-ref --short HEAD [0ms]
[2022-11-01T19:45:35.059Z] > git for-each-ref --format=%(refname)%00%(upstream:short)%00%(objectname)%00%(upstream:track)%00%(upstream:remotename)%00%(upstream:remoteref) refs/heads/master refs/remotes/master [0ms]
[2022-11-01T19:45:35.072Z] > git remote --verbose [1ms]
[2022-11-01T19:45:35.072Z] > git for-each-ref --sort -committerdate --format %(refname) %(objectname) %(*objectname) [7ms]
[2022-11-01T19:45:35.147Z] > git config --get commit.template [8ms]
[2022-11-01T19:45:40.252Z] > git status -z -uall [97ms]
[2022-11-01T19:45:40.260Z] > git symbolic-ref --short HEAD [1ms]
[2022-11-01T19:45:40.268Z] > git for-each-ref --format=%(refname)%00%(upstream:short)%00%(objectname)%00%(upstream:track)%00%(upstream:remotename)%00%(upstream:remoteref) refs/heads/master refs/remotes/master [1ms]
[2022-11-01T19:45:40.281Z] > git remote --verbose [0ms]
[2022-11-01T19:45:40.282Z] > git for-each-ref --sort -committerdate --format %(refname) %(objectname) %(*objectname) [8ms]
[2022-11-01T19:45:40.355Z] > git config --get commit.template [7ms]
[2022-11-01T19:45:45.461Z] > git status -z -uall [96ms]
[2022-11-01T19:45:45.470Z] > git symbolic-ref --short HEAD [1ms]
[2022-11-01T19:45:45.479Z] > git for-each-ref --format=%(refname)%00%(upstream:short)%00%(objectname)%00%(upstream:track)%00%(upstream:remotename)%00%(upstream:remoteref) refs/heads/master refs/remotes/master [1ms]
[2022-11-01T19:45:45.494Z] > git for-each-ref --sort -committerdate --format %(refname) %(objectname) %(*objectname) [8ms]
[2022-11-01T19:45:45.494Z] > git remote --verbose [1ms]
[2022-11-01T19:45:45.569Z] > git config --get commit.template [7ms]
[2022-11-01T19:45:51.493Z] > git status -z -uall [100ms]
[2022-11-01T19:45:51.504Z] > git symbolic-ref --short HEAD [1ms]
[2022-11-01T19:45:51.513Z] > git for-each-ref --format=%(refname)%00%(upstream:short)%00%(objectname)%00%(upstream:track)%00%(upstream:remotename)%00%(upstream:remoteref) refs/heads/master refs/remotes/master [1ms]
[2022-11-01T19:45:51.529Z] > git remote --verbose [0ms]
[2022-11-01T19:45:51.530Z] > git for-each-ref --sort -committerdate --format %(refname) %(objectname) %(*objectname) [9ms]
[2022-11-01T19:45:51.603Z] > git config --get commit.template [6ms]
[2022-11-01T19:45:56.710Z] > git status -z -uall [97ms]
[2022-11-01T19:45:56.720Z] > git symbolic-ref --short HEAD [0ms]
[2022-11-01T19:45:56.729Z] > git for-each-ref --format=%(refname)%00%(upstream:short)%00%(objectname)%00%(upstream:track)%00%(upstream:remotename)%00%(upstream:remoteref) refs/heads/master refs/remotes/master [0ms]
[2022-11-01T19:45:56.746Z] > git remote --verbose [0ms]
[2022-11-01T19:45:56.747Z] > git for-each-ref --sort -committerdate --format %(refname) %(objectname) %(*objectname) [9ms]
[2022-11-01T19:45:56.822Z] > git config --get commit.template [7ms]
[2022-11-01T19:46:01.932Z] > git status -z -uall [99ms]
[2022-11-01T19:46:01.943Z] > git symbolic-ref --short HEAD [1ms]
[2022-11-01T19:46:01.953Z] > git for-each-ref --format=%(refname)%00%(upstream:short)%00%(objectname)%00%(upstream:track)%00%(upstream:remotename)%00%(upstream:remoteref) refs/heads/master refs/remotes/master [1ms]
[2022-11-01T19:46:01.972Z] > git remote --verbose [1ms]
[2022-11-01T19:46:01.972Z] > git for-each-ref --sort -committerdate --format %(refname) %(objectname) %(*objectname) [10ms]
[2022-11-01T19:46:02.048Z] > git config --get commit.template [7ms]
[2022-11-01T19:46:07.158Z] > git status -z -uall [98ms]
[2022-11-01T19:46:07.170Z] > git symbolic-ref --short HEAD [1ms]
[2022-11-01T19:46:07.182Z] > git for-each-ref --format=%(refname)%00%(upstream:short)%00%(objectname)%00%(upstream:track)%00%(upstream:remotename)%00%(upstream:remoteref) refs/heads/master refs/remotes/master [2ms]
[2022-11-01T19:46:07.203Z] > git remote --verbose [0ms]
[2022-11-01T19:46:07.203Z] > git for-each-ref --sort -committerdate --format %(refname) %(objectname) %(*objectname) [10ms]
[2022-11-01T19:46:07.279Z] > git config --get commit.template [7ms]
[2022-11-01T19:46:46.756Z] > git status -z -uall [113ms]
[2022-11-01T19:46:46.761Z] > git symbolic-ref --short HEAD [0ms]
[2022-11-01T19:46:46.766Z] > git for-each-ref --format=%(refname)%00%(upstream:short)%00%(objectname)%00%(upstream:track)%00%(upstream:remotename)%00%(upstream:remoteref) refs/heads/master refs/remotes/master [1ms]
[2022-11-01T19:46:46.774Z] > git remote --verbose [1ms]
[2022-11-01T19:46:46.774Z] > git for-each-ref --sort -committerdate --format %(refname) %(objectname) %(*objectname) [4ms]
[2022-11-01T19:46:46.851Z] > git config --get commit.template [2ms]
[2022-11-01T19:46:51.960Z] > git status -z -uall [101ms]
[2022-11-01T19:46:51.966Z] > git symbolic-ref --short HEAD [1ms]
[2022-11-01T19:46:51.972Z] > git for-each-ref --format=%(refname)%00%(upstream:short)%00%(objectname)%00%(upstream:track)%00%(upstream:remotename)%00%(upstream:remoteref) refs/heads/master refs/remotes/master [1ms]
[2022-11-01T19:46:51.981Z] > git remote --verbose [1ms]
[2022-11-01T19:46:51.981Z] > git for-each-ref --sort -committerdate --format %(refname) %(objectname) %(*objectname) [5ms]
[2022-11-01T19:46:52.052Z] > git config --get commit.template [5ms]
[2022-11-01T19:46:59.949Z] > git status -z -uall [104ms]
[2022-11-01T19:46:59.956Z] > git symbolic-ref --short HEAD [1ms]
[2022-11-01T19:46:59.962Z] > git for-each-ref --format=%(refname)%00%(upstream:short)%00%(objectname)%00%(upstream:track)%00%(upstream:remotename)%00%(upstream:remoteref) refs/heads/master refs/remotes/master [0ms]
[2022-11-01T19:46:59.973Z] > git remote --verbose [1ms]
[2022-11-01T19:46:59.973Z] > git for-each-ref --sort -committerdate --format %(refname) %(objectname) %(*objectname) [6ms]
[2022-11-01T19:47:00.046Z] > git config --get commit.template [5ms]
[2022-11-01T19:47:05.153Z] > git status -z -uall [100ms]
[2022-11-01T19:47:05.160Z] > git symbolic-ref --short HEAD [1ms]
[2022-11-01T19:47:05.166Z] > git for-each-ref --format=%(refname)%00%(upstream:short)%00%(objectname)%00%(upstream:track)%00%(upstream:remotename)%00%(upstream:remoteref) refs/heads/master refs/remotes/master [1ms]
[2022-11-01T19:47:05.175Z] > git remote --verbose [0ms]
[2022-11-01T19:47:05.176Z] > git for-each-ref --sort -committerdate --format %(refname) %(objectname) %(*objectname) [6ms]
[2022-11-01T19:47:05.254Z] > git config --get commit.template [7ms]
[2022-11-01T19:47:10.358Z] > git status -z -uall [97ms]
[2022-11-01T19:47:10.365Z] > git symbolic-ref --short HEAD [0ms]
[2022-11-01T19:47:10.371Z] > git for-each-ref --format=%(refname)%00%(upstream:short)%00%(objectname)%00%(upstream:track)%00%(upstream:remotename)%00%(upstream:remoteref) refs/heads/master refs/remotes/master [0ms]
[2022-11-01T19:47:10.388Z] > git remote --verbose [1ms]
[2022-11-01T19:47:10.388Z] > git for-each-ref --sort -committerdate --format %(refname) %(objectname) %(*objectname) [10ms]
[2022-11-01T19:47:10.460Z] > git config --get commit.template [6ms]
[2022-11-01T19:47:50.033Z] > git status -z -uall [108ms]
[2022-11-01T19:47:50.038Z] > git symbolic-ref --short HEAD [0ms]
[2022-11-01T19:47:50.043Z] > git for-each-ref --format=%(refname)%00%(upstream:short)%00%(objectname)%00%(upstream:track)%00%(upstream:remotename)%00%(upstream:remoteref) refs/heads/master refs/remotes/master [0ms]
[2022-11-01T19:47:50.052Z] > git remote --verbose [1ms]
[2022-11-01T19:47:50.052Z] > git for-each-ref --sort -committerdate --format %(refname) %(objectname) %(*objectname) [5ms]
[2022-11-01T19:47:50.133Z] > git config --get commit.template [5ms]
[2022-11-01T19:49:12.159Z] > git status -z -uall [106ms]
[2022-11-01T19:49:12.166Z] > git symbolic-ref --short HEAD [0ms]
[2022-11-01T19:49:12.172Z] > git for-each-ref --format=%(refname)%00%(upstream:short)%00%(objectname)%00%(upstream:track)%00%(upstream:remotename)%00%(upstream:remoteref) refs/heads/master refs/remotes/master [1ms]
[2022-11-01T19:49:12.182Z] > git remote --verbose [1ms]
[2022-11-01T19:49:12.182Z] > git for-each-ref --sort -committerdate --format %(refname) %(objectname) %(*objectname) [5ms]
[2022-11-01T19:49:12.272Z] > git config --get commit.template [1ms]
[2022-11-01T19:49:13.315Z] > git fetch [1274ms]
[2022-11-01T19:49:13.419Z] > git status -z -uall [98ms]
[2022-11-01T19:49:13.425Z] > git symbolic-ref --short HEAD [1ms]
[2022-11-01T19:49:13.431Z] > git for-each-ref --format=%(refname)%00%(upstream:short)%00%(objectname)%00%(upstream:track)%00%(upstream:remotename)%00%(upstream:remoteref) refs/heads/master refs/remotes/master [1ms]
[2022-11-01T19:49:13.440Z] > git remote --verbose [1ms]
[2022-11-01T19:49:13.440Z] > git for-each-ref --sort -committerdate --format %(refname) %(objectname) %(*objectname) [5ms]
[2022-11-01T19:49:13.511Z] > git config --get commit.template [6ms]
[2022-11-01T19:49:38.093Z] > git ls-files --stage -- /home/lrb96/pandas_ejercicios/df.py [10ms]
[2022-11-01T19:49:38.098Z] > git cat-file -s 2bc8428b502ef172248334360d99ec0ad3205269 [0ms]
[2022-11-01T19:49:38.116Z] > git show --textconv :pandas_ejercicios/df.py [7ms]
[2022-11-01T19:49:38.178Z] > git status -z -uall [106ms]
[2022-11-01T19:49:38.184Z] > git symbolic-ref --short HEAD [1ms]
[2022-11-01T19:49:38.189Z] > git for-each-ref --format=%(refname)%00%(upstream:short)%00%(objectname)%00%(upstream:track)%00%(upstream:remotename)%00%(upstream:remoteref) refs/heads/master refs/remotes/master [1ms]
[2022-11-01T19:49:38.199Z] > git remote --verbose [2ms]
[2022-11-01T19:49:38.199Z] > git for-each-ref --sort -committerdate --format %(refname) %(objectname) %(*objectname) [5ms]
[2022-11-01T19:49:38.272Z] > git config --get commit.template [2ms]
