[2022-10-22T21:22:49.398Z] Nivel de registro: Info
[2022-10-22T21:22:49.404Z] [info] La validación encontró Git en: git
[2022-10-22T21:22:49.642Z] [info] Usando GIT 2.25.1 desde git
[2022-10-22T21:22:49.699Z] > git rev-parse --show-toplevel [46ms]
[2022-10-22T21:22:49.731Z] > git rev-parse --git-dir --git-common-dir [25ms]
[2022-10-22T21:22:49.735Z] [info] Open repository: /home/lrb96
[2022-10-22T21:22:49.761Z] > git rev-parse --show-toplevel [12ms]
[2022-10-22T21:22:49.768Z] > git rev-parse --show-toplevel [1ms]
[2022-10-22T21:22:49.780Z] > git rev-parse --show-toplevel [3ms]
[2022-10-22T21:22:49.789Z] > git rev-parse --show-toplevel [2ms]
[2022-10-22T21:22:49.799Z] > git rev-parse --show-toplevel [4ms]
[2022-10-22T21:22:49.812Z] > git rev-parse --show-toplevel [7ms]
[2022-10-22T21:22:50.222Z] > git show --textconv :ejercicios_python/listas_tuplas/ejercicio11.py [52ms]
[2022-10-22T21:22:50.222Z] > git ls-files --stage -- /home/lrb96/ejercicios_python/listas_tuplas/ejercicio11.py [45ms]
[2022-10-22T21:22:50.244Z] > git status -z -uall [502ms]
[2022-10-22T21:22:50.250Z] > git cat-file -s 6fd60ea6e96a127af8c345341ac723d260404e83 [22ms]
[2022-10-22T21:22:50.256Z] > git symbolic-ref --short HEAD [6ms]
[2022-10-22T21:22:50.291Z] > git for-each-ref --format=%(refname)%00%(upstream:short)%00%(objectname)%00%(upstream:track)%00%(upstream:remotename)%00%(upstream:remoteref) refs/heads/master refs/remotes/master [29ms]
[2022-10-22T21:22:50.311Z] > git remote --verbose [10ms]
[2022-10-22T21:22:50.312Z] > git for-each-ref --sort -committerdate --format %(refname) %(objectname) %(*objectname) [16ms]
[2022-10-22T21:22:50.365Z] > git config --get commit.template [33ms]
[2022-10-22T21:22:50.378Z] > git check-ignore -v -z --stdin [31ms]
[2022-10-22T21:22:50.465Z] > git status -z -uall [89ms]
[2022-10-22T21:22:50.474Z] > git symbolic-ref --short HEAD [1ms]
[2022-10-22T21:22:50.484Z] > git for-each-ref --format=%(refname)%00%(upstream:short)%00%(objectname)%00%(upstream:track)%00%(upstream:remotename)%00%(upstream:remoteref) refs/heads/master refs/remotes/master [0ms]
[2022-10-22T21:22:50.499Z] > git remote --verbose [2ms]
[2022-10-22T21:22:50.499Z] > git for-each-ref --sort -committerdate --format %(refname) %(objectname) %(*objectname) [8ms]
[2022-10-22T21:22:50.509Z] > git config --get commit.template [1ms]
[2022-10-22T21:28:50.782Z] > git status -z -uall [60ms]
[2022-10-22T21:28:50.786Z] > git symbolic-ref --short HEAD [1ms]
[2022-10-22T21:28:50.790Z] > git for-each-ref --format=%(refname)%00%(upstream:short)%00%(objectname)%00%(upstream:track)%00%(upstream:remotename)%00%(upstream:remoteref) refs/heads/master refs/remotes/master [1ms]
[2022-10-22T21:28:50.795Z] > git remote --verbose [0ms]
[2022-10-22T21:28:50.796Z] > git for-each-ref --sort -committerdate --format %(refname) %(objectname) %(*objectname) [3ms]
[2022-10-22T21:28:50.801Z] > git config --get commit.template [0ms]
[2022-10-22T21:28:52.020Z] > git fetch [1303ms]
[2022-10-22T21:28:52.082Z] > git status -z -uall [59ms]
[2022-10-22T21:28:52.086Z] > git symbolic-ref --short HEAD [1ms]
[2022-10-22T21:28:52.089Z] > git for-each-ref --format=%(refname)%00%(upstream:short)%00%(objectname)%00%(upstream:track)%00%(upstream:remotename)%00%(upstream:remoteref) refs/heads/master refs/remotes/master [1ms]
[2022-10-22T21:28:52.095Z] > git for-each-ref --sort -committerdate --format %(refname) %(objectname) %(*objectname) [3ms]
[2022-10-22T21:28:52.095Z] > git remote --verbose [1ms]
[2022-10-22T21:28:52.100Z] > git config --get commit.template [0ms]
[2022-10-22T21:28:54.066Z] > git ls-files --stage -- /home/lrb96/ejercicios_python/listas_tuplas/ejercicio11.py [5ms]
[2022-10-22T21:28:54.071Z] > git cat-file -s 6fd60ea6e96a127af8c345341ac723d260404e83 [1ms]
[2022-10-22T21:28:54.088Z] > git show --textconv :ejercicios_python/listas_tuplas/ejercicio11.py [5ms]
[2022-10-22T21:28:55.865Z] > git status -z -uall [59ms]
[2022-10-22T21:28:55.869Z] > git symbolic-ref --short HEAD [1ms]
[2022-10-22T21:28:55.872Z] > git for-each-ref --format=%(refname)%00%(upstream:short)%00%(objectname)%00%(upstream:track)%00%(upstream:remotename)%00%(upstream:remoteref) refs/heads/master refs/remotes/master [1ms]
[2022-10-22T21:28:55.877Z] > git remote --verbose [1ms]
[2022-10-22T21:28:55.878Z] > git for-each-ref --sort -committerdate --format %(refname) %(objectname) %(*objectname) [4ms]
[2022-10-22T21:28:55.882Z] > git config --get commit.template [1ms]
[2022-10-22T21:32:11.307Z] > git status -z -uall [67ms]
[2022-10-22T21:32:11.311Z] > git symbolic-ref --short HEAD [1ms]
[2022-10-22T21:32:11.314Z] > git for-each-ref --format=%(refname)%00%(upstream:short)%00%(objectname)%00%(upstream:track)%00%(upstream:remotename)%00%(upstream:remoteref) refs/heads/master refs/remotes/master [1ms]
[2022-10-22T21:32:11.320Z] > git remote --verbose [0ms]
[2022-10-22T21:32:11.321Z] > git for-each-ref --sort -committerdate --format %(refname) %(objectname) %(*objectname) [5ms]
[2022-10-22T21:32:11.327Z] > git config --get commit.template [1ms]
[2022-10-22T21:32:12.474Z] > git fetch [1240ms]
[2022-10-22T21:32:12.538Z] > git status -z -uall [61ms]
[2022-10-22T21:32:12.542Z] > git symbolic-ref --short HEAD [1ms]
[2022-10-22T21:32:12.545Z] > git for-each-ref --format=%(refname)%00%(upstream:short)%00%(objectname)%00%(upstream:track)%00%(upstream:remotename)%00%(upstream:remoteref) refs/heads/master refs/remotes/master [1ms]
[2022-10-22T21:32:12.550Z] > git remote --verbose [0ms]
[2022-10-22T21:32:12.551Z] > git for-each-ref --sort -committerdate --format %(refname) %(objectname) %(*objectname) [3ms]
[2022-10-22T21:32:12.555Z] > git config --get commit.template [0ms]
[2022-10-22T21:32:14.028Z] > git ls-files --stage -- /home/lrb96/ejercicios_python/listas_tuplas/ejercicio11.py [5ms]
[2022-10-22T21:32:14.033Z] > git cat-file -s 6fd60ea6e96a127af8c345341ac723d260404e83 [1ms]
[2022-10-22T21:32:14.050Z] > git show --textconv :ejercicios_python/listas_tuplas/ejercicio11.py [4ms]
[2022-10-22T21:35:58.986Z] > git status -z -uall [69ms]
[2022-10-22T21:35:58.989Z] > git symbolic-ref --short HEAD [0ms]
[2022-10-22T21:35:58.992Z] > git for-each-ref --format=%(refname)%00%(upstream:short)%00%(objectname)%00%(upstream:track)%00%(upstream:remotename)%00%(upstream:remoteref) refs/heads/master refs/remotes/master [0ms]
[2022-10-22T21:35:58.998Z] > git remote --verbose [0ms]
[2022-10-22T21:35:58.999Z] > git for-each-ref --sort -committerdate --format %(refname) %(objectname) %(*objectname) [4ms]
[2022-10-22T21:35:59.003Z] > git config --get commit.template [0ms]
[2022-10-22T21:36:00.175Z] > git fetch [1266ms]
[2022-10-22T21:36:00.238Z] > git status -z -uall [60ms]
[2022-10-22T21:36:00.241Z] > git symbolic-ref --short HEAD [0ms]
[2022-10-22T21:36:00.245Z] > git for-each-ref --format=%(refname)%00%(upstream:short)%00%(objectname)%00%(upstream:track)%00%(upstream:remotename)%00%(upstream:remoteref) refs/heads/master refs/remotes/master [1ms]
[2022-10-22T21:36:00.250Z] > git remote --verbose [1ms]
[2022-10-22T21:36:00.251Z] > git for-each-ref --sort -committerdate --format %(refname) %(objectname) %(*objectname) [4ms]
[2022-10-22T21:36:00.256Z] > git config --get commit.template [1ms]
[2022-10-22T21:41:41.148Z] > git ls-files --stage -- /home/lrb96/ejercicios_python/listas_tuplas/ejercicio11.py [7ms]
[2022-10-22T21:41:41.152Z] > git cat-file -s 6fd60ea6e96a127af8c345341ac723d260404e83 [0ms]
[2022-10-22T21:41:41.165Z] > git show --textconv :ejercicios_python/listas_tuplas/ejercicio11.py [3ms]
[2022-10-22T21:41:41.201Z] > git status -z -uall [69ms]
[2022-10-22T21:41:41.205Z] > git symbolic-ref --short HEAD [1ms]
[2022-10-22T21:41:41.209Z] > git for-each-ref --format=%(refname)%00%(upstream:short)%00%(objectname)%00%(upstream:track)%00%(upstream:remotename)%00%(upstream:remoteref) refs/heads/master refs/remotes/master [1ms]
[2022-10-22T21:41:41.215Z] > git remote --verbose [0ms]
[2022-10-22T21:41:41.215Z] > git for-each-ref --sort -committerdate --format %(refname) %(objectname) %(*objectname) [4ms]
[2022-10-22T21:41:41.220Z] > git config --get commit.template [0ms]
