[2022-10-27 16:23:00.196] [exthost] [info] Extension host with pid 379 started
[2022-10-27 16:23:00.209] [exthost] [info] Lock '/home/lrb96/.vscode-server/data/User/workspaceStorage/01246f9396b43c9ab190431bd1de0310/vscode.lock': Lock acquired.
[2022-10-27 16:23:00.228] [exthost] [info] ExtensionService#_doActivateExtension vscode.debug-auto-launch, startup: true, activationEvent: '*'
[2022-10-27 16:23:00.229] [exthost] [info] ExtensionService#_doActivateExtension vscode.git-base, startup: true, activationEvent: '*', root cause: vscode.git
[2022-10-27 16:23:00.229] [exthost] [info] ExtensionService#_doActivateExtension vscode.ipynb, startup: true, activationEvent: '*'
[2022-10-27 16:23:00.264] [exthost] [info] ExtensionService#_doActivateExtension vscode.git, startup: true, activationEvent: '*'
[2022-10-27 16:23:00.264] [exthost] [info] ExtensionService#_doActivateExtension vscode.github, startup: true, activationEvent: '*'
[2022-10-27 16:23:00.409] [exthost] [info] ExtensionService#_doActivateExtension vscode.emmet, startup: false, activationEvent: 'onStartupFinished'
[2022-10-27 16:23:00.410] [exthost] [info] ExtensionService#_doActivateExtension vscode.merge-conflict, startup: false, activationEvent: 'onStartupFinished'
[2022-10-27 16:23:00.411] [exthost] [info] ExtensionService#_doActivateExtension ritwickdey.LiveServer, startup: false, activationEvent: 'onStartupFinished'
[2022-10-27 16:23:00.411] [exthost] [info] Eager extensions activated
[2022-10-27 16:23:01.577] [exthost] [info] ExtensionService#_doActivateExtension vscode.configuration-editing, startup: false, activationEvent: 'onLanguage:jsonc'
[2022-10-27 16:23:01.578] [exthost] [info] ExtensionService#_doActivateExtension vscode.json-language-features, startup: false, activationEvent: 'onLanguage:jsonc'
[2022-10-27 16:23:01.578] [exthost] [info] ExtensionService#_doActivateExtension vscode.typescript-language-features, startup: false, activationEvent: 'onLanguage:jsonc'
[2022-10-27 16:23:12.359] [exthost] [warning] [Decorations] CAPPING events from decorations provider vscode.git 5190
[2022-10-27 16:23:16.315] [exthost] [warning] [Decorations] CAPPING events from decorations provider vscode.git 5190
[2022-10-27 16:23:21.460] [exthost] [warning] [Decorations] CAPPING events from decorations provider vscode.git 5190
[2022-10-27 16:23:26.602] [exthost] [warning] [Decorations] CAPPING events from decorations provider vscode.git 5190
[2022-10-27 16:23:27.303] [exthost] [info] ExtensionService#_doActivateExtension ms-python.python, startup: false, activationEvent: 'onLanguage:python'
[2022-10-27 16:23:27.304] [exthost] [info] ExtensionService#_doActivateExtension ms-toolsai.jupyter, startup: false, activationEvent: 'onLanguage:python'
[2022-10-27 16:23:27.304] [exthost] [info] ExtensionService#_doActivateExtension njpwerner.autodocstring, startup: false, activationEvent: 'onLanguage:python'
[2022-10-27 16:23:28.185] [exthost] [info] ExtensionService#_doActivateExtension ms-toolsai.jupyter-renderers, startup: false, activationEvent: 'api', root cause: ms-toolsai.jupyter
[2022-10-27 16:23:28.272] [exthost] [info] ExtensionService#_doActivateExtension ms-python.vscode-pylance, startup: false, activationEvent: 'onLanguage:python'
[2022-10-27 16:23:32.434] [exthost] [warning] [Decorations] CAPPING events from decorations provider vscode.git 5196
[2022-10-27 16:23:37.598] [exthost] [warning] [Decorations] CAPPING events from decorations provider vscode.git 5196
[2022-10-27 16:23:45.508] [exthost] [warning] [Decorations] CAPPING events from decorations provider vscode.git 5196
[2022-10-27 16:23:50.679] [exthost] [warning] [Decorations] CAPPING events from decorations provider vscode.git 5196
[2022-10-27 16:23:57.444] [exthost] [warning] [Decorations] CAPPING events from decorations provider vscode.git 5196
[2022-10-27 16:24:02.622] [exthost] [warning] [Decorations] CAPPING events from decorations provider vscode.git 5196
[2022-10-27 16:24:07.801] [exthost] [warning] [Decorations] CAPPING events from decorations provider vscode.git 5196
[2022-10-27 16:24:13.006] [exthost] [warning] [Decorations] CAPPING events from decorations provider vscode.git 5196
[2022-10-27 16:24:18.198] [exthost] [warning] [Decorations] CAPPING events from decorations provider vscode.git 5198
[2022-10-27 16:24:31.112] [exthost] [warning] [Decorations] CAPPING events from decorations provider vscode.git 5198
[2022-10-27 16:25:38.212] [exthost] [warning] [Decorations] CAPPING events from decorations provider vscode.git 5198
[2022-10-27 16:25:43.368] [exthost] [warning] [Decorations] CAPPING events from decorations provider vscode.git 5198
[2022-10-27 16:25:48.528] [exthost] [warning] [Decorations] CAPPING events from decorations provider vscode.git 5198
[2022-10-27 16:25:53.696] [exthost] [warning] [Decorations] CAPPING events from decorations provider vscode.git 5198
[2022-10-27 16:26:04.189] [exthost] [warning] [Decorations] CAPPING events from decorations provider vscode.git 5199
[2022-10-27 16:26:28.275] [exthost] [warning] [Decorations] CAPPING events from decorations provider vscode.git 5200
[2022-10-27 16:26:29.500] [exthost] [warning] [Decorations] CAPPING events from decorations provider vscode.git 5200
[2022-10-27 16:26:33.430] [exthost] [warning] [Decorations] CAPPING events from decorations provider vscode.git 5201
[2022-10-27 16:26:42.278] [exthost] [warning] [Decorations] CAPPING events from decorations provider vscode.git 5201
[2022-10-27 16:26:57.871] [exthost] [warning] [Decorations] CAPPING events from decorations provider vscode.git 5201
[2022-10-27 16:27:04.951] [exthost] [warning] [Decorations] CAPPING events from decorations provider vscode.git 5202
[2022-10-27 16:27:10.103] [exthost] [warning] [Decorations] CAPPING events from decorations provider vscode.git 5202
[2022-10-27 16:27:15.264] [exthost] [warning] [Decorations] CAPPING events from decorations provider vscode.git 5202
[2022-10-27 16:27:24.679] [exthost] [warning] [Decorations] CAPPING events from decorations provider vscode.git 5202
[2022-10-27 16:27:32.181] [exthost] [warning] [Decorations] CAPPING events from decorations provider vscode.git 5202
[2022-10-27 16:28:32.752] [exthost] [warning] [Decorations] CAPPING events from decorations provider vscode.git 5202
[2022-10-27 16:32:30.270] [exthost] [warning] [Decorations] CAPPING events from decorations provider vscode.git 5202
[2022-10-27 16:32:31.499] [exthost] [warning] [Decorations] CAPPING events from decorations provider vscode.git 5202
[2022-10-27 16:32:35.420] [exthost] [warning] [Decorations] CAPPING events from decorations provider vscode.git 5202
[2022-10-27 16:32:40.585] [exthost] [warning] [Decorations] CAPPING events from decorations provider vscode.git 5202
[2022-10-27 16:32:45.770] [exthost] [warning] [Decorations] CAPPING events from decorations provider vscode.git 5202
[2022-10-27 16:32:50.939] [exthost] [warning] [Decorations] CAPPING events from decorations provider vscode.git 5202
[2022-10-27 16:32:57.498] [exthost] [warning] [Decorations] CAPPING events from decorations provider vscode.git 5203
[2022-10-27 16:33:02.796] [exthost] [warning] [Decorations] CAPPING events from decorations provider vscode.git 5203
[2022-10-27 16:43:04.361] [exthost] [warning] [Decorations] CAPPING events from decorations provider vscode.git 5203
[2022-10-27 16:43:05.586] [exthost] [warning] [Decorations] CAPPING events from decorations provider vscode.git 5203
[2022-10-27 16:43:11.487] [exthost] [warning] [Decorations] CAPPING events from decorations provider vscode.git 5203
[2022-10-27 16:45:24.579] [exthost] [warning] [Decorations] CAPPING events from decorations provider vscode.git 5203
[2022-10-27 16:45:29.737] [exthost] [warning] [Decorations] CAPPING events from decorations provider vscode.git 5203
[2022-10-27 16:45:34.891] [exthost] [warning] [Decorations] CAPPING events from decorations provider vscode.git 5203
[2022-10-27 16:45:40.042] [exthost] [warning] [Decorations] CAPPING events from decorations provider vscode.git 5203
[2022-10-27 16:45:45.188] [exthost] [warning] [Decorations] CAPPING events from decorations provider vscode.git 5203
[2022-10-27 16:45:50.339] [exthost] [warning] [Decorations] CAPPING events from decorations provider vscode.git 5203
[2022-10-27 16:45:55.486] [exthost] [warning] [Decorations] CAPPING events from decorations provider vscode.git 5203
[2022-10-27 16:46:18.867] [exthost] [warning] [Decorations] CAPPING events from decorations provider vscode.git 5206
[2022-10-27 16:46:20.222] [exthost] [warning] [Decorations] CAPPING events from decorations provider vscode.git 5204
[2022-10-27 16:46:24.018] [exthost] [warning] [Decorations] CAPPING events from decorations provider vscode.git 5204
[2022-10-27 16:46:26.370] [exthost] [info] ExtensionService#_doActivateExtension vscode.extension-editing, startup: false, activationEvent: 'onLanguage:json'
[2022-10-27 16:46:26.370] [exthost] [info] ExtensionService#_doActivateExtension vscode.npm, startup: false, activationEvent: 'onLanguage:json'
[2022-10-27 16:46:26.599] [exthost] [info] Extension host terminating: received terminate message from renderer
[2022-10-27 16:46:26.599] [exthost] [info] Lock '/home/lrb96/.vscode-server/data/User/workspaceStorage/01246f9396b43c9ab190431bd1de0310/vscode.lock': Marking the lockfile as scheduled to be released in 6000 ms.
[2022-10-27 16:46:26.634] [exthost] [info] Extension host with pid 379 exiting with code 0
