[2022-10-26T16:04:07.112Z] Nivel de registro: Info
[2022-10-26T16:04:07.119Z] [info] La validación encontró Git en: git
[2022-10-26T16:04:07.146Z] [info] Usando GIT 2.25.1 desde git
[2022-10-26T16:04:07.218Z] > git rev-parse --show-toplevel [60ms]
[2022-10-26T16:04:07.247Z] > git rev-parse --git-dir --git-common-dir [22ms]
[2022-10-26T16:04:07.258Z] [info] Open repository: /home/lrb96
[2022-10-26T16:04:07.285Z] > git rev-parse --show-toplevel [6ms]
[2022-10-26T16:04:07.756Z] > git status -z -uall [485ms]
[2022-10-26T16:04:07.759Z] > git symbolic-ref --short HEAD [0ms]
[2022-10-26T16:04:07.764Z] > git for-each-ref --format=%(refname)%00%(upstream:short)%00%(objectname)%00%(upstream:track)%00%(upstream:remotename)%00%(upstream:remoteref) refs/heads/master refs/remotes/master [2ms]
[2022-10-26T16:04:07.771Z] > git remote --verbose [1ms]
[2022-10-26T16:04:07.771Z] > git for-each-ref --sort -committerdate --format %(refname) %(objectname) %(*objectname) [5ms]
[2022-10-26T16:04:07.780Z] > git config --get commit.template [1ms]
[2022-10-26T16:04:07.846Z] > git check-ignore -v -z --stdin [16ms]
[2022-10-26T16:04:07.847Z] > git status -z -uall [63ms]
[2022-10-26T16:04:07.850Z] > git symbolic-ref --short HEAD [1ms]
[2022-10-26T16:04:07.853Z] > git for-each-ref --format=%(refname)%00%(upstream:short)%00%(objectname)%00%(upstream:track)%00%(upstream:remotename)%00%(upstream:remoteref) refs/heads/master refs/remotes/master [0ms]
[2022-10-26T16:04:07.860Z] > git remote --verbose [1ms]
[2022-10-26T16:04:07.860Z] > git for-each-ref --sort -committerdate --format %(refname) %(objectname) %(*objectname) [4ms]
[2022-10-26T16:04:07.866Z] > git config --get commit.template [1ms]
[2022-10-26T16:04:08.699Z] > git fetch [1435ms]
[2022-10-26T16:04:08.758Z] > git status -z -uall [57ms]
[2022-10-26T16:04:08.761Z] > git symbolic-ref --short HEAD [1ms]
[2022-10-26T16:04:08.764Z] > git for-each-ref --format=%(refname)%00%(upstream:short)%00%(objectname)%00%(upstream:track)%00%(upstream:remotename)%00%(upstream:remoteref) refs/heads/master refs/remotes/master [1ms]
[2022-10-26T16:04:08.768Z] > git remote --verbose [0ms]
[2022-10-26T16:04:08.769Z] > git for-each-ref --sort -committerdate --format %(refname) %(objectname) %(*objectname) [3ms]
[2022-10-26T16:04:08.773Z] > git config --get commit.template [1ms]
[2022-10-26T16:04:10.534Z] > git status -z -uall [445ms]
[2022-10-26T16:04:10.736Z] > git show --textconv :ejercicios_python/listas_tuplas/ejercicio13.py [214ms]
[2022-10-26T16:04:10.736Z] > git symbolic-ref --short HEAD [197ms]
[2022-10-26T16:04:10.740Z] > git ls-files --stage -- /home/lrb96/ejercicios_python/listas_tuplas/ejercicio13.py [211ms]
[2022-10-26T16:04:10.757Z] > git cat-file -s e69de29bb2d1d6434b8b29ae775ad8c2e48c5391 [13ms]
[2022-10-26T16:04:10.757Z] > git for-each-ref --format=%(refname)%00%(upstream:short)%00%(objectname)%00%(upstream:track)%00%(upstream:remotename)%00%(upstream:remoteref) refs/heads/master refs/remotes/master [17ms]
[2022-10-26T16:04:10.783Z] > git remote --verbose [12ms]
[2022-10-26T16:04:10.783Z] > git for-each-ref --sort -committerdate --format %(refname) %(objectname) %(*objectname) [17ms]
[2022-10-26T16:04:10.800Z] > git config --get commit.template [7ms]
[2022-10-26T16:04:10.857Z] > git show --textconv :ejercicios_python/listas_tuplas/ejercicio12.py [8ms]
[2022-10-26T16:04:10.859Z] > git ls-files --stage -- /home/lrb96/ejercicios_python/listas_tuplas/ejercicio12.py [4ms]
[2022-10-26T16:04:10.865Z] > git cat-file -s e69de29bb2d1d6434b8b29ae775ad8c2e48c5391 [1ms]
[2022-10-26T16:04:11.652Z] > git show --textconv :ejercicios_python/listas_tuplas/ejercicio11.py [8ms]
[2022-10-26T16:04:11.655Z] > git ls-files --stage -- /home/lrb96/ejercicios_python/listas_tuplas/ejercicio11.py [4ms]
[2022-10-26T16:04:11.662Z] > git cat-file -s 2b26397a8d31fabdab0ce06d6d4e7d507ce2e30d [1ms]
[2022-10-26T16:04:14.036Z] > git show --textconv :ejercicios_python/listas_tuplas/ejercicio13.py [7ms]
[2022-10-26T16:04:14.039Z] > git ls-files --stage -- /home/lrb96/ejercicios_python/listas_tuplas/ejercicio13.py [4ms]
[2022-10-26T16:04:14.044Z] > git cat-file -s e69de29bb2d1d6434b8b29ae775ad8c2e48c5391 [1ms]
[2022-10-26T16:04:15.346Z] > git show --textconv :ejercicios_python/listas_tuplas/ejercicio12.py [6ms]
[2022-10-26T16:04:15.350Z] > git ls-files --stage -- /home/lrb96/ejercicios_python/listas_tuplas/ejercicio12.py [4ms]
[2022-10-26T16:04:15.355Z] > git cat-file -s e69de29bb2d1d6434b8b29ae775ad8c2e48c5391 [0ms]
[2022-10-26T16:04:15.839Z] > git show --textconv :ejercicios_python/listas_tuplas/ejercicio11.py [6ms]
[2022-10-26T16:04:15.842Z] > git ls-files --stage -- /home/lrb96/ejercicios_python/listas_tuplas/ejercicio11.py [3ms]
[2022-10-26T16:04:15.848Z] > git cat-file -s 2b26397a8d31fabdab0ce06d6d4e7d507ce2e30d [1ms]
[2022-10-26T16:04:15.867Z] > git status -z -uall [60ms]
[2022-10-26T16:04:15.874Z] > git symbolic-ref --short HEAD [2ms]
[2022-10-26T16:04:15.879Z] > git for-each-ref --format=%(refname)%00%(upstream:short)%00%(objectname)%00%(upstream:track)%00%(upstream:remotename)%00%(upstream:remoteref) refs/heads/master refs/remotes/master [1ms]
[2022-10-26T16:04:15.889Z] > git remote --verbose [1ms]
[2022-10-26T16:04:15.889Z] > git for-each-ref --sort -committerdate --format %(refname) %(objectname) %(*objectname) [5ms]
[2022-10-26T16:04:15.898Z] > git config --get commit.template [2ms]
[2022-10-26T16:04:18.015Z] > git show --textconv :ejercicios_python/listas_tuplas/ejercicio12.py [6ms]
[2022-10-26T16:04:18.018Z] > git ls-files --stage -- /home/lrb96/ejercicios_python/listas_tuplas/ejercicio12.py [4ms]
[2022-10-26T16:04:18.024Z] > git cat-file -s e69de29bb2d1d6434b8b29ae775ad8c2e48c5391 [1ms]
[2022-10-26T16:04:18.987Z] > git show --textconv :ejercicios_python/listas_tuplas/ejercicio11.py [5ms]
[2022-10-26T16:04:18.990Z] > git ls-files --stage -- /home/lrb96/ejercicios_python/listas_tuplas/ejercicio11.py [3ms]
[2022-10-26T16:04:18.997Z] > git cat-file -s 2b26397a8d31fabdab0ce06d6d4e7d507ce2e30d [0ms]
[2022-10-26T16:04:20.964Z] > git status -z -uall [59ms]
[2022-10-26T16:04:20.969Z] > git symbolic-ref --short HEAD [0ms]
[2022-10-26T16:04:20.975Z] > git for-each-ref --format=%(refname)%00%(upstream:short)%00%(objectname)%00%(upstream:track)%00%(upstream:remotename)%00%(upstream:remoteref) refs/heads/master refs/remotes/master [0ms]
[2022-10-26T16:04:20.987Z] > git remote --verbose [1ms]
[2022-10-26T16:04:20.987Z] > git for-each-ref --sort -committerdate --format %(refname) %(objectname) %(*objectname) [5ms]
[2022-10-26T16:04:20.995Z] > git config --get commit.template [1ms]
[2022-10-26T16:06:13.149Z] > git status -z -uall [59ms]
[2022-10-26T16:06:13.153Z] > git symbolic-ref --short HEAD [0ms]
[2022-10-26T16:06:13.157Z] > git for-each-ref --format=%(refname)%00%(upstream:short)%00%(objectname)%00%(upstream:track)%00%(upstream:remotename)%00%(upstream:remoteref) refs/heads/master refs/remotes/master [1ms]
[2022-10-26T16:06:13.163Z] > git remote --verbose [2ms]
[2022-10-26T16:06:13.164Z] > git for-each-ref --sort -committerdate --format %(refname) %(objectname) %(*objectname) [5ms]
[2022-10-26T16:06:13.169Z] > git config --get commit.template [1ms]
[2022-10-26T16:06:18.233Z] > git status -z -uall [59ms]
[2022-10-26T16:06:18.236Z] > git symbolic-ref --short HEAD [1ms]
[2022-10-26T16:06:18.240Z] > git for-each-ref --format=%(refname)%00%(upstream:short)%00%(objectname)%00%(upstream:track)%00%(upstream:remotename)%00%(upstream:remoteref) refs/heads/master refs/remotes/master [1ms]
[2022-10-26T16:06:18.245Z] > git remote --verbose [1ms]
[2022-10-26T16:06:18.245Z] > git for-each-ref --sort -committerdate --format %(refname) %(objectname) %(*objectname) [3ms]
[2022-10-26T16:06:18.251Z] > git config --get commit.template [1ms]
[2022-10-26T16:06:23.311Z] > git status -z -uall [56ms]
[2022-10-26T16:06:23.315Z] > git symbolic-ref --short HEAD [1ms]
[2022-10-26T16:06:23.318Z] > git for-each-ref --format=%(refname)%00%(upstream:short)%00%(objectname)%00%(upstream:track)%00%(upstream:remotename)%00%(upstream:remoteref) refs/heads/master refs/remotes/master [1ms]
[2022-10-26T16:06:23.323Z] > git remote --verbose [1ms]
[2022-10-26T16:06:23.323Z] > git for-each-ref --sort -committerdate --format %(refname) %(objectname) %(*objectname) [3ms]
[2022-10-26T16:06:23.329Z] > git config --get commit.template [1ms]
[2022-10-26T16:06:28.390Z] > git status -z -uall [56ms]
[2022-10-26T16:06:28.394Z] > git symbolic-ref --short HEAD [1ms]
[2022-10-26T16:06:28.397Z] > git for-each-ref --format=%(refname)%00%(upstream:short)%00%(objectname)%00%(upstream:track)%00%(upstream:remotename)%00%(upstream:remoteref) refs/heads/master refs/remotes/master [1ms]
[2022-10-26T16:06:28.402Z] > git remote --verbose [1ms]
[2022-10-26T16:06:28.402Z] > git for-each-ref --sort -committerdate --format %(refname) %(objectname) %(*objectname) [3ms]
[2022-10-26T16:06:28.407Z] > git config --get commit.template [1ms]
[2022-10-26T16:06:33.468Z] > git status -z -uall [57ms]
[2022-10-26T16:06:33.472Z] > git symbolic-ref --short HEAD [1ms]
[2022-10-26T16:06:33.475Z] > git for-each-ref --format=%(refname)%00%(upstream:short)%00%(objectname)%00%(upstream:track)%00%(upstream:remotename)%00%(upstream:remoteref) refs/heads/master refs/remotes/master [1ms]
[2022-10-26T16:06:33.480Z] > git remote --verbose [0ms]
[2022-10-26T16:06:33.481Z] > git for-each-ref --sort -committerdate --format %(refname) %(objectname) %(*objectname) [3ms]
[2022-10-26T16:06:33.485Z] > git config --get commit.template [1ms]
[2022-10-26T16:06:38.553Z] > git status -z -uall [63ms]
[2022-10-26T16:06:38.556Z] > git symbolic-ref --short HEAD [0ms]
[2022-10-26T16:06:38.560Z] > git for-each-ref --format=%(refname)%00%(upstream:short)%00%(objectname)%00%(upstream:track)%00%(upstream:remotename)%00%(upstream:remoteref) refs/heads/master refs/remotes/master [0ms]
[2022-10-26T16:06:38.566Z] > git remote --verbose [1ms]
[2022-10-26T16:06:38.566Z] > git for-each-ref --sort -committerdate --format %(refname) %(objectname) %(*objectname) [3ms]
[2022-10-26T16:06:38.570Z] > git config --get commit.template [0ms]
[2022-10-26T16:06:43.634Z] > git status -z -uall [59ms]
[2022-10-26T16:06:43.638Z] > git symbolic-ref --short HEAD [1ms]
[2022-10-26T16:06:43.642Z] > git for-each-ref --format=%(refname)%00%(upstream:short)%00%(objectname)%00%(upstream:track)%00%(upstream:remotename)%00%(upstream:remoteref) refs/heads/master refs/remotes/master [0ms]
[2022-10-26T16:06:43.649Z] > git remote --verbose [0ms]
[2022-10-26T16:06:43.650Z] > git for-each-ref --sort -committerdate --format %(refname) %(objectname) %(*objectname) [5ms]
[2022-10-26T16:06:43.655Z] > git config --get commit.template [1ms]
[2022-10-26T16:06:48.715Z] > git status -z -uall [56ms]
[2022-10-26T16:06:48.718Z] > git symbolic-ref --short HEAD [0ms]
[2022-10-26T16:06:48.722Z] > git for-each-ref --format=%(refname)%00%(upstream:short)%00%(objectname)%00%(upstream:track)%00%(upstream:remotename)%00%(upstream:remoteref) refs/heads/master refs/remotes/master [1ms]
[2022-10-26T16:06:48.727Z] > git for-each-ref --sort -committerdate --format %(refname) %(objectname) %(*objectname) [3ms]
[2022-10-26T16:06:48.727Z] > git remote --verbose [1ms]
[2022-10-26T16:06:48.732Z] > git config --get commit.template [1ms]
[2022-10-26T16:06:53.794Z] > git status -z -uall [57ms]
[2022-10-26T16:06:53.797Z] > git symbolic-ref --short HEAD [0ms]
[2022-10-26T16:06:53.801Z] > git for-each-ref --format=%(refname)%00%(upstream:short)%00%(objectname)%00%(upstream:track)%00%(upstream:remotename)%00%(upstream:remoteref) refs/heads/master refs/remotes/master [1ms]
[2022-10-26T16:06:53.806Z] > git remote --verbose [1ms]
[2022-10-26T16:06:53.806Z] > git for-each-ref --sort -committerdate --format %(refname) %(objectname) %(*objectname) [3ms]
[2022-10-26T16:06:53.812Z] > git config --get commit.template [2ms]
[2022-10-26T16:06:58.875Z] > git status -z -uall [58ms]
[2022-10-26T16:06:58.878Z] > git symbolic-ref --short HEAD [0ms]
[2022-10-26T16:06:58.882Z] > git for-each-ref --format=%(refname)%00%(upstream:short)%00%(objectname)%00%(upstream:track)%00%(upstream:remotename)%00%(upstream:remoteref) refs/heads/master refs/remotes/master [1ms]
[2022-10-26T16:06:58.887Z] > git remote --verbose [0ms]
[2022-10-26T16:06:58.887Z] > git for-each-ref --sort -committerdate --format %(refname) %(objectname) %(*objectname) [3ms]
[2022-10-26T16:06:58.892Z] > git config --get commit.template [1ms]
[2022-10-26T16:07:03.955Z] > git status -z -uall [57ms]
[2022-10-26T16:07:03.959Z] > git symbolic-ref --short HEAD [0ms]
[2022-10-26T16:07:03.963Z] > git for-each-ref --format=%(refname)%00%(upstream:short)%00%(objectname)%00%(upstream:track)%00%(upstream:remotename)%00%(upstream:remoteref) refs/heads/master refs/remotes/master [1ms]
[2022-10-26T16:07:03.968Z] > git remote --verbose [0ms]
[2022-10-26T16:07:03.968Z] > git for-each-ref --sort -committerdate --format %(refname) %(objectname) %(*objectname) [3ms]
[2022-10-26T16:07:03.973Z] > git config --get commit.template [1ms]
[2022-10-26T16:07:09.957Z] > git ls-files --stage -- /home/lrb96/ejercicios_python/listas_tuplas/ejercicio11.py [5ms]
[2022-10-26T16:07:09.961Z] > git cat-file -s 2b26397a8d31fabdab0ce06d6d4e7d507ce2e30d [1ms]
[2022-10-26T16:07:09.973Z] > git show --textconv :ejercicios_python/listas_tuplas/ejercicio11.py [4ms]
[2022-10-26T16:07:10.071Z] > git fetch [1291ms]
[2022-10-26T16:07:10.130Z] > git status -z -uall [56ms]
[2022-10-26T16:07:10.134Z] > git symbolic-ref --short HEAD [1ms]
[2022-10-26T16:07:10.138Z] > git for-each-ref --format=%(refname)%00%(upstream:short)%00%(objectname)%00%(upstream:track)%00%(upstream:remotename)%00%(upstream:remoteref) refs/heads/master refs/remotes/master [1ms]
[2022-10-26T16:07:10.145Z] > git remote --verbose [1ms]
[2022-10-26T16:07:10.146Z] > git for-each-ref --sort -committerdate --format %(refname) %(objectname) %(*objectname) [4ms]
[2022-10-26T16:07:10.150Z] > git config --get commit.template [0ms]
[2022-10-26T16:07:10.210Z] > git status -z -uall [56ms]
[2022-10-26T16:07:10.214Z] > git symbolic-ref --short HEAD [1ms]
[2022-10-26T16:07:10.217Z] > git for-each-ref --format=%(refname)%00%(upstream:short)%00%(objectname)%00%(upstream:track)%00%(upstream:remotename)%00%(upstream:remoteref) refs/heads/master refs/remotes/master [1ms]
[2022-10-26T16:07:10.222Z] > git remote --verbose [0ms]
[2022-10-26T16:07:10.222Z] > git for-each-ref --sort -committerdate --format %(refname) %(objectname) %(*objectname) [3ms]
[2022-10-26T16:07:10.228Z] > git config --get commit.template [1ms]
[2022-10-26T16:07:11.139Z] > git ls-files --stage -- /home/lrb96/ejercicios_python/listas_tuplas/ejercicio11.py [4ms]
[2022-10-26T16:07:11.143Z] > git cat-file -s 2b26397a8d31fabdab0ce06d6d4e7d507ce2e30d [1ms]
[2022-10-26T16:07:11.152Z] > git show --textconv :ejercicios_python/listas_tuplas/ejercicio11.py [4ms]
[2022-10-26T16:07:15.296Z] > git status -z -uall [63ms]
[2022-10-26T16:07:15.300Z] > git symbolic-ref --short HEAD [1ms]
[2022-10-26T16:07:15.304Z] > git for-each-ref --format=%(refname)%00%(upstream:short)%00%(objectname)%00%(upstream:track)%00%(upstream:remotename)%00%(upstream:remoteref) refs/heads/master refs/remotes/master [1ms]
[2022-10-26T16:07:15.309Z] > git remote --verbose [1ms]
[2022-10-26T16:07:15.309Z] > git for-each-ref --sort -committerdate --format %(refname) %(objectname) %(*objectname) [3ms]
[2022-10-26T16:07:15.314Z] > git config --get commit.template [0ms]
[2022-10-26T16:07:20.376Z] > git status -z -uall [58ms]
[2022-10-26T16:07:20.382Z] > git symbolic-ref --short HEAD [1ms]
[2022-10-26T16:07:20.386Z] > git for-each-ref --format=%(refname)%00%(upstream:short)%00%(objectname)%00%(upstream:track)%00%(upstream:remotename)%00%(upstream:remoteref) refs/heads/master refs/remotes/master [1ms]
[2022-10-26T16:07:20.391Z] > git remote --verbose [0ms]
[2022-10-26T16:07:20.391Z] > git for-each-ref --sort -committerdate --format %(refname) %(objectname) %(*objectname) [3ms]
[2022-10-26T16:07:20.396Z] > git config --get commit.template [1ms]
[2022-10-26T16:07:25.459Z] > git status -z -uall [58ms]
[2022-10-26T16:07:25.463Z] > git symbolic-ref --short HEAD [0ms]
[2022-10-26T16:07:25.467Z] > git for-each-ref --format=%(refname)%00%(upstream:short)%00%(objectname)%00%(upstream:track)%00%(upstream:remotename)%00%(upstream:remoteref) refs/heads/master refs/remotes/master [1ms]
[2022-10-26T16:07:25.472Z] > git remote --verbose [0ms]
[2022-10-26T16:07:25.472Z] > git for-each-ref --sort -committerdate --format %(refname) %(objectname) %(*objectname) [3ms]
[2022-10-26T16:07:25.477Z] > git config --get commit.template [0ms]
[2022-10-26T16:07:30.543Z] > git status -z -uall [60ms]
[2022-10-26T16:07:30.547Z] > git symbolic-ref --short HEAD [0ms]
[2022-10-26T16:07:30.551Z] > git for-each-ref --format=%(refname)%00%(upstream:short)%00%(objectname)%00%(upstream:track)%00%(upstream:remotename)%00%(upstream:remoteref) refs/heads/master refs/remotes/master [1ms]
[2022-10-26T16:07:30.556Z] > git remote --verbose [0ms]
[2022-10-26T16:07:30.557Z] > git for-each-ref --sort -committerdate --format %(refname) %(objectname) %(*objectname) [4ms]
[2022-10-26T16:07:30.561Z] > git config --get commit.template [0ms]
[2022-10-26T16:07:35.622Z] > git status -z -uall [56ms]
[2022-10-26T16:07:35.626Z] > git symbolic-ref --short HEAD [0ms]
[2022-10-26T16:07:35.630Z] > git for-each-ref --format=%(refname)%00%(upstream:short)%00%(objectname)%00%(upstream:track)%00%(upstream:remotename)%00%(upstream:remoteref) refs/heads/master refs/remotes/master [1ms]
[2022-10-26T16:07:35.636Z] > git remote --verbose [1ms]
[2022-10-26T16:07:35.636Z] > git for-each-ref --sort -committerdate --format %(refname) %(objectname) %(*objectname) [4ms]
[2022-10-26T16:07:35.645Z] > git config --get commit.template [4ms]
[2022-10-26T16:07:40.708Z] > git status -z -uall [58ms]
[2022-10-26T16:07:40.712Z] > git symbolic-ref --short HEAD [1ms]
[2022-10-26T16:07:40.715Z] > git for-each-ref --format=%(refname)%00%(upstream:short)%00%(objectname)%00%(upstream:track)%00%(upstream:remotename)%00%(upstream:remoteref) refs/heads/master refs/remotes/master [0ms]
[2022-10-26T16:07:40.721Z] > git for-each-ref --sort -committerdate --format %(refname) %(objectname) %(*objectname) [3ms]
[2022-10-26T16:07:40.721Z] > git remote --verbose [1ms]
[2022-10-26T16:07:40.726Z] > git config --get commit.template [1ms]
[2022-10-26T16:07:45.789Z] > git status -z -uall [57ms]
[2022-10-26T16:07:45.793Z] > git symbolic-ref --short HEAD [1ms]
[2022-10-26T16:07:45.805Z] > git for-each-ref --format=%(refname)%00%(upstream:short)%00%(objectname)%00%(upstream:track)%00%(upstream:remotename)%00%(upstream:remoteref) refs/heads/master refs/remotes/master [0ms]
[2022-10-26T16:07:45.810Z] > git for-each-ref --sort -committerdate --format %(refname) %(objectname) %(*objectname) [2ms]
[2022-10-26T16:07:45.811Z] > git remote --verbose [1ms]
[2022-10-26T16:07:45.816Z] > git config --get commit.template [0ms]
[2022-10-26T16:07:50.884Z] > git status -z -uall [62ms]
[2022-10-26T16:07:50.888Z] > git symbolic-ref --short HEAD [1ms]
[2022-10-26T16:07:50.891Z] > git for-each-ref --format=%(refname)%00%(upstream:short)%00%(objectname)%00%(upstream:track)%00%(upstream:remotename)%00%(upstream:remoteref) refs/heads/master refs/remotes/master [0ms]
[2022-10-26T16:07:50.897Z] > git remote --verbose [0ms]
[2022-10-26T16:07:50.897Z] > git for-each-ref --sort -committerdate --format %(refname) %(objectname) %(*objectname) [3ms]
[2022-10-26T16:07:50.902Z] > git config --get commit.template [1ms]
[2022-10-26T16:07:55.966Z] > git status -z -uall [59ms]
[2022-10-26T16:07:55.970Z] > git symbolic-ref --short HEAD [1ms]
[2022-10-26T16:07:55.973Z] > git for-each-ref --format=%(refname)%00%(upstream:short)%00%(objectname)%00%(upstream:track)%00%(upstream:remotename)%00%(upstream:remoteref) refs/heads/master refs/remotes/master [0ms]
[2022-10-26T16:07:55.979Z] > git remote --verbose [1ms]
[2022-10-26T16:07:55.979Z] > git for-each-ref --sort -committerdate --format %(refname) %(objectname) %(*objectname) [3ms]
[2022-10-26T16:07:55.984Z] > git config --get commit.template [0ms]
[2022-10-26T16:08:01.055Z] > git status -z -uall [67ms]
[2022-10-26T16:08:01.059Z] > git symbolic-ref --short HEAD [1ms]
[2022-10-26T16:08:01.063Z] > git for-each-ref --format=%(refname)%00%(upstream:short)%00%(objectname)%00%(upstream:track)%00%(upstream:remotename)%00%(upstream:remoteref) refs/heads/master refs/remotes/master [1ms]
[2022-10-26T16:08:01.068Z] > git remote --verbose [0ms]
[2022-10-26T16:08:01.068Z] > git for-each-ref --sort -committerdate --format %(refname) %(objectname) %(*objectname) [3ms]
[2022-10-26T16:08:01.073Z] > git config --get commit.template [1ms]
[2022-10-26T16:08:06.134Z] > git status -z -uall [57ms]
[2022-10-26T16:08:06.139Z] > git symbolic-ref --short HEAD [1ms]
[2022-10-26T16:08:06.143Z] > git for-each-ref --format=%(refname)%00%(upstream:short)%00%(objectname)%00%(upstream:track)%00%(upstream:remotename)%00%(upstream:remoteref) refs/heads/master refs/remotes/master [1ms]
[2022-10-26T16:08:06.150Z] > git remote --verbose [2ms]
[2022-10-26T16:08:06.150Z] > git for-each-ref --sort -committerdate --format %(refname) %(objectname) %(*objectname) [4ms]
[2022-10-26T16:08:06.155Z] > git config --get commit.template [0ms]
[2022-10-26T16:08:11.217Z] > git status -z -uall [57ms]
[2022-10-26T16:08:11.221Z] > git symbolic-ref --short HEAD [1ms]
[2022-10-26T16:08:11.224Z] > git for-each-ref --format=%(refname)%00%(upstream:short)%00%(objectname)%00%(upstream:track)%00%(upstream:remotename)%00%(upstream:remoteref) refs/heads/master refs/remotes/master [0ms]
[2022-10-26T16:08:11.230Z] > git for-each-ref --sort -committerdate --format %(refname) %(objectname) %(*objectname) [3ms]
[2022-10-26T16:08:11.230Z] > git remote --verbose [0ms]
[2022-10-26T16:08:11.235Z] > git config --get commit.template [1ms]
[2022-10-26T16:08:16.296Z] > git status -z -uall [57ms]
[2022-10-26T16:08:16.300Z] > git symbolic-ref --short HEAD [1ms]
[2022-10-26T16:08:16.304Z] > git for-each-ref --format=%(refname)%00%(upstream:short)%00%(objectname)%00%(upstream:track)%00%(upstream:remotename)%00%(upstream:remoteref) refs/heads/master refs/remotes/master [1ms]
[2022-10-26T16:08:16.310Z] > git for-each-ref --sort -committerdate --format %(refname) %(objectname) %(*objectname) [3ms]
[2022-10-26T16:08:16.310Z] > git remote --verbose [0ms]
[2022-10-26T16:08:16.315Z] > git config --get commit.template [1ms]
[2022-10-26T16:08:21.377Z] > git status -z -uall [58ms]
[2022-10-26T16:08:21.381Z] > git symbolic-ref --short HEAD [1ms]
[2022-10-26T16:08:21.384Z] > git for-each-ref --format=%(refname)%00%(upstream:short)%00%(objectname)%00%(upstream:track)%00%(upstream:remotename)%00%(upstream:remoteref) refs/heads/master refs/remotes/master [1ms]
[2022-10-26T16:08:21.389Z] > git remote --verbose [0ms]
[2022-10-26T16:08:21.389Z] > git for-each-ref --sort -committerdate --format %(refname) %(objectname) %(*objectname) [3ms]
[2022-10-26T16:08:21.394Z] > git config --get commit.template [0ms]
[2022-10-26T16:08:26.456Z] > git status -z -uall [58ms]
[2022-10-26T16:08:26.460Z] > git symbolic-ref --short HEAD [0ms]
[2022-10-26T16:08:26.464Z] > git for-each-ref --format=%(refname)%00%(upstream:short)%00%(objectname)%00%(upstream:track)%00%(upstream:remotename)%00%(upstream:remoteref) refs/heads/master refs/remotes/master [0ms]
[2022-10-26T16:08:26.472Z] > git remote --verbose [2ms]
[2022-10-26T16:08:26.472Z] > git for-each-ref --sort -committerdate --format %(refname) %(objectname) %(*objectname) [4ms]
[2022-10-26T16:08:26.480Z] > git config --get commit.template [1ms]
[2022-10-26T16:08:31.543Z] > git status -z -uall [58ms]
[2022-10-26T16:08:31.547Z] > git symbolic-ref --short HEAD [1ms]
[2022-10-26T16:08:31.550Z] > git for-each-ref --format=%(refname)%00%(upstream:short)%00%(objectname)%00%(upstream:track)%00%(upstream:remotename)%00%(upstream:remoteref) refs/heads/master refs/remotes/master [1ms]
[2022-10-26T16:08:31.555Z] > git remote --verbose [0ms]
[2022-10-26T16:08:31.555Z] > git for-each-ref --sort -committerdate --format %(refname) %(objectname) %(*objectname) [3ms]
[2022-10-26T16:08:31.560Z] > git config --get commit.template [1ms]
[2022-10-26T16:08:36.621Z] > git status -z -uall [57ms]
[2022-10-26T16:08:36.625Z] > git symbolic-ref --short HEAD [1ms]
[2022-10-26T16:08:36.628Z] > git for-each-ref --format=%(refname)%00%(upstream:short)%00%(objectname)%00%(upstream:track)%00%(upstream:remotename)%00%(upstream:remoteref) refs/heads/master refs/remotes/master [1ms]
[2022-10-26T16:08:36.633Z] > git remote --verbose [0ms]
[2022-10-26T16:08:36.633Z] > git for-each-ref --sort -committerdate --format %(refname) %(objectname) %(*objectname) [3ms]
[2022-10-26T16:08:36.638Z] > git config --get commit.template [1ms]
[2022-10-26T16:08:41.700Z] > git status -z -uall [58ms]
[2022-10-26T16:08:41.704Z] > git symbolic-ref --short HEAD [1ms]
[2022-10-26T16:08:41.708Z] > git for-each-ref --format=%(refname)%00%(upstream:short)%00%(objectname)%00%(upstream:track)%00%(upstream:remotename)%00%(upstream:remoteref) refs/heads/master refs/remotes/master [1ms]
[2022-10-26T16:08:41.714Z] > git remote --verbose [1ms]
[2022-10-26T16:08:41.714Z] > git for-each-ref --sort -committerdate --format %(refname) %(objectname) %(*objectname) [3ms]
[2022-10-26T16:08:41.718Z] > git config --get commit.template [0ms]
[2022-10-26T16:08:46.779Z] > git status -z -uall [56ms]
[2022-10-26T16:08:46.783Z] > git symbolic-ref --short HEAD [1ms]
[2022-10-26T16:08:46.787Z] > git for-each-ref --format=%(refname)%00%(upstream:short)%00%(objectname)%00%(upstream:track)%00%(upstream:remotename)%00%(upstream:remoteref) refs/heads/master refs/remotes/master [1ms]
[2022-10-26T16:08:46.792Z] > git remote --verbose [0ms]
[2022-10-26T16:08:46.793Z] > git for-each-ref --sort -committerdate --format %(refname) %(objectname) %(*objectname) [4ms]
[2022-10-26T16:08:46.797Z] > git config --get commit.template [0ms]
[2022-10-26T16:08:51.860Z] > git status -z -uall [58ms]
[2022-10-26T16:08:51.864Z] > git symbolic-ref --short HEAD [0ms]
[2022-10-26T16:08:51.868Z] > git for-each-ref --format=%(refname)%00%(upstream:short)%00%(objectname)%00%(upstream:track)%00%(upstream:remotename)%00%(upstream:remoteref) refs/heads/master refs/remotes/master [1ms]
[2022-10-26T16:08:51.874Z] > git remote --verbose [0ms]
[2022-10-26T16:08:51.874Z] > git for-each-ref --sort -committerdate --format %(refname) %(objectname) %(*objectname) [3ms]
[2022-10-26T16:08:51.879Z] > git config --get commit.template [0ms]
[2022-10-26T16:08:56.944Z] > git status -z -uall [60ms]
[2022-10-26T16:08:56.948Z] > git symbolic-ref --short HEAD [0ms]
[2022-10-26T16:08:56.952Z] > git for-each-ref --format=%(refname)%00%(upstream:short)%00%(objectname)%00%(upstream:track)%00%(upstream:remotename)%00%(upstream:remoteref) refs/heads/master refs/remotes/master [0ms]
[2022-10-26T16:08:56.959Z] > git for-each-ref --sort -committerdate --format %(refname) %(objectname) %(*objectname) [4ms]
[2022-10-26T16:08:56.959Z] > git remote --verbose [0ms]
[2022-10-26T16:08:56.964Z] > git config --get commit.template [0ms]
[2022-10-26T16:09:02.026Z] > git status -z -uall [58ms]
[2022-10-26T16:09:02.030Z] > git symbolic-ref --short HEAD [0ms]
[2022-10-26T16:09:02.034Z] > git for-each-ref --format=%(refname)%00%(upstream:short)%00%(objectname)%00%(upstream:track)%00%(upstream:remotename)%00%(upstream:remoteref) refs/heads/master refs/remotes/master [1ms]
[2022-10-26T16:09:02.040Z] > git remote --verbose [0ms]
[2022-10-26T16:09:02.040Z] > git for-each-ref --sort -committerdate --format %(refname) %(objectname) %(*objectname) [3ms]
[2022-10-26T16:09:02.046Z] > git config --get commit.template [0ms]
[2022-10-26T16:09:07.108Z] > git status -z -uall [57ms]
[2022-10-26T16:09:07.112Z] > git symbolic-ref --short HEAD [1ms]
[2022-10-26T16:09:07.116Z] > git for-each-ref --format=%(refname)%00%(upstream:short)%00%(objectname)%00%(upstream:track)%00%(upstream:remotename)%00%(upstream:remoteref) refs/heads/master refs/remotes/master [0ms]
[2022-10-26T16:09:07.122Z] > git remote --verbose [0ms]
[2022-10-26T16:09:07.123Z] > git for-each-ref --sort -committerdate --format %(refname) %(objectname) %(*objectname) [4ms]
[2022-10-26T16:09:07.127Z] > git config --get commit.template [0ms]
[2022-10-26T16:09:12.368Z] > git status -z -uall [57ms]
[2022-10-26T16:09:12.372Z] > git symbolic-ref --short HEAD [1ms]
[2022-10-26T16:09:12.375Z] > git for-each-ref --format=%(refname)%00%(upstream:short)%00%(objectname)%00%(upstream:track)%00%(upstream:remotename)%00%(upstream:remoteref) refs/heads/master refs/remotes/master [0ms]
[2022-10-26T16:09:12.382Z] > git remote --verbose [0ms]
[2022-10-26T16:09:12.382Z] > git for-each-ref --sort -committerdate --format %(refname) %(objectname) %(*objectname) [4ms]
[2022-10-26T16:09:12.387Z] > git config --get commit.template [0ms]
[2022-10-26T16:09:21.899Z] > git status -z -uall [62ms]
[2022-10-26T16:09:21.904Z] > git symbolic-ref --short HEAD [1ms]
[2022-10-26T16:09:21.907Z] > git for-each-ref --format=%(refname)%00%(upstream:short)%00%(objectname)%00%(upstream:track)%00%(upstream:remotename)%00%(upstream:remoteref) refs/heads/master refs/remotes/master [0ms]
[2022-10-26T16:09:21.913Z] > git for-each-ref --sort -committerdate --format %(refname) %(objectname) %(*objectname) [3ms]
[2022-10-26T16:09:21.913Z] > git remote --verbose [0ms]
[2022-10-26T16:09:21.918Z] > git config --get commit.template [0ms]
[2022-10-26T16:09:27.091Z] > git status -z -uall [62ms]
[2022-10-26T16:09:27.095Z] > git symbolic-ref --short HEAD [0ms]
[2022-10-26T16:09:27.099Z] > git for-each-ref --format=%(refname)%00%(upstream:short)%00%(objectname)%00%(upstream:track)%00%(upstream:remotename)%00%(upstream:remoteref) refs/heads/master refs/remotes/master [1ms]
[2022-10-26T16:09:27.106Z] > git for-each-ref --sort -committerdate --format %(refname) %(objectname) %(*objectname) [4ms]
[2022-10-26T16:09:27.106Z] > git remote --verbose [0ms]
[2022-10-26T16:09:27.111Z] > git config --get commit.template [1ms]
[2022-10-26T16:09:37.546Z] > git status -z -uall [61ms]
[2022-10-26T16:09:37.550Z] > git symbolic-ref --short HEAD [1ms]
[2022-10-26T16:09:37.554Z] > git for-each-ref --format=%(refname)%00%(upstream:short)%00%(objectname)%00%(upstream:track)%00%(upstream:remotename)%00%(upstream:remoteref) refs/heads/master refs/remotes/master [1ms]
[2022-10-26T16:09:37.560Z] > git remote --verbose [1ms]
[2022-10-26T16:09:37.560Z] > git for-each-ref --sort -committerdate --format %(refname) %(objectname) %(*objectname) [4ms]
[2022-10-26T16:09:37.564Z] > git config --get commit.template [0ms]
[2022-10-26T16:09:42.625Z] > git status -z -uall [57ms]
[2022-10-26T16:09:42.629Z] > git symbolic-ref --short HEAD [1ms]
[2022-10-26T16:09:42.632Z] > git for-each-ref --format=%(refname)%00%(upstream:short)%00%(objectname)%00%(upstream:track)%00%(upstream:remotename)%00%(upstream:remoteref) refs/heads/master refs/remotes/master [0ms]
[2022-10-26T16:09:42.638Z] > git remote --verbose [0ms]
[2022-10-26T16:09:42.639Z] > git for-each-ref --sort -committerdate --format %(refname) %(objectname) %(*objectname) [4ms]
[2022-10-26T16:09:42.643Z] > git config --get commit.template [0ms]
[2022-10-26T16:10:02.619Z] > git status -z -uall [64ms]
[2022-10-26T16:10:02.624Z] > git symbolic-ref --short HEAD [1ms]
[2022-10-26T16:10:02.627Z] > git for-each-ref --format=%(refname)%00%(upstream:short)%00%(objectname)%00%(upstream:track)%00%(upstream:remotename)%00%(upstream:remoteref) refs/heads/master refs/remotes/master [1ms]
[2022-10-26T16:10:02.632Z] > git for-each-ref --sort -committerdate --format %(refname) %(objectname) %(*objectname) [2ms]
[2022-10-26T16:10:02.633Z] > git remote --verbose [1ms]
[2022-10-26T16:10:02.638Z] > git config --get commit.template [1ms]
[2022-10-26T16:10:07.699Z] > git status -z -uall [58ms]
[2022-10-26T16:10:07.703Z] > git symbolic-ref --short HEAD [1ms]
[2022-10-26T16:10:07.706Z] > git for-each-ref --format=%(refname)%00%(upstream:short)%00%(objectname)%00%(upstream:track)%00%(upstream:remotename)%00%(upstream:remoteref) refs/heads/master refs/remotes/master [1ms]
[2022-10-26T16:10:07.711Z] > git for-each-ref --sort -committerdate --format %(refname) %(objectname) %(*objectname) [3ms]
[2022-10-26T16:10:07.711Z] > git remote --verbose [0ms]
[2022-10-26T16:10:07.717Z] > git config --get commit.template [1ms]
[2022-10-26T16:10:11.329Z] > git ls-files --stage -- /home/lrb96/ejercicios_python/listas_tuplas/ejercicio11.py [5ms]
[2022-10-26T16:10:11.333Z] > git cat-file -s 2b26397a8d31fabdab0ce06d6d4e7d507ce2e30d [0ms]
[2022-10-26T16:10:11.345Z] > git show --textconv :ejercicios_python/listas_tuplas/ejercicio11.py [3ms]
[2022-10-26T16:10:11.385Z] > git fetch [1231ms]
[2022-10-26T16:10:11.443Z] > git status -z -uall [55ms]
[2022-10-26T16:10:11.447Z] > git symbolic-ref --short HEAD [1ms]
[2022-10-26T16:10:11.450Z] > git for-each-ref --format=%(refname)%00%(upstream:short)%00%(objectname)%00%(upstream:track)%00%(upstream:remotename)%00%(upstream:remoteref) refs/heads/master refs/remotes/master [0ms]
[2022-10-26T16:10:11.456Z] > git for-each-ref --sort -committerdate --format %(refname) %(objectname) %(*objectname) [3ms]
[2022-10-26T16:10:11.456Z] > git remote --verbose [1ms]
[2022-10-26T16:10:11.460Z] > git config --get commit.template [1ms]
[2022-10-26T16:10:16.385Z] > git ls-files --stage -- /home/lrb96/ejercicios_python/listas_tuplas/ejercicio11.py [3ms]
[2022-10-26T16:10:16.389Z] > git cat-file -s 2b26397a8d31fabdab0ce06d6d4e7d507ce2e30d [0ms]
[2022-10-26T16:10:16.402Z] > git show --textconv :ejercicios_python/listas_tuplas/ejercicio11.py [4ms]
[2022-10-26T16:10:16.426Z] > git status -z -uall [63ms]
[2022-10-26T16:10:16.430Z] > git symbolic-ref --short HEAD [0ms]
[2022-10-26T16:10:16.434Z] > git for-each-ref --format=%(refname)%00%(upstream:short)%00%(objectname)%00%(upstream:track)%00%(upstream:remotename)%00%(upstream:remoteref) refs/heads/master refs/remotes/master [1ms]
[2022-10-26T16:10:16.439Z] > git for-each-ref --sort -committerdate --format %(refname) %(objectname) %(*objectname) [3ms]
[2022-10-26T16:10:16.439Z] > git remote --verbose [0ms]
[2022-10-26T16:10:16.444Z] > git config --get commit.template [1ms]
[2022-10-26T16:10:51.291Z] > git status -z -uall [68ms]
[2022-10-26T16:10:51.296Z] > git symbolic-ref --short HEAD [1ms]
[2022-10-26T16:10:51.299Z] > git for-each-ref --format=%(refname)%00%(upstream:short)%00%(objectname)%00%(upstream:track)%00%(upstream:remotename)%00%(upstream:remoteref) refs/heads/master refs/remotes/master [0ms]
[2022-10-26T16:10:51.306Z] > git for-each-ref --sort -committerdate --format %(refname) %(objectname) %(*objectname) [4ms]
[2022-10-26T16:10:51.306Z] > git remote --verbose [1ms]
[2022-10-26T16:10:51.310Z] > git config --get commit.template [0ms]
[2022-10-26T16:10:58.698Z] > git status -z -uall [65ms]
[2022-10-26T16:10:58.703Z] > git symbolic-ref --short HEAD [0ms]
[2022-10-26T16:10:58.707Z] > git for-each-ref --format=%(refname)%00%(upstream:short)%00%(objectname)%00%(upstream:track)%00%(upstream:remotename)%00%(upstream:remoteref) refs/heads/master refs/remotes/master [1ms]
[2022-10-26T16:10:58.713Z] > git remote --verbose [1ms]
[2022-10-26T16:10:58.713Z] > git for-each-ref --sort -committerdate --format %(refname) %(objectname) %(*objectname) [3ms]
[2022-10-26T16:10:58.717Z] > git config --get commit.template [0ms]
[2022-10-26T16:26:04.390Z] > git status -z -uall [84ms]
[2022-10-26T16:26:04.394Z] > git symbolic-ref --short HEAD [1ms]
[2022-10-26T16:26:04.397Z] > git for-each-ref --format=%(refname)%00%(upstream:short)%00%(objectname)%00%(upstream:track)%00%(upstream:remotename)%00%(upstream:remoteref) refs/heads/master refs/remotes/master [0ms]
[2022-10-26T16:26:04.403Z] > git remote --verbose [1ms]
[2022-10-26T16:26:04.403Z] > git for-each-ref --sort -committerdate --format %(refname) %(objectname) %(*objectname) [3ms]
[2022-10-26T16:26:04.409Z] > git config --get commit.template [2ms]
[2022-10-26T16:26:05.520Z] > git ls-files --stage -- /home/lrb96/ejercicios_python/listas_tuplas/ejercicio11.py [3ms]
[2022-10-26T16:26:05.524Z] > git cat-file -s 2b26397a8d31fabdab0ce06d6d4e7d507ce2e30d [1ms]
[2022-10-26T16:26:05.535Z] > git show --textconv :ejercicios_python/listas_tuplas/ejercicio11.py [4ms]
[2022-10-26T16:26:05.557Z] > git fetch [1257ms]
[2022-10-26T16:26:05.617Z] > git status -z -uall [56ms]
[2022-10-26T16:26:05.620Z] > git symbolic-ref --short HEAD [0ms]
[2022-10-26T16:26:05.624Z] > git for-each-ref --format=%(refname)%00%(upstream:short)%00%(objectname)%00%(upstream:track)%00%(upstream:remotename)%00%(upstream:remoteref) refs/heads/master refs/remotes/master [1ms]
[2022-10-26T16:26:05.629Z] > git for-each-ref --sort -committerdate --format %(refname) %(objectname) %(*objectname) [3ms]
[2022-10-26T16:26:05.629Z] > git remote --verbose [1ms]
[2022-10-26T16:26:05.633Z] > git config --get commit.template [1ms]
[2022-10-26T16:26:06.631Z] > git ls-files --stage -- /home/lrb96/ejercicios_python/listas_tuplas/ejercicio11.py [4ms]
[2022-10-26T16:26:06.635Z] > git cat-file -s 2b26397a8d31fabdab0ce06d6d4e7d507ce2e30d [1ms]
[2022-10-26T16:26:06.646Z] > git show --textconv :ejercicios_python/listas_tuplas/ejercicio11.py [4ms]
[2022-10-26T16:26:09.758Z] > git status -z -uall [73ms]
[2022-10-26T16:26:09.762Z] > git symbolic-ref --short HEAD [0ms]
[2022-10-26T16:26:09.766Z] > git for-each-ref --format=%(refname)%00%(upstream:short)%00%(objectname)%00%(upstream:track)%00%(upstream:remotename)%00%(upstream:remoteref) refs/heads/master refs/remotes/master [0ms]
[2022-10-26T16:26:09.771Z] > git for-each-ref --sort -committerdate --format %(refname) %(objectname) %(*objectname) [2ms]
[2022-10-26T16:26:09.772Z] > git remote --verbose [1ms]
[2022-10-26T16:26:09.777Z] > git config --get commit.template [0ms]
