[Info  - 11:04:11 AM] (698) Pylance language server 2022.10.30 (pyright 50e12b4b) starting
[Info  - 11:04:11 AM] (698) Server root directory: /home/lrb96/.vscode-server/extensions/ms-python.vscode-pylance-2022.10.30/dist
[Info  - 11:04:11 AM] (698) Starting service instance "listas_tuplas"
[Info  - 11:04:11 AM] (698) Notebook support: LSP
[Info  - 11:04:11 AM] (698) Interactive window support: LSP
[Info  - 11:04:11 AM] (698) No configuration file found.
[Info  - 11:04:11 AM] (698) No pyproject.toml file found.
[Info  - 11:04:11 AM] (698) Setting pythonPath for service "listas_tuplas": "/home/lrb96/fastapi_python/main.py"
[Warn  - 11:04:11 AM] (698) stubPath /home/lrb96/ejercicios_python/listas_tuplas/typings is not a valid directory.
[Info  - 11:04:11 AM] (698) Unable to get Python version from interpreter
[Info  - 11:04:11 AM] (698) Assuming Python platform Linux
[Info  - 11:04:11 AM] (698) Searching for source files
[Info  - 11:04:11 AM] (698) Found 13 source files
[Info  - 11:04:11 AM] (698) Background analysis(1) root directory: /home/lrb96/.vscode-server/extensions/ms-python.vscode-pylance-2022.10.30/dist
[Info  - 11:04:11 AM] (698) Background analysis(1) started
[Info  - 11:04:11 AM] (698) Indexer background runner(2) root directory: /home/lrb96/.vscode-server/extensions/ms-python.vscode-pylance-2022.10.30/dist (index)
[Info  - 11:04:11 AM] (698) Indexing(2) started
[Info  - 11:04:12 AM] (698) Indexer done(2). indexed 445 files
[Info  - 11:07:44 AM] (698) No configuration file found.
[Info  - 11:07:44 AM] (698) No pyproject.toml file found.
[Info  - 11:07:44 AM] (698) Setting pythonPath for service "listas_tuplas": "/usr/bin/python3.9"
[Warn  - 11:07:44 AM] (698) stubPath /home/lrb96/ejercicios_python/listas_tuplas/typings is not a valid directory.
[Info  - 11:07:44 AM] (698) Assuming Python version 3.9
[Info  - 11:07:44 AM] (698) Assuming Python platform Linux
[Info  - 11:07:44 AM] (698) Searching for source files
[Info  - 11:07:44 AM] (698) Found 13 source files
[Info  - 11:07:44 AM] (698) Indexer background runner(3) root directory: /home/lrb96/.vscode-server/extensions/ms-python.vscode-pylance-2022.10.30/dist (index)
[Info  - 11:07:44 AM] (698) Indexing(3) started
[Info  - 11:07:45 AM] (698) Indexer done(3). indexed 480 files
