[2022-02-17T21:30:33.480Z] Validating found git in: git
[2022-02-17T21:30:33.637Z] Using git 2.25.1 from git
[2022-02-17T21:30:33.790Z] > git rev-parse --git-dir [2ms]
[2022-02-17T21:30:33.819Z] Open repository: /home/lrb96
[2022-02-17T21:30:33.976Z] > git symbolic-ref --short HEAD [2ms]
[2022-02-17T21:30:34.044Z] > git for-each-ref --format=%(refname)%00%(upstream:short)%00%(objectname)%00%(upstream:track) refs/heads/master refs/remotes/master [58ms]
[2022-02-17T21:30:34.071Z] > git remote --verbose [6ms]
[2022-02-17T21:30:34.072Z] > git for-each-ref --sort -committerdate --format %(refname) %(objectname) %(*objectname) [19ms]
[2022-02-17T21:30:34.248Z] > git config --get commit.template [9ms]
[2022-02-17T21:50:16.304Z] > git ls-files --stage -- /home/lrb96/django_password_generator/generator/apps.py [18ms]
[2022-02-17T21:51:12.882Z] > git ls-files --stage -- /home/lrb96/django_password_generator/django_password_generator/urls.py [3ms]
[2022-02-17T21:51:14.033Z] > git ls-files --stage -- /home/lrb96/django_password_generator/generator/apps.py [3ms]
[2022-02-17T21:51:14.559Z] > git ls-files --stage -- /home/lrb96/django_password_generator/django_password_generator/urls.py [2ms]
[2022-02-17T21:53:49.347Z] > git ls-files --stage -- /home/lrb96/django_password_generator/django_password_generator/urls.py [2ms]
[2022-02-17T21:56:38.646Z] > git ls-files --stage -- /home/lrb96/django_password_generator/generator/views.py [2ms]
[2022-02-17T21:59:49.410Z] > git ls-files --stage -- /home/lrb96/django_password_generator/django_password_generator/urls.py [3ms]
[2022-02-17T21:59:50.563Z] > git ls-files --stage -- /home/lrb96/django_password_generator/generator/views.py [2ms]
[2022-02-17T21:59:51.025Z] > git ls-files --stage -- /home/lrb96/django_password_generator/django_password_generator/urls.py [4ms]
[2022-02-17T22:01:35.405Z] > git ls-files --stage -- /home/lrb96/django_password_generator/generator/views.py [17ms]
[2022-02-17T22:01:37.068Z] > git ls-files --stage -- /home/lrb96/django_password_generator/django_password_generator/urls.py [6ms]
[2022-02-17T22:03:50.427Z] > git ls-files --stage -- /home/lrb96/django_password_generator/generator/views.py [8ms]
[2022-02-17T22:04:49.453Z] > git ls-files --stage -- /home/lrb96/django_password_generator/django_password_generator/urls.py [11ms]
[2022-02-17T22:05:48.756Z] > git ls-files --stage -- /home/lrb96/django_password_generator/generator/views.py [6ms]
[2022-02-17T22:22:30.882Z] > git ls-files --stage -- /home/lrb96/django_password_generator/generator/templates/about.html [4ms]
[2022-02-17T22:24:18.024Z] > git ls-files --stage -- /home/lrb96/django_password_generator/generator/views.py [7ms]
[2022-02-17T22:24:48.229Z] > git ls-files --stage -- /home/lrb96/django_password_generator/django_password_generator/urls.py [11ms]
[2022-02-17T22:24:50.899Z] > git ls-files --stage -- /home/lrb96/django_password_generator/generator/views.py [9ms]
[2022-02-17T22:26:38.570Z] > git ls-files --stage -- /home/lrb96/django_password_generator/django_password_generator/settings.py [3ms]
[2022-02-17T22:27:27.178Z] > git ls-files --stage -- /home/lrb96/django_password_generator/generator/views.py [5ms]
[2022-02-17T22:34:37.378Z] > git ls-files --stage -- /home/lrb96/django_password_generator/generator/templates/home.html [4ms]
[2022-02-17T22:34:42.795Z] > git ls-files --stage -- /home/lrb96/django_password_generator/generator/views.py [9ms]
[2022-02-17T22:34:44.419Z] > git ls-files --stage -- /home/lrb96/django_password_generator/django_password_generator/urls.py [10ms]
[2022-02-17T22:34:44.997Z] > git ls-files --stage -- /home/lrb96/django_password_generator/generator/views.py [4ms]
[2022-02-17T22:36:08.803Z] > git ls-files --stage -- /home/lrb96/django_password_generator/django_password_generator/urls.py [10ms]
[2022-02-17T22:36:09.212Z] > git ls-files --stage -- /home/lrb96/django_password_generator/generator/views.py [8ms]
[2022-02-17T22:36:09.672Z] > git ls-files --stage -- /home/lrb96/django_password_generator/django_password_generator/urls.py [4ms]
[2022-02-17T22:36:22.492Z] > git ls-files --stage -- /home/lrb96/django_password_generator/generator/views.py [12ms]
[2022-02-17T22:36:24.833Z] > git ls-files --stage -- /home/lrb96/django_password_generator/django_password_generator/urls.py [5ms]
[2022-02-17T22:36:26.481Z] > git ls-files --stage -- /home/lrb96/django_password_generator/generator/views.py [5ms]
[2022-02-17T22:36:27.379Z] > git ls-files --stage -- /home/lrb96/django_password_generator/django_password_generator/urls.py [7ms]
[2022-02-17T22:37:10.381Z] > git ls-files --stage -- /home/lrb96/django_password_generator/generator/views.py [4ms]
[2022-02-17T22:38:36.410Z] > git ls-files --stage -- /home/lrb96/django_password_generator/django_password_generator/urls.py [2ms]
[2022-02-17T22:38:38.801Z] > git ls-files --stage -- /home/lrb96/django_password_generator/generator/views.py [11ms]
[2022-02-17T22:39:45.333Z] > git ls-files --stage -- /home/lrb96/django_password_generator/django_password_generator/urls.py [3ms]
[2022-02-17T22:39:45.883Z] > git ls-files --stage -- /home/lrb96/django_password_generator/generator/views.py [7ms]
[2022-02-17T22:39:46.566Z] > git ls-files --stage -- /home/lrb96/django_password_generator/django_password_generator/urls.py [6ms]
[2022-02-17T22:39:49.798Z] > git ls-files --stage -- /home/lrb96/django_password_generator/django_password_generator/settings.py [7ms]
[2022-02-17T22:39:52.285Z] > git ls-files --stage -- /home/lrb96/django_password_generator/django_password_generator/urls.py [9ms]
[2022-02-17T22:39:53.413Z] > git ls-files --stage -- /home/lrb96/django_password_generator/generator/templates/home.html [15ms]
[2022-02-17T22:39:55.631Z] > git ls-files --stage -- /home/lrb96/django_password_generator/generator/views.py [10ms]
[2022-02-17T22:39:56.630Z] > git ls-files --stage -- /home/lrb96/django_password_generator/django_password_generator/settings.py [11ms]
[2022-02-17T22:39:57.392Z] > git ls-files --stage -- /home/lrb96/django_password_generator/django_password_generator/urls.py [4ms]
[2022-02-17T22:40:04.413Z] > git ls-files --stage -- /home/lrb96/django_password_generator/generator/views.py [10ms]
[2022-02-17T22:40:39.331Z] > git ls-files --stage -- /home/lrb96/django_password_generator/django_password_generator/urls.py [5ms]
[2022-02-17T22:40:49.073Z] > git ls-files --stage -- /home/lrb96/django_password_generator/generator/templates/home.html [15ms]
[2022-02-17T22:40:56.448Z] > git ls-files --stage -- /home/lrb96/django_password_generator/django_password_generator/urls.py [3ms]
[2022-02-17T22:40:58.795Z] > git ls-files --stage -- /home/lrb96/django_password_generator/generator/views.py [6ms]
[2022-02-17T22:40:59.423Z] > git ls-files --stage -- /home/lrb96/django_password_generator/django_password_generator/urls.py [17ms]
[2022-02-17T22:41:32.056Z] > git ls-files --stage -- /home/lrb96/django_password_generator/generator/views.py [7ms]
[2022-02-17T22:41:33.362Z] > git ls-files --stage -- /home/lrb96/django_password_generator/django_password_generator/settings.py [8ms]
[2022-02-17T22:41:35.413Z] > git ls-files --stage -- /home/lrb96/django_password_generator/generator/views.py [8ms]
[2022-02-17T22:41:37.803Z] > git ls-files --stage -- /home/lrb96/django_password_generator/django_password_generator/urls.py [6ms]
[2022-02-17T22:42:37.217Z] > git ls-files --stage -- /home/lrb96/django_password_generator/generator/views.py [8ms]
[2022-02-17T22:42:52.269Z] > git ls-files --stage -- /home/lrb96/django_password_generator/django_password_generator/urls.py [10ms]
[2022-02-17T22:44:32.733Z] > git ls-files --stage -- /home/lrb96/django_password_generator/django_password_generator/settings.py [9ms]
[2022-02-17T22:44:49.391Z] > git ls-files --stage -- /home/lrb96/django_password_generator/django_password_generator/urls.py [3ms]
[2022-02-17T22:44:50.011Z] > git ls-files --stage -- /home/lrb96/django_password_generator/generator/views.py [9ms]
[2022-02-17T22:46:26.916Z] > git ls-files --stage -- /home/lrb96/django_password_generator/django_password_generator/urls.py [3ms]
[2022-02-17T22:47:19.639Z] > git ls-files --stage -- /home/lrb96/django_password_generator/generator/templates/home.html [3ms]
[2022-02-17T22:47:21.070Z] > git ls-files --stage -- /home/lrb96/django_password_generator/generator/templates/about.html [6ms]
[2022-02-17T22:47:22.192Z] > git ls-files --stage -- /home/lrb96/django_password_generator/generator/templates/home.html [10ms]
[2022-02-17T22:47:23.367Z] > git ls-files --stage -- /home/lrb96/django_password_generator/django_password_generator/settings.py [14ms]
[2022-02-17T22:47:24.651Z] > git ls-files --stage -- /home/lrb96/django_password_generator/generator/views.py [6ms]
[2022-02-17T22:47:28.786Z] > git ls-files --stage -- /home/lrb96/django_password_generator/django_password_generator/urls.py [6ms]
[2022-02-17T22:47:32.212Z] > git ls-files --stage -- /home/lrb96/django_password_generator/generator/views.py [13ms]
[2022-02-17T22:47:39.959Z] > git ls-files --stage -- /home/lrb96/django_password_generator/django_password_generator/urls.py [9ms]
[2022-02-17T23:01:02.520Z] > git ls-files --stage -- /home/lrb96/django_password_generator/generator/templates/generator [5ms]
[2022-02-17T23:01:11.072Z] > git ls-files --stage -- /home/lrb96/django_password_generator/django_password_generator/urls.py [5ms]
[2022-02-17T23:01:24.110Z] > git ls-files --stage -- /home/lrb96/django_password_generator/generator/templates/generator/about.html [14ms]
[2022-02-17T23:01:26.509Z] > git ls-files --stage -- /home/lrb96/django_password_generator/django_password_generator/urls.py [4ms]
[2022-02-17T23:01:27.329Z] > git ls-files --stage -- /home/lrb96/django_password_generator/generator/views.py [7ms]
[2022-02-17T23:20:40.784Z] > git ls-files --stage -- /home/lrb96/django_password_generator/generator/templates/generator/home.html [2ms]
[2022-02-17T23:32:31.274Z] > git ls-files --stage -- /home/lrb96/django_password_generator/generator/views.py [5ms]
[2022-02-17T23:32:33.061Z] > git ls-files --stage -- /home/lrb96/django_password_generator/django_password_generator/urls.py [4ms]
[2022-02-17T23:32:52.875Z] > git ls-files --stage -- /home/lrb96/django_password_generator/generator/views.py [2ms]
[2022-02-17T23:33:59.823Z] > git ls-files --stage -- /home/lrb96/django_password_generator/generator/templates/generator/password.html [3ms]
[2022-02-17T23:34:10.480Z] > git ls-files --stage -- /home/lrb96/django_password_generator/generator/views.py [2ms]
[2022-02-17T23:34:11.868Z] > git ls-files --stage -- /home/lrb96/django_password_generator/generator/templates/generator/home.html [3ms]
[2022-02-17T23:34:13.421Z] > git ls-files --stage -- /home/lrb96/django_password_generator/generator/templates/generator/password.html [2ms]
[2022-02-17T23:34:13.842Z] > git ls-files --stage -- /home/lrb96/django_password_generator/django_password_generator/settings.py [2ms]
[2022-02-17T23:34:15.192Z] > git ls-files --stage -- /home/lrb96/django_password_generator/generator/templates/generator/password.html [3ms]
[2022-02-17T23:34:31.660Z] > git ls-files --stage -- /home/lrb96/django_password_generator/generator/views.py [3ms]
[2022-02-17T23:35:08.097Z] > git ls-files --stage -- /home/lrb96/django_password_generator/generator/templates/generator/password.html [3ms]
[2022-02-17T23:35:09.168Z] > git ls-files --stage -- /home/lrb96/django_password_generator/generator/templates/generator/home.html [2ms]
[2022-02-17T23:50:00.037Z] > git ls-files --stage -- /home/lrb96/django_password_generator/generator/views.py [2ms]
[2022-02-17T23:59:57.741Z] > git ls-files --stage -- /home/lrb96/django_password_generator/generator/templates/generator/password.html [2ms]
[2022-02-18T00:00:26.800Z] > git ls-files --stage -- /home/lrb96/django_password_generator/generator/templates/generator/home.html [4ms]
[2022-02-18T00:00:31.648Z] > git ls-files --stage -- /home/lrb96/django_password_generator/generator/templates/generator/password.html [3ms]
[2022-02-18T00:00:32.575Z] > git ls-files --stage -- /home/lrb96/django_password_generator/generator/views.py [1ms]
[2022-02-18T00:00:33.388Z] > git ls-files --stage -- /home/lrb96/django_password_generator/django_password_generator/urls.py [2ms]
[2022-02-18T00:00:37.974Z] > git ls-files --stage -- /home/lrb96/django_password_generator/generator/views.py [2ms]
[2022-02-18T00:00:52.637Z] > git ls-files --stage -- /home/lrb96/django_password_generator/django_password_generator/urls.py [2ms]
[2022-02-18T00:00:54.000Z] > git ls-files --stage -- /home/lrb96/django_password_generator/generator/views.py [2ms]
[2022-02-18T00:00:54.985Z] > git ls-files --stage -- /home/lrb96/django_password_generator/generator/templates/generator/home.html [5ms]
[2022-02-18T00:00:56.204Z] > git ls-files --stage -- /home/lrb96/django_password_generator/generator/templates/generator/password.html [2ms]
[2022-02-18T00:00:57.674Z] > git ls-files --stage -- /home/lrb96/django_password_generator/django_password_generator/settings.py [2ms]
[2022-02-18T00:00:59.035Z] > git ls-files --stage -- /home/lrb96/django_password_generator/generator/templates/generator/password.html [5ms]
[2022-02-18T00:01:29.424Z] > git ls-files --stage -- /home/lrb96/django_password_generator/generator/views.py [2ms]
[2022-02-18T00:03:11.580Z] > git ls-files --stage -- /home/lrb96/django_password_generator/django_password_generator/urls.py [1ms]
[2022-02-18T00:03:15.517Z] > git ls-files --stage -- /home/lrb96/django_password_generator/generator/views.py [2ms]
[2022-02-18T00:03:16.477Z] > git ls-files --stage -- /home/lrb96/django_password_generator/django_password_generator/urls.py [3ms]
[2022-02-18T00:03:29.747Z] > git ls-files --stage -- /home/lrb96/django_password_generator/generator/views.py [2ms]
[2022-02-18T00:03:30.415Z] > git ls-files --stage -- /home/lrb96/django_password_generator/django_password_generator/urls.py [3ms]
[2022-02-18T00:03:31.418Z] > git ls-files --stage -- /home/lrb96/django_password_generator/generator/views.py [2ms]
[2022-02-18T00:03:43.538Z] > git ls-files --stage -- /home/lrb96/django_password_generator/django_password_generator/urls.py [2ms]
[2022-02-18T00:03:46.837Z] > git ls-files --stage -- /home/lrb96/django_password_generator/generator/views.py [2ms]
[2022-02-18T00:05:57.373Z] > git ls-files --stage -- /home/lrb96/django_password_generator/generator/templates/generator/password.html [2ms]
[2022-02-18T00:05:59.811Z] > git ls-files --stage -- /home/lrb96/django_password_generator/generator/views.py [2ms]
[2022-02-18T00:06:00.842Z] > git ls-files --stage -- /home/lrb96/django_password_generator/generator/templates/generator/home.html [2ms]
[2022-02-18T00:06:02.253Z] > git ls-files --stage -- /home/lrb96/django_password_generator/generator/views.py [2ms]
[2022-02-18T00:06:11.157Z] > git ls-files --stage -- /home/lrb96/django_password_generator/generator/templates/generator/password.html [2ms]
[2022-02-18T00:06:25.839Z] > git ls-files --stage -- /home/lrb96/django_password_generator/generator/views.py [2ms]
[2022-02-18T00:06:42.680Z] > git ls-files --stage -- /home/lrb96/django_password_generator/generator/templates/generator/password.html [2ms]
[2022-02-18T00:07:02.965Z] > git ls-files --stage -- /home/lrb96/django_password_generator/generator/views.py [2ms]
[2022-02-18T00:07:03.368Z] > git ls-files --stage -- /home/lrb96/django_password_generator/generator/templates/generator/home.html [2ms]
[2022-02-18T00:07:04.102Z] > git ls-files --stage -- /home/lrb96/django_password_generator/generator/views.py [2ms]
[2022-02-18T00:08:00.036Z] > git ls-files --stage -- /home/lrb96/django_password_generator/generator/templates/generator/password.html [7ms]
[2022-02-18T00:08:01.174Z] > git ls-files --stage -- /home/lrb96/django_password_generator/generator/views.py [2ms]
[2022-02-18T00:15:54.316Z] > git ls-files --stage -- /home/lrb96/django_password_generator/django_password_generator/urls.py [4ms]
[2022-02-18T00:15:55.646Z] > git ls-files --stage -- /home/lrb96/django_password_generator/generator/templates/generator/home.html [3ms]
[2022-02-18T00:15:59.363Z] > git ls-files --stage -- /home/lrb96/django_password_generator/generator/templates/generator/password.html [2ms]
[2022-02-18T00:16:00.178Z] > git ls-files --stage -- /home/lrb96/django_password_generator/generator/templates/generator/home.html [2ms]
[2022-02-18T00:16:00.713Z] > git ls-files --stage -- /home/lrb96/django_password_generator/generator/views.py [2ms]
[2022-02-18T00:16:11.415Z] > git ls-files --stage -- /home/lrb96/django_password_generator/django_password_generator/urls.py [3ms]
[2022-02-18T00:16:11.868Z] > git ls-files --stage -- /home/lrb96/django_password_generator/generator/views.py [2ms]
[2022-02-18T00:16:12.398Z] > git ls-files --stage -- /home/lrb96/django_password_generator/generator/templates/generator/home.html [2ms]
[2022-02-18T00:16:12.960Z] > git ls-files --stage -- /home/lrb96/django_password_generator/generator/templates/generator/password.html [2ms]
[2022-02-18T00:16:13.676Z] > git ls-files --stage -- /home/lrb96/django_password_generator/django_password_generator/settings.py [1ms]
[2022-02-18T00:16:14.436Z] > git ls-files --stage -- /home/lrb96/django_password_generator/generator/templates/generator/password.html [2ms]
[2022-02-18T00:16:14.994Z] > git ls-files --stage -- /home/lrb96/django_password_generator/generator/templates/generator/home.html [3ms]
[2022-02-18T00:16:39.842Z] > git ls-files --stage -- /home/lrb96/django_password_generator/generator/views.py [2ms]
[2022-02-18T00:20:15.117Z] > git ls-files --stage -- /home/lrb96/django_password_generator/generator/templates/generator/password.html [1ms]
[2022-02-18T00:20:16.348Z] > git ls-files --stage -- /home/lrb96/django_password_generator/generator/templates/generator/home.html [2ms]
[2022-02-18T00:20:22.470Z] > git ls-files --stage -- /home/lrb96/django_password_generator/generator/templates/generator/password.html [3ms]
[2022-02-18T00:20:26.551Z] > git ls-files --stage -- /home/lrb96/django_password_generator/generator/views.py [2ms]
[2022-02-18T00:25:50.365Z] > git ls-files --stage -- /home/lrb96/django_password_generator/generator/views.py [5ms]
[2022-02-18T00:41:06.444Z] > git ls-files --stage -- /home/lrb96/django_password_generator/generator/templates/generator/password.html [3ms]
[2022-02-18T00:41:07.343Z] > git ls-files --stage -- /home/lrb96/django_password_generator/generator/templates/generator/home.html [2ms]
[2022-02-18T00:42:35.016Z] > git ls-files --stage -- /home/lrb96/django_password_generator/generator/templates/generator/password.html [3ms]
[2022-02-18T00:42:38.005Z] > git ls-files --stage -- /home/lrb96/django_password_generator/generator/templates/generator/home.html [3ms]
[2022-02-18T00:42:41.351Z] > git ls-files --stage -- /home/lrb96/django_password_generator/generator/templates/generator/password.html [3ms]
[2022-02-18T00:43:21.959Z] > git ls-files --stage -- /home/lrb96/django_password_generator/generator/templates/generator/home.html [3ms]
[2022-02-18T00:43:24.830Z] > git ls-files --stage -- /home/lrb96/django_password_generator/django_password_generator/settings.py [2ms]
[2022-02-18T00:43:26.975Z] > git ls-files --stage -- /home/lrb96/django_password_generator/generator/templates/generator/password.html [2ms]
[2022-02-18T00:43:27.574Z] > git ls-files --stage -- /home/lrb96/django_password_generator/generator/templates/generator/home.html [2ms]
[2022-02-18T00:43:30.832Z] > git ls-files --stage -- /home/lrb96/django_password_generator/generator/templates/generator/password.html [2ms]
[2022-02-18T00:43:31.333Z] > git ls-files --stage -- /home/lrb96/django_password_generator/generator/views.py [2ms]
[2022-02-18T00:43:49.299Z] > git ls-files --stage -- /home/lrb96/django_password_generator/generator/templates/generator/password.html [2ms]
[2022-02-18T00:43:50.532Z] > git ls-files --stage -- /home/lrb96/django_password_generator/generator/templates/generator/home.html [2ms]
[2022-02-18T00:43:52.550Z] > git ls-files --stage -- /home/lrb96/django_password_generator/generator/views.py [3ms]
[2022-02-18T01:04:10.491Z] > git ls-files --stage -- /home/lrb96/django_password_generator/generator/templates/generator/password.html [8ms]
[2022-02-18T01:04:11.494Z] > git ls-files --stage -- /home/lrb96/django_password_generator/generator/templates/generator/home.html [18ms]
[2022-02-18T01:05:27.098Z] > git ls-files --stage -- /home/lrb96/django_password_generator/generator/views.py [18ms]
[2022-02-18T01:05:28.709Z] > git ls-files --stage -- /home/lrb96/django_password_generator/django_password_generator/urls.py [8ms]
[2022-02-18T01:12:10.453Z] > git ls-files --stage -- /home/lrb96/django_password_generator/generator/templates/generator/layout.html [5ms]
[2022-02-18T01:19:44.597Z] > git ls-files --stage -- /home/lrb96/django_password_generator/generator/templates/generator/layout.html [5ms]
[2022-02-18T01:19:44.609Z] > git cat-file -s 7b0ade269c8338c2444af82bddc348cd19c4e516 [2ms]
