[Info  - 1:47:31 PM] (439) Pylance language server 2022.10.20 (pyright e2d13ab1) starting
[Info  - 1:47:31 PM] (439) Server root directory: /home/lrb96/.vscode-server/extensions/ms-python.vscode-pylance-2022.10.20/dist
[Info  - 1:47:31 PM] (439) Starting service instance "ejercicios_python"
[Info  - 1:47:31 PM] (439) Notebook support: LSP
[Info  - 1:47:31 PM] (439) Interactive window support: LSP
[Info  - 1:47:31 PM] (439) No configuration file found.
[Info  - 1:47:31 PM] (439) No pyproject.toml file found.
[Info  - 1:47:31 PM] (439) Setting pythonPath for service "ejercicios_python": "/bin/python3.9"
[Warn  - 1:47:31 PM] (439) stubPath /home/lrb96/ejercicios_python/typings is not a valid directory.
[Info  - 1:47:31 PM] (439) Assuming Python version 3.9
[Info  - 1:47:31 PM] (439) Assuming Python platform Linux
[Info  - 1:47:31 PM] (439) Searching for source files
[Info  - 1:47:31 PM] (439) Found 50 source files
[Info  - 1:47:31 PM] (439) Background analysis(1) root directory: /home/lrb96/.vscode-server/extensions/ms-python.vscode-pylance-2022.10.20/dist
[Info  - 1:47:31 PM] (439) Background analysis(1) started
[Info  - 1:47:31 PM] (439) Indexer background runner(2) root directory: /home/lrb96/.vscode-server/extensions/ms-python.vscode-pylance-2022.10.20/dist (index)
[Info  - 1:47:31 PM] (439) Indexing(2) started
[Info  - 1:47:32 PM] (439) Indexer done(2). indexed 480 files
[Info  - 3:18:52 PM] (439) Searching for source files
[Info  - 3:18:52 PM] (439) Found 58 source files
