[2022-02-18T18:48:36.039Z] Validating found git in: git
[2022-02-18T18:48:41.203Z] Using git 2.25.1 from git
[2022-02-18T18:48:44.200Z] > git rev-parse --git-dir [540ms]
[2022-02-18T18:48:44.215Z] Open repository: /home/lrb96
[2022-02-18T18:48:45.826Z] > git ls-files --stage -- /home/lrb96/django_password_generator/generator/templates/generator/layout.html [173ms]
[2022-02-18T18:48:47.015Z] > git cat-file -s 7b0ade269c8338c2444af82bddc348cd19c4e516 [1078ms]
[2022-02-18T18:49:04.072Z] > git symbolic-ref --short HEAD [1ms]
[2022-02-18T18:49:05.957Z] > git for-each-ref --format=%(refname)%00%(upstream:short)%00%(objectname)%00%(upstream:track) refs/heads/master refs/remotes/master [1877ms]
[2022-02-18T18:49:05.970Z] > git remote --verbose [2ms]
[2022-02-18T18:49:05.973Z] > git for-each-ref --sort -committerdate --format %(refname) %(objectname) %(*objectname) [9ms]
[2022-02-18T18:49:05.996Z] > git config --get commit.template [7ms]
[2022-02-18T18:55:58.054Z] > git ls-files --stage -- /home/lrb96/django_password_generator/generator/templates/generator/layout.html [5ms]
[2022-02-18T18:55:58.065Z] > git cat-file -s 7b0ade269c8338c2444af82bddc348cd19c4e516 [2ms]
[2022-02-18T18:57:08.928Z] > git ls-files --stage -- /home/lrb96/django_password_generator/django_password_generator/urls.py [6ms]
[2022-02-18T18:57:08.991Z] > git cat-file -s 0ac6b9b0c5d95e4b0e74fd5ab1250390ee678a64 [57ms]
[2022-02-18T18:57:09.565Z] > git ls-files --stage -- /home/lrb96/django_password_generator/generator/views.py [4ms]
[2022-02-18T18:57:09.602Z] > git cat-file -s 8e793ed758a627cba8b6fdd57a91ee9b60842169 [32ms]
[2022-02-18T18:57:11.445Z] > git ls-files --stage -- /home/lrb96/django_password_generator/generator/templates/generator/layout.html [3ms]
[2022-02-18T18:57:11.451Z] > git cat-file -s 7b0ade269c8338c2444af82bddc348cd19c4e516 [1ms]
[2022-02-18T18:57:11.868Z] > git ls-files --stage -- /home/lrb96/django_password_generator/generator/templates/generator/password.html [3ms]
[2022-02-18T18:57:11.877Z] > git cat-file -s 4301c4d2eba84b5cc2970f3434783a5662861ecb [5ms]
[2022-02-18T18:57:13.200Z] > git ls-files --stage -- /home/lrb96/django_password_generator/django_password_generator/settings.py [3ms]
[2022-02-18T18:57:13.247Z] > git cat-file -s 8b32be50c058147bc810b8afb3238f7e26973feb [42ms]
[2022-02-18T18:57:15.572Z] > git ls-files --stage -- /home/lrb96/django_password_generator/generator/templates/generator/home.html [3ms]
[2022-02-18T18:57:15.623Z] > git cat-file -s aa27320a9b8c8ab9befc117142eba5beb6970723 [45ms]
[2022-02-18T18:57:16.568Z] > git ls-files --stage -- /home/lrb96/django_password_generator/django_password_generator/settings.py [3ms]
[2022-02-18T18:57:16.577Z] > git cat-file -s 8b32be50c058147bc810b8afb3238f7e26973feb [2ms]
[2022-02-18T18:57:17.037Z] > git ls-files --stage -- /home/lrb96/django_password_generator/generator/templates/generator/home.html [2ms]
[2022-02-18T18:57:17.045Z] > git cat-file -s aa27320a9b8c8ab9befc117142eba5beb6970723 [2ms]
[2022-02-18T18:57:19.031Z] > git ls-files --stage -- /home/lrb96/django_password_generator/generator/templates/generator/password.html [2ms]
[2022-02-18T18:57:19.036Z] > git cat-file -s 4301c4d2eba84b5cc2970f3434783a5662861ecb [1ms]
[2022-02-18T18:57:20.157Z] > git ls-files --stage -- /home/lrb96/django_password_generator/generator/templates/generator/home.html [2ms]
[2022-02-18T18:57:20.166Z] > git cat-file -s aa27320a9b8c8ab9befc117142eba5beb6970723 [2ms]
[2022-02-18T18:57:21.112Z] > git ls-files --stage -- /home/lrb96/django_password_generator/generator/templates/generator/layout.html [3ms]
[2022-02-18T18:57:21.119Z] > git cat-file -s 7b0ade269c8338c2444af82bddc348cd19c4e516 [2ms]
[2022-02-18T18:57:22.047Z] > git ls-files --stage -- /home/lrb96/django_password_generator/generator/templates/generator/home.html [3ms]
[2022-02-18T18:57:22.053Z] > git cat-file -s aa27320a9b8c8ab9befc117142eba5beb6970723 [1ms]
[2022-02-18T18:57:22.811Z] > git ls-files --stage -- /home/lrb96/django_password_generator/generator/templates/generator/layout.html [3ms]
[2022-02-18T18:57:22.816Z] > git cat-file -s 7b0ade269c8338c2444af82bddc348cd19c4e516 [1ms]
[2022-02-18T18:57:24.172Z] > git ls-files --stage -- /home/lrb96/django_password_generator/generator/views.py [3ms]
[2022-02-18T18:57:24.178Z] > git cat-file -s 8e793ed758a627cba8b6fdd57a91ee9b60842169 [2ms]
[2022-02-18T18:57:24.905Z] > git ls-files --stage -- /home/lrb96/django_password_generator/generator/templates/generator/layout.html [4ms]
[2022-02-18T18:57:24.913Z] > git cat-file -s 7b0ade269c8338c2444af82bddc348cd19c4e516 [2ms]
[2022-02-18T19:14:44.511Z] > git ls-files --stage -- /home/lrb96/django_password_generator/generator/templates/generator/home.html [3ms]
[2022-02-18T19:14:44.519Z] > git cat-file -s aa27320a9b8c8ab9befc117142eba5beb6970723 [2ms]
[2022-02-18T19:16:07.700Z] > git ls-files --stage -- /home/lrb96/django_password_generator/generator/templates/generator/layout.html [4ms]
[2022-02-18T19:16:07.707Z] > git cat-file -s 7b0ade269c8338c2444af82bddc348cd19c4e516 [2ms]
[2022-02-18T19:16:30.095Z] > git ls-files --stage -- /home/lrb96/django_password_generator/generator/views.py [4ms]
[2022-02-18T19:16:30.101Z] > git cat-file -s 8e793ed758a627cba8b6fdd57a91ee9b60842169 [1ms]
[2022-02-18T19:16:33.151Z] > git ls-files --stage -- /home/lrb96/django_password_generator/generator/templates/generator/home.html [3ms]
[2022-02-18T19:16:33.158Z] > git cat-file -s aa27320a9b8c8ab9befc117142eba5beb6970723 [1ms]
[2022-02-18T19:19:11.913Z] > git ls-files --stage -- /home/lrb96/django_password_generator/generator/templates/generator/password.html [4ms]
[2022-02-18T19:19:11.921Z] > git cat-file -s 4301c4d2eba84b5cc2970f3434783a5662861ecb [2ms]
[2022-02-18T19:19:25.022Z] > git ls-files --stage -- /home/lrb96/django_password_generator/generator/templates/generator/home.html [4ms]
[2022-02-18T19:19:25.030Z] > git cat-file -s aa27320a9b8c8ab9befc117142eba5beb6970723 [2ms]
[2022-02-18T19:19:30.516Z] > git ls-files --stage -- /home/lrb96/django_password_generator/generator/templates/generator/password.html [3ms]
[2022-02-18T19:19:30.522Z] > git cat-file -s 4301c4d2eba84b5cc2970f3434783a5662861ecb [1ms]
[2022-02-18T19:19:45.042Z] > git ls-files --stage -- /home/lrb96/django_password_generator/generator/templates/generator/home.html [4ms]
[2022-02-18T19:19:45.048Z] > git cat-file -s aa27320a9b8c8ab9befc117142eba5beb6970723 [2ms]
[2022-02-18T19:19:46.322Z] > git ls-files --stage -- /home/lrb96/django_password_generator/generator/templates/generator/password.html [2ms]
[2022-02-18T19:19:46.328Z] > git cat-file -s 4301c4d2eba84b5cc2970f3434783a5662861ecb [2ms]
[2022-02-18T19:20:03.339Z] > git ls-files --stage -- /home/lrb96/django_password_generator/generator/templates/generator/home.html [2ms]
[2022-02-18T19:20:03.346Z] > git cat-file -s aa27320a9b8c8ab9befc117142eba5beb6970723 [2ms]
[2022-02-18T19:20:06.155Z] > git ls-files --stage -- /home/lrb96/django_password_generator/generator/templates/generator/password.html [2ms]
[2022-02-18T19:20:06.161Z] > git cat-file -s 4301c4d2eba84b5cc2970f3434783a5662861ecb [1ms]
[2022-02-18T19:20:09.734Z] > git ls-files --stage -- /home/lrb96/django_password_generator/generator/templates/generator/home.html [3ms]
[2022-02-18T19:20:09.741Z] > git cat-file -s aa27320a9b8c8ab9befc117142eba5beb6970723 [2ms]
[2022-02-18T19:20:12.708Z] > git ls-files --stage -- /home/lrb96/django_password_generator/generator/templates/generator/password.html [3ms]
[2022-02-18T19:20:12.715Z] > git cat-file -s 4301c4d2eba84b5cc2970f3434783a5662861ecb [2ms]
[2022-02-18T19:20:14.460Z] > git ls-files --stage -- /home/lrb96/django_password_generator/generator/templates/generator/layout.html [3ms]
[2022-02-18T19:20:14.467Z] > git cat-file -s 7b0ade269c8338c2444af82bddc348cd19c4e516 [1ms]
[2022-02-18T19:25:53.979Z] > git ls-files --stage -- /home/lrb96/django_password_generator/generator/templates/generator/partials/_navbar.html [4ms]
[2022-02-18T19:26:01.202Z] > git ls-files --stage -- /home/lrb96/django_password_generator/generator/templates/generator/layout.html [3ms]
[2022-02-18T19:26:01.209Z] > git cat-file -s 7b0ade269c8338c2444af82bddc348cd19c4e516 [1ms]
[2022-02-18T19:26:34.284Z] > git ls-files --stage -- /home/lrb96/django_password_generator/generator/templates/generator/partials/_navbar.html [4ms]
[2022-02-18T19:40:20.927Z] > git ls-files --stage -- /home/lrb96/django_password_generator/generator/views.py [3ms]
[2022-02-18T19:40:20.935Z] > git cat-file -s 8e793ed758a627cba8b6fdd57a91ee9b60842169 [2ms]
[2022-02-18T19:40:22.490Z] > git ls-files --stage -- /home/lrb96/django_password_generator/django_password_generator/urls.py [5ms]
[2022-02-18T19:40:22.496Z] > git cat-file -s 0ac6b9b0c5d95e4b0e74fd5ab1250390ee678a64 [1ms]
[2022-02-18T19:40:26.178Z] > git ls-files --stage -- /home/lrb96/django_password_generator/generator/templates/generator/layout.html [3ms]
[2022-02-18T19:40:26.186Z] > git cat-file -s 7b0ade269c8338c2444af82bddc348cd19c4e516 [2ms]
[2022-02-18T19:41:00.925Z] > git ls-files --stage -- /home/lrb96/django_password_generator/generator/templates/generator/about.html [3ms]
[2022-02-18T19:41:00.978Z] > git cat-file -s fafd0876c6fc831cc0fd6b9cf40c99a80198d9da [46ms]
[2022-02-18T19:43:16.080Z] > git ls-files --stage -- /home/lrb96/django_password_generator/generator/templates/generator/layout.html [3ms]
[2022-02-18T19:43:16.087Z] > git cat-file -s 7b0ade269c8338c2444af82bddc348cd19c4e516 [1ms]
[2022-02-18T19:43:22.180Z] > git ls-files --stage -- /home/lrb96/django_password_generator/generator/templates/generator/about.html [3ms]
[2022-02-18T19:43:22.187Z] > git cat-file -s fafd0876c6fc831cc0fd6b9cf40c99a80198d9da [2ms]
[2022-02-18T19:43:45.092Z] > git ls-files --stage -- /home/lrb96/django_password_generator/generator/templates/generator/partials/_navbar.html [3ms]
[2022-02-18T19:43:48.423Z] > git ls-files --stage -- /home/lrb96/django_password_generator/generator/templates/generator/home.html [3ms]
[2022-02-18T19:43:48.431Z] > git cat-file -s aa27320a9b8c8ab9befc117142eba5beb6970723 [2ms]
[2022-02-18T19:43:53.024Z] > git ls-files --stage -- /home/lrb96/django_password_generator/generator/templates/generator/about.html [3ms]
[2022-02-18T19:43:53.030Z] > git cat-file -s fafd0876c6fc831cc0fd6b9cf40c99a80198d9da [1ms]
[2022-02-18T19:43:56.116Z] > git ls-files --stage -- /home/lrb96/django_password_generator/generator/templates/generator/layout.html [3ms]
[2022-02-18T19:43:56.122Z] > git cat-file -s 7b0ade269c8338c2444af82bddc348cd19c4e516 [1ms]
[2022-02-18T19:43:59.591Z] > git ls-files --stage -- /home/lrb96/django_password_generator/generator/templates/generator/partials/_navbar.html [4ms]
[2022-02-18T19:44:14.107Z] > git ls-files --stage -- /home/lrb96/django_password_generator/generator/templates/generator/about.html [3ms]
[2022-02-18T19:44:14.113Z] > git cat-file -s fafd0876c6fc831cc0fd6b9cf40c99a80198d9da [1ms]
[2022-02-18T19:44:15.455Z] > git ls-files --stage -- /home/lrb96/django_password_generator/generator/templates/generator/partials/_navbar.html [2ms]
[2022-02-18T19:44:15.915Z] > git ls-files --stage -- /home/lrb96/django_password_generator/generator/templates/generator/about.html [3ms]
[2022-02-18T19:44:15.922Z] > git cat-file -s fafd0876c6fc831cc0fd6b9cf40c99a80198d9da [1ms]
[2022-02-18T19:46:08.879Z] > git ls-files --stage -- /home/lrb96/django_password_generator/generator/templates/generator/partials/_navbar.html [3ms]
[2022-02-18T19:50:29.052Z] > git ls-files --stage -- /home/lrb96/django_password_generator/generator/views.py [4ms]
[2022-02-18T19:50:29.060Z] > git cat-file -s 8e793ed758a627cba8b6fdd57a91ee9b60842169 [1ms]
[2022-02-18T19:50:29.734Z] > git ls-files --stage -- /home/lrb96/django_password_generator/django_password_generator/urls.py [2ms]
[2022-02-18T19:50:29.743Z] > git cat-file -s 0ac6b9b0c5d95e4b0e74fd5ab1250390ee678a64 [2ms]
[2022-02-18T19:51:14.760Z] > git ls-files --stage -- /home/lrb96/django_password_generator/generator/templates/generator/partials/_navbar.html [3ms]
[2022-02-18T19:55:47.348Z] > git ls-files --stage -- /home/lrb96/django_password_generator/django_password_generator/urls.py [4ms]
[2022-02-18T19:55:47.374Z] > git cat-file -s 0ac6b9b0c5d95e4b0e74fd5ab1250390ee678a64 [1ms]
[2022-02-18T19:55:58.345Z] > git ls-files --stage -- /home/lrb96/django_password_generator/generator/templates/generator/layout.html [4ms]
[2022-02-18T19:55:58.363Z] > git cat-file -s 7b0ade269c8338c2444af82bddc348cd19c4e516 [1ms]
[2022-02-18T19:55:59.144Z] > git ls-files --stage -- /home/lrb96/django_password_generator/generator/templates/generator/about.html [3ms]
[2022-02-18T19:55:59.151Z] > git cat-file -s fafd0876c6fc831cc0fd6b9cf40c99a80198d9da [1ms]
[2022-02-18T19:56:00.286Z] > git ls-files --stage -- /home/lrb96/django_password_generator/generator/templates/generator/partials/_navbar.html [3ms]
[2022-02-18T19:56:01.308Z] > git ls-files --stage -- /home/lrb96/django_password_generator/generator/templates/generator/home.html [3ms]
[2022-02-18T19:56:01.315Z] > git cat-file -s aa27320a9b8c8ab9befc117142eba5beb6970723 [1ms]
[2022-02-18T19:56:06.353Z] > git ls-files --stage -- /home/lrb96/django_password_generator/generator/templates/generator/password.html [2ms]
[2022-02-18T19:56:06.360Z] > git cat-file -s 4301c4d2eba84b5cc2970f3434783a5662861ecb [1ms]
[2022-02-18T19:56:10.735Z] > git ls-files --stage -- /home/lrb96/django_password_generator/django_password_generator/settings.py [3ms]
[2022-02-18T19:56:10.741Z] > git cat-file -s 8b32be50c058147bc810b8afb3238f7e26973feb [2ms]
[2022-02-18T19:56:11.642Z] > git ls-files --stage -- /home/lrb96/django_password_generator/generator/templates/generator/home.html [3ms]
[2022-02-18T19:56:11.650Z] > git cat-file -s aa27320a9b8c8ab9befc117142eba5beb6970723 [1ms]
[2022-02-18T19:56:29.445Z] > git ls-files --stage -- /home/lrb96/django_password_generator/generator/templates/generator/password.html [3ms]
[2022-02-18T19:56:29.452Z] > git cat-file -s 4301c4d2eba84b5cc2970f3434783a5662861ecb [2ms]
[2022-02-18T19:56:32.247Z] > git ls-files --stage -- /home/lrb96/django_password_generator/generator/templates/generator/home.html [3ms]
[2022-02-18T19:56:32.255Z] > git cat-file -s aa27320a9b8c8ab9befc117142eba5beb6970723 [2ms]
[2022-02-18T19:56:32.864Z] > git ls-files --stage -- /home/lrb96/django_password_generator/generator/templates/generator/partials/_navbar.html [3ms]
[2022-02-18T19:57:01.554Z] > git ls-files --stage -- /home/lrb96/django_password_generator/generator/templates/generator/partials/{% url  [6ms]
[2022-02-18T19:57:04.581Z] > git ls-files --stage -- /home/lrb96/django_password_generator/generator/templates/generator/partials/_navbar.html [3ms]
[2022-02-18T19:57:14.201Z] > git ls-files --stage -- /home/lrb96/django_password_generator/generator/templates/generator/about.html [2ms]
[2022-02-18T19:57:14.209Z] > git cat-file -s fafd0876c6fc831cc0fd6b9cf40c99a80198d9da [3ms]
[2022-02-18T19:57:14.999Z] > git ls-files --stage -- /home/lrb96/django_password_generator/generator/templates/generator/layout.html [3ms]
[2022-02-18T19:57:15.005Z] > git cat-file -s 7b0ade269c8338c2444af82bddc348cd19c4e516 [1ms]
[2022-02-18T19:57:16.503Z] > git ls-files --stage -- /home/lrb96/django_password_generator/generator/views.py [4ms]
[2022-02-18T19:57:16.509Z] > git cat-file -s 8e793ed758a627cba8b6fdd57a91ee9b60842169 [1ms]
[2022-02-18T19:57:17.483Z] > git ls-files --stage -- /home/lrb96/django_password_generator/django_password_generator/urls.py [2ms]
[2022-02-18T19:57:17.490Z] > git cat-file -s 0ac6b9b0c5d95e4b0e74fd5ab1250390ee678a64 [1ms]
[2022-02-18T19:58:19.761Z] > git ls-files --stage -- /home/lrb96/django_password_generator/generator/templates/generator/partials/_navbar.html [2ms]
[2022-02-18T19:59:34.550Z] > git ls-files --stage -- /home/lrb96/django_password_generator/django_password_generator/urls.py [2ms]
[2022-02-18T19:59:34.557Z] > git cat-file -s 0ac6b9b0c5d95e4b0e74fd5ab1250390ee678a64 [2ms]
[2022-02-18T19:59:36.057Z] > git ls-files --stage -- /home/lrb96/django_password_generator/generator/templates/generator/partials/_navbar.html [3ms]
[2022-02-18T20:03:14.265Z] > git ls-files --stage -- /home/lrb96/django_password_generator/django_password_generator/urls.py [3ms]
[2022-02-18T20:03:14.274Z] > git cat-file -s 0ac6b9b0c5d95e4b0e74fd5ab1250390ee678a64 [3ms]
[2022-02-18T20:03:15.443Z] > git ls-files --stage -- /home/lrb96/django_password_generator/generator/templates/generator/partials/_navbar.html [3ms]
[2022-02-18T20:08:58.336Z] > git ls-files --stage -- /home/lrb96/django_password_generator/generator/templates/generator/layout.html [4ms]
[2022-02-18T20:08:58.345Z] > git cat-file -s 7b0ade269c8338c2444af82bddc348cd19c4e516 [3ms]
[2022-02-18T20:17:08.769Z] > git ls-files --stage -- /home/lrb96/django_password_generator/generator/templates/generator/home.html [3ms]
[2022-02-18T20:17:08.779Z] > git cat-file -s aa27320a9b8c8ab9befc117142eba5beb6970723 [1ms]
[2022-02-18T21:10:08.735Z] > git ls-files --stage -- /home/lrb96/django_password_generator/generator/templates/generator/password.html [6ms]
[2022-02-18T21:10:08.755Z] > git cat-file -s 4301c4d2eba84b5cc2970f3434783a5662861ecb [3ms]
[2022-02-18T21:15:24.602Z] > git ls-files --stage -- /home/lrb96/django_password_generator/django_password_generator/urls.py [21ms]
[2022-02-18T21:15:24.628Z] > git cat-file -s 0ac6b9b0c5d95e4b0e74fd5ab1250390ee678a64 [3ms]
[2022-02-18T21:15:35.217Z] > git ls-files --stage -- /home/lrb96/django_password_generator/generator/views.py [5ms]
[2022-02-18T21:15:35.248Z] > git cat-file -s 8e793ed758a627cba8b6fdd57a91ee9b60842169 [2ms]
[2022-02-18T21:15:42.109Z] > git ls-files --stage -- /home/lrb96/django_password_generator/generator/templates/generator/layout.html [5ms]
[2022-02-18T21:15:42.118Z] > git cat-file -s 7b0ade269c8338c2444af82bddc348cd19c4e516 [2ms]
[2022-02-18T21:15:44.792Z] > git ls-files --stage -- /home/lrb96/django_password_generator/generator/templates/generator/about.html [13ms]
[2022-02-18T21:15:44.814Z] > git cat-file -s fafd0876c6fc831cc0fd6b9cf40c99a80198d9da [5ms]
[2022-02-18T21:15:48.337Z] > git ls-files --stage -- /home/lrb96/django_password_generator/django_password_generator/settings.py [5ms]
[2022-02-18T21:15:48.350Z] > git cat-file -s 8b32be50c058147bc810b8afb3238f7e26973feb [3ms]
[2022-02-18T21:15:54.666Z] > git ls-files --stage -- /home/lrb96/django_password_generator/generator/templates/generator/partials/_navbar.html [16ms]
[2022-02-18T21:15:55.640Z] > git ls-files --stage -- /home/lrb96/django_password_generator/generator/templates/generator/home.html [19ms]
[2022-02-18T21:15:55.683Z] > git cat-file -s aa27320a9b8c8ab9befc117142eba5beb6970723 [15ms]
[2022-02-18T21:15:56.612Z] > git ls-files --stage -- /home/lrb96/django_password_generator/generator/templates/generator/password.html [5ms]
[2022-02-18T21:15:56.625Z] > git cat-file -s 4301c4d2eba84b5cc2970f3434783a5662861ecb [1ms]
[2022-02-18T21:15:58.018Z] > git ls-files --stage -- /home/lrb96/django_password_generator/django_password_generator/urls.py [12ms]
[2022-02-18T21:15:58.037Z] > git cat-file -s 0ac6b9b0c5d95e4b0e74fd5ab1250390ee678a64 [4ms]
[2022-02-18T21:16:00.834Z] > git ls-files --stage -- /home/lrb96/django_password_generator/generator/templates/generator/layout.html [4ms]
[2022-02-18T21:16:00.845Z] > git cat-file -s 7b0ade269c8338c2444af82bddc348cd19c4e516 [3ms]
[2022-02-18T21:16:02.067Z] > git ls-files --stage -- /home/lrb96/django_password_generator/generator/templates/generator/partials/_navbar.html [10ms]
[2022-02-18T21:16:03.236Z] > git ls-files --stage -- /home/lrb96/django_password_generator/generator/templates/generator/home.html [14ms]
[2022-02-18T21:16:03.253Z] > git cat-file -s aa27320a9b8c8ab9befc117142eba5beb6970723 [4ms]
[2022-02-18T21:16:04.164Z] > git ls-files --stage -- /home/lrb96/django_password_generator/generator/templates/generator/password.html [21ms]
[2022-02-18T21:16:04.196Z] > git cat-file -s 4301c4d2eba84b5cc2970f3434783a5662861ecb [10ms]
[2022-02-18T21:16:05.172Z] > git ls-files --stage -- /home/lrb96/django_password_generator/generator/templates/generator/about.html [14ms]
[2022-02-18T21:16:05.193Z] > git cat-file -s fafd0876c6fc831cc0fd6b9cf40c99a80198d9da [5ms]
[2022-02-18T21:16:08.870Z] > git ls-files --stage -- /home/lrb96/django_password_generator/django_password_generator/urls.py [20ms]
[2022-02-18T21:16:08.901Z] > git cat-file -s 0ac6b9b0c5d95e4b0e74fd5ab1250390ee678a64 [12ms]
[2022-02-18T21:16:42.981Z] > git ls-files --stage -- /home/lrb96/django_password_generator/generator/views.py [6ms]
[2022-02-18T21:16:42.991Z] > git cat-file -s 8e793ed758a627cba8b6fdd57a91ee9b60842169 [2ms]
[2022-02-18T21:16:47.876Z] > git ls-files --stage -- /home/lrb96/django_password_generator/generator/templates/generator/layout.html [4ms]
[2022-02-18T21:16:47.885Z] > git cat-file -s 7b0ade269c8338c2444af82bddc348cd19c4e516 [2ms]
[2022-02-18T21:16:50.802Z] > git ls-files --stage -- /home/lrb96/django_password_generator/generator/templates/generator/partials/_navbar.html [13ms]
[2022-02-18T21:16:54.482Z] > git ls-files --stage -- /home/lrb96/django_password_generator/generator/templates/generator/home.html [5ms]
[2022-02-18T21:16:54.504Z] > git cat-file -s aa27320a9b8c8ab9befc117142eba5beb6970723 [3ms]
[2022-02-18T21:17:00.064Z] > git ls-files --stage -- /home/lrb96/django_password_generator/generator/templates/generator/password.html [20ms]
[2022-02-18T21:17:00.114Z] > git cat-file -s 4301c4d2eba84b5cc2970f3434783a5662861ecb [15ms]
[2022-02-18T21:17:32.974Z] > git ls-files --stage -- /home/lrb96/django_password_generator/django_password_generator/urls.py [7ms]
[2022-02-18T21:17:32.986Z] > git cat-file -s 0ac6b9b0c5d95e4b0e74fd5ab1250390ee678a64 [1ms]
[2022-02-18T21:17:47.562Z] > git ls-files --stage -- /home/lrb96/django_password_generator/generator/views.py [13ms]
[2022-02-18T21:17:47.641Z] > git cat-file -s 8e793ed758a627cba8b6fdd57a91ee9b60842169 [27ms]
[2022-02-18T21:17:52.253Z] > git ls-files --stage -- /home/lrb96/django_password_generator/generator/templates/generator/layout.html [20ms]
[2022-02-18T21:17:52.280Z] > git cat-file -s 7b0ade269c8338c2444af82bddc348cd19c4e516 [6ms]
[2022-02-18T21:17:53.929Z] > git ls-files --stage -- /home/lrb96/django_password_generator/generator/templates/generator/partials/_navbar.html [11ms]
[2022-02-18T21:17:57.063Z] > git ls-files --stage -- /home/lrb96/django_password_generator/generator/templates/generator/home.html [20ms]
[2022-02-18T21:17:57.089Z] > git cat-file -s aa27320a9b8c8ab9befc117142eba5beb6970723 [7ms]
[2022-02-18T21:18:01.128Z] > git ls-files --stage -- /home/lrb96/django_password_generator/generator/templates/generator/password.html [14ms]
[2022-02-18T21:18:01.161Z] > git cat-file -s 4301c4d2eba84b5cc2970f3434783a5662861ecb [11ms]
