[2022-10-29T19:16:22.531Z] Nivel de registro: Info
[2022-10-29T19:16:22.539Z] [info] La validación encontró Git en: git
[2022-10-29T19:16:22.596Z] [info] Usando GIT 2.25.1 desde git
[2022-10-29T19:16:22.971Z] > git rev-parse --show-toplevel [360ms]
[2022-10-29T19:16:22.999Z] > git rev-parse --git-dir --git-common-dir [18ms]
[2022-10-29T19:16:23.008Z] [info] Open repository: /home/lrb96
[2022-10-29T19:16:23.600Z] > git check-ignore -v -z --stdin [14ms]
[2022-10-29T19:16:23.662Z] > git status -z -uall [643ms]
[2022-10-29T19:16:23.666Z] > git symbolic-ref --short HEAD [0ms]
[2022-10-29T19:16:23.669Z] > git for-each-ref --format=%(refname)%00%(upstream:short)%00%(objectname)%00%(upstream:track)%00%(upstream:remotename)%00%(upstream:remoteref) refs/heads/master refs/remotes/master [1ms]
[2022-10-29T19:16:23.676Z] > git remote --verbose [1ms]
[2022-10-29T19:16:23.677Z] > git for-each-ref --sort -committerdate --format %(refname) %(objectname) %(*objectname) [4ms]
[2022-10-29T19:16:23.686Z] > git config --get commit.template [1ms]
[2022-10-29T19:16:23.795Z] > git status -z -uall [104ms]
[2022-10-29T19:16:23.801Z] > git symbolic-ref --short HEAD [2ms]
[2022-10-29T19:16:23.806Z] > git for-each-ref --format=%(refname)%00%(upstream:short)%00%(objectname)%00%(upstream:track)%00%(upstream:remotename)%00%(upstream:remoteref) refs/heads/master refs/remotes/master [1ms]
[2022-10-29T19:16:23.816Z] > git for-each-ref --sort -committerdate --format %(refname) %(objectname) %(*objectname) [6ms]
[2022-10-29T19:16:23.816Z] > git remote --verbose [1ms]
[2022-10-29T19:16:23.822Z] > git config --get commit.template [1ms]
[2022-10-29T19:16:31.446Z] > git fetch [1220ms]
[2022-10-29T19:16:31.517Z] > git status -z -uall [68ms]
[2022-10-29T19:16:31.521Z] > git symbolic-ref --short HEAD [1ms]
[2022-10-29T19:16:31.524Z] > git for-each-ref --format=%(refname)%00%(upstream:short)%00%(objectname)%00%(upstream:track)%00%(upstream:remotename)%00%(upstream:remoteref) refs/heads/master refs/remotes/master [1ms]
[2022-10-29T19:16:31.528Z] > git remote --verbose [1ms]
[2022-10-29T19:16:31.528Z] > git for-each-ref --sort -committerdate --format %(refname) %(objectname) %(*objectname) [2ms]
[2022-10-29T19:16:31.534Z] > git config --get commit.template [0ms]
[2022-10-29T19:16:31.608Z] > git status -z -uall [71ms]
[2022-10-29T19:16:31.612Z] > git symbolic-ref --short HEAD [1ms]
[2022-10-29T19:16:31.616Z] > git for-each-ref --format=%(refname)%00%(upstream:short)%00%(objectname)%00%(upstream:track)%00%(upstream:remotename)%00%(upstream:remoteref) refs/heads/master refs/remotes/master [1ms]
[2022-10-29T19:16:31.621Z] > git remote --verbose [1ms]
[2022-10-29T19:16:31.621Z] > git for-each-ref --sort -committerdate --format %(refname) %(objectname) %(*objectname) [3ms]
[2022-10-29T19:16:31.625Z] > git config --get commit.template [0ms]
