[2022-10-27T21:47:00.972Z] Nivel de registro: Info
[2022-10-27T21:47:00.976Z] [info] La validación encontró Git en: git
[2022-10-27T21:47:00.997Z] [info] Usando GIT 2.25.1 desde git
[2022-10-27T21:47:01.028Z] > git rev-parse --show-toplevel [21ms]
[2022-10-27T21:47:01.033Z] > git rev-parse --git-dir --git-common-dir [1ms]
[2022-10-27T21:47:01.038Z] [info] Open repository: /home/lrb96
[2022-10-27T21:47:01.135Z] > git status -z -uall [89ms]
[2022-10-27T21:47:01.587Z] > git check-ignore -v -z --stdin [6ms]
[2022-10-27T21:47:02.256Z] > git fetch [1213ms]
[2022-10-27T21:47:03.501Z] > git show --textconv :pandas_ejercicios/students_performance.py [242ms]
[2022-10-27T21:47:03.501Z] > git ls-files --stage -- /home/lrb96/pandas_ejercicios/students_performance.py [236ms]
[2022-10-27T21:47:03.548Z] > git ls-files --stage -- /home/lrb96/pandas_ejercicios/students_performance.py [31ms]
[2022-10-27T21:47:09.533Z] > git symbolic-ref --short HEAD [0ms]
[2022-10-27T21:47:09.537Z] > git for-each-ref --format=%(refname)%00%(upstream:short)%00%(objectname)%00%(upstream:track)%00%(upstream:remotename)%00%(upstream:remoteref) refs/heads/master refs/remotes/master [1ms]
[2022-10-27T21:47:09.545Z] > git remote --verbose [1ms]
[2022-10-27T21:47:09.546Z] > git for-each-ref --sort -committerdate --format %(refname) %(objectname) %(*objectname) [5ms]
[2022-10-27T21:47:09.672Z] > git config --get commit.template [1ms]
[2022-10-27T21:47:10.466Z] > git status -z -uall [790ms]
[2022-10-27T21:47:10.466Z] > git symbolic-ref --short HEAD [1ms]
[2022-10-27T21:47:10.474Z] > git for-each-ref --format=%(refname)%00%(upstream:short)%00%(objectname)%00%(upstream:track)%00%(upstream:remotename)%00%(upstream:remoteref) refs/heads/master refs/remotes/master [1ms]
[2022-10-27T21:47:10.484Z] > git remote --verbose [1ms]
[2022-10-27T21:47:10.485Z] > git for-each-ref --sort -committerdate --format %(refname) %(objectname) %(*objectname) [6ms]
[2022-10-27T21:47:10.593Z] > git config --get commit.template [0ms]
[2022-10-27T21:47:11.632Z] > git status -z -uall [1034ms]
[2022-10-27T21:47:11.632Z] > git symbolic-ref --short HEAD [1ms]
[2022-10-27T21:47:11.640Z] > git for-each-ref --format=%(refname)%00%(upstream:short)%00%(objectname)%00%(upstream:track)%00%(upstream:remotename)%00%(upstream:remoteref) refs/heads/master refs/remotes/master [0ms]
[2022-10-27T21:47:11.655Z] > git remote --verbose [1ms]
[2022-10-27T21:47:11.655Z] > git for-each-ref --sort -committerdate --format %(refname) %(objectname) %(*objectname) [8ms]
[2022-10-27T21:47:11.773Z] > git config --get commit.template [1ms]
