[Info  - 4:47:04 PM] (2346) Pylance language server 2022.10.40 (pyright 24992a73) starting
[Info  - 4:47:04 PM] (2346) Server root directory: /home/lrb96/.vscode-server/extensions/ms-python.vscode-pylance-2022.10.40/dist
[Info  - 4:47:04 PM] (2346) Starting service instance "pandas_ejercicios"
[Info  - 4:47:04 PM] (2346) Notebook support: LSP
[Info  - 4:47:04 PM] (2346) Interactive window support: LSP
[Info  - 4:47:04 PM] (2346) No configuration file found.
[Info  - 4:47:04 PM] (2346) No pyproject.toml file found.
[Info  - 4:47:04 PM] (2346) Setting pythonPath for service "pandas_ejercicios": "/home/lrb96/fastapi_python/main.py"
[Warn  - 4:47:04 PM] (2346) stubPath /home/lrb96/pandas_ejercicios/typings is not a valid directory.
[Info  - 4:47:04 PM] (2346) Unable to get Python version from interpreter
[Info  - 4:47:04 PM] (2346) Assuming Python platform Linux
[Info  - 4:47:04 PM] (2346) Searching for source files
[Info  - 4:47:04 PM] (2346) Found 1 source file
[Info  - 4:47:04 PM] (2346) Background analysis(1) root directory: /home/lrb96/.vscode-server/extensions/ms-python.vscode-pylance-2022.10.40/dist
[Info  - 4:47:04 PM] (2346) Background analysis(1) started
[Info  - 4:47:04 PM] (2346) Indexer background runner(2) root directory: /home/lrb96/.vscode-server/extensions/ms-python.vscode-pylance-2022.10.40/dist (index)
[Info  - 4:47:04 PM] (2346) Indexing(2) started
[Info  - 4:47:04 PM] (2346) Indexer done(2). indexed 445 files
[Info  - 4:47:15 PM] (2346) No configuration file found.
[Info  - 4:47:15 PM] (2346) No pyproject.toml file found.
[Info  - 4:47:15 PM] (2346) Setting pythonPath for service "pandas_ejercicios": "/usr/bin/python3.9"
[Warn  - 4:47:15 PM] (2346) stubPath /home/lrb96/pandas_ejercicios/typings is not a valid directory.
[Info  - 4:47:15 PM] (2346) Assuming Python version 3.9
[Info  - 4:47:15 PM] (2346) Assuming Python platform Linux
[Info  - 4:47:15 PM] (2346) Searching for source files
[Info  - 4:47:15 PM] (2346) Found 1 source file
[Info  - 4:47:16 PM] (2346) Indexer background runner(3) root directory: /home/lrb96/.vscode-server/extensions/ms-python.vscode-pylance-2022.10.40/dist (index)
[Info  - 4:47:16 PM] (2346) Indexing(3) started
[Info  - 4:47:16 PM] (2346) Indexer done(3). indexed 480 files
