[2022-04-14T18:36:39.557Z] Validating found git in: git
[2022-04-14T18:36:39.590Z] Using git 2.25.1 from git
[2022-04-14T18:36:39.857Z] > git rev-parse --git-dir [72ms]
[2022-04-14T18:36:39.862Z] Open repository: /home/lrb96
[2022-04-14T18:36:39.917Z] > git symbolic-ref --short HEAD [8ms]
[2022-04-14T18:36:39.930Z] > git for-each-ref --format=%(refname)%00%(upstream:short)%00%(objectname)%00%(upstream:track) refs/heads/master refs/remotes/master [10ms]
[2022-04-14T18:36:39.952Z] > git remote --verbose [14ms]
[2022-04-14T18:36:39.952Z] > git for-each-ref --sort -committerdate --format %(refname) %(objectname) %(*objectname) [18ms]
[2022-04-14T18:36:39.971Z] > git config --get commit.template [14ms]
[2022-04-14T18:36:41.148Z] > git fetch [1282ms]
[2022-04-14T18:36:41.165Z] > git symbolic-ref --short HEAD [1ms]
[2022-04-14T18:36:41.168Z] > git for-each-ref --format=%(refname)%00%(upstream:short)%00%(objectname)%00%(upstream:track) refs/heads/master refs/remotes/master [1ms]
[2022-04-14T18:36:41.176Z] > git remote --verbose [0ms]
[2022-04-14T18:36:41.176Z] > git for-each-ref --sort -committerdate --format %(refname) %(objectname) %(*objectname) [4ms]
[2022-04-14T18:36:41.185Z] > git config --get commit.template [1ms]
[2022-04-14T18:36:54.903Z] > git symbolic-ref --short HEAD [0ms]
[2022-04-14T18:36:54.907Z] > git for-each-ref --format=%(refname)%00%(upstream:short)%00%(objectname)%00%(upstream:track) refs/heads/master refs/remotes/master [1ms]
[2022-04-14T18:36:54.911Z] > git remote --verbose [0ms]
[2022-04-14T18:36:54.912Z] > git for-each-ref --sort -committerdate --format %(refname) %(objectname) %(*objectname) [3ms]
[2022-04-14T18:36:54.919Z] > git config --get commit.template [1ms]
[2022-04-14T18:39:22.629Z] > git symbolic-ref --short HEAD [1ms]
[2022-04-14T18:39:22.632Z] > git for-each-ref --format=%(refname)%00%(upstream:short)%00%(objectname)%00%(upstream:track) refs/heads/master refs/remotes/master [0ms]
[2022-04-14T18:39:22.639Z] > git remote --verbose [1ms]
[2022-04-14T18:39:22.639Z] > git for-each-ref --sort -committerdate --format %(refname) %(objectname) %(*objectname) [4ms]
[2022-04-14T18:39:22.645Z] > git config --get commit.template [1ms]
[2022-04-14T18:39:27.662Z] > git symbolic-ref --short HEAD [1ms]
[2022-04-14T18:39:27.665Z] > git for-each-ref --format=%(refname)%00%(upstream:short)%00%(objectname)%00%(upstream:track) refs/heads/master refs/remotes/master [0ms]
[2022-04-14T18:39:27.669Z] > git remote --verbose [0ms]
[2022-04-14T18:39:27.670Z] > git for-each-ref --sort -committerdate --format %(refname) %(objectname) %(*objectname) [3ms]
[2022-04-14T18:39:27.673Z] > git config --get commit.template [0ms]
