[2022-10-18 09:35:27.278] [exthost] [info] Extension host with pid 496 started
[2022-10-18 09:35:27.302] [exthost] [info] Lock '/home/lrb96/.vscode-server/data/User/workspaceStorage/116cbcba3a3988a2f633941078fdd322/vscode.lock': Lock acquired.
[2022-10-18 09:35:27.354] [exthost] [info] ExtensionService#_doActivateExtension ms-python.python, startup: false, activationEvent: 'onLanguage:python'
[2022-10-18 09:35:27.355] [exthost] [info] ExtensionService#_doActivateExtension ms-toolsai.jupyter, startup: false, activationEvent: 'onLanguage:python'
[2022-10-18 09:35:27.355] [exthost] [info] ExtensionService#_doActivateExtension njpwerner.autodocstring, startup: false, activationEvent: 'onLanguage:python'
[2022-10-18 09:35:27.355] [exthost] [info] ExtensionService#_doActivateExtension vscode.debug-auto-launch, startup: true, activationEvent: '*'
[2022-10-18 09:35:27.356] [exthost] [info] ExtensionService#_doActivateExtension vscode.git-base, startup: true, activationEvent: '*', root cause: vscode.git
[2022-10-18 09:35:27.356] [exthost] [info] ExtensionService#_doActivateExtension vscode.ipynb, startup: true, activationEvent: '*'
[2022-10-18 09:35:28.177] [exthost] [info] ExtensionService#_doActivateExtension vscode.git, startup: true, activationEvent: '*'
[2022-10-18 09:35:28.177] [exthost] [info] ExtensionService#_doActivateExtension vscode.github, startup: true, activationEvent: '*'
[2022-10-18 09:35:28.554] [exthost] [info] ExtensionService#_doActivateExtension ms-toolsai.jupyter-renderers, startup: false, activationEvent: 'api', root cause: ms-toolsai.jupyter
[2022-10-18 09:35:28.664] [exthost] [info] ExtensionService#_doActivateExtension vscode.emmet, startup: false, activationEvent: 'onStartupFinished'
[2022-10-18 09:35:28.664] [exthost] [info] ExtensionService#_doActivateExtension vscode.merge-conflict, startup: false, activationEvent: 'onStartupFinished'
[2022-10-18 09:35:28.665] [exthost] [info] ExtensionService#_doActivateExtension ritwickdey.LiveServer, startup: false, activationEvent: 'onStartupFinished'
[2022-10-18 09:35:28.665] [exthost] [info] Eager extensions activated
[2022-10-18 09:35:28.792] [exthost] [info] ExtensionService#_doActivateExtension ms-python.vscode-pylance, startup: false, activationEvent: 'onLanguage:python'
[2022-10-18 09:35:29.337] [exthost] [info] ExtensionService#_doActivateExtension vscode.configuration-editing, startup: false, activationEvent: 'onLanguage:jsonc'
[2022-10-18 09:35:29.337] [exthost] [info] ExtensionService#_doActivateExtension vscode.json-language-features, startup: false, activationEvent: 'onLanguage:jsonc'
[2022-10-18 09:35:29.338] [exthost] [info] ExtensionService#_doActivateExtension vscode.typescript-language-features, startup: false, activationEvent: 'onLanguage:jsonc'
[2022-10-18 11:01:32.716] [exthost] [info] Extension host terminating: received terminate message from renderer
[2022-10-18 11:01:32.717] [exthost] [info] Lock '/home/lrb96/.vscode-server/data/User/workspaceStorage/116cbcba3a3988a2f633941078fdd322/vscode.lock': Marking the lockfile as scheduled to be released in 6000 ms.
[2022-10-18 11:01:32.767] [exthost] [info] Extension host with pid 496 exiting with code 0
