[2022-10-26 11:04:06.800] [exthost] [info] Extension host with pid 530 started
[2022-10-26 11:04:06.817] [exthost] [info] Lock '/home/lrb96/.vscode-server/data/User/workspaceStorage/9b28839517ccd6085c297be2ef2a1d09/vscode.lock': Lock acquired.
[2022-10-26 11:04:06.940] [exthost] [info] ExtensionService#_doActivateExtension vscode.debug-auto-launch, startup: true, activationEvent: '*'
[2022-10-26 11:04:06.940] [exthost] [info] ExtensionService#_doActivateExtension vscode.git-base, startup: true, activationEvent: '*', root cause: vscode.git
[2022-10-26 11:04:06.941] [exthost] [info] ExtensionService#_doActivateExtension vscode.ipynb, startup: true, activationEvent: '*'
[2022-10-26 11:04:07.014] [exthost] [info] ExtensionService#_doActivateExtension vscode.git, startup: true, activationEvent: '*'
[2022-10-26 11:04:07.015] [exthost] [info] ExtensionService#_doActivateExtension vscode.github, startup: true, activationEvent: '*'
[2022-10-26 11:04:07.161] [exthost] [info] ExtensionService#_doActivateExtension vscode.emmet, startup: false, activationEvent: 'onStartupFinished'
[2022-10-26 11:04:07.161] [exthost] [info] ExtensionService#_doActivateExtension vscode.merge-conflict, startup: false, activationEvent: 'onStartupFinished'
[2022-10-26 11:04:07.161] [exthost] [info] ExtensionService#_doActivateExtension ritwickdey.LiveServer, startup: false, activationEvent: 'onStartupFinished'
[2022-10-26 11:04:07.161] [exthost] [info] Eager extensions activated
[2022-10-26 11:04:08.054] [exthost] [info] ExtensionService#_doActivateExtension vscode.configuration-editing, startup: false, activationEvent: 'onLanguage:jsonc'
[2022-10-26 11:04:08.054] [exthost] [info] ExtensionService#_doActivateExtension vscode.json-language-features, startup: false, activationEvent: 'onLanguage:jsonc'
[2022-10-26 11:04:08.055] [exthost] [info] ExtensionService#_doActivateExtension vscode.typescript-language-features, startup: false, activationEvent: 'onLanguage:jsonc'
[2022-10-26 11:04:09.325] [exthost] [info] ExtensionService#_doActivateExtension ms-python.python, startup: false, activationEvent: 'onLanguage:python'
[2022-10-26 11:04:09.326] [exthost] [info] ExtensionService#_doActivateExtension ms-toolsai.jupyter, startup: false, activationEvent: 'onLanguage:python'
[2022-10-26 11:04:09.326] [exthost] [info] ExtensionService#_doActivateExtension njpwerner.autodocstring, startup: false, activationEvent: 'onLanguage:python'
[2022-10-26 11:04:10.490] [exthost] [info] ExtensionService#_doActivateExtension ms-toolsai.jupyter-renderers, startup: false, activationEvent: 'api', root cause: ms-toolsai.jupyter
[2022-10-26 11:04:10.577] [exthost] [info] ExtensionService#_doActivateExtension ms-python.vscode-pylance, startup: false, activationEvent: 'onLanguage:python'
[2022-10-26 11:26:11.210] [exthost] [info] Extension host terminating: received terminate message from renderer
[2022-10-26 11:26:11.210] [exthost] [info] Lock '/home/lrb96/.vscode-server/data/User/workspaceStorage/9b28839517ccd6085c297be2ef2a1d09/vscode.lock': Marking the lockfile as scheduled to be released in 6000 ms.
[2022-10-26 11:26:11.258] [exthost] [info] Extension host with pid 530 exiting with code 0
