[2022-10-29T20:05:29.538Z] Nivel de registro: Info
[2022-10-29T20:05:29.542Z] [info] La validación encontró Git en: git
[2022-10-29T20:05:29.838Z] [info] Usando GIT 2.25.1 desde git
[2022-10-29T20:05:30.044Z] > git rev-parse --show-toplevel [190ms]
[2022-10-29T20:05:30.138Z] > git rev-parse --git-dir --git-common-dir [82ms]
[2022-10-29T20:05:30.144Z] [info] Open repository: /home/lrb96
[2022-10-29T20:05:30.201Z] > git rev-parse --show-toplevel [39ms]
[2022-10-29T20:05:30.251Z] > git status -z -uall [95ms]
[2022-10-29T20:05:30.286Z] > git symbolic-ref --short HEAD [27ms]
[2022-10-29T20:05:30.303Z] > git for-each-ref --format=%(refname)%00%(upstream:short)%00%(objectname)%00%(upstream:track)%00%(upstream:remotename)%00%(upstream:remoteref) refs/heads/master refs/remotes/master [12ms]
[2022-10-29T20:05:30.320Z] > git remote --verbose [9ms]
[2022-10-29T20:05:30.320Z] > git for-each-ref --sort -committerdate --format %(refname) %(objectname) %(*objectname) [13ms]
[2022-10-29T20:05:30.344Z] > git config --get commit.template [12ms]
[2022-10-29T20:05:30.442Z] > git status -z -uall [91ms]
[2022-10-29T20:05:30.459Z] > git symbolic-ref --short HEAD [9ms]
[2022-10-29T20:05:30.468Z] > git for-each-ref --format=%(refname)%00%(upstream:short)%00%(objectname)%00%(upstream:track)%00%(upstream:remotename)%00%(upstream:remoteref) refs/heads/master refs/remotes/master [2ms]
[2022-10-29T20:05:30.484Z] > git remote --verbose [1ms]
[2022-10-29T20:05:30.485Z] > git for-each-ref --sort -committerdate --format %(refname) %(objectname) %(*objectname) [10ms]
[2022-10-29T20:05:30.495Z] > git config --get commit.template [1ms]
[2022-10-29T20:05:30.732Z] > git check-ignore -v -z --stdin [21ms]
[2022-10-29T20:05:30.833Z] > git show --textconv :pandas_ejercicios/df.py [8ms]
[2022-10-29T20:05:30.838Z] > git ls-files --stage -- /home/lrb96/pandas_ejercicios/df.py [7ms]
[2022-10-29T20:05:30.844Z] > git cat-file -s 32e1d5c87e773342e7487d05ff0ed3d769a28f1f [1ms]
[2022-10-29T20:05:31.421Z] > git fetch [1271ms]
[2022-10-29T20:05:31.516Z] > git status -z -uall [89ms]
[2022-10-29T20:05:31.524Z] > git symbolic-ref --short HEAD [1ms]
[2022-10-29T20:05:31.532Z] > git for-each-ref --format=%(refname)%00%(upstream:short)%00%(objectname)%00%(upstream:track)%00%(upstream:remotename)%00%(upstream:remoteref) refs/heads/master refs/remotes/master [1ms]
[2022-10-29T20:05:31.544Z] > git remote --verbose [0ms]
[2022-10-29T20:05:31.545Z] > git for-each-ref --sort -committerdate --format %(refname) %(objectname) %(*objectname) [7ms]
[2022-10-29T20:05:31.554Z] > git config --get commit.template [1ms]
[2022-10-29T20:05:32.500Z] > git ls-files --stage -- /home/lrb96/pandas_ejercicios/df.py [6ms]
[2022-10-29T20:05:32.506Z] > git cat-file -s 32e1d5c87e773342e7487d05ff0ed3d769a28f1f [0ms]
[2022-10-29T20:05:32.520Z] > git show --textconv :pandas_ejercicios/df.py [6ms]
