[2022-10-26 15:25:14.868] [exthost] [info] Extension host with pid 96 started
[2022-10-26 15:25:14.889] [exthost] [info] Lock '/home/lrb96/.vscode-server/data/User/workspaceStorage/9b28839517ccd6085c297be2ef2a1d09/vscode.lock': Lock acquired.
[2022-10-26 15:25:15.070] [exthost] [info] ExtensionService#_doActivateExtension ms-python.python, startup: false, activationEvent: 'onLanguage:python'
[2022-10-26 15:25:15.071] [exthost] [info] ExtensionService#_doActivateExtension ms-toolsai.jupyter, startup: false, activationEvent: 'onLanguage:python'
[2022-10-26 15:25:15.071] [exthost] [info] ExtensionService#_doActivateExtension njpwerner.autodocstring, startup: false, activationEvent: 'onLanguage:python'
[2022-10-26 15:25:15.072] [exthost] [info] ExtensionService#_doActivateExtension vscode.debug-auto-launch, startup: true, activationEvent: '*'
[2022-10-26 15:25:15.072] [exthost] [info] ExtensionService#_doActivateExtension vscode.git-base, startup: true, activationEvent: '*', root cause: vscode.git
[2022-10-26 15:25:15.072] [exthost] [info] ExtensionService#_doActivateExtension vscode.ipynb, startup: true, activationEvent: '*'
[2022-10-26 15:25:15.697] [exthost] [info] ExtensionService#_doActivateExtension vscode.git, startup: true, activationEvent: '*'
[2022-10-26 15:25:15.698] [exthost] [info] ExtensionService#_doActivateExtension vscode.github, startup: true, activationEvent: '*'
[2022-10-26 15:25:16.020] [exthost] [info] ExtensionService#_doActivateExtension ms-toolsai.jupyter-renderers, startup: false, activationEvent: 'api', root cause: ms-toolsai.jupyter
[2022-10-26 15:25:16.127] [exthost] [info] ExtensionService#_doActivateExtension ms-python.vscode-pylance, startup: false, activationEvent: 'onLanguage:python'
[2022-10-26 15:25:16.302] [exthost] [info] ExtensionService#_doActivateExtension vscode.emmet, startup: false, activationEvent: 'onStartupFinished'
[2022-10-26 15:25:16.302] [exthost] [info] ExtensionService#_doActivateExtension vscode.merge-conflict, startup: false, activationEvent: 'onStartupFinished'
[2022-10-26 15:25:16.302] [exthost] [info] ExtensionService#_doActivateExtension ritwickdey.LiveServer, startup: false, activationEvent: 'onStartupFinished'
[2022-10-26 15:25:16.302] [exthost] [info] Eager extensions activated
[2022-10-26 15:25:17.915] [exthost] [info] ExtensionService#_doActivateExtension vscode.configuration-editing, startup: false, activationEvent: 'onLanguage:jsonc'
[2022-10-26 15:25:17.915] [exthost] [info] ExtensionService#_doActivateExtension vscode.json-language-features, startup: false, activationEvent: 'onLanguage:jsonc'
[2022-10-26 15:25:17.915] [exthost] [info] ExtensionService#_doActivateExtension vscode.typescript-language-features, startup: false, activationEvent: 'onLanguage:jsonc'
[2022-10-26 16:43:25.359] [exthost] [info] Extension host terminating: received terminate message from renderer
[2022-10-26 16:43:25.359] [exthost] [info] Lock '/home/lrb96/.vscode-server/data/User/workspaceStorage/9b28839517ccd6085c297be2ef2a1d09/vscode.lock': Marking the lockfile as scheduled to be released in 6000 ms.
[2022-10-26 16:43:25.400] [exthost] [info] Extension host with pid 96 exiting with code 0
