[2022-10-21T15:54:29.422Z] Nivel de registro: Info
[2022-10-21T15:54:29.427Z] [info] La validación encontró Git en: git
[2022-10-21T15:54:29.662Z] [info] Usando GIT 2.25.1 desde git
[2022-10-21T15:54:29.718Z] > git rev-parse --show-toplevel [47ms]
[2022-10-21T15:54:29.750Z] > git rev-parse --git-dir --git-common-dir [25ms]
[2022-10-21T15:54:29.754Z] [info] Open repository: /home/lrb96
[2022-10-21T15:54:29.783Z] > git rev-parse --show-toplevel [12ms]
[2022-10-21T15:54:29.792Z] > git rev-parse --show-toplevel [2ms]
[2022-10-21T15:54:29.801Z] > git rev-parse --show-toplevel [2ms]
[2022-10-21T15:54:29.809Z] > git rev-parse --show-toplevel [1ms]
[2022-10-21T15:54:29.820Z] > git rev-parse --show-toplevel [4ms]
[2022-10-21T15:54:29.828Z] > git rev-parse --show-toplevel [1ms]
[2022-10-21T15:54:30.225Z] > git show --textconv :ejercicios_python/listas_tuplas/ejercicio2.py [35ms]
[2022-10-21T15:54:30.226Z] > git ls-files --stage -- /home/lrb96/ejercicios_python/listas_tuplas/ejercicio2.py [29ms]
[2022-10-21T15:54:30.241Z] > git cat-file -s e69de29bb2d1d6434b8b29ae775ad8c2e48c5391 [10ms]
[2022-10-21T15:54:30.359Z] > git check-ignore -v -z --stdin [16ms]
[2022-10-21T15:54:30.560Z] > git status -z -uall [794ms]
[2022-10-21T15:54:31.019Z] > git ls-files --stage -- /home/lrb96/ejercicios_python/listas_tuplas/ejercicio2.py [4ms]
[2022-10-21T15:54:31.026Z] > git cat-file -s e69de29bb2d1d6434b8b29ae775ad8c2e48c5391 [1ms]
[2022-10-21T15:54:31.042Z] > git show --textconv :ejercicios_python/listas_tuplas/ejercicio2.py [6ms]
[2022-10-21T15:54:31.081Z] > git fetch [1321ms]
[2022-10-21T15:54:32.258Z] > git ls-files --stage -- /home/lrb96/ejercicios_python/listas_tuplas/ejercicio2.py [5ms]
[2022-10-21T15:54:32.263Z] > git cat-file -s e69de29bb2d1d6434b8b29ae775ad8c2e48c5391 [0ms]
[2022-10-21T15:54:32.279Z] > git show --textconv :ejercicios_python/listas_tuplas/ejercicio2.py [4ms]
[2022-10-21T15:54:35.416Z] > git check-ignore -v -z --stdin [9ms]
[2022-10-21T15:54:43.856Z] > git show --textconv :ejercicios_python/listas_tuplas/ejercicio7.py [6ms]
[2022-10-21T15:54:43.860Z] > git ls-files --stage -- /home/lrb96/ejercicios_python/listas_tuplas/ejercicio7.py [4ms]
[2022-10-21T16:03:35.089Z] > git show --textconv :ejercicios_python/listas_tuplas/ejercicio2.py [4ms]
[2022-10-21T16:03:35.092Z] > git ls-files --stage -- /home/lrb96/ejercicios_python/listas_tuplas/ejercicio2.py [4ms]
[2022-10-21T16:03:35.096Z] > git cat-file -s e69de29bb2d1d6434b8b29ae775ad8c2e48c5391 [1ms]
[2022-10-21T16:03:37.550Z] > git show --textconv :ejercicios_python/listas_tuplas/ejercicio7.py [4ms]
[2022-10-21T16:03:37.553Z] > git ls-files --stage -- /home/lrb96/ejercicios_python/listas_tuplas/ejercicio7.py [4ms]
