[2022-10-26T22:19:20.639Z] Nivel de registro: Info
[2022-10-26T22:19:20.643Z] [info] La validación encontró Git en: git
[2022-10-26T22:19:20.871Z] [info] Usando GIT 2.25.1 desde git
[2022-10-26T22:19:20.940Z] > git rev-parse --show-toplevel [60ms]
[2022-10-26T22:19:20.950Z] > git rev-parse --git-dir --git-common-dir [4ms]
[2022-10-26T22:19:20.954Z] [info] Open repository: /home/lrb96
[2022-10-26T22:19:20.996Z] > git rev-parse --show-toplevel [23ms]
[2022-10-26T22:19:21.039Z] > git status -z -uall [72ms]
[2022-10-26T22:19:21.046Z] > git symbolic-ref --short HEAD [2ms]
[2022-10-26T22:19:21.054Z] > git for-each-ref --format=%(refname)%00%(upstream:short)%00%(objectname)%00%(upstream:track)%00%(upstream:remotename)%00%(upstream:remoteref) refs/heads/master refs/remotes/master [3ms]
[2022-10-26T22:19:21.064Z] > git remote --verbose [1ms]
[2022-10-26T22:19:21.065Z] > git for-each-ref --sort -committerdate --format %(refname) %(objectname) %(*objectname) [6ms]
[2022-10-26T22:19:21.073Z] > git config --get commit.template [0ms]
[2022-10-26T22:19:21.156Z] > git status -z -uall [78ms]
[2022-10-26T22:19:21.263Z] > git symbolic-ref --short HEAD [102ms]
[2022-10-26T22:19:21.272Z] > git for-each-ref --format=%(refname)%00%(upstream:short)%00%(objectname)%00%(upstream:track)%00%(upstream:remotename)%00%(upstream:remoteref) refs/heads/master refs/remotes/master [5ms]
[2022-10-26T22:19:21.313Z] > git remote --verbose [32ms]
[2022-10-26T22:19:21.314Z] > git for-each-ref --sort -committerdate --format %(refname) %(objectname) %(*objectname) [37ms]
[2022-10-26T22:19:21.322Z] > git config --get commit.template [2ms]
[2022-10-26T22:19:21.515Z] > git check-ignore -v -z --stdin [17ms]
[2022-10-26T22:19:21.793Z] > git show --textconv :ejercicios_python/listas_tuplas/ejercicio11.py [10ms]
[2022-10-26T22:19:21.800Z] > git ls-files --stage -- /home/lrb96/ejercicios_python/listas_tuplas/ejercicio11.py [10ms]
[2022-10-26T22:19:21.810Z] > git cat-file -s eac370aa3f264928cb316f3f8e4f81c93475b9af [1ms]
[2022-10-26T22:19:22.225Z] > git fetch [1265ms]
[2022-10-26T22:19:22.225Z] Warning: Permanently added the ECDSA host key for IP address '140.82.113.4' to the list of known hosts.
[2022-10-26T22:19:22.301Z] > git status -z -uall [69ms]
[2022-10-26T22:19:22.307Z] > git symbolic-ref --short HEAD [1ms]
[2022-10-26T22:19:22.326Z] > git for-each-ref --format=%(refname)%00%(upstream:short)%00%(objectname)%00%(upstream:track)%00%(upstream:remotename)%00%(upstream:remoteref) refs/heads/master refs/remotes/master [12ms]
[2022-10-26T22:19:22.338Z] > git remote --verbose [1ms]
[2022-10-26T22:19:22.338Z] > git for-each-ref --sort -committerdate --format %(refname) %(objectname) %(*objectname) [7ms]
[2022-10-26T22:19:22.362Z] > git config --get commit.template [17ms]
[2022-10-26T22:19:23.299Z] > git ls-files --stage -- /home/lrb96/ejercicios_python/listas_tuplas/ejercicio11.py [4ms]
[2022-10-26T22:19:23.304Z] > git cat-file -s eac370aa3f264928cb316f3f8e4f81c93475b9af [0ms]
[2022-10-26T22:19:23.318Z] > git show --textconv :ejercicios_python/listas_tuplas/ejercicio11.py [4ms]
[2022-10-26T22:19:24.744Z] > git status -z -uall [58ms]
[2022-10-26T22:19:24.748Z] > git symbolic-ref --short HEAD [0ms]
[2022-10-26T22:19:24.753Z] > git for-each-ref --format=%(refname)%00%(upstream:short)%00%(objectname)%00%(upstream:track)%00%(upstream:remotename)%00%(upstream:remoteref) refs/heads/master refs/remotes/master [0ms]
[2022-10-26T22:19:24.762Z] > git remote --verbose [0ms]
[2022-10-26T22:19:24.762Z] > git for-each-ref --sort -committerdate --format %(refname) %(objectname) %(*objectname) [5ms]
[2022-10-26T22:19:24.768Z] > git config --get commit.template [0ms]
[2022-10-26T22:19:25.378Z] > git show --textconv :ejercicios_python/listas_tuplas/ejercicio12.py [5ms]
[2022-10-26T22:19:25.381Z] > git ls-files --stage -- /home/lrb96/ejercicios_python/listas_tuplas/ejercicio12.py [3ms]
[2022-10-26T22:19:25.386Z] > git cat-file -s e69de29bb2d1d6434b8b29ae775ad8c2e48c5391 [1ms]
[2022-10-26T22:19:29.828Z] > git status -z -uall [54ms]
[2022-10-26T22:19:29.833Z] > git symbolic-ref --short HEAD [1ms]
[2022-10-26T22:19:29.838Z] > git for-each-ref --format=%(refname)%00%(upstream:short)%00%(objectname)%00%(upstream:track)%00%(upstream:remotename)%00%(upstream:remoteref) refs/heads/master refs/remotes/master [0ms]
[2022-10-26T22:19:29.849Z] > git remote --verbose [1ms]
[2022-10-26T22:19:29.849Z] > git for-each-ref --sort -committerdate --format %(refname) %(objectname) %(*objectname) [5ms]
[2022-10-26T22:19:29.856Z] > git config --get commit.template [1ms]
[2022-10-26T22:19:34.916Z] > git status -z -uall [55ms]
[2022-10-26T22:19:34.921Z] > git symbolic-ref --short HEAD [1ms]
[2022-10-26T22:19:34.926Z] > git for-each-ref --format=%(refname)%00%(upstream:short)%00%(objectname)%00%(upstream:track)%00%(upstream:remotename)%00%(upstream:remoteref) refs/heads/master refs/remotes/master [1ms]
[2022-10-26T22:19:34.937Z] > git remote --verbose [2ms]
[2022-10-26T22:19:34.937Z] > git for-each-ref --sort -committerdate --format %(refname) %(objectname) %(*objectname) [7ms]
[2022-10-26T22:19:34.944Z] > git config --get commit.template [2ms]
[2022-10-26T22:19:40.004Z] > git status -z -uall [54ms]
[2022-10-26T22:19:40.010Z] > git symbolic-ref --short HEAD [1ms]
[2022-10-26T22:19:40.015Z] > git for-each-ref --format=%(refname)%00%(upstream:short)%00%(objectname)%00%(upstream:track)%00%(upstream:remotename)%00%(upstream:remoteref) refs/heads/master refs/remotes/master [1ms]
[2022-10-26T22:19:40.023Z] > git remote --verbose [0ms]
[2022-10-26T22:19:40.024Z] > git for-each-ref --sort -committerdate --format %(refname) %(objectname) %(*objectname) [5ms]
[2022-10-26T22:19:40.029Z] > git config --get commit.template [0ms]
[2022-10-26T22:19:42.391Z] > git show --textconv :ejercicios_python/listas_tuplas/ejercicio13.py [5ms]
[2022-10-26T22:19:42.394Z] > git ls-files --stage -- /home/lrb96/ejercicios_python/listas_tuplas/ejercicio13.py [3ms]
[2022-10-26T22:19:42.399Z] > git cat-file -s e69de29bb2d1d6434b8b29ae775ad8c2e48c5391 [0ms]
[2022-10-26T22:19:45.092Z] > git status -z -uall [58ms]
[2022-10-26T22:19:45.095Z] > git symbolic-ref --short HEAD [0ms]
[2022-10-26T22:19:45.099Z] > git for-each-ref --format=%(refname)%00%(upstream:short)%00%(objectname)%00%(upstream:track)%00%(upstream:remotename)%00%(upstream:remoteref) refs/heads/master refs/remotes/master [1ms]
[2022-10-26T22:19:45.104Z] > git remote --verbose [1ms]
[2022-10-26T22:19:45.104Z] > git for-each-ref --sort -committerdate --format %(refname) %(objectname) %(*objectname) [3ms]
[2022-10-26T22:19:45.109Z] > git config --get commit.template [0ms]
[2022-10-26T22:19:50.167Z] > git status -z -uall [53ms]
[2022-10-26T22:19:50.171Z] > git symbolic-ref --short HEAD [1ms]
[2022-10-26T22:19:50.174Z] > git for-each-ref --format=%(refname)%00%(upstream:short)%00%(objectname)%00%(upstream:track)%00%(upstream:remotename)%00%(upstream:remoteref) refs/heads/master refs/remotes/master [1ms]
[2022-10-26T22:19:50.179Z] > git remote --verbose [1ms]
[2022-10-26T22:19:50.179Z] > git for-each-ref --sort -committerdate --format %(refname) %(objectname) %(*objectname) [3ms]
[2022-10-26T22:19:50.184Z] > git config --get commit.template [0ms]
[2022-10-26T22:19:50.924Z] > git show --textconv :ejercicios_python/listas_tuplas/ejercicio11.py [4ms]
[2022-10-26T22:19:50.926Z] > git ls-files --stage -- /home/lrb96/ejercicios_python/listas_tuplas/ejercicio11.py [3ms]
[2022-10-26T22:19:50.930Z] > git cat-file -s eac370aa3f264928cb316f3f8e4f81c93475b9af [1ms]
