[2022-10-29T19:16:24.356Z] Nivel de registro: Info
[2022-10-29T19:16:24.361Z] [info] La validación encontró Git en: git
[2022-10-29T19:16:24.658Z] [info] Usando GIT 2.25.1 desde git
[2022-10-29T19:16:24.905Z] > git rev-parse --show-toplevel [237ms]
[2022-10-29T19:16:24.975Z] > git rev-parse --git-dir --git-common-dir [61ms]
[2022-10-29T19:16:24.979Z] [info] Open repository: /home/lrb96
[2022-10-29T19:16:25.015Z] > git rev-parse --show-toplevel [19ms]
[2022-10-29T19:16:25.087Z] > git status -z -uall [97ms]
[2022-10-29T19:16:25.105Z] > git symbolic-ref --short HEAD [13ms]
[2022-10-29T19:16:25.133Z] > git for-each-ref --format=%(refname)%00%(upstream:short)%00%(objectname)%00%(upstream:track)%00%(upstream:remotename)%00%(upstream:remoteref) refs/heads/master refs/remotes/master [22ms]
[2022-10-29T19:16:25.160Z] > git remote --verbose [17ms]
[2022-10-29T19:16:25.160Z] > git for-each-ref --sort -committerdate --format %(refname) %(objectname) %(*objectname) [23ms]
[2022-10-29T19:16:25.199Z] > git config --get commit.template [30ms]
[2022-10-29T19:16:25.304Z] > git status -z -uall [98ms]
[2022-10-29T19:16:25.310Z] > git symbolic-ref --short HEAD [1ms]
[2022-10-29T19:16:25.321Z] > git for-each-ref --format=%(refname)%00%(upstream:short)%00%(objectname)%00%(upstream:track)%00%(upstream:remotename)%00%(upstream:remoteref) refs/heads/master refs/remotes/master [7ms]
[2022-10-29T19:16:25.332Z] > git remote --verbose [2ms]
[2022-10-29T19:16:25.332Z] > git for-each-ref --sort -committerdate --format %(refname) %(objectname) %(*objectname) [6ms]
[2022-10-29T19:16:25.365Z] > git config --get commit.template [3ms]
[2022-10-29T19:16:25.554Z] > git check-ignore -v -z --stdin [15ms]
[2022-10-29T19:16:25.679Z] > git show --textconv :pandas_ejercicios/df.py [13ms]
[2022-10-29T19:16:25.686Z] > git ls-files --stage -- /home/lrb96/pandas_ejercicios/df.py [11ms]
[2022-10-29T19:16:25.694Z] > git cat-file -s 32e1d5c87e773342e7487d05ff0ed3d769a28f1f [1ms]
[2022-10-29T19:16:26.271Z] > git fetch [1287ms]
[2022-10-29T19:16:26.372Z] > git status -z -uall [95ms]
[2022-10-29T19:16:26.380Z] > git symbolic-ref --short HEAD [2ms]
[2022-10-29T19:16:26.387Z] > git for-each-ref --format=%(refname)%00%(upstream:short)%00%(objectname)%00%(upstream:track)%00%(upstream:remotename)%00%(upstream:remoteref) refs/heads/master refs/remotes/master [1ms]
[2022-10-29T19:16:26.398Z] > git remote --verbose [1ms]
[2022-10-29T19:16:26.398Z] > git for-each-ref --sort -committerdate --format %(refname) %(objectname) %(*objectname) [6ms]
[2022-10-29T19:16:26.409Z] > git config --get commit.template [2ms]
[2022-10-29T19:16:27.583Z] > git ls-files --stage -- /home/lrb96/pandas_ejercicios/df.py [7ms]
[2022-10-29T19:16:27.587Z] > git cat-file -s 32e1d5c87e773342e7487d05ff0ed3d769a28f1f [1ms]
[2022-10-29T19:16:27.602Z] > git show --textconv :pandas_ejercicios/df.py [7ms]
[2022-10-29T19:16:34.228Z] > git ls-files --stage -- /home/lrb96/pandas_ejercicios/df.py [7ms]
[2022-10-29T19:16:34.234Z] > git cat-file -s 32e1d5c87e773342e7487d05ff0ed3d769a28f1f [0ms]
[2022-10-29T19:16:34.251Z] > git show --textconv :pandas_ejercicios/df.py [7ms]
[2022-10-29T19:16:43.086Z] > git status -z -uall [74ms]
[2022-10-29T19:16:43.091Z] > git symbolic-ref --short HEAD [0ms]
[2022-10-29T19:16:43.096Z] > git for-each-ref --format=%(refname)%00%(upstream:short)%00%(objectname)%00%(upstream:track)%00%(upstream:remotename)%00%(upstream:remoteref) refs/heads/master refs/remotes/master [1ms]
[2022-10-29T19:16:43.104Z] > git for-each-ref --sort -committerdate --format %(refname) %(objectname) %(*objectname) [5ms]
[2022-10-29T19:16:43.105Z] > git remote --verbose [1ms]
[2022-10-29T19:16:43.112Z] > git config --get commit.template [1ms]
[2022-10-29T19:16:53.366Z] > git status -z -uall [73ms]
[2022-10-29T19:16:53.369Z] > git symbolic-ref --short HEAD [0ms]
[2022-10-29T19:16:53.373Z] > git for-each-ref --format=%(refname)%00%(upstream:short)%00%(objectname)%00%(upstream:track)%00%(upstream:remotename)%00%(upstream:remoteref) refs/heads/master refs/remotes/master [1ms]
[2022-10-29T19:16:53.379Z] > git remote --verbose [0ms]
[2022-10-29T19:16:53.380Z] > git for-each-ref --sort -committerdate --format %(refname) %(objectname) %(*objectname) [4ms]
[2022-10-29T19:16:53.386Z] > git config --get commit.template [1ms]
[2022-10-29T19:17:07.972Z] > git status -z -uall [79ms]
[2022-10-29T19:17:07.976Z] > git symbolic-ref --short HEAD [0ms]
[2022-10-29T19:17:07.980Z] > git for-each-ref --format=%(refname)%00%(upstream:short)%00%(objectname)%00%(upstream:track)%00%(upstream:remotename)%00%(upstream:remoteref) refs/heads/master refs/remotes/master [0ms]
[2022-10-29T19:17:07.986Z] > git remote --verbose [1ms]
[2022-10-29T19:17:07.986Z] > git for-each-ref --sort -committerdate --format %(refname) %(objectname) %(*objectname) [3ms]
[2022-10-29T19:17:07.992Z] > git config --get commit.template [0ms]
[2022-10-29T19:17:15.699Z] > git status -z -uall [80ms]
[2022-10-29T19:17:15.703Z] > git symbolic-ref --short HEAD [1ms]
[2022-10-29T19:17:15.706Z] > git for-each-ref --format=%(refname)%00%(upstream:short)%00%(objectname)%00%(upstream:track)%00%(upstream:remotename)%00%(upstream:remoteref) refs/heads/master refs/remotes/master [1ms]
[2022-10-29T19:17:15.712Z] > git remote --verbose [1ms]
[2022-10-29T19:17:15.712Z] > git for-each-ref --sort -committerdate --format %(refname) %(objectname) %(*objectname) [3ms]
[2022-10-29T19:17:15.717Z] > git config --get commit.template [0ms]
[2022-10-29T19:17:24.391Z] > git status -z -uall [76ms]
[2022-10-29T19:17:24.395Z] > git symbolic-ref --short HEAD [0ms]
[2022-10-29T19:17:24.400Z] > git for-each-ref --format=%(refname)%00%(upstream:short)%00%(objectname)%00%(upstream:track)%00%(upstream:remotename)%00%(upstream:remoteref) refs/heads/master refs/remotes/master [1ms]
[2022-10-29T19:17:24.406Z] > git remote --verbose [1ms]
[2022-10-29T19:17:24.406Z] > git for-each-ref --sort -committerdate --format %(refname) %(objectname) %(*objectname) [4ms]
[2022-10-29T19:17:24.412Z] > git config --get commit.template [1ms]
[2022-10-29T19:17:29.487Z] > git status -z -uall [71ms]
[2022-10-29T19:17:29.491Z] > git symbolic-ref --short HEAD [1ms]
[2022-10-29T19:17:29.494Z] > git for-each-ref --format=%(refname)%00%(upstream:short)%00%(objectname)%00%(upstream:track)%00%(upstream:remotename)%00%(upstream:remoteref) refs/heads/master refs/remotes/master [0ms]
[2022-10-29T19:17:29.501Z] > git remote --verbose [1ms]
[2022-10-29T19:17:29.501Z] > git for-each-ref --sort -committerdate --format %(refname) %(objectname) %(*objectname) [4ms]
[2022-10-29T19:17:29.506Z] > git config --get commit.template [0ms]
[2022-10-29T19:17:34.580Z] > git status -z -uall [69ms]
[2022-10-29T19:17:34.584Z] > git symbolic-ref --short HEAD [1ms]
[2022-10-29T19:17:34.587Z] > git for-each-ref --format=%(refname)%00%(upstream:short)%00%(objectname)%00%(upstream:track)%00%(upstream:remotename)%00%(upstream:remoteref) refs/heads/master refs/remotes/master [1ms]
[2022-10-29T19:17:34.593Z] > git remote --verbose [1ms]
[2022-10-29T19:17:34.593Z] > git for-each-ref --sort -committerdate --format %(refname) %(objectname) %(*objectname) [3ms]
[2022-10-29T19:17:34.598Z] > git config --get commit.template [0ms]
[2022-10-29T19:17:39.671Z] > git status -z -uall [67ms]
[2022-10-29T19:17:39.675Z] > git symbolic-ref --short HEAD [1ms]
[2022-10-29T19:17:39.678Z] > git for-each-ref --format=%(refname)%00%(upstream:short)%00%(objectname)%00%(upstream:track)%00%(upstream:remotename)%00%(upstream:remoteref) refs/heads/master refs/remotes/master [1ms]
[2022-10-29T19:17:39.684Z] > git remote --verbose [1ms]
[2022-10-29T19:17:39.684Z] > git for-each-ref --sort -committerdate --format %(refname) %(objectname) %(*objectname) [4ms]
[2022-10-29T19:17:39.689Z] > git config --get commit.template [1ms]
[2022-10-29T19:17:44.763Z] > git status -z -uall [69ms]
[2022-10-29T19:17:44.767Z] > git symbolic-ref --short HEAD [1ms]
[2022-10-29T19:17:44.771Z] > git for-each-ref --format=%(refname)%00%(upstream:short)%00%(objectname)%00%(upstream:track)%00%(upstream:remotename)%00%(upstream:remoteref) refs/heads/master refs/remotes/master [1ms]
[2022-10-29T19:17:44.776Z] > git remote --verbose [0ms]
[2022-10-29T19:17:44.776Z] > git for-each-ref --sort -committerdate --format %(refname) %(objectname) %(*objectname) [3ms]
[2022-10-29T19:17:44.782Z] > git config --get commit.template [1ms]
[2022-10-29T19:17:49.911Z] > git status -z -uall [77ms]
[2022-10-29T19:17:49.915Z] > git symbolic-ref --short HEAD [1ms]
[2022-10-29T19:17:49.918Z] > git for-each-ref --format=%(refname)%00%(upstream:short)%00%(objectname)%00%(upstream:track)%00%(upstream:remotename)%00%(upstream:remoteref) refs/heads/master refs/remotes/master [1ms]
[2022-10-29T19:17:49.924Z] > git for-each-ref --sort -committerdate --format %(refname) %(objectname) %(*objectname) [3ms]
[2022-10-29T19:17:49.924Z] > git remote --verbose [0ms]
[2022-10-29T19:17:49.930Z] > git config --get commit.template [1ms]
[2022-10-29T19:17:55.004Z] > git status -z -uall [70ms]
[2022-10-29T19:17:55.007Z] > git symbolic-ref --short HEAD [0ms]
[2022-10-29T19:17:55.011Z] > git for-each-ref --format=%(refname)%00%(upstream:short)%00%(objectname)%00%(upstream:track)%00%(upstream:remotename)%00%(upstream:remoteref) refs/heads/master refs/remotes/master [1ms]
[2022-10-29T19:17:55.018Z] > git remote --verbose [0ms]
[2022-10-29T19:17:55.019Z] > git for-each-ref --sort -committerdate --format %(refname) %(objectname) %(*objectname) [5ms]
[2022-10-29T19:17:55.024Z] > git config --get commit.template [1ms]
[2022-10-29T19:18:00.102Z] > git status -z -uall [74ms]
[2022-10-29T19:18:00.105Z] > git symbolic-ref --short HEAD [0ms]
[2022-10-29T19:18:00.108Z] > git for-each-ref --format=%(refname)%00%(upstream:short)%00%(objectname)%00%(upstream:track)%00%(upstream:remotename)%00%(upstream:remoteref) refs/heads/master refs/remotes/master [0ms]
[2022-10-29T19:18:00.114Z] > git for-each-ref --sort -committerdate --format %(refname) %(objectname) %(*objectname) [3ms]
[2022-10-29T19:18:00.114Z] > git remote --verbose [1ms]
[2022-10-29T19:18:00.119Z] > git config --get commit.template [0ms]
[2022-10-29T19:18:05.195Z] > git status -z -uall [71ms]
[2022-10-29T19:18:05.198Z] > git symbolic-ref --short HEAD [0ms]
[2022-10-29T19:18:05.202Z] > git for-each-ref --format=%(refname)%00%(upstream:short)%00%(objectname)%00%(upstream:track)%00%(upstream:remotename)%00%(upstream:remoteref) refs/heads/master refs/remotes/master [1ms]
[2022-10-29T19:18:05.208Z] > git remote --verbose [0ms]
[2022-10-29T19:18:05.208Z] > git for-each-ref --sort -committerdate --format %(refname) %(objectname) %(*objectname) [3ms]
[2022-10-29T19:18:05.215Z] > git config --get commit.template [0ms]
[2022-10-29T19:18:10.288Z] > git status -z -uall [68ms]
[2022-10-29T19:18:10.292Z] > git symbolic-ref --short HEAD [1ms]
[2022-10-29T19:18:10.295Z] > git for-each-ref --format=%(refname)%00%(upstream:short)%00%(objectname)%00%(upstream:track)%00%(upstream:remotename)%00%(upstream:remoteref) refs/heads/master refs/remotes/master [1ms]
[2022-10-29T19:18:10.301Z] > git remote --verbose [1ms]
[2022-10-29T19:18:10.301Z] > git for-each-ref --sort -committerdate --format %(refname) %(objectname) %(*objectname) [3ms]
[2022-10-29T19:18:10.306Z] > git config --get commit.template [1ms]
[2022-10-29T19:18:15.380Z] > git status -z -uall [70ms]
[2022-10-29T19:18:15.384Z] > git symbolic-ref --short HEAD [0ms]
[2022-10-29T19:18:15.387Z] > git for-each-ref --format=%(refname)%00%(upstream:short)%00%(objectname)%00%(upstream:track)%00%(upstream:remotename)%00%(upstream:remoteref) refs/heads/master refs/remotes/master [0ms]
[2022-10-29T19:18:15.393Z] > git remote --verbose [0ms]
[2022-10-29T19:18:15.394Z] > git for-each-ref --sort -committerdate --format %(refname) %(objectname) %(*objectname) [4ms]
[2022-10-29T19:18:15.400Z] > git config --get commit.template [2ms]
[2022-10-29T19:18:20.476Z] > git status -z -uall [71ms]
[2022-10-29T19:18:20.479Z] > git symbolic-ref --short HEAD [0ms]
[2022-10-29T19:18:20.483Z] > git for-each-ref --format=%(refname)%00%(upstream:short)%00%(objectname)%00%(upstream:track)%00%(upstream:remotename)%00%(upstream:remoteref) refs/heads/master refs/remotes/master [1ms]
[2022-10-29T19:18:20.489Z] > git remote --verbose [1ms]
[2022-10-29T19:18:20.489Z] > git for-each-ref --sort -committerdate --format %(refname) %(objectname) %(*objectname) [3ms]
[2022-10-29T19:18:20.493Z] > git config --get commit.template [0ms]
[2022-10-29T19:18:25.566Z] > git status -z -uall [69ms]
[2022-10-29T19:18:25.570Z] > git symbolic-ref --short HEAD [1ms]
[2022-10-29T19:18:25.573Z] > git for-each-ref --format=%(refname)%00%(upstream:short)%00%(objectname)%00%(upstream:track)%00%(upstream:remotename)%00%(upstream:remoteref) refs/heads/master refs/remotes/master [1ms]
[2022-10-29T19:18:25.579Z] > git remote --verbose [1ms]
[2022-10-29T19:18:25.579Z] > git for-each-ref --sort -committerdate --format %(refname) %(objectname) %(*objectname) [3ms]
[2022-10-29T19:18:25.584Z] > git config --get commit.template [1ms]
[2022-10-29T19:18:30.669Z] > git status -z -uall [78ms]
[2022-10-29T19:18:30.673Z] > git symbolic-ref --short HEAD [0ms]
[2022-10-29T19:18:30.677Z] > git for-each-ref --format=%(refname)%00%(upstream:short)%00%(objectname)%00%(upstream:track)%00%(upstream:remotename)%00%(upstream:remoteref) refs/heads/master refs/remotes/master [0ms]
[2022-10-29T19:18:30.685Z] > git remote --verbose [0ms]
[2022-10-29T19:18:30.686Z] > git for-each-ref --sort -committerdate --format %(refname) %(objectname) %(*objectname) [5ms]
[2022-10-29T19:18:30.691Z] > git config --get commit.template [0ms]
[2022-10-29T19:18:35.765Z] > git status -z -uall [69ms]
[2022-10-29T19:18:35.769Z] > git symbolic-ref --short HEAD [0ms]
[2022-10-29T19:18:35.773Z] > git for-each-ref --format=%(refname)%00%(upstream:short)%00%(objectname)%00%(upstream:track)%00%(upstream:remotename)%00%(upstream:remoteref) refs/heads/master refs/remotes/master [1ms]
[2022-10-29T19:18:35.778Z] > git remote --verbose [0ms]
[2022-10-29T19:18:35.778Z] > git for-each-ref --sort -committerdate --format %(refname) %(objectname) %(*objectname) [3ms]
[2022-10-29T19:18:35.783Z] > git config --get commit.template [0ms]
[2022-10-29T19:18:42.303Z] > git status -z -uall [76ms]
[2022-10-29T19:18:42.307Z] > git symbolic-ref --short HEAD [0ms]
[2022-10-29T19:18:42.310Z] > git for-each-ref --format=%(refname)%00%(upstream:short)%00%(objectname)%00%(upstream:track)%00%(upstream:remotename)%00%(upstream:remoteref) refs/heads/master refs/remotes/master [0ms]
[2022-10-29T19:18:42.317Z] > git remote --verbose [1ms]
[2022-10-29T19:18:42.317Z] > git for-each-ref --sort -committerdate --format %(refname) %(objectname) %(*objectname) [4ms]
[2022-10-29T19:18:42.322Z] > git config --get commit.template [1ms]
[2022-10-29T19:18:47.397Z] > git status -z -uall [70ms]
[2022-10-29T19:18:47.400Z] > git symbolic-ref --short HEAD [0ms]
[2022-10-29T19:18:47.404Z] > git for-each-ref --format=%(refname)%00%(upstream:short)%00%(objectname)%00%(upstream:track)%00%(upstream:remotename)%00%(upstream:remoteref) refs/heads/master refs/remotes/master [1ms]
[2022-10-29T19:18:47.410Z] > git remote --verbose [0ms]
[2022-10-29T19:18:47.410Z] > git for-each-ref --sort -committerdate --format %(refname) %(objectname) %(*objectname) [3ms]
[2022-10-29T19:18:47.415Z] > git config --get commit.template [0ms]
[2022-10-29T19:18:52.494Z] > git status -z -uall [74ms]
[2022-10-29T19:18:52.498Z] > git symbolic-ref --short HEAD [0ms]
[2022-10-29T19:18:52.502Z] > git for-each-ref --format=%(refname)%00%(upstream:short)%00%(objectname)%00%(upstream:track)%00%(upstream:remotename)%00%(upstream:remoteref) refs/heads/master refs/remotes/master [0ms]
[2022-10-29T19:18:52.508Z] > git remote --verbose [1ms]
[2022-10-29T19:18:52.508Z] > git for-each-ref --sort -committerdate --format %(refname) %(objectname) %(*objectname) [3ms]
[2022-10-29T19:18:52.513Z] > git config --get commit.template [1ms]
[2022-10-29T19:18:57.587Z] > git status -z -uall [70ms]
[2022-10-29T19:18:57.591Z] > git symbolic-ref --short HEAD [0ms]
[2022-10-29T19:18:57.595Z] > git for-each-ref --format=%(refname)%00%(upstream:short)%00%(objectname)%00%(upstream:track)%00%(upstream:remotename)%00%(upstream:remoteref) refs/heads/master refs/remotes/master [1ms]
[2022-10-29T19:18:57.602Z] > git remote --verbose [1ms]
[2022-10-29T19:18:57.602Z] > git for-each-ref --sort -committerdate --format %(refname) %(objectname) %(*objectname) [4ms]
[2022-10-29T19:18:57.607Z] > git config --get commit.template [1ms]
[2022-10-29T19:19:02.680Z] > git status -z -uall [69ms]
[2022-10-29T19:19:02.684Z] > git symbolic-ref --short HEAD [0ms]
[2022-10-29T19:19:02.689Z] > git for-each-ref --format=%(refname)%00%(upstream:short)%00%(objectname)%00%(upstream:track)%00%(upstream:remotename)%00%(upstream:remoteref) refs/heads/master refs/remotes/master [1ms]
[2022-10-29T19:19:02.697Z] > git remote --verbose [1ms]
[2022-10-29T19:19:02.698Z] > git for-each-ref --sort -committerdate --format %(refname) %(objectname) %(*objectname) [5ms]
[2022-10-29T19:19:02.704Z] > git config --get commit.template [0ms]
[2022-10-29T19:19:08.592Z] > git status -z -uall [75ms]
[2022-10-29T19:19:08.596Z] > git symbolic-ref --short HEAD [0ms]
[2022-10-29T19:19:08.600Z] > git for-each-ref --format=%(refname)%00%(upstream:short)%00%(objectname)%00%(upstream:track)%00%(upstream:remotename)%00%(upstream:remoteref) refs/heads/master refs/remotes/master [1ms]
[2022-10-29T19:19:08.606Z] > git remote --verbose [1ms]
[2022-10-29T19:19:08.606Z] > git for-each-ref --sort -committerdate --format %(refname) %(objectname) %(*objectname) [4ms]
[2022-10-29T19:19:08.611Z] > git config --get commit.template [1ms]
[2022-10-29T19:19:13.684Z] > git status -z -uall [69ms]
[2022-10-29T19:19:13.689Z] > git symbolic-ref --short HEAD [1ms]
[2022-10-29T19:19:13.693Z] > git for-each-ref --format=%(refname)%00%(upstream:short)%00%(objectname)%00%(upstream:track)%00%(upstream:remotename)%00%(upstream:remoteref) refs/heads/master refs/remotes/master [1ms]
[2022-10-29T19:19:13.698Z] > git remote --verbose [0ms]
[2022-10-29T19:19:13.699Z] > git for-each-ref --sort -committerdate --format %(refname) %(objectname) %(*objectname) [4ms]
[2022-10-29T19:19:13.704Z] > git config --get commit.template [1ms]
[2022-10-29T19:19:18.779Z] > git status -z -uall [70ms]
[2022-10-29T19:19:18.784Z] > git symbolic-ref --short HEAD [1ms]
[2022-10-29T19:19:18.788Z] > git for-each-ref --format=%(refname)%00%(upstream:short)%00%(objectname)%00%(upstream:track)%00%(upstream:remotename)%00%(upstream:remoteref) refs/heads/master refs/remotes/master [0ms]
[2022-10-29T19:19:18.796Z] > git remote --verbose [1ms]
[2022-10-29T19:19:18.796Z] > git for-each-ref --sort -committerdate --format %(refname) %(objectname) %(*objectname) [5ms]
[2022-10-29T19:19:18.801Z] > git config --get commit.template [0ms]
[2022-10-29T19:19:23.874Z] > git status -z -uall [69ms]
[2022-10-29T19:19:23.878Z] > git symbolic-ref --short HEAD [1ms]
[2022-10-29T19:19:23.881Z] > git for-each-ref --format=%(refname)%00%(upstream:short)%00%(objectname)%00%(upstream:track)%00%(upstream:remotename)%00%(upstream:remoteref) refs/heads/master refs/remotes/master [0ms]
[2022-10-29T19:19:23.887Z] > git remote --verbose [0ms]
[2022-10-29T19:19:23.888Z] > git for-each-ref --sort -committerdate --format %(refname) %(objectname) %(*objectname) [4ms]
[2022-10-29T19:19:23.894Z] > git config --get commit.template [1ms]
[2022-10-29T19:19:27.592Z] > git ls-files --stage -- /home/lrb96/pandas_ejercicios/df.py [6ms]
[2022-10-29T19:19:27.597Z] > git cat-file -s 32e1d5c87e773342e7487d05ff0ed3d769a28f1f [0ms]
[2022-10-29T19:19:27.611Z] > git show --textconv :pandas_ejercicios/df.py [6ms]
[2022-10-29T19:19:27.722Z] > git fetch [1309ms]
[2022-10-29T19:19:27.794Z] > git status -z -uall [69ms]
[2022-10-29T19:19:27.799Z] > git symbolic-ref --short HEAD [1ms]
[2022-10-29T19:19:27.803Z] > git for-each-ref --format=%(refname)%00%(upstream:short)%00%(objectname)%00%(upstream:track)%00%(upstream:remotename)%00%(upstream:remoteref) refs/heads/master refs/remotes/master [0ms]
[2022-10-29T19:19:27.810Z] > git for-each-ref --sort -committerdate --format %(refname) %(objectname) %(*objectname) [4ms]
[2022-10-29T19:19:27.810Z] > git remote --verbose [0ms]
[2022-10-29T19:19:27.815Z] > git config --get commit.template [0ms]
[2022-10-29T19:19:30.774Z] > git ls-files --stage -- /home/lrb96/pandas_ejercicios/df.py [10ms]
[2022-10-29T19:19:30.779Z] > git cat-file -s 32e1d5c87e773342e7487d05ff0ed3d769a28f1f [0ms]
[2022-10-29T19:19:30.796Z] > git show --textconv :pandas_ejercicios/df.py [7ms]
[2022-10-29T19:19:30.831Z] > git status -z -uall [79ms]
[2022-10-29T19:19:30.835Z] > git symbolic-ref --short HEAD [0ms]
[2022-10-29T19:19:30.840Z] > git for-each-ref --format=%(refname)%00%(upstream:short)%00%(objectname)%00%(upstream:track)%00%(upstream:remotename)%00%(upstream:remoteref) refs/heads/master refs/remotes/master [0ms]
[2022-10-29T19:19:30.846Z] > git remote --verbose [1ms]
[2022-10-29T19:19:30.846Z] > git for-each-ref --sort -committerdate --format %(refname) %(objectname) %(*objectname) [4ms]
[2022-10-29T19:19:30.852Z] > git config --get commit.template [0ms]
[2022-10-29T19:19:35.944Z] > git status -z -uall [87ms]
[2022-10-29T19:19:35.950Z] > git symbolic-ref --short HEAD [1ms]
[2022-10-29T19:19:35.955Z] > git for-each-ref --format=%(refname)%00%(upstream:short)%00%(objectname)%00%(upstream:track)%00%(upstream:remotename)%00%(upstream:remoteref) refs/heads/master refs/remotes/master [1ms]
[2022-10-29T19:19:35.963Z] > git for-each-ref --sort -committerdate --format %(refname) %(objectname) %(*objectname) [3ms]
[2022-10-29T19:19:35.963Z] > git remote --verbose [1ms]
[2022-10-29T19:19:35.972Z] > git config --get commit.template [3ms]
[2022-10-29T19:19:41.255Z] > git status -z -uall [75ms]
[2022-10-29T19:19:41.260Z] > git symbolic-ref --short HEAD [1ms]
[2022-10-29T19:19:41.264Z] > git for-each-ref --format=%(refname)%00%(upstream:short)%00%(objectname)%00%(upstream:track)%00%(upstream:remotename)%00%(upstream:remoteref) refs/heads/master refs/remotes/master [0ms]
[2022-10-29T19:19:41.271Z] > git remote --verbose [1ms]
[2022-10-29T19:19:41.271Z] > git for-each-ref --sort -committerdate --format %(refname) %(objectname) %(*objectname) [4ms]
[2022-10-29T19:19:41.276Z] > git config --get commit.template [0ms]
[2022-10-29T19:19:46.349Z] > git status -z -uall [69ms]
[2022-10-29T19:19:46.353Z] > git symbolic-ref --short HEAD [0ms]
[2022-10-29T19:19:46.357Z] > git for-each-ref --format=%(refname)%00%(upstream:short)%00%(objectname)%00%(upstream:track)%00%(upstream:remotename)%00%(upstream:remoteref) refs/heads/master refs/remotes/master [0ms]
[2022-10-29T19:19:46.364Z] > git remote --verbose [0ms]
[2022-10-29T19:19:46.364Z] > git for-each-ref --sort -committerdate --format %(refname) %(objectname) %(*objectname) [3ms]
[2022-10-29T19:19:46.371Z] > git config --get commit.template [0ms]
[2022-10-29T19:19:51.793Z] > git status -z -uall [75ms]
[2022-10-29T19:19:51.798Z] > git symbolic-ref --short HEAD [1ms]
[2022-10-29T19:19:51.802Z] > git for-each-ref --format=%(refname)%00%(upstream:short)%00%(objectname)%00%(upstream:track)%00%(upstream:remotename)%00%(upstream:remoteref) refs/heads/master refs/remotes/master [1ms]
[2022-10-29T19:19:51.808Z] > git remote --verbose [1ms]
[2022-10-29T19:19:51.808Z] > git for-each-ref --sort -committerdate --format %(refname) %(objectname) %(*objectname) [3ms]
[2022-10-29T19:19:51.814Z] > git config --get commit.template [1ms]
[2022-10-29T19:19:57.007Z] > git status -z -uall [81ms]
[2022-10-29T19:19:57.013Z] > git symbolic-ref --short HEAD [1ms]
[2022-10-29T19:19:57.017Z] > git for-each-ref --format=%(refname)%00%(upstream:short)%00%(objectname)%00%(upstream:track)%00%(upstream:remotename)%00%(upstream:remoteref) refs/heads/master refs/remotes/master [1ms]
[2022-10-29T19:19:57.023Z] > git remote --verbose [1ms]
[2022-10-29T19:19:57.023Z] > git for-each-ref --sort -committerdate --format %(refname) %(objectname) %(*objectname) [3ms]
[2022-10-29T19:19:57.029Z] > git config --get commit.template [1ms]
[2022-10-29T19:20:02.114Z] > git status -z -uall [81ms]
[2022-10-29T19:20:02.119Z] > git symbolic-ref --short HEAD [1ms]
[2022-10-29T19:20:02.124Z] > git for-each-ref --format=%(refname)%00%(upstream:short)%00%(objectname)%00%(upstream:track)%00%(upstream:remotename)%00%(upstream:remoteref) refs/heads/master refs/remotes/master [0ms]
[2022-10-29T19:20:02.131Z] > git for-each-ref --sort -committerdate --format %(refname) %(objectname) %(*objectname) [4ms]
[2022-10-29T19:20:02.132Z] > git remote --verbose [1ms]
[2022-10-29T19:20:02.138Z] > git config --get commit.template [0ms]
[2022-10-29T19:20:08.320Z] > git status -z -uall [77ms]
[2022-10-29T19:20:08.324Z] > git symbolic-ref --short HEAD [1ms]
[2022-10-29T19:20:08.327Z] > git for-each-ref --format=%(refname)%00%(upstream:short)%00%(objectname)%00%(upstream:track)%00%(upstream:remotename)%00%(upstream:remoteref) refs/heads/master refs/remotes/master [0ms]
[2022-10-29T19:20:08.334Z] > git remote --verbose [0ms]
[2022-10-29T19:20:08.334Z] > git for-each-ref --sort -committerdate --format %(refname) %(objectname) %(*objectname) [4ms]
[2022-10-29T19:20:08.340Z] > git config --get commit.template [1ms]
[2022-10-29T19:21:22.282Z] > git status -z -uall [75ms]
[2022-10-29T19:21:22.286Z] > git symbolic-ref --short HEAD [0ms]
[2022-10-29T19:21:22.290Z] > git for-each-ref --format=%(refname)%00%(upstream:short)%00%(objectname)%00%(upstream:track)%00%(upstream:remotename)%00%(upstream:remoteref) refs/heads/master refs/remotes/master [1ms]
[2022-10-29T19:21:22.296Z] > git remote --verbose [1ms]
[2022-10-29T19:21:22.296Z] > git for-each-ref --sort -committerdate --format %(refname) %(objectname) %(*objectname) [4ms]
[2022-10-29T19:21:22.302Z] > git config --get commit.template [0ms]
[2022-10-29T19:21:27.375Z] > git status -z -uall [69ms]
[2022-10-29T19:21:27.378Z] > git symbolic-ref --short HEAD [0ms]
[2022-10-29T19:21:27.382Z] > git for-each-ref --format=%(refname)%00%(upstream:short)%00%(objectname)%00%(upstream:track)%00%(upstream:remotename)%00%(upstream:remoteref) refs/heads/master refs/remotes/master [1ms]
[2022-10-29T19:21:27.388Z] > git remote --verbose [1ms]
[2022-10-29T19:21:27.388Z] > git for-each-ref --sort -committerdate --format %(refname) %(objectname) %(*objectname) [3ms]
[2022-10-29T19:21:27.393Z] > git config --get commit.template [0ms]
[2022-10-29T19:21:32.469Z] > git status -z -uall [71ms]
[2022-10-29T19:21:32.473Z] > git symbolic-ref --short HEAD [1ms]
[2022-10-29T19:21:32.478Z] > git for-each-ref --format=%(refname)%00%(upstream:short)%00%(objectname)%00%(upstream:track)%00%(upstream:remotename)%00%(upstream:remoteref) refs/heads/master refs/remotes/master [1ms]
[2022-10-29T19:21:32.484Z] > git remote --verbose [1ms]
[2022-10-29T19:21:32.484Z] > git for-each-ref --sort -committerdate --format %(refname) %(objectname) %(*objectname) [3ms]
[2022-10-29T19:21:32.491Z] > git config --get commit.template [0ms]
[2022-10-29T19:21:37.563Z] > git status -z -uall [68ms]
[2022-10-29T19:21:37.567Z] > git symbolic-ref --short HEAD [0ms]
[2022-10-29T19:21:37.571Z] > git for-each-ref --format=%(refname)%00%(upstream:short)%00%(objectname)%00%(upstream:track)%00%(upstream:remotename)%00%(upstream:remoteref) refs/heads/master refs/remotes/master [1ms]
[2022-10-29T19:21:37.577Z] > git remote --verbose [1ms]
[2022-10-29T19:21:37.577Z] > git for-each-ref --sort -committerdate --format %(refname) %(objectname) %(*objectname) [3ms]
[2022-10-29T19:21:37.584Z] > git config --get commit.template [1ms]
[2022-10-29T19:21:42.657Z] > git status -z -uall [69ms]
[2022-10-29T19:21:42.661Z] > git symbolic-ref --short HEAD [1ms]
[2022-10-29T19:21:42.664Z] > git for-each-ref --format=%(refname)%00%(upstream:short)%00%(objectname)%00%(upstream:track)%00%(upstream:remotename)%00%(upstream:remoteref) refs/heads/master refs/remotes/master [0ms]
[2022-10-29T19:21:42.672Z] > git remote --verbose [1ms]
[2022-10-29T19:21:42.672Z] > git for-each-ref --sort -committerdate --format %(refname) %(objectname) %(*objectname) [5ms]
[2022-10-29T19:21:42.677Z] > git config --get commit.template [0ms]
[2022-10-29T19:21:47.751Z] > git status -z -uall [69ms]
[2022-10-29T19:21:47.755Z] > git symbolic-ref --short HEAD [1ms]
[2022-10-29T19:21:47.758Z] > git for-each-ref --format=%(refname)%00%(upstream:short)%00%(objectname)%00%(upstream:track)%00%(upstream:remotename)%00%(upstream:remoteref) refs/heads/master refs/remotes/master [1ms]
[2022-10-29T19:21:47.764Z] > git remote --verbose [1ms]
[2022-10-29T19:21:47.764Z] > git for-each-ref --sort -committerdate --format %(refname) %(objectname) %(*objectname) [3ms]
[2022-10-29T19:21:47.768Z] > git config --get commit.template [0ms]
[2022-10-29T19:21:53.615Z] > git status -z -uall [74ms]
[2022-10-29T19:21:53.619Z] > git symbolic-ref --short HEAD [1ms]
[2022-10-29T19:21:53.622Z] > git for-each-ref --format=%(refname)%00%(upstream:short)%00%(objectname)%00%(upstream:track)%00%(upstream:remotename)%00%(upstream:remoteref) refs/heads/master refs/remotes/master [0ms]
[2022-10-29T19:21:53.628Z] > git remote --verbose [1ms]
[2022-10-29T19:21:53.628Z] > git for-each-ref --sort -committerdate --format %(refname) %(objectname) %(*objectname) [3ms]
[2022-10-29T19:21:53.635Z] > git config --get commit.template [0ms]
[2022-10-29T19:21:59.058Z] > git status -z -uall [69ms]
[2022-10-29T19:21:59.061Z] > git symbolic-ref --short HEAD [0ms]
[2022-10-29T19:21:59.066Z] > git for-each-ref --format=%(refname)%00%(upstream:short)%00%(objectname)%00%(upstream:track)%00%(upstream:remotename)%00%(upstream:remoteref) refs/heads/master refs/remotes/master [2ms]
[2022-10-29T19:21:59.074Z] > git remote --verbose [2ms]
[2022-10-29T19:21:59.074Z] > git for-each-ref --sort -committerdate --format %(refname) %(objectname) %(*objectname) [5ms]
[2022-10-29T19:21:59.080Z] > git config --get commit.template [0ms]
[2022-10-29T19:22:04.156Z] > git status -z -uall [71ms]
[2022-10-29T19:22:04.161Z] > git symbolic-ref --short HEAD [1ms]
[2022-10-29T19:22:04.165Z] > git for-each-ref --format=%(refname)%00%(upstream:short)%00%(objectname)%00%(upstream:track)%00%(upstream:remotename)%00%(upstream:remoteref) refs/heads/master refs/remotes/master [1ms]
[2022-10-29T19:22:04.171Z] > git remote --verbose [1ms]
[2022-10-29T19:22:04.171Z] > git for-each-ref --sort -committerdate --format %(refname) %(objectname) %(*objectname) [4ms]
[2022-10-29T19:22:04.176Z] > git config --get commit.template [1ms]
[2022-10-29T19:22:09.250Z] > git status -z -uall [70ms]
[2022-10-29T19:22:09.254Z] > git symbolic-ref --short HEAD [1ms]
[2022-10-29T19:22:09.258Z] > git for-each-ref --format=%(refname)%00%(upstream:short)%00%(objectname)%00%(upstream:track)%00%(upstream:remotename)%00%(upstream:remoteref) refs/heads/master refs/remotes/master [1ms]
[2022-10-29T19:22:09.264Z] > git for-each-ref --sort -committerdate --format %(refname) %(objectname) %(*objectname) [3ms]
[2022-10-29T19:22:09.264Z] > git remote --verbose [0ms]
[2022-10-29T19:22:09.268Z] > git config --get commit.template [0ms]
[2022-10-29T19:22:14.344Z] > git status -z -uall [72ms]
[2022-10-29T19:22:14.348Z] > git symbolic-ref --short HEAD [1ms]
[2022-10-29T19:22:14.352Z] > git for-each-ref --format=%(refname)%00%(upstream:short)%00%(objectname)%00%(upstream:track)%00%(upstream:remotename)%00%(upstream:remoteref) refs/heads/master refs/remotes/master [1ms]
[2022-10-29T19:22:14.357Z] > git remote --verbose [0ms]
[2022-10-29T19:22:14.357Z] > git for-each-ref --sort -committerdate --format %(refname) %(objectname) %(*objectname) [3ms]
[2022-10-29T19:22:14.363Z] > git config --get commit.template [0ms]
[2022-10-29T19:22:20.812Z] > git status -z -uall [78ms]
[2022-10-29T19:22:20.817Z] > git symbolic-ref --short HEAD [0ms]
[2022-10-29T19:22:20.821Z] > git for-each-ref --format=%(refname)%00%(upstream:short)%00%(objectname)%00%(upstream:track)%00%(upstream:remotename)%00%(upstream:remoteref) refs/heads/master refs/remotes/master [0ms]
[2022-10-29T19:22:20.827Z] > git remote --verbose [1ms]
[2022-10-29T19:22:20.827Z] > git for-each-ref --sort -committerdate --format %(refname) %(objectname) %(*objectname) [3ms]
[2022-10-29T19:22:20.833Z] > git config --get commit.template [1ms]
[2022-10-29T19:22:26.230Z] > git status -z -uall [73ms]
[2022-10-29T19:22:26.234Z] > git symbolic-ref --short HEAD [1ms]
[2022-10-29T19:22:26.237Z] > git for-each-ref --format=%(refname)%00%(upstream:short)%00%(objectname)%00%(upstream:track)%00%(upstream:remotename)%00%(upstream:remoteref) refs/heads/master refs/remotes/master [0ms]
[2022-10-29T19:22:26.243Z] > git remote --verbose [1ms]
[2022-10-29T19:22:26.243Z] > git for-each-ref --sort -committerdate --format %(refname) %(objectname) %(*objectname) [3ms]
[2022-10-29T19:22:26.252Z] > git config --get commit.template [3ms]
[2022-10-29T19:22:28.997Z] > git ls-files --stage -- /home/lrb96/pandas_ejercicios/df.py [7ms]
[2022-10-29T19:22:29.001Z] > git cat-file -s 32e1d5c87e773342e7487d05ff0ed3d769a28f1f [1ms]
[2022-10-29T19:22:29.015Z] > git show --textconv :pandas_ejercicios/df.py [6ms]
[2022-10-29T19:22:29.066Z] > git fetch [1246ms]
[2022-10-29T19:22:29.066Z] Warning: Permanently added the ECDSA host key for IP address '140.82.113.4' to the list of known hosts.
[2022-10-29T19:22:29.138Z] > git status -z -uall [68ms]
[2022-10-29T19:22:29.142Z] > git symbolic-ref --short HEAD [1ms]
[2022-10-29T19:22:29.145Z] > git for-each-ref --format=%(refname)%00%(upstream:short)%00%(objectname)%00%(upstream:track)%00%(upstream:remotename)%00%(upstream:remoteref) refs/heads/master refs/remotes/master [1ms]
[2022-10-29T19:22:29.151Z] > git remote --verbose [1ms]
[2022-10-29T19:22:29.151Z] > git for-each-ref --sort -committerdate --format %(refname) %(objectname) %(*objectname) [3ms]
[2022-10-29T19:22:29.156Z] > git config --get commit.template [0ms]
[2022-10-29T19:22:30.420Z] > git ls-files --stage -- /home/lrb96/pandas_ejercicios/df.py [8ms]
[2022-10-29T19:22:30.424Z] > git cat-file -s 32e1d5c87e773342e7487d05ff0ed3d769a28f1f [0ms]
[2022-10-29T19:22:30.439Z] > git show --textconv :pandas_ejercicios/df.py [6ms]
[2022-10-29T19:22:31.326Z] > git status -z -uall [68ms]
[2022-10-29T19:22:31.331Z] > git symbolic-ref --short HEAD [0ms]
[2022-10-29T19:22:31.335Z] > git for-each-ref --format=%(refname)%00%(upstream:short)%00%(objectname)%00%(upstream:track)%00%(upstream:remotename)%00%(upstream:remoteref) refs/heads/master refs/remotes/master [1ms]
[2022-10-29T19:22:31.341Z] > git remote --verbose [0ms]
[2022-10-29T19:22:31.341Z] > git for-each-ref --sort -committerdate --format %(refname) %(objectname) %(*objectname) [4ms]
[2022-10-29T19:22:31.345Z] > git config --get commit.template [0ms]
[2022-10-29T19:22:36.420Z] > git status -z -uall [70ms]
[2022-10-29T19:22:36.424Z] > git symbolic-ref --short HEAD [0ms]
[2022-10-29T19:22:36.428Z] > git for-each-ref --format=%(refname)%00%(upstream:short)%00%(objectname)%00%(upstream:track)%00%(upstream:remotename)%00%(upstream:remoteref) refs/heads/master refs/remotes/master [1ms]
[2022-10-29T19:22:36.433Z] > git remote --verbose [0ms]
[2022-10-29T19:22:36.434Z] > git for-each-ref --sort -committerdate --format %(refname) %(objectname) %(*objectname) [4ms]
[2022-10-29T19:22:36.441Z] > git config --get commit.template [1ms]
[2022-10-29T19:22:41.713Z] > git status -z -uall [75ms]
[2022-10-29T19:22:41.717Z] > git symbolic-ref --short HEAD [1ms]
[2022-10-29T19:22:41.720Z] > git for-each-ref --format=%(refname)%00%(upstream:short)%00%(objectname)%00%(upstream:track)%00%(upstream:remotename)%00%(upstream:remoteref) refs/heads/master refs/remotes/master [0ms]
[2022-10-29T19:22:41.728Z] > git remote --verbose [1ms]
[2022-10-29T19:22:41.728Z] > git for-each-ref --sort -committerdate --format %(refname) %(objectname) %(*objectname) [5ms]
[2022-10-29T19:22:41.733Z] > git config --get commit.template [1ms]
[2022-10-29T19:22:48.226Z] > git status -z -uall [76ms]
[2022-10-29T19:22:48.230Z] > git symbolic-ref --short HEAD [1ms]
[2022-10-29T19:22:48.233Z] > git for-each-ref --format=%(refname)%00%(upstream:short)%00%(objectname)%00%(upstream:track)%00%(upstream:remotename)%00%(upstream:remoteref) refs/heads/master refs/remotes/master [0ms]
[2022-10-29T19:22:48.239Z] > git remote --verbose [0ms]
[2022-10-29T19:22:48.240Z] > git for-each-ref --sort -committerdate --format %(refname) %(objectname) %(*objectname) [4ms]
[2022-10-29T19:22:48.245Z] > git config --get commit.template [0ms]
[2022-10-29T19:22:53.903Z] > git status -z -uall [74ms]
[2022-10-29T19:22:53.907Z] > git symbolic-ref --short HEAD [1ms]
[2022-10-29T19:22:53.911Z] > git for-each-ref --format=%(refname)%00%(upstream:short)%00%(objectname)%00%(upstream:track)%00%(upstream:remotename)%00%(upstream:remoteref) refs/heads/master refs/remotes/master [1ms]
[2022-10-29T19:22:53.917Z] > git remote --verbose [1ms]
[2022-10-29T19:22:53.917Z] > git for-each-ref --sort -committerdate --format %(refname) %(objectname) %(*objectname) [3ms]
[2022-10-29T19:22:53.922Z] > git config --get commit.template [1ms]
[2022-10-29T19:22:58.997Z] > git status -z -uall [71ms]
[2022-10-29T19:22:59.001Z] > git symbolic-ref --short HEAD [1ms]
[2022-10-29T19:22:59.004Z] > git for-each-ref --format=%(refname)%00%(upstream:short)%00%(objectname)%00%(upstream:track)%00%(upstream:remotename)%00%(upstream:remoteref) refs/heads/master refs/remotes/master [0ms]
[2022-10-29T19:22:59.010Z] > git remote --verbose [0ms]
[2022-10-29T19:22:59.011Z] > git for-each-ref --sort -committerdate --format %(refname) %(objectname) %(*objectname) [4ms]
[2022-10-29T19:22:59.016Z] > git config --get commit.template [1ms]
[2022-10-29T19:23:04.087Z] > git status -z -uall [67ms]
[2022-10-29T19:23:04.091Z] > git symbolic-ref --short HEAD [0ms]
[2022-10-29T19:23:04.095Z] > git for-each-ref --format=%(refname)%00%(upstream:short)%00%(objectname)%00%(upstream:track)%00%(upstream:remotename)%00%(upstream:remoteref) refs/heads/master refs/remotes/master [1ms]
[2022-10-29T19:23:04.101Z] > git remote --verbose [1ms]
[2022-10-29T19:23:04.101Z] > git for-each-ref --sort -committerdate --format %(refname) %(objectname) %(*objectname) [4ms]
[2022-10-29T19:23:04.105Z] > git config --get commit.template [0ms]
[2022-10-29T19:23:10.346Z] > git status -z -uall [76ms]
[2022-10-29T19:23:10.350Z] > git symbolic-ref --short HEAD [1ms]
[2022-10-29T19:23:10.353Z] > git for-each-ref --format=%(refname)%00%(upstream:short)%00%(objectname)%00%(upstream:track)%00%(upstream:remotename)%00%(upstream:remoteref) refs/heads/master refs/remotes/master [0ms]
[2022-10-29T19:23:10.360Z] > git remote --verbose [1ms]
[2022-10-29T19:23:10.360Z] > git for-each-ref --sort -committerdate --format %(refname) %(objectname) %(*objectname) [3ms]
[2022-10-29T19:23:10.366Z] > git config --get commit.template [1ms]
[2022-10-29T19:23:15.441Z] > git status -z -uall [71ms]
[2022-10-29T19:23:15.445Z] > git symbolic-ref --short HEAD [0ms]
[2022-10-29T19:23:15.450Z] > git for-each-ref --format=%(refname)%00%(upstream:short)%00%(objectname)%00%(upstream:track)%00%(upstream:remotename)%00%(upstream:remoteref) refs/heads/master refs/remotes/master [1ms]
[2022-10-29T19:23:15.456Z] > git remote --verbose [0ms]
[2022-10-29T19:23:15.457Z] > git for-each-ref --sort -committerdate --format %(refname) %(objectname) %(*objectname) [4ms]
[2022-10-29T19:23:15.463Z] > git config --get commit.template [0ms]
[2022-10-29T19:23:20.536Z] > git status -z -uall [68ms]
[2022-10-29T19:23:20.540Z] > git symbolic-ref --short HEAD [0ms]
[2022-10-29T19:23:20.544Z] > git for-each-ref --format=%(refname)%00%(upstream:short)%00%(objectname)%00%(upstream:track)%00%(upstream:remotename)%00%(upstream:remoteref) refs/heads/master refs/remotes/master [1ms]
[2022-10-29T19:23:20.549Z] > git remote --verbose [0ms]
[2022-10-29T19:23:20.549Z] > git for-each-ref --sort -committerdate --format %(refname) %(objectname) %(*objectname) [3ms]
[2022-10-29T19:23:20.555Z] > git config --get commit.template [0ms]
[2022-10-29T19:23:25.627Z] > git status -z -uall [68ms]
[2022-10-29T19:23:25.631Z] > git symbolic-ref --short HEAD [1ms]
[2022-10-29T19:23:25.635Z] > git for-each-ref --format=%(refname)%00%(upstream:short)%00%(objectname)%00%(upstream:track)%00%(upstream:remotename)%00%(upstream:remoteref) refs/heads/master refs/remotes/master [0ms]
[2022-10-29T19:23:25.641Z] > git remote --verbose [0ms]
[2022-10-29T19:23:25.642Z] > git for-each-ref --sort -committerdate --format %(refname) %(objectname) %(*objectname) [4ms]
[2022-10-29T19:23:25.647Z] > git config --get commit.template [0ms]
[2022-10-29T19:23:30.722Z] > git status -z -uall [70ms]
[2022-10-29T19:23:30.726Z] > git symbolic-ref --short HEAD [1ms]
[2022-10-29T19:23:30.730Z] > git for-each-ref --format=%(refname)%00%(upstream:short)%00%(objectname)%00%(upstream:track)%00%(upstream:remotename)%00%(upstream:remoteref) refs/heads/master refs/remotes/master [1ms]
[2022-10-29T19:23:30.736Z] > git remote --verbose [1ms]
[2022-10-29T19:23:30.736Z] > git for-each-ref --sort -committerdate --format %(refname) %(objectname) %(*objectname) [3ms]
[2022-10-29T19:23:30.741Z] > git config --get commit.template [1ms]
[2022-10-29T19:23:37.227Z] > git status -z -uall [76ms]
[2022-10-29T19:23:37.231Z] > git symbolic-ref --short HEAD [1ms]
[2022-10-29T19:23:37.235Z] > git for-each-ref --format=%(refname)%00%(upstream:short)%00%(objectname)%00%(upstream:track)%00%(upstream:remotename)%00%(upstream:remoteref) refs/heads/master refs/remotes/master [0ms]
[2022-10-29T19:23:37.240Z] > git remote --verbose [0ms]
[2022-10-29T19:23:37.240Z] > git for-each-ref --sort -committerdate --format %(refname) %(objectname) %(*objectname) [3ms]
[2022-10-29T19:23:37.245Z] > git config --get commit.template [0ms]
[2022-10-29T19:23:42.320Z] > git status -z -uall [70ms]
[2022-10-29T19:23:42.324Z] > git symbolic-ref --short HEAD [0ms]
[2022-10-29T19:23:42.328Z] > git for-each-ref --format=%(refname)%00%(upstream:short)%00%(objectname)%00%(upstream:track)%00%(upstream:remotename)%00%(upstream:remoteref) refs/heads/master refs/remotes/master [1ms]
[2022-10-29T19:23:42.333Z] > git for-each-ref --sort -committerdate --format %(refname) %(objectname) %(*objectname) [3ms]
[2022-10-29T19:23:42.333Z] > git remote --verbose [0ms]
[2022-10-29T19:23:42.338Z] > git config --get commit.template [0ms]
[2022-10-29T19:23:47.413Z] > git status -z -uall [70ms]
[2022-10-29T19:23:47.418Z] > git symbolic-ref --short HEAD [1ms]
[2022-10-29T19:23:47.421Z] > git for-each-ref --format=%(refname)%00%(upstream:short)%00%(objectname)%00%(upstream:track)%00%(upstream:remotename)%00%(upstream:remoteref) refs/heads/master refs/remotes/master [0ms]
[2022-10-29T19:23:47.428Z] > git remote --verbose [1ms]
[2022-10-29T19:23:47.428Z] > git for-each-ref --sort -committerdate --format %(refname) %(objectname) %(*objectname) [4ms]
[2022-10-29T19:23:47.433Z] > git config --get commit.template [0ms]
[2022-10-29T19:23:52.509Z] > git status -z -uall [71ms]
[2022-10-29T19:23:52.513Z] > git symbolic-ref --short HEAD [1ms]
[2022-10-29T19:23:52.516Z] > git for-each-ref --format=%(refname)%00%(upstream:short)%00%(objectname)%00%(upstream:track)%00%(upstream:remotename)%00%(upstream:remoteref) refs/heads/master refs/remotes/master [0ms]
[2022-10-29T19:23:52.522Z] > git for-each-ref --sort -committerdate --format %(refname) %(objectname) %(*objectname) [3ms]
[2022-10-29T19:23:52.523Z] > git remote --verbose [1ms]
[2022-10-29T19:23:52.529Z] > git config --get commit.template [0ms]
[2022-10-29T19:23:57.601Z] > git status -z -uall [68ms]
[2022-10-29T19:23:57.605Z] > git symbolic-ref --short HEAD [0ms]
[2022-10-29T19:23:57.609Z] > git for-each-ref --format=%(refname)%00%(upstream:short)%00%(objectname)%00%(upstream:track)%00%(upstream:remotename)%00%(upstream:remoteref) refs/heads/master refs/remotes/master [1ms]
[2022-10-29T19:23:57.614Z] > git remote --verbose [0ms]
[2022-10-29T19:23:57.614Z] > git for-each-ref --sort -committerdate --format %(refname) %(objectname) %(*objectname) [3ms]
[2022-10-29T19:23:57.619Z] > git config --get commit.template [1ms]
[2022-10-29T19:24:02.691Z] > git status -z -uall [68ms]
[2022-10-29T19:24:02.695Z] > git symbolic-ref --short HEAD [1ms]
[2022-10-29T19:24:02.698Z] > git for-each-ref --format=%(refname)%00%(upstream:short)%00%(objectname)%00%(upstream:track)%00%(upstream:remotename)%00%(upstream:remoteref) refs/heads/master refs/remotes/master [0ms]
[2022-10-29T19:24:02.705Z] > git for-each-ref --sort -committerdate --format %(refname) %(objectname) %(*objectname) [4ms]
[2022-10-29T19:24:02.705Z] > git remote --verbose [1ms]
[2022-10-29T19:24:02.709Z] > git config --get commit.template [0ms]
[2022-10-29T19:24:07.788Z] > git status -z -uall [73ms]
[2022-10-29T19:24:07.792Z] > git symbolic-ref --short HEAD [1ms]
[2022-10-29T19:24:07.795Z] > git for-each-ref --format=%(refname)%00%(upstream:short)%00%(objectname)%00%(upstream:track)%00%(upstream:remotename)%00%(upstream:remoteref) refs/heads/master refs/remotes/master [0ms]
[2022-10-29T19:24:07.802Z] > git remote --verbose [1ms]
[2022-10-29T19:24:07.802Z] > git for-each-ref --sort -committerdate --format %(refname) %(objectname) %(*objectname) [4ms]
[2022-10-29T19:24:07.807Z] > git config --get commit.template [1ms]
[2022-10-29T19:24:12.881Z] > git status -z -uall [71ms]
[2022-10-29T19:24:12.886Z] > git symbolic-ref --short HEAD [1ms]
[2022-10-29T19:24:12.891Z] > git for-each-ref --format=%(refname)%00%(upstream:short)%00%(objectname)%00%(upstream:track)%00%(upstream:remotename)%00%(upstream:remoteref) refs/heads/master refs/remotes/master [1ms]
[2022-10-29T19:24:12.897Z] > git remote --verbose [0ms]
[2022-10-29T19:24:12.898Z] > git for-each-ref --sort -committerdate --format %(refname) %(objectname) %(*objectname) [4ms]
[2022-10-29T19:24:12.903Z] > git config --get commit.template [1ms]
[2022-10-29T19:24:17.983Z] > git status -z -uall [72ms]
[2022-10-29T19:24:17.987Z] > git symbolic-ref --short HEAD [1ms]
[2022-10-29T19:24:17.990Z] > git for-each-ref --format=%(refname)%00%(upstream:short)%00%(objectname)%00%(upstream:track)%00%(upstream:remotename)%00%(upstream:remoteref) refs/heads/master refs/remotes/master [0ms]
[2022-10-29T19:24:17.997Z] > git remote --verbose [1ms]
[2022-10-29T19:24:17.997Z] > git for-each-ref --sort -committerdate --format %(refname) %(objectname) %(*objectname) [4ms]
[2022-10-29T19:24:18.003Z] > git config --get commit.template [1ms]
[2022-10-29T19:24:23.076Z] > git status -z -uall [69ms]
[2022-10-29T19:24:23.081Z] > git symbolic-ref --short HEAD [1ms]
[2022-10-29T19:24:23.084Z] > git for-each-ref --format=%(refname)%00%(upstream:short)%00%(objectname)%00%(upstream:track)%00%(upstream:remotename)%00%(upstream:remoteref) refs/heads/master refs/remotes/master [0ms]
[2022-10-29T19:24:23.090Z] > git remote --verbose [1ms]
[2022-10-29T19:24:23.090Z] > git for-each-ref --sort -committerdate --format %(refname) %(objectname) %(*objectname) [3ms]
[2022-10-29T19:24:23.094Z] > git config --get commit.template [0ms]
[2022-10-29T19:24:39.748Z] > git status -z -uall [76ms]
[2022-10-29T19:24:39.752Z] > git symbolic-ref --short HEAD [0ms]
[2022-10-29T19:24:39.756Z] > git for-each-ref --format=%(refname)%00%(upstream:short)%00%(objectname)%00%(upstream:track)%00%(upstream:remotename)%00%(upstream:remoteref) refs/heads/master refs/remotes/master [1ms]
[2022-10-29T19:24:39.762Z] > git remote --verbose [1ms]
[2022-10-29T19:24:39.762Z] > git for-each-ref --sort -committerdate --format %(refname) %(objectname) %(*objectname) [3ms]
[2022-10-29T19:24:39.766Z] > git config --get commit.template [0ms]
[2022-10-29T19:24:48.194Z] > git status -z -uall [72ms]
[2022-10-29T19:24:48.198Z] > git symbolic-ref --short HEAD [0ms]
[2022-10-29T19:24:48.202Z] > git for-each-ref --format=%(refname)%00%(upstream:short)%00%(objectname)%00%(upstream:track)%00%(upstream:remotename)%00%(upstream:remoteref) refs/heads/master refs/remotes/master [1ms]
[2022-10-29T19:24:48.207Z] > git for-each-ref --sort -committerdate --format %(refname) %(objectname) %(*objectname) [3ms]
[2022-10-29T19:24:48.207Z] > git remote --verbose [0ms]
[2022-10-29T19:24:48.211Z] > git config --get commit.template [0ms]
[2022-10-29T19:24:53.286Z] > git status -z -uall [70ms]
[2022-10-29T19:24:53.290Z] > git symbolic-ref --short HEAD [1ms]
[2022-10-29T19:24:53.293Z] > git for-each-ref --format=%(refname)%00%(upstream:short)%00%(objectname)%00%(upstream:track)%00%(upstream:remotename)%00%(upstream:remoteref) refs/heads/master refs/remotes/master [0ms]
[2022-10-29T19:24:53.299Z] > git remote --verbose [1ms]
[2022-10-29T19:24:53.299Z] > git for-each-ref --sort -committerdate --format %(refname) %(objectname) %(*objectname) [3ms]
[2022-10-29T19:24:53.303Z] > git config --get commit.template [0ms]
[2022-10-29T19:24:58.379Z] > git status -z -uall [71ms]
[2022-10-29T19:24:58.383Z] > git symbolic-ref --short HEAD [1ms]
[2022-10-29T19:24:58.386Z] > git for-each-ref --format=%(refname)%00%(upstream:short)%00%(objectname)%00%(upstream:track)%00%(upstream:remotename)%00%(upstream:remoteref) refs/heads/master refs/remotes/master [0ms]
[2022-10-29T19:24:58.392Z] > git remote --verbose [0ms]
[2022-10-29T19:24:58.392Z] > git for-each-ref --sort -committerdate --format %(refname) %(objectname) %(*objectname) [3ms]
[2022-10-29T19:24:58.397Z] > git config --get commit.template [1ms]
[2022-10-29T19:25:03.470Z] > git status -z -uall [70ms]
[2022-10-29T19:25:03.474Z] > git symbolic-ref --short HEAD [0ms]
[2022-10-29T19:25:03.478Z] > git for-each-ref --format=%(refname)%00%(upstream:short)%00%(objectname)%00%(upstream:track)%00%(upstream:remotename)%00%(upstream:remoteref) refs/heads/master refs/remotes/master [1ms]
[2022-10-29T19:25:03.484Z] > git remote --verbose [1ms]
[2022-10-29T19:25:03.484Z] > git for-each-ref --sort -committerdate --format %(refname) %(objectname) %(*objectname) [3ms]
[2022-10-29T19:25:03.489Z] > git config --get commit.template [1ms]
[2022-10-29T19:25:08.562Z] > git status -z -uall [69ms]
[2022-10-29T19:25:08.566Z] > git symbolic-ref --short HEAD [0ms]
[2022-10-29T19:25:08.570Z] > git for-each-ref --format=%(refname)%00%(upstream:short)%00%(objectname)%00%(upstream:track)%00%(upstream:remotename)%00%(upstream:remoteref) refs/heads/master refs/remotes/master [0ms]
[2022-10-29T19:25:08.577Z] > git remote --verbose [0ms]
[2022-10-29T19:25:08.578Z] > git for-each-ref --sort -committerdate --format %(refname) %(objectname) %(*objectname) [4ms]
[2022-10-29T19:25:08.582Z] > git config --get commit.template [0ms]
[2022-10-29T19:25:13.661Z] > git status -z -uall [73ms]
[2022-10-29T19:25:13.665Z] > git symbolic-ref --short HEAD [0ms]
[2022-10-29T19:25:13.669Z] > git for-each-ref --format=%(refname)%00%(upstream:short)%00%(objectname)%00%(upstream:track)%00%(upstream:remotename)%00%(upstream:remoteref) refs/heads/master refs/remotes/master [0ms]
[2022-10-29T19:25:13.675Z] > git remote --verbose [0ms]
[2022-10-29T19:25:13.676Z] > git for-each-ref --sort -committerdate --format %(refname) %(objectname) %(*objectname) [4ms]
[2022-10-29T19:25:13.681Z] > git config --get commit.template [1ms]
[2022-10-29T19:25:18.759Z] > git status -z -uall [74ms]
[2022-10-29T19:25:18.763Z] > git symbolic-ref --short HEAD [0ms]
[2022-10-29T19:25:18.768Z] > git for-each-ref --format=%(refname)%00%(upstream:short)%00%(objectname)%00%(upstream:track)%00%(upstream:remotename)%00%(upstream:remoteref) refs/heads/master refs/remotes/master [1ms]
[2022-10-29T19:25:18.778Z] > git remote --verbose [1ms]
[2022-10-29T19:25:18.778Z] > git for-each-ref --sort -committerdate --format %(refname) %(objectname) %(*objectname) [5ms]
[2022-10-29T19:25:18.785Z] > git config --get commit.template [0ms]
[2022-10-29T19:25:28.505Z] > git status -z -uall [76ms]
[2022-10-29T19:25:28.509Z] > git symbolic-ref --short HEAD [0ms]
[2022-10-29T19:25:28.513Z] > git for-each-ref --format=%(refname)%00%(upstream:short)%00%(objectname)%00%(upstream:track)%00%(upstream:remotename)%00%(upstream:remoteref) refs/heads/master refs/remotes/master [1ms]
[2022-10-29T19:25:28.518Z] > git remote --verbose [0ms]
[2022-10-29T19:25:28.519Z] > git for-each-ref --sort -committerdate --format %(refname) %(objectname) %(*objectname) [4ms]
[2022-10-29T19:25:28.524Z] > git config --get commit.template [1ms]
[2022-10-29T19:25:30.338Z] > git ls-files --stage -- /home/lrb96/pandas_ejercicios/df.py [7ms]
[2022-10-29T19:25:30.342Z] > git cat-file -s 32e1d5c87e773342e7487d05ff0ed3d769a28f1f [1ms]
[2022-10-29T19:25:30.356Z] > git show --textconv :pandas_ejercicios/df.py [5ms]
[2022-10-29T19:25:30.387Z] > git fetch [1226ms]
[2022-10-29T19:25:30.460Z] > git status -z -uall [69ms]
[2022-10-29T19:25:30.463Z] > git symbolic-ref --short HEAD [0ms]
[2022-10-29T19:25:30.467Z] > git for-each-ref --format=%(refname)%00%(upstream:short)%00%(objectname)%00%(upstream:track)%00%(upstream:remotename)%00%(upstream:remoteref) refs/heads/master refs/remotes/master [0ms]
[2022-10-29T19:25:30.473Z] > git remote --verbose [1ms]
[2022-10-29T19:25:30.473Z] > git for-each-ref --sort -committerdate --format %(refname) %(objectname) %(*objectname) [3ms]
[2022-10-29T19:25:30.479Z] > git config --get commit.template [1ms]
[2022-10-29T19:25:31.560Z] > git ls-files --stage -- /home/lrb96/pandas_ejercicios/df.py [7ms]
[2022-10-29T19:25:31.564Z] > git cat-file -s 32e1d5c87e773342e7487d05ff0ed3d769a28f1f [0ms]
[2022-10-29T19:25:31.578Z] > git show --textconv :pandas_ejercicios/df.py [7ms]
[2022-10-29T19:25:33.598Z] > git status -z -uall [70ms]
[2022-10-29T19:25:33.603Z] > git symbolic-ref --short HEAD [1ms]
[2022-10-29T19:25:33.606Z] > git for-each-ref --format=%(refname)%00%(upstream:short)%00%(objectname)%00%(upstream:track)%00%(upstream:remotename)%00%(upstream:remoteref) refs/heads/master refs/remotes/master [0ms]
[2022-10-29T19:25:33.613Z] > git remote --verbose [1ms]
[2022-10-29T19:25:33.613Z] > git for-each-ref --sort -committerdate --format %(refname) %(objectname) %(*objectname) [3ms]
[2022-10-29T19:25:33.617Z] > git config --get commit.template [0ms]
[2022-10-29T19:25:38.692Z] > git status -z -uall [70ms]
[2022-10-29T19:25:38.696Z] > git symbolic-ref --short HEAD [1ms]
[2022-10-29T19:25:38.699Z] > git for-each-ref --format=%(refname)%00%(upstream:short)%00%(objectname)%00%(upstream:track)%00%(upstream:remotename)%00%(upstream:remoteref) refs/heads/master refs/remotes/master [0ms]
[2022-10-29T19:25:38.706Z] > git remote --verbose [1ms]
[2022-10-29T19:25:38.706Z] > git for-each-ref --sort -committerdate --format %(refname) %(objectname) %(*objectname) [4ms]
[2022-10-29T19:25:38.711Z] > git config --get commit.template [1ms]
[2022-10-29T19:25:43.793Z] > git status -z -uall [78ms]
[2022-10-29T19:25:43.797Z] > git symbolic-ref --short HEAD [1ms]
[2022-10-29T19:25:43.801Z] > git for-each-ref --format=%(refname)%00%(upstream:short)%00%(objectname)%00%(upstream:track)%00%(upstream:remotename)%00%(upstream:remoteref) refs/heads/master refs/remotes/master [1ms]
[2022-10-29T19:25:43.809Z] > git remote --verbose [2ms]
[2022-10-29T19:25:43.809Z] > git for-each-ref --sort -committerdate --format %(refname) %(objectname) %(*objectname) [5ms]
[2022-10-29T19:25:43.814Z] > git config --get commit.template [0ms]
[2022-10-29T19:25:50.751Z] > git status -z -uall [75ms]
[2022-10-29T19:25:50.756Z] > git symbolic-ref --short HEAD [1ms]
[2022-10-29T19:25:50.759Z] > git for-each-ref --format=%(refname)%00%(upstream:short)%00%(objectname)%00%(upstream:track)%00%(upstream:remotename)%00%(upstream:remoteref) refs/heads/master refs/remotes/master [0ms]
[2022-10-29T19:25:50.767Z] > git remote --verbose [1ms]
[2022-10-29T19:25:50.767Z] > git for-each-ref --sort -committerdate --format %(refname) %(objectname) %(*objectname) [4ms]
[2022-10-29T19:25:50.772Z] > git config --get commit.template [0ms]
[2022-10-29T19:25:55.851Z] > git status -z -uall [73ms]
[2022-10-29T19:25:55.855Z] > git symbolic-ref --short HEAD [1ms]
[2022-10-29T19:25:55.858Z] > git for-each-ref --format=%(refname)%00%(upstream:short)%00%(objectname)%00%(upstream:track)%00%(upstream:remotename)%00%(upstream:remoteref) refs/heads/master refs/remotes/master [0ms]
[2022-10-29T19:25:55.865Z] > git remote --verbose [1ms]
[2022-10-29T19:25:55.865Z] > git for-each-ref --sort -committerdate --format %(refname) %(objectname) %(*objectname) [3ms]
[2022-10-29T19:25:55.870Z] > git config --get commit.template [0ms]
[2022-10-29T19:26:00.948Z] > git status -z -uall [72ms]
[2022-10-29T19:26:00.954Z] > git symbolic-ref --short HEAD [0ms]
[2022-10-29T19:26:00.959Z] > git for-each-ref --format=%(refname)%00%(upstream:short)%00%(objectname)%00%(upstream:track)%00%(upstream:remotename)%00%(upstream:remoteref) refs/heads/master refs/remotes/master [0ms]
[2022-10-29T19:26:00.967Z] > git remote --verbose [1ms]
[2022-10-29T19:26:00.967Z] > git for-each-ref --sort -committerdate --format %(refname) %(objectname) %(*objectname) [4ms]
[2022-10-29T19:26:00.976Z] > git config --get commit.template [3ms]
[2022-10-29T19:26:06.050Z] > git status -z -uall [70ms]
[2022-10-29T19:26:06.055Z] > git symbolic-ref --short HEAD [1ms]
[2022-10-29T19:26:06.058Z] > git for-each-ref --format=%(refname)%00%(upstream:short)%00%(objectname)%00%(upstream:track)%00%(upstream:remotename)%00%(upstream:remoteref) refs/heads/master refs/remotes/master [0ms]
[2022-10-29T19:26:06.068Z] > git remote --verbose [1ms]
[2022-10-29T19:26:06.068Z] > git for-each-ref --sort -committerdate --format %(refname) %(objectname) %(*objectname) [6ms]
[2022-10-29T19:26:06.078Z] > git config --get commit.template [0ms]
[2022-10-29T19:26:30.900Z] > git status -z -uall [80ms]
[2022-10-29T19:26:30.904Z] > git symbolic-ref --short HEAD [0ms]
[2022-10-29T19:26:30.909Z] > git for-each-ref --format=%(refname)%00%(upstream:short)%00%(objectname)%00%(upstream:track)%00%(upstream:remotename)%00%(upstream:remoteref) refs/heads/master refs/remotes/master [1ms]
[2022-10-29T19:26:30.916Z] > git remote --verbose [0ms]
[2022-10-29T19:26:30.917Z] > git for-each-ref --sort -committerdate --format %(refname) %(objectname) %(*objectname) [4ms]
[2022-10-29T19:26:30.922Z] > git config --get commit.template [0ms]
[2022-10-29T19:39:36.050Z] > git status -z -uall [77ms]
[2022-10-29T19:39:36.054Z] > git symbolic-ref --short HEAD [1ms]
[2022-10-29T19:39:36.058Z] > git for-each-ref --format=%(refname)%00%(upstream:short)%00%(objectname)%00%(upstream:track)%00%(upstream:remotename)%00%(upstream:remoteref) refs/heads/master refs/remotes/master [0ms]
[2022-10-29T19:39:36.064Z] > git for-each-ref --sort -committerdate --format %(refname) %(objectname) %(*objectname) [3ms]
[2022-10-29T19:39:36.064Z] > git remote --verbose [0ms]
[2022-10-29T19:39:36.070Z] > git config --get commit.template [0ms]
[2022-10-29T19:39:37.146Z] > git ls-files --stage -- /home/lrb96/pandas_ejercicios/df.py [6ms]
[2022-10-29T19:39:37.150Z] > git cat-file -s 32e1d5c87e773342e7487d05ff0ed3d769a28f1f [0ms]
[2022-10-29T19:39:37.165Z] > git show --textconv :pandas_ejercicios/df.py [6ms]
[2022-10-29T19:39:37.209Z] > git fetch [1242ms]
[2022-10-29T19:39:37.282Z] > git status -z -uall [70ms]
[2022-10-29T19:39:37.285Z] > git symbolic-ref --short HEAD [0ms]
[2022-10-29T19:39:37.289Z] > git for-each-ref --format=%(refname)%00%(upstream:short)%00%(objectname)%00%(upstream:track)%00%(upstream:remotename)%00%(upstream:remoteref) refs/heads/master refs/remotes/master [1ms]
[2022-10-29T19:39:37.294Z] > git for-each-ref --sort -committerdate --format %(refname) %(objectname) %(*objectname) [3ms]
[2022-10-29T19:39:37.295Z] > git remote --verbose [1ms]
[2022-10-29T19:39:37.299Z] > git config --get commit.template [0ms]
[2022-10-29T19:47:12.633Z] > git ls-files --stage -- /home/lrb96/pandas_ejercicios/df.py [8ms]
[2022-10-29T19:47:12.638Z] > git cat-file -s 32e1d5c87e773342e7487d05ff0ed3d769a28f1f [1ms]
[2022-10-29T19:47:12.653Z] > git show --textconv :pandas_ejercicios/df.py [6ms]
[2022-10-29T19:47:12.692Z] > git status -z -uall [84ms]
[2022-10-29T19:47:12.696Z] > git symbolic-ref --short HEAD [1ms]
[2022-10-29T19:47:12.699Z] > git for-each-ref --format=%(refname)%00%(upstream:short)%00%(objectname)%00%(upstream:track)%00%(upstream:remotename)%00%(upstream:remoteref) refs/heads/master refs/remotes/master [0ms]
[2022-10-29T19:47:12.706Z] > git remote --verbose [0ms]
[2022-10-29T19:47:12.707Z] > git for-each-ref --sort -committerdate --format %(refname) %(objectname) %(*objectname) [4ms]
[2022-10-29T19:47:12.711Z] > git config --get commit.template [0ms]
[2022-10-29T19:47:13.985Z] > git fetch [1384ms]
[2022-10-29T19:47:14.070Z] > git status -z -uall [81ms]
[2022-10-29T19:47:14.073Z] > git symbolic-ref --short HEAD [0ms]
[2022-10-29T19:47:14.078Z] > git for-each-ref --format=%(refname)%00%(upstream:short)%00%(objectname)%00%(upstream:track)%00%(upstream:remotename)%00%(upstream:remoteref) refs/heads/master refs/remotes/master [1ms]
[2022-10-29T19:47:14.085Z] > git remote --verbose [1ms]
[2022-10-29T19:47:14.085Z] > git for-each-ref --sort -committerdate --format %(refname) %(objectname) %(*objectname) [4ms]
[2022-10-29T19:47:14.092Z] > git config --get commit.template [0ms]
[2022-10-29T19:59:16.416Z] > git ls-files --stage -- /home/lrb96/pandas_ejercicios/df.py [10ms]
[2022-10-29T19:59:16.421Z] > git cat-file -s 32e1d5c87e773342e7487d05ff0ed3d769a28f1f [1ms]
[2022-10-29T19:59:16.436Z] > git show --textconv :pandas_ejercicios/df.py [6ms]
[2022-10-29T19:59:16.476Z] > git status -z -uall [80ms]
[2022-10-29T19:59:16.480Z] > git symbolic-ref --short HEAD [0ms]
[2022-10-29T19:59:16.484Z] > git for-each-ref --format=%(refname)%00%(upstream:short)%00%(objectname)%00%(upstream:track)%00%(upstream:remotename)%00%(upstream:remoteref) refs/heads/master refs/remotes/master [1ms]
[2022-10-29T19:59:16.490Z] > git remote --verbose [0ms]
[2022-10-29T19:59:16.490Z] > git for-each-ref --sort -committerdate --format %(refname) %(objectname) %(*objectname) [3ms]
[2022-10-29T19:59:16.495Z] > git config --get commit.template [1ms]
[2022-10-29T19:59:17.641Z] > git fetch [1253ms]
[2022-10-29T19:59:17.713Z] > git status -z -uall [69ms]
[2022-10-29T19:59:17.717Z] > git symbolic-ref --short HEAD [0ms]
[2022-10-29T19:59:17.721Z] > git for-each-ref --format=%(refname)%00%(upstream:short)%00%(objectname)%00%(upstream:track)%00%(upstream:remotename)%00%(upstream:remoteref) refs/heads/master refs/remotes/master [0ms]
[2022-10-29T19:59:17.727Z] > git for-each-ref --sort -committerdate --format %(refname) %(objectname) %(*objectname) [3ms]
[2022-10-29T19:59:17.727Z] > git remote --verbose [0ms]
[2022-10-29T19:59:17.733Z] > git config --get commit.template [1ms]
[2022-10-29T20:00:32.604Z] > git ls-files --stage -- /home/lrb96/pandas_ejercicios/df.py [8ms]
[2022-10-29T20:00:32.610Z] > git cat-file -s 32e1d5c87e773342e7487d05ff0ed3d769a28f1f [1ms]
[2022-10-29T20:00:32.625Z] > git show --textconv :pandas_ejercicios/df.py [7ms]
[2022-10-29T20:00:32.661Z] > git status -z -uall [81ms]
[2022-10-29T20:00:32.665Z] > git symbolic-ref --short HEAD [1ms]
[2022-10-29T20:00:32.669Z] > git for-each-ref --format=%(refname)%00%(upstream:short)%00%(objectname)%00%(upstream:track)%00%(upstream:remotename)%00%(upstream:remoteref) refs/heads/master refs/remotes/master [1ms]
[2022-10-29T20:00:32.674Z] > git remote --verbose [0ms]
[2022-10-29T20:00:32.675Z] > git for-each-ref --sort -committerdate --format %(refname) %(objectname) %(*objectname) [4ms]
[2022-10-29T20:00:32.680Z] > git config --get commit.template [0ms]
[2022-10-29T20:02:43.260Z] > git status -z -uall [74ms]
[2022-10-29T20:02:43.264Z] > git symbolic-ref --short HEAD [1ms]
[2022-10-29T20:02:43.268Z] > git for-each-ref --format=%(refname)%00%(upstream:short)%00%(objectname)%00%(upstream:track)%00%(upstream:remotename)%00%(upstream:remoteref) refs/heads/master refs/remotes/master [1ms]
[2022-10-29T20:02:43.274Z] > git remote --verbose [1ms]
[2022-10-29T20:02:43.274Z] > git for-each-ref --sort -committerdate --format %(refname) %(objectname) %(*objectname) [3ms]
[2022-10-29T20:02:43.278Z] > git config --get commit.template [0ms]
[2022-10-29T20:02:44.361Z] > git ls-files --stage -- /home/lrb96/pandas_ejercicios/df.py [6ms]
[2022-10-29T20:02:44.364Z] > git cat-file -s 32e1d5c87e773342e7487d05ff0ed3d769a28f1f [0ms]
[2022-10-29T20:02:44.378Z] > git show --textconv :pandas_ejercicios/df.py [6ms]
[2022-10-29T20:02:44.418Z] > git fetch [1239ms]
[2022-10-29T20:02:44.491Z] > git status -z -uall [70ms]
[2022-10-29T20:02:44.495Z] > git symbolic-ref --short HEAD [0ms]
[2022-10-29T20:02:44.499Z] > git for-each-ref --format=%(refname)%00%(upstream:short)%00%(objectname)%00%(upstream:track)%00%(upstream:remotename)%00%(upstream:remoteref) refs/heads/master refs/remotes/master [1ms]
[2022-10-29T20:02:44.504Z] > git for-each-ref --sort -committerdate --format %(refname) %(objectname) %(*objectname) [3ms]
[2022-10-29T20:02:44.504Z] > git remote --verbose [0ms]
[2022-10-29T20:02:44.512Z] > git config --get commit.template [1ms]
[2022-10-29T20:02:45.588Z] > git ls-files --stage -- /home/lrb96/pandas_ejercicios/df.py [6ms]
[2022-10-29T20:02:45.592Z] > git cat-file -s 32e1d5c87e773342e7487d05ff0ed3d769a28f1f [1ms]
[2022-10-29T20:02:45.605Z] > git show --textconv :pandas_ejercicios/df.py [6ms]
[2022-10-29T20:02:48.354Z] > git status -z -uall [71ms]
[2022-10-29T20:02:48.358Z] > git symbolic-ref --short HEAD [0ms]
[2022-10-29T20:02:48.362Z] > git for-each-ref --format=%(refname)%00%(upstream:short)%00%(objectname)%00%(upstream:track)%00%(upstream:remotename)%00%(upstream:remoteref) refs/heads/master refs/remotes/master [1ms]
[2022-10-29T20:02:48.370Z] > git remote --verbose [2ms]
[2022-10-29T20:02:48.370Z] > git for-each-ref --sort -committerdate --format %(refname) %(objectname) %(*objectname) [5ms]
[2022-10-29T20:02:48.375Z] > git config --get commit.template [0ms]
[2022-10-29T20:02:53.450Z] > git status -z -uall [69ms]
[2022-10-29T20:02:53.454Z] > git symbolic-ref --short HEAD [0ms]
[2022-10-29T20:02:53.458Z] > git for-each-ref --format=%(refname)%00%(upstream:short)%00%(objectname)%00%(upstream:track)%00%(upstream:remotename)%00%(upstream:remoteref) refs/heads/master refs/remotes/master [0ms]
[2022-10-29T20:02:53.466Z] > git for-each-ref --sort -committerdate --format %(refname) %(objectname) %(*objectname) [5ms]
[2022-10-29T20:02:53.466Z] > git remote --verbose [3ms]
[2022-10-29T20:02:53.472Z] > git config --get commit.template [1ms]
[2022-10-29T20:02:58.546Z] > git status -z -uall [70ms]
[2022-10-29T20:02:58.551Z] > git symbolic-ref --short HEAD [1ms]
[2022-10-29T20:02:58.555Z] > git for-each-ref --format=%(refname)%00%(upstream:short)%00%(objectname)%00%(upstream:track)%00%(upstream:remotename)%00%(upstream:remoteref) refs/heads/master refs/remotes/master [1ms]
[2022-10-29T20:02:58.562Z] > git remote --verbose [1ms]
[2022-10-29T20:02:58.562Z] > git for-each-ref --sort -committerdate --format %(refname) %(objectname) %(*objectname) [3ms]
[2022-10-29T20:02:58.568Z] > git config --get commit.template [1ms]
[2022-10-29T20:03:03.639Z] > git status -z -uall [68ms]
[2022-10-29T20:03:03.643Z] > git symbolic-ref --short HEAD [0ms]
[2022-10-29T20:03:03.647Z] > git for-each-ref --format=%(refname)%00%(upstream:short)%00%(objectname)%00%(upstream:track)%00%(upstream:remotename)%00%(upstream:remoteref) refs/heads/master refs/remotes/master [1ms]
[2022-10-29T20:03:03.653Z] > git for-each-ref --sort -committerdate --format %(refname) %(objectname) %(*objectname) [3ms]
[2022-10-29T20:03:03.653Z] > git remote --verbose [1ms]
[2022-10-29T20:03:03.659Z] > git config --get commit.template [1ms]
[2022-10-29T20:03:08.732Z] > git status -z -uall [69ms]
[2022-10-29T20:03:08.736Z] > git symbolic-ref --short HEAD [0ms]
[2022-10-29T20:03:08.740Z] > git for-each-ref --format=%(refname)%00%(upstream:short)%00%(objectname)%00%(upstream:track)%00%(upstream:remotename)%00%(upstream:remoteref) refs/heads/master refs/remotes/master [0ms]
[2022-10-29T20:03:08.746Z] > git for-each-ref --sort -committerdate --format %(refname) %(objectname) %(*objectname) [3ms]
[2022-10-29T20:03:08.746Z] > git remote --verbose [0ms]
[2022-10-29T20:03:08.753Z] > git config --get commit.template [0ms]
[2022-10-29T20:03:13.828Z] > git status -z -uall [70ms]
[2022-10-29T20:03:13.832Z] > git symbolic-ref --short HEAD [0ms]
[2022-10-29T20:03:13.836Z] > git for-each-ref --format=%(refname)%00%(upstream:short)%00%(objectname)%00%(upstream:track)%00%(upstream:remotename)%00%(upstream:remoteref) refs/heads/master refs/remotes/master [1ms]
[2022-10-29T20:03:13.842Z] > git remote --verbose [0ms]
[2022-10-29T20:03:13.842Z] > git for-each-ref --sort -committerdate --format %(refname) %(objectname) %(*objectname) [3ms]
[2022-10-29T20:03:13.849Z] > git config --get commit.template [0ms]
[2022-10-29T20:03:18.925Z] > git status -z -uall [72ms]
[2022-10-29T20:03:18.929Z] > git symbolic-ref --short HEAD [0ms]
[2022-10-29T20:03:18.933Z] > git for-each-ref --format=%(refname)%00%(upstream:short)%00%(objectname)%00%(upstream:track)%00%(upstream:remotename)%00%(upstream:remoteref) refs/heads/master refs/remotes/master [1ms]
[2022-10-29T20:03:18.941Z] > git remote --verbose [1ms]
[2022-10-29T20:03:18.941Z] > git for-each-ref --sort -committerdate --format %(refname) %(objectname) %(*objectname) [4ms]
[2022-10-29T20:03:18.947Z] > git config --get commit.template [0ms]
[2022-10-29T20:03:27.703Z] > git status -z -uall [77ms]
[2022-10-29T20:03:27.707Z] > git symbolic-ref --short HEAD [1ms]
[2022-10-29T20:03:27.711Z] > git for-each-ref --format=%(refname)%00%(upstream:short)%00%(objectname)%00%(upstream:track)%00%(upstream:remotename)%00%(upstream:remoteref) refs/heads/master refs/remotes/master [1ms]
[2022-10-29T20:03:27.717Z] > git for-each-ref --sort -committerdate --format %(refname) %(objectname) %(*objectname) [3ms]
[2022-10-29T20:03:27.717Z] > git remote --verbose [0ms]
[2022-10-29T20:03:27.723Z] > git config --get commit.template [1ms]
[2022-10-29T20:04:24.702Z] > git status -z -uall [74ms]
[2022-10-29T20:04:24.706Z] > git symbolic-ref --short HEAD [1ms]
[2022-10-29T20:04:24.710Z] > git for-each-ref --format=%(refname)%00%(upstream:short)%00%(objectname)%00%(upstream:track)%00%(upstream:remotename)%00%(upstream:remoteref) refs/heads/master refs/remotes/master [1ms]
[2022-10-29T20:04:24.715Z] > git remote --verbose [0ms]
[2022-10-29T20:04:24.716Z] > git for-each-ref --sort -committerdate --format %(refname) %(objectname) %(*objectname) [4ms]
[2022-10-29T20:04:24.722Z] > git config --get commit.template [1ms]
[2022-10-29T20:04:42.612Z] > git status -z -uall [78ms]
[2022-10-29T20:04:42.616Z] > git symbolic-ref --short HEAD [1ms]
[2022-10-29T20:04:42.620Z] > git for-each-ref --format=%(refname)%00%(upstream:short)%00%(objectname)%00%(upstream:track)%00%(upstream:remotename)%00%(upstream:remoteref) refs/heads/master refs/remotes/master [0ms]
[2022-10-29T20:04:42.627Z] > git remote --verbose [0ms]
[2022-10-29T20:04:42.628Z] > git for-each-ref --sort -committerdate --format %(refname) %(objectname) %(*objectname) [4ms]
[2022-10-29T20:04:42.633Z] > git config --get commit.template [0ms]
[2022-10-29T20:04:47.708Z] > git status -z -uall [70ms]
[2022-10-29T20:04:47.712Z] > git symbolic-ref --short HEAD [0ms]
[2022-10-29T20:04:47.717Z] > git for-each-ref --format=%(refname)%00%(upstream:short)%00%(objectname)%00%(upstream:track)%00%(upstream:remotename)%00%(upstream:remoteref) refs/heads/master refs/remotes/master [1ms]
[2022-10-29T20:04:47.723Z] > git remote --verbose [0ms]
[2022-10-29T20:04:47.723Z] > git for-each-ref --sort -committerdate --format %(refname) %(objectname) %(*objectname) [3ms]
[2022-10-29T20:04:47.729Z] > git config --get commit.template [1ms]
[2022-10-29T20:04:53.929Z] > git status -z -uall [75ms]
[2022-10-29T20:04:53.934Z] > git symbolic-ref --short HEAD [1ms]
[2022-10-29T20:04:53.938Z] > git for-each-ref --format=%(refname)%00%(upstream:short)%00%(objectname)%00%(upstream:track)%00%(upstream:remotename)%00%(upstream:remoteref) refs/heads/master refs/remotes/master [0ms]
[2022-10-29T20:04:53.947Z] > git for-each-ref --sort -committerdate --format %(refname) %(objectname) %(*objectname) [5ms]
[2022-10-29T20:04:53.948Z] > git remote --verbose [1ms]
[2022-10-29T20:04:53.954Z] > git config --get commit.template [0ms]
[2022-10-29T20:04:59.032Z] > git status -z -uall [72ms]
[2022-10-29T20:04:59.036Z] > git symbolic-ref --short HEAD [0ms]
[2022-10-29T20:04:59.040Z] > git for-each-ref --format=%(refname)%00%(upstream:short)%00%(objectname)%00%(upstream:track)%00%(upstream:remotename)%00%(upstream:remoteref) refs/heads/master refs/remotes/master [0ms]
[2022-10-29T20:04:59.047Z] > git for-each-ref --sort -committerdate --format %(refname) %(objectname) %(*objectname) [4ms]
[2022-10-29T20:04:59.048Z] > git remote --verbose [2ms]
[2022-10-29T20:04:59.055Z] > git config --get commit.template [1ms]
[2022-10-29T20:05:05.923Z] > git status -z -uall [79ms]
[2022-10-29T20:05:05.932Z] > git symbolic-ref --short HEAD [5ms]
[2022-10-29T20:05:05.937Z] > git for-each-ref --format=%(refname)%00%(upstream:short)%00%(objectname)%00%(upstream:track)%00%(upstream:remotename)%00%(upstream:remoteref) refs/heads/master refs/remotes/master [1ms]
[2022-10-29T20:05:05.945Z] > git for-each-ref --sort -committerdate --format %(refname) %(objectname) %(*objectname) [3ms]
[2022-10-29T20:05:05.946Z] > git remote --verbose [1ms]
[2022-10-29T20:05:05.952Z] > git config --get commit.template [0ms]
[2022-10-29T20:05:11.026Z] > git status -z -uall [68ms]
[2022-10-29T20:05:11.031Z] > git symbolic-ref --short HEAD [0ms]
[2022-10-29T20:05:11.036Z] > git for-each-ref --format=%(refname)%00%(upstream:short)%00%(objectname)%00%(upstream:track)%00%(upstream:remotename)%00%(upstream:remoteref) refs/heads/master refs/remotes/master [1ms]
[2022-10-29T20:05:11.042Z] > git remote --verbose [1ms]
[2022-10-29T20:05:11.042Z] > git for-each-ref --sort -committerdate --format %(refname) %(objectname) %(*objectname) [3ms]
[2022-10-29T20:05:11.047Z] > git config --get commit.template [1ms]
[2022-10-29T20:05:16.925Z] > git status -z -uall [78ms]
[2022-10-29T20:05:16.929Z] > git symbolic-ref --short HEAD [0ms]
[2022-10-29T20:05:16.935Z] > git for-each-ref --format=%(refname)%00%(upstream:short)%00%(objectname)%00%(upstream:track)%00%(upstream:remotename)%00%(upstream:remoteref) refs/heads/master refs/remotes/master [0ms]
[2022-10-29T20:05:16.943Z] > git remote --verbose [0ms]
[2022-10-29T20:05:16.943Z] > git for-each-ref --sort -committerdate --format %(refname) %(objectname) %(*objectname) [4ms]
[2022-10-29T20:05:16.949Z] > git config --get commit.template [0ms]
[2022-10-29T20:05:22.023Z] > git status -z -uall [69ms]
[2022-10-29T20:05:22.028Z] > git symbolic-ref --short HEAD [1ms]
[2022-10-29T20:05:22.032Z] > git for-each-ref --format=%(refname)%00%(upstream:short)%00%(objectname)%00%(upstream:track)%00%(upstream:remotename)%00%(upstream:remoteref) refs/heads/master refs/remotes/master [0ms]
[2022-10-29T20:05:22.038Z] > git for-each-ref --sort -committerdate --format %(refname) %(objectname) %(*objectname) [3ms]
[2022-10-29T20:05:22.038Z] > git remote --verbose [1ms]
[2022-10-29T20:05:22.045Z] > git config --get commit.template [0ms]
