[2022-10-26T20:25:16.056Z] Nivel de registro: Info
[2022-10-26T20:25:16.063Z] [info] La validación encontró Git en: git
[2022-10-26T20:25:16.290Z] [info] Usando GIT 2.25.1 desde git
[2022-10-26T20:25:16.343Z] > git rev-parse --show-toplevel [43ms]
[2022-10-26T20:25:16.376Z] > git rev-parse --git-dir --git-common-dir [26ms]
[2022-10-26T20:25:16.380Z] [info] Open repository: /home/lrb96
[2022-10-26T20:25:16.408Z] > git rev-parse --show-toplevel [15ms]
[2022-10-26T20:25:16.742Z] > git show --textconv :ejercicios_python/listas_tuplas/ejercicio11.py [16ms]
[2022-10-26T20:25:16.742Z] > git ls-files --stage -- /home/lrb96/ejercicios_python/listas_tuplas/ejercicio11.py [10ms]
[2022-10-26T20:25:16.749Z] > git cat-file -s b1847f1f3bd56958726d305668252f6c037e873f [1ms]
[2022-10-26T20:25:16.869Z] > git status -z -uall [483ms]
[2022-10-26T20:25:16.875Z] > git symbolic-ref --short HEAD [0ms]
[2022-10-26T20:25:16.881Z] > git for-each-ref --format=%(refname)%00%(upstream:short)%00%(objectname)%00%(upstream:track)%00%(upstream:remotename)%00%(upstream:remoteref) refs/heads/master refs/remotes/master [1ms]
[2022-10-26T20:25:16.893Z] > git remote --verbose [1ms]
[2022-10-26T20:25:16.894Z] > git for-each-ref --sort -committerdate --format %(refname) %(objectname) %(*objectname) [8ms]
[2022-10-26T20:25:16.906Z] > git config --get commit.template [1ms]
[2022-10-26T20:25:16.935Z] > git check-ignore -v -z --stdin [9ms]
[2022-10-26T20:25:16.982Z] > git status -z -uall [70ms]
[2022-10-26T20:25:16.989Z] > git symbolic-ref --short HEAD [2ms]
[2022-10-26T20:25:17.000Z] > git for-each-ref --format=%(refname)%00%(upstream:short)%00%(objectname)%00%(upstream:track)%00%(upstream:remotename)%00%(upstream:remoteref) refs/heads/master refs/remotes/master [5ms]
[2022-10-26T20:25:17.012Z] > git remote --verbose [1ms]
[2022-10-26T20:25:17.012Z] > git for-each-ref --sort -committerdate --format %(refname) %(objectname) %(*objectname) [7ms]
[2022-10-26T20:25:17.023Z] > git config --get commit.template [1ms]
[2022-10-26T20:25:28.194Z] > git status -z -uall [57ms]
[2022-10-26T20:25:28.199Z] > git symbolic-ref --short HEAD [1ms]
[2022-10-26T20:25:28.203Z] > git for-each-ref --format=%(refname)%00%(upstream:short)%00%(objectname)%00%(upstream:track)%00%(upstream:remotename)%00%(upstream:remoteref) refs/heads/master refs/remotes/master [0ms]
[2022-10-26T20:25:28.214Z] > git remote --verbose [1ms]
[2022-10-26T20:25:28.214Z] > git for-each-ref --sort -committerdate --format %(refname) %(objectname) %(*objectname) [5ms]
[2022-10-26T20:25:28.221Z] > git config --get commit.template [1ms]
[2022-10-26T20:25:29.305Z] > git ls-files --stage -- /home/lrb96/ejercicios_python/listas_tuplas/ejercicio11.py [4ms]
[2022-10-26T20:25:29.310Z] > git cat-file -s b1847f1f3bd56958726d305668252f6c037e873f [0ms]
[2022-10-26T20:25:29.375Z] > git show --textconv :ejercicios_python/listas_tuplas/ejercicio11.py [4ms]
[2022-10-26T20:25:29.396Z] > git fetch [1267ms]
[2022-10-26T20:25:29.457Z] > git status -z -uall [56ms]
[2022-10-26T20:25:29.463Z] > git symbolic-ref --short HEAD [1ms]
[2022-10-26T20:25:29.468Z] > git for-each-ref --format=%(refname)%00%(upstream:short)%00%(objectname)%00%(upstream:track)%00%(upstream:remotename)%00%(upstream:remoteref) refs/heads/master refs/remotes/master [1ms]
[2022-10-26T20:25:29.477Z] > git remote --verbose [0ms]
[2022-10-26T20:25:29.478Z] > git for-each-ref --sort -committerdate --format %(refname) %(objectname) %(*objectname) [6ms]
[2022-10-26T20:25:29.484Z] > git config --get commit.template [1ms]
[2022-10-26T20:25:30.484Z] > git ls-files --stage -- /home/lrb96/ejercicios_python/listas_tuplas/ejercicio11.py [3ms]
[2022-10-26T20:25:30.487Z] > git cat-file -s b1847f1f3bd56958726d305668252f6c037e873f [0ms]
[2022-10-26T20:25:30.498Z] > git show --textconv :ejercicios_python/listas_tuplas/ejercicio11.py [3ms]
[2022-10-26T20:25:33.279Z] > git status -z -uall [54ms]
[2022-10-26T20:25:33.282Z] > git symbolic-ref --short HEAD [1ms]
[2022-10-26T20:25:33.287Z] > git for-each-ref --format=%(refname)%00%(upstream:short)%00%(objectname)%00%(upstream:track)%00%(upstream:remotename)%00%(upstream:remoteref) refs/heads/master refs/remotes/master [1ms]
[2022-10-26T20:25:33.291Z] > git remote --verbose [0ms]
[2022-10-26T20:25:33.292Z] > git for-each-ref --sort -committerdate --format %(refname) %(objectname) %(*objectname) [3ms]
[2022-10-26T20:25:33.296Z] > git config --get commit.template [0ms]
[2022-10-26T20:25:38.355Z] > git status -z -uall [55ms]
[2022-10-26T20:25:38.359Z] > git symbolic-ref --short HEAD [1ms]
[2022-10-26T20:25:38.363Z] > git for-each-ref --format=%(refname)%00%(upstream:short)%00%(objectname)%00%(upstream:track)%00%(upstream:remotename)%00%(upstream:remoteref) refs/heads/master refs/remotes/master [1ms]
[2022-10-26T20:25:38.369Z] > git remote --verbose [1ms]
[2022-10-26T20:25:38.369Z] > git for-each-ref --sort -committerdate --format %(refname) %(objectname) %(*objectname) [4ms]
[2022-10-26T20:25:38.374Z] > git config --get commit.template [1ms]
[2022-10-26T20:25:44.141Z] > git status -z -uall [61ms]
[2022-10-26T20:25:44.145Z] > git symbolic-ref --short HEAD [0ms]
[2022-10-26T20:25:44.148Z] > git for-each-ref --format=%(refname)%00%(upstream:short)%00%(objectname)%00%(upstream:track)%00%(upstream:remotename)%00%(upstream:remoteref) refs/heads/master refs/remotes/master [0ms]
[2022-10-26T20:25:44.154Z] > git remote --verbose [1ms]
[2022-10-26T20:25:44.155Z] > git for-each-ref --sort -committerdate --format %(refname) %(objectname) %(*objectname) [4ms]
[2022-10-26T20:25:44.159Z] > git config --get commit.template [1ms]
[2022-10-26T20:25:49.730Z] > git status -z -uall [61ms]
[2022-10-26T20:25:49.734Z] > git symbolic-ref --short HEAD [1ms]
[2022-10-26T20:25:49.737Z] > git for-each-ref --format=%(refname)%00%(upstream:short)%00%(objectname)%00%(upstream:track)%00%(upstream:remotename)%00%(upstream:remoteref) refs/heads/master refs/remotes/master [1ms]
[2022-10-26T20:25:49.743Z] > git for-each-ref --sort -committerdate --format %(refname) %(objectname) %(*objectname) [4ms]
[2022-10-26T20:25:49.743Z] > git remote --verbose [1ms]
[2022-10-26T20:25:49.748Z] > git config --get commit.template [1ms]
[2022-10-26T20:25:54.806Z] > git status -z -uall [54ms]
[2022-10-26T20:25:54.810Z] > git symbolic-ref --short HEAD [1ms]
[2022-10-26T20:25:54.813Z] > git for-each-ref --format=%(refname)%00%(upstream:short)%00%(objectname)%00%(upstream:track)%00%(upstream:remotename)%00%(upstream:remoteref) refs/heads/master refs/remotes/master [0ms]
[2022-10-26T20:25:54.818Z] > git remote --verbose [0ms]
[2022-10-26T20:25:54.818Z] > git for-each-ref --sort -committerdate --format %(refname) %(objectname) %(*objectname) [2ms]
[2022-10-26T20:25:54.823Z] > git config --get commit.template [1ms]
[2022-10-26T20:25:59.882Z] > git status -z -uall [55ms]
[2022-10-26T20:25:59.886Z] > git symbolic-ref --short HEAD [0ms]
[2022-10-26T20:25:59.890Z] > git for-each-ref --format=%(refname)%00%(upstream:short)%00%(objectname)%00%(upstream:track)%00%(upstream:remotename)%00%(upstream:remoteref) refs/heads/master refs/remotes/master [1ms]
[2022-10-26T20:25:59.895Z] > git remote --verbose [1ms]
[2022-10-26T20:25:59.895Z] > git for-each-ref --sort -committerdate --format %(refname) %(objectname) %(*objectname) [3ms]
[2022-10-26T20:25:59.901Z] > git config --get commit.template [2ms]
[2022-10-26T20:26:04.959Z] > git status -z -uall [53ms]
[2022-10-26T20:26:04.963Z] > git symbolic-ref --short HEAD [1ms]
[2022-10-26T20:26:04.966Z] > git for-each-ref --format=%(refname)%00%(upstream:short)%00%(objectname)%00%(upstream:track)%00%(upstream:remotename)%00%(upstream:remoteref) refs/heads/master refs/remotes/master [1ms]
[2022-10-26T20:26:04.971Z] > git remote --verbose [1ms]
[2022-10-26T20:26:04.971Z] > git for-each-ref --sort -committerdate --format %(refname) %(objectname) %(*objectname) [3ms]
[2022-10-26T20:26:04.976Z] > git config --get commit.template [1ms]
[2022-10-26T20:26:10.033Z] > git status -z -uall [53ms]
[2022-10-26T20:26:10.037Z] > git symbolic-ref --short HEAD [1ms]
[2022-10-26T20:26:10.041Z] > git for-each-ref --format=%(refname)%00%(upstream:short)%00%(objectname)%00%(upstream:track)%00%(upstream:remotename)%00%(upstream:remoteref) refs/heads/master refs/remotes/master [1ms]
[2022-10-26T20:26:10.046Z] > git remote --verbose [1ms]
[2022-10-26T20:26:10.046Z] > git for-each-ref --sort -committerdate --format %(refname) %(objectname) %(*objectname) [3ms]
[2022-10-26T20:26:10.050Z] > git config --get commit.template [0ms]
[2022-10-26T20:26:15.107Z] > git status -z -uall [53ms]
[2022-10-26T20:26:15.111Z] > git symbolic-ref --short HEAD [1ms]
[2022-10-26T20:26:15.115Z] > git for-each-ref --format=%(refname)%00%(upstream:short)%00%(objectname)%00%(upstream:track)%00%(upstream:remotename)%00%(upstream:remoteref) refs/heads/master refs/remotes/master [1ms]
[2022-10-26T20:26:15.122Z] > git remote --verbose [1ms]
[2022-10-26T20:26:15.122Z] > git for-each-ref --sort -committerdate --format %(refname) %(objectname) %(*objectname) [3ms]
[2022-10-26T20:26:15.129Z] > git config --get commit.template [1ms]
[2022-10-26T20:26:20.187Z] > git status -z -uall [53ms]
[2022-10-26T20:26:20.192Z] > git symbolic-ref --short HEAD [1ms]
[2022-10-26T20:26:20.196Z] > git for-each-ref --format=%(refname)%00%(upstream:short)%00%(objectname)%00%(upstream:track)%00%(upstream:remotename)%00%(upstream:remoteref) refs/heads/master refs/remotes/master [0ms]
[2022-10-26T20:26:20.205Z] > git remote --verbose [2ms]
[2022-10-26T20:26:20.205Z] > git for-each-ref --sort -committerdate --format %(refname) %(objectname) %(*objectname) [5ms]
[2022-10-26T20:26:20.211Z] > git config --get commit.template [1ms]
[2022-10-26T20:26:25.808Z] > git status -z -uall [57ms]
[2022-10-26T20:26:25.812Z] > git symbolic-ref --short HEAD [0ms]
[2022-10-26T20:26:25.816Z] > git for-each-ref --format=%(refname)%00%(upstream:short)%00%(objectname)%00%(upstream:track)%00%(upstream:remotename)%00%(upstream:remoteref) refs/heads/master refs/remotes/master [1ms]
[2022-10-26T20:26:25.822Z] > git remote --verbose [1ms]
[2022-10-26T20:26:25.822Z] > git for-each-ref --sort -committerdate --format %(refname) %(objectname) %(*objectname) [3ms]
[2022-10-26T20:26:25.827Z] > git config --get commit.template [0ms]
[2022-10-26T20:28:16.753Z] > git status -z -uall [58ms]
[2022-10-26T20:28:16.756Z] > git symbolic-ref --short HEAD [1ms]
[2022-10-26T20:28:16.759Z] > git for-each-ref --format=%(refname)%00%(upstream:short)%00%(objectname)%00%(upstream:track)%00%(upstream:remotename)%00%(upstream:remoteref) refs/heads/master refs/remotes/master [1ms]
[2022-10-26T20:28:16.765Z] > git remote --verbose [1ms]
[2022-10-26T20:28:16.765Z] > git for-each-ref --sort -committerdate --format %(refname) %(objectname) %(*objectname) [3ms]
[2022-10-26T20:28:16.769Z] > git config --get commit.template [0ms]
[2022-10-26T20:28:21.828Z] > git status -z -uall [55ms]
[2022-10-26T20:28:21.831Z] > git symbolic-ref --short HEAD [0ms]
[2022-10-26T20:28:21.834Z] > git for-each-ref --format=%(refname)%00%(upstream:short)%00%(objectname)%00%(upstream:track)%00%(upstream:remotename)%00%(upstream:remoteref) refs/heads/master refs/remotes/master [0ms]
[2022-10-26T20:28:21.839Z] > git remote --verbose [1ms]
[2022-10-26T20:28:21.839Z] > git for-each-ref --sort -committerdate --format %(refname) %(objectname) %(*objectname) [3ms]
[2022-10-26T20:28:21.843Z] > git config --get commit.template [0ms]
[2022-10-26T20:28:26.900Z] > git status -z -uall [53ms]
[2022-10-26T20:28:26.904Z] > git symbolic-ref --short HEAD [1ms]
[2022-10-26T20:28:26.909Z] > git for-each-ref --format=%(refname)%00%(upstream:short)%00%(objectname)%00%(upstream:track)%00%(upstream:remotename)%00%(upstream:remoteref) refs/heads/master refs/remotes/master [1ms]
[2022-10-26T20:28:26.914Z] > git remote --verbose [1ms]
[2022-10-26T20:28:26.914Z] > git for-each-ref --sort -committerdate --format %(refname) %(objectname) %(*objectname) [3ms]
[2022-10-26T20:28:26.918Z] > git config --get commit.template [1ms]
[2022-10-26T20:28:30.658Z] > git ls-files --stage -- /home/lrb96/ejercicios_python/listas_tuplas/ejercicio11.py [4ms]
[2022-10-26T20:28:30.662Z] > git cat-file -s b1847f1f3bd56958726d305668252f6c037e873f [1ms]
[2022-10-26T20:28:30.672Z] > git show --textconv :ejercicios_python/listas_tuplas/ejercicio11.py [4ms]
[2022-10-26T20:28:30.723Z] > git fetch [1235ms]
[2022-10-26T20:28:30.784Z] > git status -z -uall [57ms]
[2022-10-26T20:28:30.788Z] > git symbolic-ref --short HEAD [0ms]
[2022-10-26T20:28:30.791Z] > git for-each-ref --format=%(refname)%00%(upstream:short)%00%(objectname)%00%(upstream:track)%00%(upstream:remotename)%00%(upstream:remoteref) refs/heads/master refs/remotes/master [1ms]
[2022-10-26T20:28:30.796Z] > git remote --verbose [1ms]
[2022-10-26T20:28:30.796Z] > git for-each-ref --sort -committerdate --format %(refname) %(objectname) %(*objectname) [3ms]
[2022-10-26T20:28:30.799Z] > git config --get commit.template [0ms]
[2022-10-26T20:28:31.838Z] > git ls-files --stage -- /home/lrb96/ejercicios_python/listas_tuplas/ejercicio11.py [3ms]
[2022-10-26T20:28:31.842Z] > git cat-file -s b1847f1f3bd56958726d305668252f6c037e873f [0ms]
[2022-10-26T20:28:31.853Z] > git show --textconv :ejercicios_python/listas_tuplas/ejercicio11.py [4ms]
[2022-10-26T20:28:31.994Z] > git status -z -uall [72ms]
[2022-10-26T20:28:31.999Z] > git symbolic-ref --short HEAD [1ms]
[2022-10-26T20:28:32.005Z] > git for-each-ref --format=%(refname)%00%(upstream:short)%00%(objectname)%00%(upstream:track)%00%(upstream:remotename)%00%(upstream:remoteref) refs/heads/master refs/remotes/master [1ms]
[2022-10-26T20:28:32.010Z] > git remote --verbose [0ms]
[2022-10-26T20:28:32.010Z] > git for-each-ref --sort -committerdate --format %(refname) %(objectname) %(*objectname) [2ms]
[2022-10-26T20:28:32.015Z] > git config --get commit.template [0ms]
[2022-10-26T20:28:38.720Z] > git status -z -uall [58ms]
[2022-10-26T20:28:38.724Z] > git symbolic-ref --short HEAD [1ms]
[2022-10-26T20:28:38.727Z] > git for-each-ref --format=%(refname)%00%(upstream:short)%00%(objectname)%00%(upstream:track)%00%(upstream:remotename)%00%(upstream:remoteref) refs/heads/master refs/remotes/master [1ms]
[2022-10-26T20:28:38.732Z] > git remote --verbose [1ms]
[2022-10-26T20:28:38.732Z] > git for-each-ref --sort -committerdate --format %(refname) %(objectname) %(*objectname) [3ms]
[2022-10-26T20:28:38.737Z] > git config --get commit.template [1ms]
[2022-10-26T20:28:45.028Z] > git status -z -uall [59ms]
[2022-10-26T20:28:45.032Z] > git symbolic-ref --short HEAD [1ms]
[2022-10-26T20:28:45.035Z] > git for-each-ref --format=%(refname)%00%(upstream:short)%00%(objectname)%00%(upstream:track)%00%(upstream:remotename)%00%(upstream:remoteref) refs/heads/master refs/remotes/master [1ms]
[2022-10-26T20:28:45.042Z] > git remote --verbose [1ms]
[2022-10-26T20:28:45.042Z] > git for-each-ref --sort -committerdate --format %(refname) %(objectname) %(*objectname) [4ms]
[2022-10-26T20:28:45.048Z] > git config --get commit.template [1ms]
[2022-10-26T20:28:50.106Z] > git status -z -uall [53ms]
[2022-10-26T20:28:50.110Z] > git symbolic-ref --short HEAD [1ms]
[2022-10-26T20:28:50.113Z] > git for-each-ref --format=%(refname)%00%(upstream:short)%00%(objectname)%00%(upstream:track)%00%(upstream:remotename)%00%(upstream:remoteref) refs/heads/master refs/remotes/master [1ms]
[2022-10-26T20:28:50.118Z] > git remote --verbose [1ms]
[2022-10-26T20:28:50.118Z] > git for-each-ref --sort -committerdate --format %(refname) %(objectname) %(*objectname) [3ms]
[2022-10-26T20:28:50.122Z] > git config --get commit.template [1ms]
[2022-10-26T20:29:09.271Z] > git status -z -uall [62ms]
[2022-10-26T20:29:09.275Z] > git symbolic-ref --short HEAD [1ms]
[2022-10-26T20:29:09.278Z] > git for-each-ref --format=%(refname)%00%(upstream:short)%00%(objectname)%00%(upstream:track)%00%(upstream:remotename)%00%(upstream:remoteref) refs/heads/master refs/remotes/master [1ms]
[2022-10-26T20:29:09.283Z] > git remote --verbose [1ms]
[2022-10-26T20:29:09.283Z] > git for-each-ref --sort -committerdate --format %(refname) %(objectname) %(*objectname) [3ms]
[2022-10-26T20:29:09.288Z] > git config --get commit.template [0ms]
[2022-10-26T20:29:14.347Z] > git status -z -uall [55ms]
[2022-10-26T20:29:14.351Z] > git symbolic-ref --short HEAD [1ms]
[2022-10-26T20:29:14.355Z] > git for-each-ref --format=%(refname)%00%(upstream:short)%00%(objectname)%00%(upstream:track)%00%(upstream:remotename)%00%(upstream:remoteref) refs/heads/master refs/remotes/master [2ms]
[2022-10-26T20:29:14.360Z] > git remote --verbose [0ms]
[2022-10-26T20:29:14.360Z] > git for-each-ref --sort -committerdate --format %(refname) %(objectname) %(*objectname) [3ms]
[2022-10-26T20:29:14.365Z] > git config --get commit.template [0ms]
[2022-10-26T20:29:21.297Z] > git status -z -uall [58ms]
[2022-10-26T20:29:21.301Z] > git symbolic-ref --short HEAD [0ms]
[2022-10-26T20:29:21.305Z] > git for-each-ref --format=%(refname)%00%(upstream:short)%00%(objectname)%00%(upstream:track)%00%(upstream:remotename)%00%(upstream:remoteref) refs/heads/master refs/remotes/master [1ms]
[2022-10-26T20:29:21.310Z] > git remote --verbose [0ms]
[2022-10-26T20:29:21.310Z] > git for-each-ref --sort -committerdate --format %(refname) %(objectname) %(*objectname) [3ms]
[2022-10-26T20:29:21.315Z] > git config --get commit.template [1ms]
[2022-10-26T20:29:26.372Z] > git status -z -uall [53ms]
[2022-10-26T20:29:26.376Z] > git symbolic-ref --short HEAD [1ms]
[2022-10-26T20:29:26.379Z] > git for-each-ref --format=%(refname)%00%(upstream:short)%00%(objectname)%00%(upstream:track)%00%(upstream:remotename)%00%(upstream:remoteref) refs/heads/master refs/remotes/master [1ms]
[2022-10-26T20:29:26.383Z] > git remote --verbose [0ms]
[2022-10-26T20:29:26.384Z] > git for-each-ref --sort -committerdate --format %(refname) %(objectname) %(*objectname) [3ms]
[2022-10-26T20:29:26.387Z] > git config --get commit.template [0ms]
[2022-10-26T20:29:31.444Z] > git status -z -uall [53ms]
[2022-10-26T20:29:31.448Z] > git symbolic-ref --short HEAD [0ms]
[2022-10-26T20:29:31.451Z] > git for-each-ref --format=%(refname)%00%(upstream:short)%00%(objectname)%00%(upstream:track)%00%(upstream:remotename)%00%(upstream:remoteref) refs/heads/master refs/remotes/master [0ms]
[2022-10-26T20:29:31.456Z] > git for-each-ref --sort -committerdate --format %(refname) %(objectname) %(*objectname) [3ms]
[2022-10-26T20:29:31.456Z] > git remote --verbose [1ms]
[2022-10-26T20:29:31.460Z] > git config --get commit.template [0ms]
[2022-10-26T20:29:36.517Z] > git status -z -uall [54ms]
[2022-10-26T20:29:36.521Z] > git symbolic-ref --short HEAD [1ms]
[2022-10-26T20:29:36.524Z] > git for-each-ref --format=%(refname)%00%(upstream:short)%00%(objectname)%00%(upstream:track)%00%(upstream:remotename)%00%(upstream:remoteref) refs/heads/master refs/remotes/master [1ms]
[2022-10-26T20:29:36.529Z] > git remote --verbose [1ms]
[2022-10-26T20:29:36.529Z] > git for-each-ref --sort -committerdate --format %(refname) %(objectname) %(*objectname) [2ms]
[2022-10-26T20:29:36.533Z] > git config --get commit.template [0ms]
[2022-10-26T20:29:41.594Z] > git status -z -uall [55ms]
[2022-10-26T20:29:41.598Z] > git symbolic-ref --short HEAD [0ms]
[2022-10-26T20:29:41.601Z] > git for-each-ref --format=%(refname)%00%(upstream:short)%00%(objectname)%00%(upstream:track)%00%(upstream:remotename)%00%(upstream:remoteref) refs/heads/master refs/remotes/master [0ms]
[2022-10-26T20:29:41.607Z] > git remote --verbose [1ms]
[2022-10-26T20:29:41.607Z] > git for-each-ref --sort -committerdate --format %(refname) %(objectname) %(*objectname) [3ms]
[2022-10-26T20:29:41.611Z] > git config --get commit.template [0ms]
[2022-10-26T20:29:46.668Z] > git status -z -uall [53ms]
[2022-10-26T20:29:46.672Z] > git symbolic-ref --short HEAD [1ms]
[2022-10-26T20:29:46.675Z] > git for-each-ref --format=%(refname)%00%(upstream:short)%00%(objectname)%00%(upstream:track)%00%(upstream:remotename)%00%(upstream:remoteref) refs/heads/master refs/remotes/master [1ms]
[2022-10-26T20:29:46.681Z] > git remote --verbose [0ms]
[2022-10-26T20:29:46.681Z] > git for-each-ref --sort -committerdate --format %(refname) %(objectname) %(*objectname) [3ms]
[2022-10-26T20:29:46.687Z] > git config --get commit.template [0ms]
[2022-10-26T20:29:52.010Z] > git status -z -uall [59ms]
[2022-10-26T20:29:52.014Z] > git symbolic-ref --short HEAD [1ms]
[2022-10-26T20:29:52.018Z] > git for-each-ref --format=%(refname)%00%(upstream:short)%00%(objectname)%00%(upstream:track)%00%(upstream:remotename)%00%(upstream:remoteref) refs/heads/master refs/remotes/master [1ms]
[2022-10-26T20:29:52.024Z] > git remote --verbose [1ms]
[2022-10-26T20:29:52.024Z] > git for-each-ref --sort -committerdate --format %(refname) %(objectname) %(*objectname) [3ms]
[2022-10-26T20:29:52.029Z] > git config --get commit.template [1ms]
[2022-10-26T20:30:02.469Z] > git status -z -uall [63ms]
[2022-10-26T20:30:02.472Z] > git symbolic-ref --short HEAD [0ms]
[2022-10-26T20:30:02.475Z] > git for-each-ref --format=%(refname)%00%(upstream:short)%00%(objectname)%00%(upstream:track)%00%(upstream:remotename)%00%(upstream:remoteref) refs/heads/master refs/remotes/master [0ms]
[2022-10-26T20:30:02.480Z] > git remote --verbose [1ms]
[2022-10-26T20:30:02.480Z] > git for-each-ref --sort -committerdate --format %(refname) %(objectname) %(*objectname) [3ms]
[2022-10-26T20:30:02.484Z] > git config --get commit.template [0ms]
[2022-10-26T20:30:07.543Z] > git status -z -uall [54ms]
[2022-10-26T20:30:07.546Z] > git symbolic-ref --short HEAD [0ms]
[2022-10-26T20:30:07.549Z] > git for-each-ref --format=%(refname)%00%(upstream:short)%00%(objectname)%00%(upstream:track)%00%(upstream:remotename)%00%(upstream:remoteref) refs/heads/master refs/remotes/master [0ms]
[2022-10-26T20:30:07.557Z] > git remote --verbose [1ms]
[2022-10-26T20:30:07.557Z] > git for-each-ref --sort -committerdate --format %(refname) %(objectname) %(*objectname) [4ms]
[2022-10-26T20:30:07.562Z] > git config --get commit.template [1ms]
[2022-10-26T20:30:34.044Z] > git status -z -uall [58ms]
[2022-10-26T20:30:34.048Z] > git symbolic-ref --short HEAD [1ms]
[2022-10-26T20:30:34.051Z] > git for-each-ref --format=%(refname)%00%(upstream:short)%00%(objectname)%00%(upstream:track)%00%(upstream:remotename)%00%(upstream:remoteref) refs/heads/master refs/remotes/master [1ms]
[2022-10-26T20:30:34.056Z] > git remote --verbose [1ms]
[2022-10-26T20:30:34.056Z] > git for-each-ref --sort -committerdate --format %(refname) %(objectname) %(*objectname) [3ms]
[2022-10-26T20:30:34.061Z] > git config --get commit.template [1ms]
[2022-10-26T20:32:03.612Z] > git status -z -uall [62ms]
[2022-10-26T20:32:03.615Z] > git symbolic-ref --short HEAD [0ms]
[2022-10-26T20:32:03.618Z] > git for-each-ref --format=%(refname)%00%(upstream:short)%00%(objectname)%00%(upstream:track)%00%(upstream:remotename)%00%(upstream:remoteref) refs/heads/master refs/remotes/master [0ms]
[2022-10-26T20:32:03.623Z] > git remote --verbose [1ms]
[2022-10-26T20:32:03.623Z] > git for-each-ref --sort -committerdate --format %(refname) %(objectname) %(*objectname) [3ms]
[2022-10-26T20:32:03.627Z] > git config --get commit.template [0ms]
[2022-10-26T20:32:04.786Z] > git fetch [1240ms]
[2022-10-26T20:32:04.842Z] > git status -z -uall [53ms]
[2022-10-26T20:32:04.845Z] > git symbolic-ref --short HEAD [1ms]
[2022-10-26T20:32:04.848Z] > git for-each-ref --format=%(refname)%00%(upstream:short)%00%(objectname)%00%(upstream:track)%00%(upstream:remotename)%00%(upstream:remoteref) refs/heads/master refs/remotes/master [0ms]
[2022-10-26T20:32:04.853Z] > git remote --verbose [1ms]
[2022-10-26T20:32:04.853Z] > git for-each-ref --sort -committerdate --format %(refname) %(objectname) %(*objectname) [3ms]
[2022-10-26T20:32:04.858Z] > git config --get commit.template [0ms]
[2022-10-26T20:32:05.641Z] > git ls-files --stage -- /home/lrb96/ejercicios_python/listas_tuplas/ejercicio11.py [5ms]
[2022-10-26T20:32:05.646Z] > git cat-file -s b1847f1f3bd56958726d305668252f6c037e873f [1ms]
[2022-10-26T20:32:05.663Z] > git show --textconv :ejercicios_python/listas_tuplas/ejercicio11.py [5ms]
[2022-10-26T20:32:08.684Z] > git status -z -uall [53ms]
[2022-10-26T20:32:08.688Z] > git symbolic-ref --short HEAD [1ms]
[2022-10-26T20:32:08.692Z] > git for-each-ref --format=%(refname)%00%(upstream:short)%00%(objectname)%00%(upstream:track)%00%(upstream:remotename)%00%(upstream:remoteref) refs/heads/master refs/remotes/master [2ms]
[2022-10-26T20:32:08.698Z] > git remote --verbose [0ms]
[2022-10-26T20:32:08.699Z] > git for-each-ref --sort -committerdate --format %(refname) %(objectname) %(*objectname) [3ms]
[2022-10-26T20:32:08.703Z] > git config --get commit.template [1ms]
[2022-10-26T20:32:13.759Z] > git status -z -uall [52ms]
[2022-10-26T20:32:13.763Z] > git symbolic-ref --short HEAD [1ms]
[2022-10-26T20:32:13.767Z] > git for-each-ref --format=%(refname)%00%(upstream:short)%00%(objectname)%00%(upstream:track)%00%(upstream:remotename)%00%(upstream:remoteref) refs/heads/master refs/remotes/master [1ms]
[2022-10-26T20:32:13.772Z] > git remote --verbose [0ms]
[2022-10-26T20:32:13.772Z] > git for-each-ref --sort -committerdate --format %(refname) %(objectname) %(*objectname) [3ms]
[2022-10-26T20:32:13.777Z] > git config --get commit.template [1ms]
[2022-10-26T20:32:18.837Z] > git status -z -uall [56ms]
[2022-10-26T20:32:18.841Z] > git symbolic-ref --short HEAD [0ms]
[2022-10-26T20:32:18.845Z] > git for-each-ref --format=%(refname)%00%(upstream:short)%00%(objectname)%00%(upstream:track)%00%(upstream:remotename)%00%(upstream:remoteref) refs/heads/master refs/remotes/master [1ms]
[2022-10-26T20:32:18.850Z] > git remote --verbose [0ms]
[2022-10-26T20:32:18.851Z] > git for-each-ref --sort -committerdate --format %(refname) %(objectname) %(*objectname) [3ms]
[2022-10-26T20:32:18.856Z] > git config --get commit.template [2ms]
[2022-10-26T20:32:24.450Z] > git status -z -uall [57ms]
[2022-10-26T20:32:24.454Z] > git symbolic-ref --short HEAD [0ms]
[2022-10-26T20:32:24.457Z] > git for-each-ref --format=%(refname)%00%(upstream:short)%00%(objectname)%00%(upstream:track)%00%(upstream:remotename)%00%(upstream:remoteref) refs/heads/master refs/remotes/master [0ms]
[2022-10-26T20:32:24.462Z] > git for-each-ref --sort -committerdate --format %(refname) %(objectname) %(*objectname) [2ms]
[2022-10-26T20:32:24.462Z] > git remote --verbose [0ms]
[2022-10-26T20:32:24.467Z] > git config --get commit.template [1ms]
[2022-10-26T20:32:30.205Z] > git status -z -uall [59ms]
[2022-10-26T20:32:30.209Z] > git symbolic-ref --short HEAD [1ms]
[2022-10-26T20:32:30.212Z] > git for-each-ref --format=%(refname)%00%(upstream:short)%00%(objectname)%00%(upstream:track)%00%(upstream:remotename)%00%(upstream:remoteref) refs/heads/master refs/remotes/master [0ms]
[2022-10-26T20:32:30.218Z] > git remote --verbose [1ms]
[2022-10-26T20:32:30.218Z] > git for-each-ref --sort -committerdate --format %(refname) %(objectname) %(*objectname) [3ms]
[2022-10-26T20:32:30.222Z] > git config --get commit.template [1ms]
[2022-10-26T20:32:35.753Z] > git status -z -uall [64ms]
[2022-10-26T20:32:35.756Z] > git symbolic-ref --short HEAD [0ms]
[2022-10-26T20:32:35.760Z] > git for-each-ref --format=%(refname)%00%(upstream:short)%00%(objectname)%00%(upstream:track)%00%(upstream:remotename)%00%(upstream:remoteref) refs/heads/master refs/remotes/master [1ms]
[2022-10-26T20:32:35.766Z] > git remote --verbose [1ms]
[2022-10-26T20:32:35.766Z] > git for-each-ref --sort -committerdate --format %(refname) %(objectname) %(*objectname) [3ms]
[2022-10-26T20:32:35.770Z] > git config --get commit.template [1ms]
[2022-10-26T20:32:40.832Z] > git status -z -uall [57ms]
[2022-10-26T20:32:40.836Z] > git symbolic-ref --short HEAD [1ms]
[2022-10-26T20:32:40.840Z] > git for-each-ref --format=%(refname)%00%(upstream:short)%00%(objectname)%00%(upstream:track)%00%(upstream:remotename)%00%(upstream:remoteref) refs/heads/master refs/remotes/master [1ms]
[2022-10-26T20:32:40.846Z] > git for-each-ref --sort -committerdate --format %(refname) %(objectname) %(*objectname) [3ms]
[2022-10-26T20:32:40.846Z] > git remote --verbose [1ms]
[2022-10-26T20:32:40.850Z] > git config --get commit.template [0ms]
[2022-10-26T20:32:46.224Z] > git status -z -uall [62ms]
[2022-10-26T20:32:46.228Z] > git symbolic-ref --short HEAD [0ms]
[2022-10-26T20:32:46.232Z] > git for-each-ref --format=%(refname)%00%(upstream:short)%00%(objectname)%00%(upstream:track)%00%(upstream:remotename)%00%(upstream:remoteref) refs/heads/master refs/remotes/master [1ms]
[2022-10-26T20:32:46.237Z] > git remote --verbose [0ms]
[2022-10-26T20:32:46.237Z] > git for-each-ref --sort -committerdate --format %(refname) %(objectname) %(*objectname) [3ms]
[2022-10-26T20:32:46.242Z] > git config --get commit.template [0ms]
[2022-10-26T20:32:51.303Z] > git status -z -uall [56ms]
[2022-10-26T20:32:51.307Z] > git symbolic-ref --short HEAD [0ms]
[2022-10-26T20:32:51.310Z] > git for-each-ref --format=%(refname)%00%(upstream:short)%00%(objectname)%00%(upstream:track)%00%(upstream:remotename)%00%(upstream:remoteref) refs/heads/master refs/remotes/master [0ms]
[2022-10-26T20:32:51.315Z] > git for-each-ref --sort -committerdate --format %(refname) %(objectname) %(*objectname) [2ms]
[2022-10-26T20:32:51.315Z] > git remote --verbose [0ms]
[2022-10-26T20:32:51.320Z] > git config --get commit.template [0ms]
[2022-10-26T20:32:59.631Z] > git status -z -uall [58ms]
[2022-10-26T20:32:59.635Z] > git symbolic-ref --short HEAD [1ms]
[2022-10-26T20:32:59.638Z] > git for-each-ref --format=%(refname)%00%(upstream:short)%00%(objectname)%00%(upstream:track)%00%(upstream:remotename)%00%(upstream:remoteref) refs/heads/master refs/remotes/master [1ms]
[2022-10-26T20:32:59.643Z] > git remote --verbose [0ms]
[2022-10-26T20:32:59.644Z] > git for-each-ref --sort -committerdate --format %(refname) %(objectname) %(*objectname) [4ms]
[2022-10-26T20:32:59.648Z] > git config --get commit.template [0ms]
[2022-10-26T20:33:06.749Z] > git status -z -uall [59ms]
[2022-10-26T20:33:06.753Z] > git symbolic-ref --short HEAD [1ms]
[2022-10-26T20:33:06.756Z] > git for-each-ref --format=%(refname)%00%(upstream:short)%00%(objectname)%00%(upstream:track)%00%(upstream:remotename)%00%(upstream:remoteref) refs/heads/master refs/remotes/master [1ms]
[2022-10-26T20:33:06.761Z] > git remote --verbose [1ms]
[2022-10-26T20:33:06.761Z] > git for-each-ref --sort -committerdate --format %(refname) %(objectname) %(*objectname) [3ms]
[2022-10-26T20:33:06.766Z] > git config --get commit.template [0ms]
[2022-10-26T20:40:22.402Z] > git status -z -uall [57ms]
[2022-10-26T20:40:22.405Z] > git symbolic-ref --short HEAD [1ms]
[2022-10-26T20:40:22.409Z] > git for-each-ref --format=%(refname)%00%(upstream:short)%00%(objectname)%00%(upstream:track)%00%(upstream:remotename)%00%(upstream:remoteref) refs/heads/master refs/remotes/master [1ms]
[2022-10-26T20:40:22.414Z] > git remote --verbose [0ms]
[2022-10-26T20:40:22.414Z] > git for-each-ref --sort -committerdate --format %(refname) %(objectname) %(*objectname) [3ms]
[2022-10-26T20:40:22.418Z] > git config --get commit.template [0ms]
[2022-10-26T20:40:23.515Z] > git ls-files --stage -- /home/lrb96/ejercicios_python/listas_tuplas/ejercicio11.py [4ms]
[2022-10-26T20:40:23.519Z] > git cat-file -s b1847f1f3bd56958726d305668252f6c037e873f [1ms]
[2022-10-26T20:40:23.531Z] > git show --textconv :ejercicios_python/listas_tuplas/ejercicio11.py [3ms]
[2022-10-26T20:40:23.599Z] > git fetch [1260ms]
[2022-10-26T20:40:23.657Z] > git status -z -uall [54ms]
[2022-10-26T20:40:23.661Z] > git symbolic-ref --short HEAD [1ms]
[2022-10-26T20:40:23.664Z] > git for-each-ref --format=%(refname)%00%(upstream:short)%00%(objectname)%00%(upstream:track)%00%(upstream:remotename)%00%(upstream:remoteref) refs/heads/master refs/remotes/master [1ms]
[2022-10-26T20:40:23.670Z] > git remote --verbose [1ms]
[2022-10-26T20:40:23.670Z] > git for-each-ref --sort -committerdate --format %(refname) %(objectname) %(*objectname) [3ms]
[2022-10-26T20:40:23.676Z] > git config --get commit.template [1ms]
[2022-10-26T20:40:24.703Z] > git ls-files --stage -- /home/lrb96/ejercicios_python/listas_tuplas/ejercicio11.py [4ms]
[2022-10-26T20:40:24.707Z] > git cat-file -s b1847f1f3bd56958726d305668252f6c037e873f [1ms]
[2022-10-26T20:40:24.718Z] > git show --textconv :ejercicios_python/listas_tuplas/ejercicio11.py [3ms]
[2022-10-26T20:40:27.477Z] > git status -z -uall [54ms]
[2022-10-26T20:40:27.481Z] > git symbolic-ref --short HEAD [1ms]
[2022-10-26T20:40:27.484Z] > git for-each-ref --format=%(refname)%00%(upstream:short)%00%(objectname)%00%(upstream:track)%00%(upstream:remotename)%00%(upstream:remoteref) refs/heads/master refs/remotes/master [1ms]
[2022-10-26T20:40:27.489Z] > git for-each-ref --sort -committerdate --format %(refname) %(objectname) %(*objectname) [3ms]
[2022-10-26T20:40:27.489Z] > git remote --verbose [1ms]
[2022-10-26T20:40:27.494Z] > git config --get commit.template [0ms]
[2022-10-26T20:40:32.553Z] > git status -z -uall [55ms]
[2022-10-26T20:40:32.557Z] > git symbolic-ref --short HEAD [0ms]
[2022-10-26T20:40:32.561Z] > git for-each-ref --format=%(refname)%00%(upstream:short)%00%(objectname)%00%(upstream:track)%00%(upstream:remotename)%00%(upstream:remoteref) refs/heads/master refs/remotes/master [1ms]
[2022-10-26T20:40:32.566Z] > git remote --verbose [1ms]
[2022-10-26T20:40:32.566Z] > git for-each-ref --sort -committerdate --format %(refname) %(objectname) %(*objectname) [3ms]
[2022-10-26T20:40:32.570Z] > git config --get commit.template [0ms]
[2022-10-26T20:40:38.651Z] > git status -z -uall [61ms]
[2022-10-26T20:40:38.655Z] > git symbolic-ref --short HEAD [0ms]
[2022-10-26T20:40:38.658Z] > git for-each-ref --format=%(refname)%00%(upstream:short)%00%(objectname)%00%(upstream:track)%00%(upstream:remotename)%00%(upstream:remoteref) refs/heads/master refs/remotes/master [0ms]
[2022-10-26T20:40:38.665Z] > git for-each-ref --sort -committerdate --format %(refname) %(objectname) %(*objectname) [4ms]
[2022-10-26T20:40:38.665Z] > git remote --verbose [1ms]
[2022-10-26T20:40:38.669Z] > git config --get commit.template [0ms]
[2022-10-26T20:40:43.727Z] > git status -z -uall [54ms]
[2022-10-26T20:40:43.731Z] > git symbolic-ref --short HEAD [1ms]
[2022-10-26T20:40:43.734Z] > git for-each-ref --format=%(refname)%00%(upstream:short)%00%(objectname)%00%(upstream:track)%00%(upstream:remotename)%00%(upstream:remoteref) refs/heads/master refs/remotes/master [1ms]
[2022-10-26T20:40:43.739Z] > git remote --verbose [1ms]
[2022-10-26T20:40:43.739Z] > git for-each-ref --sort -committerdate --format %(refname) %(objectname) %(*objectname) [3ms]
[2022-10-26T20:40:43.744Z] > git config --get commit.template [1ms]
[2022-10-26T20:40:48.803Z] > git status -z -uall [55ms]
[2022-10-26T20:40:48.806Z] > git symbolic-ref --short HEAD [0ms]
[2022-10-26T20:40:48.810Z] > git for-each-ref --format=%(refname)%00%(upstream:short)%00%(objectname)%00%(upstream:track)%00%(upstream:remotename)%00%(upstream:remoteref) refs/heads/master refs/remotes/master [1ms]
[2022-10-26T20:40:48.816Z] > git remote --verbose [1ms]
[2022-10-26T20:40:48.816Z] > git for-each-ref --sort -committerdate --format %(refname) %(objectname) %(*objectname) [3ms]
[2022-10-26T20:40:48.821Z] > git config --get commit.template [1ms]
[2022-10-26T20:40:53.884Z] > git status -z -uall [58ms]
[2022-10-26T20:40:53.887Z] > git symbolic-ref --short HEAD [0ms]
[2022-10-26T20:40:53.891Z] > git for-each-ref --format=%(refname)%00%(upstream:short)%00%(objectname)%00%(upstream:track)%00%(upstream:remotename)%00%(upstream:remoteref) refs/heads/master refs/remotes/master [1ms]
[2022-10-26T20:40:53.897Z] > git remote --verbose [1ms]
[2022-10-26T20:40:53.898Z] > git for-each-ref --sort -committerdate --format %(refname) %(objectname) %(*objectname) [4ms]
[2022-10-26T20:40:53.904Z] > git config --get commit.template [2ms]
[2022-10-26T20:40:58.995Z] > git status -z -uall [59ms]
[2022-10-26T20:40:58.999Z] > git symbolic-ref --short HEAD [0ms]
[2022-10-26T20:40:59.003Z] > git for-each-ref --format=%(refname)%00%(upstream:short)%00%(objectname)%00%(upstream:track)%00%(upstream:remotename)%00%(upstream:remoteref) refs/heads/master refs/remotes/master [1ms]
[2022-10-26T20:40:59.008Z] > git remote --verbose [0ms]
[2022-10-26T20:40:59.008Z] > git for-each-ref --sort -committerdate --format %(refname) %(objectname) %(*objectname) [2ms]
[2022-10-26T20:40:59.013Z] > git config --get commit.template [0ms]
[2022-10-26T20:41:04.071Z] > git status -z -uall [54ms]
[2022-10-26T20:41:04.075Z] > git symbolic-ref --short HEAD [1ms]
[2022-10-26T20:41:04.080Z] > git for-each-ref --format=%(refname)%00%(upstream:short)%00%(objectname)%00%(upstream:track)%00%(upstream:remotename)%00%(upstream:remoteref) refs/heads/master refs/remotes/master [1ms]
[2022-10-26T20:41:04.085Z] > git remote --verbose [1ms]
[2022-10-26T20:41:04.085Z] > git for-each-ref --sort -committerdate --format %(refname) %(objectname) %(*objectname) [3ms]
[2022-10-26T20:41:04.089Z] > git config --get commit.template [0ms]
[2022-10-26T20:41:09.151Z] > git status -z -uall [57ms]
[2022-10-26T20:41:09.154Z] > git symbolic-ref --short HEAD [0ms]
[2022-10-26T20:41:09.159Z] > git for-each-ref --format=%(refname)%00%(upstream:short)%00%(objectname)%00%(upstream:track)%00%(upstream:remotename)%00%(upstream:remoteref) refs/heads/master refs/remotes/master [1ms]
[2022-10-26T20:41:09.166Z] > git remote --verbose [1ms]
[2022-10-26T20:41:09.166Z] > git for-each-ref --sort -committerdate --format %(refname) %(objectname) %(*objectname) [4ms]
[2022-10-26T20:41:09.172Z] > git config --get commit.template [1ms]
[2022-10-26T20:41:16.026Z] > git status -z -uall [59ms]
[2022-10-26T20:41:16.029Z] > git symbolic-ref --short HEAD [0ms]
[2022-10-26T20:41:16.033Z] > git for-each-ref --format=%(refname)%00%(upstream:short)%00%(objectname)%00%(upstream:track)%00%(upstream:remotename)%00%(upstream:remoteref) refs/heads/master refs/remotes/master [1ms]
[2022-10-26T20:41:16.038Z] > git remote --verbose [1ms]
[2022-10-26T20:41:16.038Z] > git for-each-ref --sort -committerdate --format %(refname) %(objectname) %(*objectname) [3ms]
[2022-10-26T20:41:16.042Z] > git config --get commit.template [0ms]
[2022-10-26T20:41:21.107Z] > git status -z -uall [61ms]
[2022-10-26T20:41:21.111Z] > git symbolic-ref --short HEAD [0ms]
[2022-10-26T20:41:21.115Z] > git for-each-ref --format=%(refname)%00%(upstream:short)%00%(objectname)%00%(upstream:track)%00%(upstream:remotename)%00%(upstream:remoteref) refs/heads/master refs/remotes/master [1ms]
[2022-10-26T20:41:21.121Z] > git remote --verbose [1ms]
[2022-10-26T20:41:21.122Z] > git for-each-ref --sort -committerdate --format %(refname) %(objectname) %(*objectname) [4ms]
[2022-10-26T20:41:21.126Z] > git config --get commit.template [0ms]
[2022-10-26T20:41:35.614Z] > git status -z -uall [61ms]
[2022-10-26T20:41:35.618Z] > git symbolic-ref --short HEAD [1ms]
[2022-10-26T20:41:35.622Z] > git for-each-ref --format=%(refname)%00%(upstream:short)%00%(objectname)%00%(upstream:track)%00%(upstream:remotename)%00%(upstream:remoteref) refs/heads/master refs/remotes/master [1ms]
[2022-10-26T20:41:35.628Z] > git for-each-ref --sort -committerdate --format %(refname) %(objectname) %(*objectname) [4ms]
[2022-10-26T20:41:35.629Z] > git remote --verbose [2ms]
[2022-10-26T20:41:35.635Z] > git config --get commit.template [1ms]
[2022-10-26T20:41:40.692Z] > git status -z -uall [55ms]
[2022-10-26T20:41:40.696Z] > git symbolic-ref --short HEAD [1ms]
[2022-10-26T20:41:40.700Z] > git for-each-ref --format=%(refname)%00%(upstream:short)%00%(objectname)%00%(upstream:track)%00%(upstream:remotename)%00%(upstream:remoteref) refs/heads/master refs/remotes/master [0ms]
[2022-10-26T20:41:40.708Z] > git remote --verbose [0ms]
[2022-10-26T20:41:40.709Z] > git for-each-ref --sort -committerdate --format %(refname) %(objectname) %(*objectname) [5ms]
[2022-10-26T20:41:40.714Z] > git config --get commit.template [0ms]
[2022-10-26T20:41:46.588Z] > git status -z -uall [56ms]
[2022-10-26T20:41:46.592Z] > git symbolic-ref --short HEAD [1ms]
[2022-10-26T20:41:46.595Z] > git for-each-ref --format=%(refname)%00%(upstream:short)%00%(objectname)%00%(upstream:track)%00%(upstream:remotename)%00%(upstream:remoteref) refs/heads/master refs/remotes/master [1ms]
[2022-10-26T20:41:46.600Z] > git remote --verbose [1ms]
[2022-10-26T20:41:46.600Z] > git for-each-ref --sort -committerdate --format %(refname) %(objectname) %(*objectname) [3ms]
[2022-10-26T20:41:46.605Z] > git config --get commit.template [1ms]
[2022-10-26T20:41:54.000Z] > git status -z -uall [71ms]
[2022-10-26T20:41:54.004Z] > git symbolic-ref --short HEAD [1ms]
[2022-10-26T20:41:54.007Z] > git for-each-ref --format=%(refname)%00%(upstream:short)%00%(objectname)%00%(upstream:track)%00%(upstream:remotename)%00%(upstream:remoteref) refs/heads/master refs/remotes/master [1ms]
[2022-10-26T20:41:54.012Z] > git for-each-ref --sort -committerdate --format %(refname) %(objectname) %(*objectname) [3ms]
[2022-10-26T20:41:54.012Z] > git remote --verbose [1ms]
[2022-10-26T20:41:54.017Z] > git config --get commit.template [1ms]
[2022-10-26T20:42:41.245Z] > git status -z -uall [59ms]
[2022-10-26T20:42:41.249Z] > git symbolic-ref --short HEAD [1ms]
[2022-10-26T20:42:41.251Z] > git for-each-ref --format=%(refname)%00%(upstream:short)%00%(objectname)%00%(upstream:track)%00%(upstream:remotename)%00%(upstream:remoteref) refs/heads/master refs/remotes/master [0ms]
[2022-10-26T20:42:41.257Z] > git remote --verbose [1ms]
[2022-10-26T20:42:41.257Z] > git for-each-ref --sort -committerdate --format %(refname) %(objectname) %(*objectname) [3ms]
[2022-10-26T20:42:41.261Z] > git config --get commit.template [1ms]
[2022-10-26T20:42:46.320Z] > git status -z -uall [56ms]
[2022-10-26T20:42:46.324Z] > git symbolic-ref --short HEAD [1ms]
[2022-10-26T20:42:46.328Z] > git for-each-ref --format=%(refname)%00%(upstream:short)%00%(objectname)%00%(upstream:track)%00%(upstream:remotename)%00%(upstream:remoteref) refs/heads/master refs/remotes/master [1ms]
[2022-10-26T20:42:46.333Z] > git remote --verbose [0ms]
[2022-10-26T20:42:46.333Z] > git for-each-ref --sort -committerdate --format %(refname) %(objectname) %(*objectname) [3ms]
[2022-10-26T20:42:46.338Z] > git config --get commit.template [1ms]
[2022-10-26T20:42:51.396Z] > git status -z -uall [55ms]
[2022-10-26T20:42:51.399Z] > git symbolic-ref --short HEAD [0ms]
[2022-10-26T20:42:51.403Z] > git for-each-ref --format=%(refname)%00%(upstream:short)%00%(objectname)%00%(upstream:track)%00%(upstream:remotename)%00%(upstream:remoteref) refs/heads/master refs/remotes/master [0ms]
[2022-10-26T20:42:51.408Z] > git for-each-ref --sort -committerdate --format %(refname) %(objectname) %(*objectname) [3ms]
[2022-10-26T20:42:51.408Z] > git remote --verbose [1ms]
[2022-10-26T20:42:51.413Z] > git config --get commit.template [1ms]
[2022-10-26T21:12:33.632Z] > git status -z -uall [58ms]
[2022-10-26T21:12:33.636Z] > git symbolic-ref --short HEAD [2ms]
[2022-10-26T21:12:33.640Z] > git for-each-ref --format=%(refname)%00%(upstream:short)%00%(objectname)%00%(upstream:track)%00%(upstream:remotename)%00%(upstream:remoteref) refs/heads/master refs/remotes/master [1ms]
[2022-10-26T21:12:33.645Z] > git for-each-ref --sort -committerdate --format %(refname) %(objectname) %(*objectname) [2ms]
[2022-10-26T21:12:33.646Z] > git remote --verbose [1ms]
[2022-10-26T21:12:33.650Z] > git config --get commit.template [1ms]
[2022-10-26T21:12:34.747Z] > git ls-files --stage -- /home/lrb96/ejercicios_python/listas_tuplas/ejercicio11.py [3ms]
[2022-10-26T21:12:34.751Z] > git cat-file -s b1847f1f3bd56958726d305668252f6c037e873f [1ms]
[2022-10-26T21:12:34.762Z] > git show --textconv :ejercicios_python/listas_tuplas/ejercicio11.py [4ms]
[2022-10-26T21:12:34.821Z] > git fetch [1254ms]
[2022-10-26T21:12:34.877Z] > git status -z -uall [53ms]
[2022-10-26T21:12:34.880Z] > git symbolic-ref --short HEAD [0ms]
[2022-10-26T21:12:34.883Z] > git for-each-ref --format=%(refname)%00%(upstream:short)%00%(objectname)%00%(upstream:track)%00%(upstream:remotename)%00%(upstream:remoteref) refs/heads/master refs/remotes/master [1ms]
[2022-10-26T21:12:34.888Z] > git remote --verbose [0ms]
[2022-10-26T21:12:34.888Z] > git for-each-ref --sort -committerdate --format %(refname) %(objectname) %(*objectname) [2ms]
[2022-10-26T21:12:34.893Z] > git config --get commit.template [1ms]
[2022-10-26T21:43:24.465Z] > git ls-files --stage -- /home/lrb96/ejercicios_python/listas_tuplas/ejercicio11.py [5ms]
[2022-10-26T21:43:24.469Z] > git cat-file -s b1847f1f3bd56958726d305668252f6c037e873f [1ms]
[2022-10-26T21:43:24.480Z] > git show --textconv :ejercicios_python/listas_tuplas/ejercicio11.py [4ms]
[2022-10-26T21:43:24.507Z] > git status -z -uall [63ms]
[2022-10-26T21:43:24.510Z] > git symbolic-ref --short HEAD [1ms]
[2022-10-26T21:43:24.514Z] > git for-each-ref --format=%(refname)%00%(upstream:short)%00%(objectname)%00%(upstream:track)%00%(upstream:remotename)%00%(upstream:remoteref) refs/heads/master refs/remotes/master [1ms]
[2022-10-26T21:43:24.519Z] > git remote --verbose [0ms]
[2022-10-26T21:43:24.520Z] > git for-each-ref --sort -committerdate --format %(refname) %(objectname) %(*objectname) [3ms]
[2022-10-26T21:43:24.525Z] > git config --get commit.template [1ms]
