[2022-10-30T00:35:02.126Z] Nivel de registro: Info
[2022-10-30T00:35:02.133Z] [info] La validación encontró Git en: git
[2022-10-30T00:35:02.250Z] [info] Usando GIT 2.25.1 desde git
[2022-10-30T00:35:02.266Z] > git rev-parse --show-toplevel [6ms]
[2022-10-30T00:35:02.273Z] > git rev-parse --git-dir --git-common-dir [1ms]
[2022-10-30T00:35:02.279Z] [info] Open repository: /home/lrb96
[2022-10-30T00:35:02.310Z] > git rev-parse --show-toplevel [19ms]
[2022-10-30T00:35:02.318Z] > git rev-parse --show-toplevel [4ms]
[2022-10-30T00:35:02.349Z] > git rev-parse --show-toplevel [24ms]
[2022-10-30T00:35:02.698Z] > git status -z -uall [411ms]
[2022-10-30T00:35:02.704Z] > git symbolic-ref --short HEAD [1ms]
[2022-10-30T00:35:02.713Z] > git for-each-ref --format=%(refname)%00%(upstream:short)%00%(objectname)%00%(upstream:track)%00%(upstream:remotename)%00%(upstream:remoteref) refs/heads/master refs/remotes/master [6ms]
[2022-10-30T00:35:02.723Z] > git remote --verbose [2ms]
[2022-10-30T00:35:02.724Z] > git for-each-ref --sort -committerdate --format %(refname) %(objectname) %(*objectname) [7ms]
[2022-10-30T00:35:02.844Z] > git config --get commit.template [4ms]
[2022-10-30T00:35:03.569Z] > git check-ignore -v -z --stdin [732ms]
[2022-10-30T00:35:03.597Z] > git status -z -uall [748ms]
[2022-10-30T00:35:03.604Z] > git symbolic-ref --short HEAD [1ms]
[2022-10-30T00:35:03.609Z] > git for-each-ref --format=%(refname)%00%(upstream:short)%00%(objectname)%00%(upstream:track)%00%(upstream:remotename)%00%(upstream:remoteref) refs/heads/master refs/remotes/master [1ms]
[2022-10-30T00:35:03.621Z] > git for-each-ref --sort -committerdate --format %(refname) %(objectname) %(*objectname) [6ms]
[2022-10-30T00:35:03.622Z] > git remote --verbose [2ms]
[2022-10-30T00:35:04.468Z] > git config --get commit.template [757ms]
[2022-10-30T00:35:05.463Z] > git config --local branch.master.github-pr-owner-number [49ms]
[2022-10-30T00:35:05.991Z] > git fetch [1277ms]
[2022-10-30T00:35:06.081Z] > git status -z -uall [86ms]
[2022-10-30T00:35:06.085Z] > git symbolic-ref --short HEAD [0ms]
[2022-10-30T00:35:06.090Z] > git for-each-ref --format=%(refname)%00%(upstream:short)%00%(objectname)%00%(upstream:track)%00%(upstream:remotename)%00%(upstream:remoteref) refs/heads/master refs/remotes/master [1ms]
[2022-10-30T00:35:06.099Z] > git remote --verbose [1ms]
[2022-10-30T00:35:06.099Z] > git for-each-ref --sort -committerdate --format %(refname) %(objectname) %(*objectname) [6ms]
[2022-10-30T00:35:06.171Z] > git config --get commit.template [7ms]
[2022-10-30T00:35:06.921Z] > git status -z -uall [743ms]
[2022-10-30T00:35:06.927Z] > git symbolic-ref --short HEAD [0ms]
[2022-10-30T00:35:06.932Z] > git for-each-ref --format=%(refname)%00%(upstream:short)%00%(objectname)%00%(upstream:track)%00%(upstream:remotename)%00%(upstream:remoteref) refs/heads/master refs/remotes/master [1ms]
[2022-10-30T00:35:06.943Z] > git remote --verbose [1ms]
[2022-10-30T00:35:06.943Z] > git for-each-ref --sort -committerdate --format %(refname) %(objectname) %(*objectname) [7ms]
[2022-10-30T00:35:07.010Z] > git config --get commit.template [6ms]
[2022-10-30T00:35:08.987Z] > git check-ignore -v -z --stdin [11ms]
[2022-10-30T00:35:10.272Z] > git check-ignore -v -z --stdin [12ms]
[2022-10-30T00:35:12.098Z] > git status -z -uall [82ms]
[2022-10-30T00:35:12.103Z] > git symbolic-ref --short HEAD [1ms]
[2022-10-30T00:35:12.108Z] > git for-each-ref --format=%(refname)%00%(upstream:short)%00%(objectname)%00%(upstream:track)%00%(upstream:remotename)%00%(upstream:remoteref) refs/heads/master refs/remotes/master [1ms]
[2022-10-30T00:35:12.116Z] > git remote --verbose [1ms]
[2022-10-30T00:35:12.116Z] > git for-each-ref --sort -committerdate --format %(refname) %(objectname) %(*objectname) [4ms]
[2022-10-30T00:35:12.175Z] > git config --get commit.template [4ms]
[2022-10-30T00:35:21.292Z] > git status -z -uall [86ms]
[2022-10-30T00:35:21.298Z] > git symbolic-ref --short HEAD [0ms]
[2022-10-30T00:35:21.304Z] > git for-each-ref --format=%(refname)%00%(upstream:short)%00%(objectname)%00%(upstream:track)%00%(upstream:remotename)%00%(upstream:remoteref) refs/heads/master refs/remotes/master [1ms]
[2022-10-30T00:35:21.313Z] > git remote --verbose [1ms]
[2022-10-30T00:35:21.314Z] > git for-each-ref --sort -committerdate --format %(refname) %(objectname) %(*objectname) [6ms]
[2022-10-30T00:35:21.371Z] > git config --get commit.template [5ms]
[2022-10-30T00:36:20.540Z] > git status -z -uall [97ms]
[2022-10-30T00:36:20.544Z] > git symbolic-ref --short HEAD [1ms]
[2022-10-30T00:36:20.547Z] > git for-each-ref --format=%(refname)%00%(upstream:short)%00%(objectname)%00%(upstream:track)%00%(upstream:remotename)%00%(upstream:remoteref) refs/heads/master refs/remotes/master [0ms]
[2022-10-30T00:36:20.555Z] > git for-each-ref --sort -committerdate --format %(refname) %(objectname) %(*objectname) [4ms]
[2022-10-30T00:36:20.555Z] > git remote --verbose [1ms]
[2022-10-30T00:36:20.623Z] > git config --get commit.template [2ms]
[2022-10-30T00:36:28.952Z] > git status -z -uall [91ms]
[2022-10-30T00:36:28.957Z] > git symbolic-ref --short HEAD [1ms]
[2022-10-30T00:36:28.961Z] > git for-each-ref --format=%(refname)%00%(upstream:short)%00%(objectname)%00%(upstream:track)%00%(upstream:remotename)%00%(upstream:remoteref) refs/heads/master refs/remotes/master [0ms]
[2022-10-30T00:36:28.969Z] > git for-each-ref --sort -committerdate --format %(refname) %(objectname) %(*objectname) [4ms]
[2022-10-30T00:36:28.970Z] > git remote --verbose [1ms]
[2022-10-30T00:36:29.030Z] > git config --get commit.template [5ms]
[2022-10-30T00:36:35.467Z] > git status -z -uall [91ms]
[2022-10-30T00:36:35.472Z] > git symbolic-ref --short HEAD [1ms]
[2022-10-30T00:36:35.476Z] > git for-each-ref --format=%(refname)%00%(upstream:short)%00%(objectname)%00%(upstream:track)%00%(upstream:remotename)%00%(upstream:remoteref) refs/heads/master refs/remotes/master [0ms]
[2022-10-30T00:36:35.484Z] > git remote --verbose [1ms]
[2022-10-30T00:36:35.485Z] > git for-each-ref --sort -committerdate --format %(refname) %(objectname) %(*objectname) [5ms]
[2022-10-30T00:36:35.545Z] > git config --get commit.template [3ms]
[2022-10-30T00:36:40.635Z] > git status -z -uall [84ms]
[2022-10-30T00:36:40.639Z] > git symbolic-ref --short HEAD [0ms]
[2022-10-30T00:36:40.644Z] > git for-each-ref --format=%(refname)%00%(upstream:short)%00%(objectname)%00%(upstream:track)%00%(upstream:remotename)%00%(upstream:remoteref) refs/heads/master refs/remotes/master [1ms]
[2022-10-30T00:36:40.652Z] > git remote --verbose [1ms]
[2022-10-30T00:36:40.652Z] > git for-each-ref --sort -committerdate --format %(refname) %(objectname) %(*objectname) [4ms]
[2022-10-30T00:36:40.714Z] > git config --get commit.template [6ms]
[2022-10-30T00:36:45.772Z] > git show --textconv :pandas_ejercicios/DATASETS/fifa_2020/fifa_2020 [11ms]
[2022-10-30T00:36:45.777Z] > git ls-files --stage -- /home/lrb96/pandas_ejercicios/DATASETS/fifa_2020/fifa_2020 [9ms]
[2022-10-30T00:36:45.834Z] > git status -z -uall [110ms]
[2022-10-30T00:36:45.840Z] > git symbolic-ref --short HEAD [1ms]
[2022-10-30T00:36:45.846Z] > git for-each-ref --format=%(refname)%00%(upstream:short)%00%(objectname)%00%(upstream:track)%00%(upstream:remotename)%00%(upstream:remoteref) refs/heads/master refs/remotes/master [1ms]
[2022-10-30T00:36:45.859Z] > git for-each-ref --sort -committerdate --format %(refname) %(objectname) %(*objectname) [6ms]
[2022-10-30T00:36:45.859Z] > git remote --verbose [1ms]
[2022-10-30T00:36:45.919Z] > git config --get commit.template [3ms]
[2022-10-30T00:36:45.967Z] > git check-ignore -v -z --stdin [7ms]
[2022-10-30T00:36:51.012Z] > git status -z -uall [85ms]
[2022-10-30T00:36:51.018Z] > git symbolic-ref --short HEAD [1ms]
[2022-10-30T00:36:51.024Z] > git for-each-ref --format=%(refname)%00%(upstream:short)%00%(objectname)%00%(upstream:track)%00%(upstream:remotename)%00%(upstream:remoteref) refs/heads/master refs/remotes/master [1ms]
[2022-10-30T00:36:51.033Z] > git remote --verbose [1ms]
[2022-10-30T00:36:51.033Z] > git for-each-ref --sort -committerdate --format %(refname) %(objectname) %(*objectname) [5ms]
[2022-10-30T00:36:51.092Z] > git config --get commit.template [7ms]
[2022-10-30T00:36:53.422Z] > git check-ignore -v -z --stdin [463ms]
[2022-10-30T00:36:53.635Z] > git show --textconv :pandas_ejercicios/DATASETS/fifa_2020/fifa_2020.py [185ms]
[2022-10-30T00:36:53.672Z] > git ls-files --stage -- /home/lrb96/pandas_ejercicios/DATASETS/fifa_2020/fifa_2020.py [214ms]
[2022-10-30T00:36:56.195Z] > git status -z -uall [94ms]
[2022-10-30T00:36:56.205Z] > git symbolic-ref --short HEAD [1ms]
[2022-10-30T00:36:56.214Z] > git for-each-ref --format=%(refname)%00%(upstream:short)%00%(objectname)%00%(upstream:track)%00%(upstream:remotename)%00%(upstream:remoteref) refs/heads/master refs/remotes/master [1ms]
[2022-10-30T00:36:56.232Z] > git for-each-ref --sort -committerdate --format %(refname) %(objectname) %(*objectname) [10ms]
[2022-10-30T00:36:56.233Z] > git remote --verbose [2ms]
[2022-10-30T00:36:56.324Z] > git config --get commit.template [6ms]
[2022-10-30T00:37:01.415Z] > git status -z -uall [84ms]
[2022-10-30T00:37:01.423Z] > git symbolic-ref --short HEAD [0ms]
[2022-10-30T00:37:01.431Z] > git for-each-ref --format=%(refname)%00%(upstream:short)%00%(objectname)%00%(upstream:track)%00%(upstream:remotename)%00%(upstream:remoteref) refs/heads/master refs/remotes/master [1ms]
[2022-10-30T00:37:01.447Z] > git remote --verbose [1ms]
[2022-10-30T00:37:01.447Z] > git for-each-ref --sort -committerdate --format %(refname) %(objectname) %(*objectname) [10ms]
[2022-10-30T00:37:01.524Z] > git config --get commit.template [4ms]
[2022-10-30T00:37:06.618Z] > git status -z -uall [86ms]
[2022-10-30T00:37:06.626Z] > git symbolic-ref --short HEAD [0ms]
[2022-10-30T00:37:06.635Z] > git for-each-ref --format=%(refname)%00%(upstream:short)%00%(objectname)%00%(upstream:track)%00%(upstream:remotename)%00%(upstream:remoteref) refs/heads/master refs/remotes/master [1ms]
[2022-10-30T00:37:06.651Z] > git remote --verbose [1ms]
[2022-10-30T00:37:06.651Z] > git for-each-ref --sort -committerdate --format %(refname) %(objectname) %(*objectname) [9ms]
[2022-10-30T00:37:06.721Z] > git config --get commit.template [6ms]
[2022-10-30T00:37:11.822Z] > git status -z -uall [89ms]
[2022-10-30T00:37:11.831Z] > git symbolic-ref --short HEAD [1ms]
[2022-10-30T00:37:11.840Z] > git for-each-ref --format=%(refname)%00%(upstream:short)%00%(objectname)%00%(upstream:track)%00%(upstream:remotename)%00%(upstream:remoteref) refs/heads/master refs/remotes/master [1ms]
[2022-10-30T00:37:11.856Z] > git remote --verbose [1ms]
[2022-10-30T00:37:11.856Z] > git for-each-ref --sort -committerdate --format %(refname) %(objectname) %(*objectname) [8ms]
[2022-10-30T00:37:11.937Z] > git config --get commit.template [4ms]
[2022-10-30T00:37:17.039Z] > git status -z -uall [89ms]
[2022-10-30T00:37:17.050Z] > git symbolic-ref --short HEAD [1ms]
[2022-10-30T00:37:17.060Z] > git for-each-ref --format=%(refname)%00%(upstream:short)%00%(objectname)%00%(upstream:track)%00%(upstream:remotename)%00%(upstream:remoteref) refs/heads/master refs/remotes/master [1ms]
[2022-10-30T00:37:17.080Z] > git remote --verbose [2ms]
[2022-10-30T00:37:17.080Z] > git for-each-ref --sort -committerdate --format %(refname) %(objectname) %(*objectname) [12ms]
[2022-10-30T00:37:17.153Z] > git config --get commit.template [7ms]
[2022-10-30T00:37:31.392Z] > git status -z -uall [88ms]
[2022-10-30T00:37:31.403Z] > git symbolic-ref --short HEAD [1ms]
[2022-10-30T00:37:31.414Z] > git for-each-ref --format=%(refname)%00%(upstream:short)%00%(objectname)%00%(upstream:track)%00%(upstream:remotename)%00%(upstream:remoteref) refs/heads/master refs/remotes/master [1ms]
[2022-10-30T00:37:31.436Z] > git remote --verbose [1ms]
[2022-10-30T00:37:31.436Z] > git for-each-ref --sort -committerdate --format %(refname) %(objectname) %(*objectname) [11ms]
[2022-10-30T00:37:31.513Z] > git config --get commit.template [6ms]
[2022-10-30T00:37:36.611Z] > git status -z -uall [87ms]
[2022-10-30T00:37:36.622Z] > git symbolic-ref --short HEAD [1ms]
[2022-10-30T00:37:36.633Z] > git for-each-ref --format=%(refname)%00%(upstream:short)%00%(objectname)%00%(upstream:track)%00%(upstream:remotename)%00%(upstream:remoteref) refs/heads/master refs/remotes/master [1ms]
[2022-10-30T00:37:36.653Z] > git remote --verbose [0ms]
[2022-10-30T00:37:36.654Z] > git for-each-ref --sort -committerdate --format %(refname) %(objectname) %(*objectname) [11ms]
[2022-10-30T00:37:36.736Z] > git config --get commit.template [9ms]
[2022-10-30T00:37:41.839Z] > git status -z -uall [86ms]
[2022-10-30T00:37:41.851Z] > git symbolic-ref --short HEAD [1ms]
[2022-10-30T00:37:41.863Z] > git for-each-ref --format=%(refname)%00%(upstream:short)%00%(objectname)%00%(upstream:track)%00%(upstream:remotename)%00%(upstream:remoteref) refs/heads/master refs/remotes/master [1ms]
[2022-10-30T00:37:41.888Z] > git for-each-ref --sort -committerdate --format %(refname) %(objectname) %(*objectname) [14ms]
[2022-10-30T00:37:41.888Z] > git remote --verbose [1ms]
[2022-10-30T00:37:41.966Z] > git config --get commit.template [8ms]
[2022-10-30T00:37:47.072Z] > git status -z -uall [94ms]
[2022-10-30T00:37:47.084Z] > git symbolic-ref --short HEAD [1ms]
[2022-10-30T00:37:47.096Z] > git for-each-ref --format=%(refname)%00%(upstream:short)%00%(objectname)%00%(upstream:track)%00%(upstream:remotename)%00%(upstream:remoteref) refs/heads/master refs/remotes/master [0ms]
[2022-10-30T00:37:47.120Z] > git remote --verbose [1ms]
[2022-10-30T00:37:47.120Z] > git for-each-ref --sort -committerdate --format %(refname) %(objectname) %(*objectname) [12ms]
[2022-10-30T00:37:47.198Z] > git config --get commit.template [9ms]
[2022-10-30T00:37:52.290Z] > git status -z -uall [86ms]
[2022-10-30T00:37:52.297Z] > git symbolic-ref --short HEAD [1ms]
[2022-10-30T00:37:52.305Z] > git for-each-ref --format=%(refname)%00%(upstream:short)%00%(objectname)%00%(upstream:track)%00%(upstream:remotename)%00%(upstream:remoteref) refs/heads/master refs/remotes/master [0ms]
[2022-10-30T00:37:52.318Z] > git remote --verbose [1ms]
[2022-10-30T00:37:52.318Z] > git for-each-ref --sort -committerdate --format %(refname) %(objectname) %(*objectname) [7ms]
[2022-10-30T00:37:52.418Z] > git config --get commit.template [11ms]
[2022-10-30T00:37:59.250Z] > git status -z -uall [91ms]
[2022-10-30T00:37:59.257Z] > git symbolic-ref --short HEAD [1ms]
[2022-10-30T00:37:59.265Z] > git for-each-ref --format=%(refname)%00%(upstream:short)%00%(objectname)%00%(upstream:track)%00%(upstream:remotename)%00%(upstream:remoteref) refs/heads/master refs/remotes/master [1ms]
[2022-10-30T00:37:59.278Z] > git remote --verbose [1ms]
[2022-10-30T00:37:59.278Z] > git for-each-ref --sort -committerdate --format %(refname) %(objectname) %(*objectname) [7ms]
[2022-10-30T00:37:59.346Z] > git config --get commit.template [6ms]
[2022-10-30T00:38:04.458Z] > git status -z -uall [102ms]
[2022-10-30T00:38:04.468Z] > git symbolic-ref --short HEAD [1ms]
[2022-10-30T00:38:04.477Z] > git for-each-ref --format=%(refname)%00%(upstream:short)%00%(objectname)%00%(upstream:track)%00%(upstream:remotename)%00%(upstream:remoteref) refs/heads/master refs/remotes/master [1ms]
[2022-10-30T00:38:04.492Z] > git remote --verbose [1ms]
[2022-10-30T00:38:04.492Z] > git for-each-ref --sort -committerdate --format %(refname) %(objectname) %(*objectname) [8ms]
[2022-10-30T00:38:04.572Z] > git config --get commit.template [5ms]
[2022-10-30T00:38:07.396Z] > git fetch [1215ms]
[2022-10-30T00:38:07.485Z] > git status -z -uall [83ms]
[2022-10-30T00:38:07.493Z] > git symbolic-ref --short HEAD [1ms]
[2022-10-30T00:38:07.500Z] > git for-each-ref --format=%(refname)%00%(upstream:short)%00%(objectname)%00%(upstream:track)%00%(upstream:remotename)%00%(upstream:remoteref) refs/heads/master refs/remotes/master [0ms]
[2022-10-30T00:38:07.513Z] > git for-each-ref --sort -committerdate --format %(refname) %(objectname) %(*objectname) [6ms]
[2022-10-30T00:38:07.514Z] > git remote --verbose [1ms]
[2022-10-30T00:38:07.586Z] > git config --get commit.template [7ms]
[2022-10-30T00:38:27.203Z] > git ls-files --stage -- /home/lrb96/pandas_ejercicios/DATASETS/fifa_2020/fifa_2020.py [10ms]
[2022-10-30T00:38:27.219Z] > git show --textconv :pandas_ejercicios/DATASETS/fifa_2020/fifa_2020.py [6ms]
[2022-10-30T00:38:27.279Z] > git status -z -uall [98ms]
[2022-10-30T00:38:27.286Z] > git symbolic-ref --short HEAD [1ms]
[2022-10-30T00:38:27.293Z] > git for-each-ref --format=%(refname)%00%(upstream:short)%00%(objectname)%00%(upstream:track)%00%(upstream:remotename)%00%(upstream:remoteref) refs/heads/master refs/remotes/master [1ms]
[2022-10-30T00:38:27.303Z] > git for-each-ref --sort -committerdate --format %(refname) %(objectname) %(*objectname) [5ms]
[2022-10-30T00:38:27.304Z] > git remote --verbose [1ms]
[2022-10-30T00:38:27.400Z] > git config --get commit.template [3ms]
[2022-10-30T00:38:42.951Z] > git status -z -uall [120ms]
[2022-10-30T00:38:42.957Z] > git symbolic-ref --short HEAD [0ms]
[2022-10-30T00:38:42.963Z] > git for-each-ref --format=%(refname)%00%(upstream:short)%00%(objectname)%00%(upstream:track)%00%(upstream:remotename)%00%(upstream:remoteref) refs/heads/master refs/remotes/master [0ms]
[2022-10-30T00:38:42.975Z] > git remote --verbose [1ms]
[2022-10-30T00:38:42.975Z] > git for-each-ref --sort -committerdate --format %(refname) %(objectname) %(*objectname) [7ms]
[2022-10-30T00:38:43.055Z] > git config --get commit.template [6ms]
[2022-10-30T00:38:54.182Z] > git status -z -uall [109ms]
[2022-10-30T00:38:54.190Z] > git symbolic-ref --short HEAD [1ms]
[2022-10-30T00:38:54.196Z] > git for-each-ref --format=%(refname)%00%(upstream:short)%00%(objectname)%00%(upstream:track)%00%(upstream:remotename)%00%(upstream:remoteref) refs/heads/master refs/remotes/master [1ms]
[2022-10-30T00:38:54.207Z] > git remote --verbose [1ms]
[2022-10-30T00:38:54.207Z] > git for-each-ref --sort -committerdate --format %(refname) %(objectname) %(*objectname) [5ms]
[2022-10-30T00:38:54.287Z] > git config --get commit.template [6ms]
[2022-10-30T00:40:39.672Z] > git status -z -uall [101ms]
[2022-10-30T00:40:39.677Z] > git symbolic-ref --short HEAD [1ms]
[2022-10-30T00:40:39.683Z] > git for-each-ref --format=%(refname)%00%(upstream:short)%00%(objectname)%00%(upstream:track)%00%(upstream:remotename)%00%(upstream:remoteref) refs/heads/master refs/remotes/master [1ms]
[2022-10-30T00:40:39.692Z] > git remote --verbose [1ms]
[2022-10-30T00:40:39.692Z] > git for-each-ref --sort -committerdate --format %(refname) %(objectname) %(*objectname) [5ms]
[2022-10-30T00:40:39.769Z] > git config --get commit.template [3ms]
[2022-10-30T00:41:19.293Z] > git status -z -uall [94ms]
[2022-10-30T00:41:19.299Z] > git symbolic-ref --short HEAD [0ms]
[2022-10-30T00:41:19.304Z] > git for-each-ref --format=%(refname)%00%(upstream:short)%00%(objectname)%00%(upstream:track)%00%(upstream:remotename)%00%(upstream:remoteref) refs/heads/master refs/remotes/master [1ms]
[2022-10-30T00:41:19.311Z] > git for-each-ref --sort -committerdate --format %(refname) %(objectname) %(*objectname) [4ms]
[2022-10-30T00:41:19.311Z] > git remote --verbose [1ms]
[2022-10-30T00:41:19.389Z] > git config --get commit.template [7ms]
[2022-10-30T00:41:20.376Z] > git ls-files --stage -- /home/lrb96/pandas_ejercicios/DATASETS/fifa_2020/fifa_2020.py [6ms]
[2022-10-30T00:41:20.394Z] > git show --textconv :pandas_ejercicios/DATASETS/fifa_2020/fifa_2020.py [7ms]
[2022-10-30T00:41:20.431Z] > git fetch [1238ms]
[2022-10-30T00:41:20.521Z] > git status -z -uall [85ms]
[2022-10-30T00:41:20.526Z] > git symbolic-ref --short HEAD [0ms]
[2022-10-30T00:41:20.532Z] > git for-each-ref --format=%(refname)%00%(upstream:short)%00%(objectname)%00%(upstream:track)%00%(upstream:remotename)%00%(upstream:remoteref) refs/heads/master refs/remotes/master [1ms]
[2022-10-30T00:41:20.541Z] > git remote --verbose [1ms]
[2022-10-30T00:41:20.541Z] > git for-each-ref --sort -committerdate --format %(refname) %(objectname) %(*objectname) [5ms]
[2022-10-30T00:41:20.616Z] > git config --get commit.template [8ms]
[2022-10-30T00:41:21.605Z] > git ls-files --stage -- /home/lrb96/pandas_ejercicios/DATASETS/fifa_2020/fifa_2020.py [6ms]
[2022-10-30T00:41:21.623Z] > git show --textconv :pandas_ejercicios/DATASETS/fifa_2020/fifa_2020.py [6ms]
[2022-10-30T00:41:24.479Z] > git status -z -uall [83ms]
[2022-10-30T00:41:24.486Z] > git symbolic-ref --short HEAD [1ms]
[2022-10-30T00:41:24.492Z] > git for-each-ref --format=%(refname)%00%(upstream:short)%00%(objectname)%00%(upstream:track)%00%(upstream:remotename)%00%(upstream:remoteref) refs/heads/master refs/remotes/master [1ms]
[2022-10-30T00:41:24.534Z] > git remote --verbose [30ms]
[2022-10-30T00:41:24.534Z] > git for-each-ref --sort -committerdate --format %(refname) %(objectname) %(*objectname) [36ms]
[2022-10-30T00:41:24.606Z] > git config --get commit.template [2ms]
[2022-10-30T00:41:29.700Z] > git status -z -uall [88ms]
[2022-10-30T00:41:29.706Z] > git symbolic-ref --short HEAD [1ms]
[2022-10-30T00:41:29.712Z] > git for-each-ref --format=%(refname)%00%(upstream:short)%00%(objectname)%00%(upstream:track)%00%(upstream:remotename)%00%(upstream:remoteref) refs/heads/master refs/remotes/master [1ms]
[2022-10-30T00:41:29.725Z] > git remote --verbose [3ms]
[2022-10-30T00:41:29.725Z] > git for-each-ref --sort -committerdate --format %(refname) %(objectname) %(*objectname) [8ms]
[2022-10-30T00:41:29.791Z] > git config --get commit.template [3ms]
[2022-10-30T00:41:37.297Z] > git status -z -uall [93ms]
[2022-10-30T00:41:37.305Z] > git symbolic-ref --short HEAD [1ms]
[2022-10-30T00:41:37.311Z] > git for-each-ref --format=%(refname)%00%(upstream:short)%00%(objectname)%00%(upstream:track)%00%(upstream:remotename)%00%(upstream:remoteref) refs/heads/master refs/remotes/master [0ms]
[2022-10-30T00:41:37.323Z] > git remote --verbose [0ms]
[2022-10-30T00:41:37.324Z] > git for-each-ref --sort -committerdate --format %(refname) %(objectname) %(*objectname) [6ms]
[2022-10-30T00:41:37.395Z] > git config --get commit.template [5ms]
[2022-10-30T00:41:46.782Z] > git status -z -uall [89ms]
[2022-10-30T00:41:46.789Z] > git symbolic-ref --short HEAD [1ms]
[2022-10-30T00:41:46.796Z] > git for-each-ref --format=%(refname)%00%(upstream:short)%00%(objectname)%00%(upstream:track)%00%(upstream:remotename)%00%(upstream:remoteref) refs/heads/master refs/remotes/master [0ms]
[2022-10-30T00:41:46.809Z] > git remote --verbose [1ms]
[2022-10-30T00:41:46.809Z] > git for-each-ref --sort -committerdate --format %(refname) %(objectname) %(*objectname) [7ms]
[2022-10-30T00:41:46.878Z] > git config --get commit.template [5ms]
[2022-10-30T00:41:57.050Z] > git status -z -uall [90ms]
[2022-10-30T00:41:57.058Z] > git symbolic-ref --short HEAD [1ms]
[2022-10-30T00:41:57.066Z] > git for-each-ref --format=%(refname)%00%(upstream:short)%00%(objectname)%00%(upstream:track)%00%(upstream:remotename)%00%(upstream:remoteref) refs/heads/master refs/remotes/master [1ms]
[2022-10-30T00:41:57.086Z] > git remote --verbose [1ms]
[2022-10-30T00:41:57.086Z] > git for-each-ref --sort -committerdate --format %(refname) %(objectname) %(*objectname) [12ms]
[2022-10-30T00:41:57.156Z] > git config --get commit.template [5ms]
[2022-10-30T00:42:09.583Z] > git status -z -uall [87ms]
[2022-10-30T00:42:09.591Z] > git symbolic-ref --short HEAD [0ms]
[2022-10-30T00:42:09.600Z] > git for-each-ref --format=%(refname)%00%(upstream:short)%00%(objectname)%00%(upstream:track)%00%(upstream:remotename)%00%(upstream:remoteref) refs/heads/master refs/remotes/master [1ms]
[2022-10-30T00:42:09.615Z] > git remote --verbose [1ms]
[2022-10-30T00:42:09.615Z] > git for-each-ref --sort -committerdate --format %(refname) %(objectname) %(*objectname) [8ms]
[2022-10-30T00:42:09.687Z] > git config --get commit.template [5ms]
[2022-10-30T00:45:01.830Z] > git status -z -uall [99ms]
[2022-10-30T00:45:01.835Z] > git symbolic-ref --short HEAD [0ms]
[2022-10-30T00:45:01.841Z] > git for-each-ref --format=%(refname)%00%(upstream:short)%00%(objectname)%00%(upstream:track)%00%(upstream:remotename)%00%(upstream:remoteref) refs/heads/master refs/remotes/master [1ms]
[2022-10-30T00:45:01.849Z] > git remote --verbose [1ms]
[2022-10-30T00:45:01.849Z] > git for-each-ref --sort -committerdate --format %(refname) %(objectname) %(*objectname) [4ms]
[2022-10-30T00:45:01.922Z] > git config --get commit.template [2ms]
[2022-10-30T00:45:02.905Z] > git ls-files --stage -- /home/lrb96/pandas_ejercicios/DATASETS/fifa_2020/fifa_2020.py [6ms]
[2022-10-30T00:45:02.922Z] > git show --textconv :pandas_ejercicios/DATASETS/fifa_2020/fifa_2020.py [7ms]
[2022-10-30T00:45:02.961Z] > git fetch [1240ms]
[2022-10-30T00:45:03.049Z] > git status -z -uall [84ms]
[2022-10-30T00:45:03.055Z] > git symbolic-ref --short HEAD [1ms]
[2022-10-30T00:45:03.060Z] > git for-each-ref --format=%(refname)%00%(upstream:short)%00%(objectname)%00%(upstream:track)%00%(upstream:remotename)%00%(upstream:remoteref) refs/heads/master refs/remotes/master [0ms]
[2022-10-30T00:45:03.069Z] > git for-each-ref --sort -committerdate --format %(refname) %(objectname) %(*objectname) [5ms]
[2022-10-30T00:45:03.069Z] > git remote --verbose [1ms]
[2022-10-30T00:45:03.141Z] > git config --get commit.template [7ms]
[2022-10-30T00:45:04.136Z] > git ls-files --stage -- /home/lrb96/pandas_ejercicios/DATASETS/fifa_2020/fifa_2020.py [7ms]
[2022-10-30T00:45:04.151Z] > git show --textconv :pandas_ejercicios/DATASETS/fifa_2020/fifa_2020.py [6ms]
[2022-10-30T00:45:07.013Z] > git status -z -uall [85ms]
[2022-10-30T00:45:07.019Z] > git symbolic-ref --short HEAD [0ms]
[2022-10-30T00:45:07.025Z] > git for-each-ref --format=%(refname)%00%(upstream:short)%00%(objectname)%00%(upstream:track)%00%(upstream:remotename)%00%(upstream:remoteref) refs/heads/master refs/remotes/master [1ms]
[2022-10-30T00:45:07.034Z] > git remote --verbose [1ms]
[2022-10-30T00:45:07.034Z] > git for-each-ref --sort -committerdate --format %(refname) %(objectname) %(*objectname) [5ms]
[2022-10-30T00:45:07.102Z] > git config --get commit.template [1ms]
[2022-10-30T00:45:12.193Z] > git status -z -uall [84ms]
[2022-10-30T00:45:12.199Z] > git symbolic-ref --short HEAD [1ms]
[2022-10-30T00:45:12.205Z] > git for-each-ref --format=%(refname)%00%(upstream:short)%00%(objectname)%00%(upstream:track)%00%(upstream:remotename)%00%(upstream:remoteref) refs/heads/master refs/remotes/master [1ms]
[2022-10-30T00:45:12.214Z] > git remote --verbose [1ms]
[2022-10-30T00:45:12.214Z] > git for-each-ref --sort -committerdate --format %(refname) %(objectname) %(*objectname) [5ms]
[2022-10-30T00:45:12.282Z] > git config --get commit.template [1ms]
[2022-10-30T00:45:17.375Z] > git status -z -uall [86ms]
[2022-10-30T00:45:17.382Z] > git symbolic-ref --short HEAD [1ms]
[2022-10-30T00:45:17.388Z] > git for-each-ref --format=%(refname)%00%(upstream:short)%00%(objectname)%00%(upstream:track)%00%(upstream:remotename)%00%(upstream:remoteref) refs/heads/master refs/remotes/master [0ms]
[2022-10-30T00:45:17.402Z] > git remote --verbose [2ms]
[2022-10-30T00:45:17.402Z] > git for-each-ref --sort -committerdate --format %(refname) %(objectname) %(*objectname) [7ms]
[2022-10-30T00:45:17.472Z] > git config --get commit.template [7ms]
[2022-10-30T00:45:22.563Z] > git status -z -uall [84ms]
[2022-10-30T00:45:22.570Z] > git symbolic-ref --short HEAD [1ms]
[2022-10-30T00:45:22.576Z] > git for-each-ref --format=%(refname)%00%(upstream:short)%00%(objectname)%00%(upstream:track)%00%(upstream:remotename)%00%(upstream:remoteref) refs/heads/master refs/remotes/master [0ms]
[2022-10-30T00:45:22.588Z] > git remote --verbose [1ms]
[2022-10-30T00:45:22.588Z] > git for-each-ref --sort -committerdate --format %(refname) %(objectname) %(*objectname) [6ms]
[2022-10-30T00:45:22.662Z] > git config --get commit.template [9ms]
[2022-10-30T00:45:51.345Z] > git status -z -uall [106ms]
[2022-10-30T00:45:51.351Z] > git symbolic-ref --short HEAD [1ms]
[2022-10-30T00:45:51.356Z] > git for-each-ref --format=%(refname)%00%(upstream:short)%00%(objectname)%00%(upstream:track)%00%(upstream:remotename)%00%(upstream:remoteref) refs/heads/master refs/remotes/master [1ms]
[2022-10-30T00:45:51.364Z] > git remote --verbose [1ms]
[2022-10-30T00:45:51.364Z] > git for-each-ref --sort -committerdate --format %(refname) %(objectname) %(*objectname) [5ms]
[2022-10-30T00:45:51.436Z] > git config --get commit.template [2ms]
[2022-10-30T00:45:56.526Z] > git status -z -uall [84ms]
[2022-10-30T00:45:56.532Z] > git symbolic-ref --short HEAD [1ms]
[2022-10-30T00:45:56.540Z] > git for-each-ref --format=%(refname)%00%(upstream:short)%00%(objectname)%00%(upstream:track)%00%(upstream:remotename)%00%(upstream:remoteref) refs/heads/master refs/remotes/master [1ms]
[2022-10-30T00:45:56.549Z] > git remote --verbose [1ms]
[2022-10-30T00:45:56.549Z] > git for-each-ref --sort -committerdate --format %(refname) %(objectname) %(*objectname) [4ms]
[2022-10-30T00:45:56.622Z] > git config --get commit.template [7ms]
[2022-10-30T00:46:31.317Z] > git status -z -uall [95ms]
[2022-10-30T00:46:31.322Z] > git symbolic-ref --short HEAD [0ms]
[2022-10-30T00:46:31.327Z] > git for-each-ref --format=%(refname)%00%(upstream:short)%00%(objectname)%00%(upstream:track)%00%(upstream:remotename)%00%(upstream:remoteref) refs/heads/master refs/remotes/master [1ms]
[2022-10-30T00:46:31.334Z] > git remote --verbose [1ms]
[2022-10-30T00:46:31.336Z] > git for-each-ref --sort -committerdate --format %(refname) %(objectname) %(*objectname) [6ms]
[2022-10-30T00:46:31.405Z] > git config --get commit.template [1ms]
[2022-10-30T00:46:36.499Z] > git status -z -uall [87ms]
[2022-10-30T00:46:36.505Z] > git symbolic-ref --short HEAD [1ms]
[2022-10-30T00:46:36.510Z] > git for-each-ref --format=%(refname)%00%(upstream:short)%00%(objectname)%00%(upstream:track)%00%(upstream:remotename)%00%(upstream:remoteref) refs/heads/master refs/remotes/master [0ms]
[2022-10-30T00:46:36.521Z] > git remote --verbose [1ms]
[2022-10-30T00:46:36.521Z] > git for-each-ref --sort -committerdate --format %(refname) %(objectname) %(*objectname) [6ms]
[2022-10-30T00:46:36.591Z] > git config --get commit.template [8ms]
[2022-10-30T00:46:45.665Z] > git status -z -uall [98ms]
[2022-10-30T00:46:45.671Z] > git symbolic-ref --short HEAD [1ms]
[2022-10-30T00:46:45.678Z] > git for-each-ref --format=%(refname)%00%(upstream:short)%00%(objectname)%00%(upstream:track)%00%(upstream:remotename)%00%(upstream:remoteref) refs/heads/master refs/remotes/master [1ms]
[2022-10-30T00:46:45.689Z] > git remote --verbose [1ms]
[2022-10-30T00:46:45.689Z] > git for-each-ref --sort -committerdate --format %(refname) %(objectname) %(*objectname) [6ms]
[2022-10-30T00:46:45.758Z] > git config --get commit.template [7ms]
[2022-10-30T00:46:50.849Z] > git status -z -uall [85ms]
[2022-10-30T00:46:50.855Z] > git symbolic-ref --short HEAD [1ms]
[2022-10-30T00:46:50.861Z] > git for-each-ref --format=%(refname)%00%(upstream:short)%00%(objectname)%00%(upstream:track)%00%(upstream:remotename)%00%(upstream:remoteref) refs/heads/master refs/remotes/master [1ms]
[2022-10-30T00:46:50.870Z] > git remote --verbose [1ms]
[2022-10-30T00:46:50.870Z] > git for-each-ref --sort -committerdate --format %(refname) %(objectname) %(*objectname) [5ms]
[2022-10-30T00:46:50.943Z] > git config --get commit.template [8ms]
[2022-10-30T00:46:56.034Z] > git status -z -uall [84ms]
[2022-10-30T00:46:56.041Z] > git symbolic-ref --short HEAD [1ms]
[2022-10-30T00:46:56.047Z] > git for-each-ref --format=%(refname)%00%(upstream:short)%00%(objectname)%00%(upstream:track)%00%(upstream:remotename)%00%(upstream:remoteref) refs/heads/master refs/remotes/master [1ms]
[2022-10-30T00:46:56.058Z] > git remote --verbose [1ms]
[2022-10-30T00:46:56.058Z] > git for-each-ref --sort -committerdate --format %(refname) %(objectname) %(*objectname) [6ms]
[2022-10-30T00:46:56.123Z] > git config --get commit.template [4ms]
[2022-10-30T00:47:50.342Z] > git status -z -uall [96ms]
[2022-10-30T00:47:50.348Z] > git symbolic-ref --short HEAD [1ms]
[2022-10-30T00:47:50.353Z] > git for-each-ref --format=%(refname)%00%(upstream:short)%00%(objectname)%00%(upstream:track)%00%(upstream:remotename)%00%(upstream:remoteref) refs/heads/master refs/remotes/master [1ms]
[2022-10-30T00:47:50.361Z] > git for-each-ref --sort -committerdate --format %(refname) %(objectname) %(*objectname) [4ms]
[2022-10-30T00:47:50.361Z] > git remote --verbose [0ms]
[2022-10-30T00:47:50.436Z] > git config --get commit.template [1ms]
[2022-10-30T00:49:19.979Z] > git status -z -uall [88ms]
[2022-10-30T00:49:19.985Z] > git symbolic-ref --short HEAD [1ms]
[2022-10-30T00:49:19.990Z] > git for-each-ref --format=%(refname)%00%(upstream:short)%00%(objectname)%00%(upstream:track)%00%(upstream:remotename)%00%(upstream:remoteref) refs/heads/master refs/remotes/master [1ms]
[2022-10-30T00:49:19.999Z] > git remote --verbose [1ms]
[2022-10-30T00:49:19.999Z] > git for-each-ref --sort -committerdate --format %(refname) %(objectname) %(*objectname) [5ms]
[2022-10-30T00:49:20.085Z] > git config --get commit.template [2ms]
[2022-10-30T00:49:21.064Z] > git ls-files --stage -- /home/lrb96/pandas_ejercicios/DATASETS/fifa_2020/fifa_2020.py [5ms]
[2022-10-30T00:49:21.081Z] > git show --textconv :pandas_ejercicios/DATASETS/fifa_2020/fifa_2020.py [5ms]
[2022-10-30T00:49:21.114Z] > git fetch [1233ms]
[2022-10-30T00:49:21.204Z] > git status -z -uall [84ms]
[2022-10-30T00:49:21.210Z] > git symbolic-ref --short HEAD [1ms]
[2022-10-30T00:49:21.216Z] > git for-each-ref --format=%(refname)%00%(upstream:short)%00%(objectname)%00%(upstream:track)%00%(upstream:remotename)%00%(upstream:remoteref) refs/heads/master refs/remotes/master [0ms]
[2022-10-30T00:49:21.226Z] > git remote --verbose [1ms]
[2022-10-30T00:49:21.226Z] > git for-each-ref --sort -committerdate --format %(refname) %(objectname) %(*objectname) [5ms]
[2022-10-30T00:49:21.295Z] > git config --get commit.template [5ms]
[2022-10-30T00:49:22.287Z] > git ls-files --stage -- /home/lrb96/pandas_ejercicios/DATASETS/fifa_2020/fifa_2020.py [7ms]
[2022-10-30T00:49:22.303Z] > git show --textconv :pandas_ejercicios/DATASETS/fifa_2020/fifa_2020.py [6ms]
[2022-10-30T00:52:35.736Z] > git status -z -uall [95ms]
[2022-10-30T00:52:35.742Z] > git symbolic-ref --short HEAD [1ms]
[2022-10-30T00:52:35.749Z] > git for-each-ref --format=%(refname)%00%(upstream:short)%00%(objectname)%00%(upstream:track)%00%(upstream:remotename)%00%(upstream:remoteref) refs/heads/master refs/remotes/master [2ms]
[2022-10-30T00:52:35.761Z] > git remote --verbose [0ms]
[2022-10-30T00:52:35.761Z] > git for-each-ref --sort -committerdate --format %(refname) %(objectname) %(*objectname) [7ms]
[2022-10-30T00:52:35.833Z] > git config --get commit.template [3ms]
[2022-10-30T00:52:36.881Z] > git fetch [1247ms]
[2022-10-30T00:52:36.978Z] > git status -z -uall [92ms]
[2022-10-30T00:52:36.984Z] > git symbolic-ref --short HEAD [1ms]
[2022-10-30T00:52:36.990Z] > git for-each-ref --format=%(refname)%00%(upstream:short)%00%(objectname)%00%(upstream:track)%00%(upstream:remotename)%00%(upstream:remoteref) refs/heads/master refs/remotes/master [0ms]
[2022-10-30T00:52:37.001Z] > git remote --verbose [1ms]
[2022-10-30T00:52:37.001Z] > git for-each-ref --sort -committerdate --format %(refname) %(objectname) %(*objectname) [6ms]
[2022-10-30T00:52:37.075Z] > git config --get commit.template [5ms]
[2022-10-30T01:10:22.785Z] > git ls-files --stage -- /home/lrb96/pandas_ejercicios/DATASETS/fifa_2020/fifa_2020.py [11ms]
[2022-10-30T01:10:22.803Z] > git show --textconv :pandas_ejercicios/DATASETS/fifa_2020/fifa_2020.py [6ms]
[2022-10-30T01:10:22.863Z] > git status -z -uall [98ms]
[2022-10-30T01:10:22.868Z] > git symbolic-ref --short HEAD [1ms]
[2022-10-30T01:10:22.873Z] > git for-each-ref --format=%(refname)%00%(upstream:short)%00%(objectname)%00%(upstream:track)%00%(upstream:remotename)%00%(upstream:remoteref) refs/heads/master refs/remotes/master [1ms]
[2022-10-30T01:10:22.880Z] > git remote --verbose [1ms]
[2022-10-30T01:10:22.880Z] > git for-each-ref --sort -committerdate --format %(refname) %(objectname) %(*objectname) [4ms]
[2022-10-30T01:10:22.950Z] > git config --get commit.template [2ms]
[2022-10-30T01:10:23.998Z] > git fetch [1239ms]
[2022-10-30T01:10:24.086Z] > git status -z -uall [82ms]
[2022-10-30T01:10:24.092Z] > git symbolic-ref --short HEAD [1ms]
[2022-10-30T01:10:24.097Z] > git for-each-ref --format=%(refname)%00%(upstream:short)%00%(objectname)%00%(upstream:track)%00%(upstream:remotename)%00%(upstream:remoteref) refs/heads/master refs/remotes/master [1ms]
[2022-10-30T01:10:24.106Z] > git remote --verbose [1ms]
[2022-10-30T01:10:24.106Z] > git for-each-ref --sort -committerdate --format %(refname) %(objectname) %(*objectname) [5ms]
[2022-10-30T01:10:24.177Z] > git config --get commit.template [6ms]
[2022-10-30T01:16:19.875Z] > git ls-files --stage -- /home/lrb96/pandas_ejercicios/DATASETS/fifa_2020/fifa_2020.py [7ms]
[2022-10-30T01:16:19.892Z] > git show --textconv :pandas_ejercicios/DATASETS/fifa_2020/fifa_2020.py [6ms]
[2022-10-30T01:16:19.912Z] > git status -z -uall [108ms]
[2022-10-30T01:16:19.917Z] > git symbolic-ref --short HEAD [0ms]
[2022-10-30T01:16:19.923Z] > git for-each-ref --format=%(refname)%00%(upstream:short)%00%(objectname)%00%(upstream:track)%00%(upstream:remotename)%00%(upstream:remoteref) refs/heads/master refs/remotes/master [1ms]
[2022-10-30T01:16:19.930Z] > git remote --verbose [1ms]
[2022-10-30T01:16:19.931Z] > git for-each-ref --sort -committerdate --format %(refname) %(objectname) %(*objectname) [5ms]
[2022-10-30T01:16:20.005Z] > git config --get commit.template [2ms]
[2022-10-30T01:16:21.043Z] > git fetch [1247ms]
[2022-10-30T01:16:21.142Z] > git status -z -uall [93ms]
[2022-10-30T01:16:21.149Z] > git symbolic-ref --short HEAD [0ms]
[2022-10-30T01:16:21.156Z] > git for-each-ref --format=%(refname)%00%(upstream:short)%00%(objectname)%00%(upstream:track)%00%(upstream:remotename)%00%(upstream:remoteref) refs/heads/master refs/remotes/master [1ms]
[2022-10-30T01:16:21.168Z] > git remote --verbose [1ms]
[2022-10-30T01:16:21.168Z] > git for-each-ref --sort -committerdate --format %(refname) %(objectname) %(*objectname) [6ms]
[2022-10-30T01:16:21.247Z] > git config --get commit.template [6ms]
[2022-10-30T01:22:18.626Z] > git ls-files --stage -- /home/lrb96/pandas_ejercicios/DATASETS/fifa_2020/fifa_2020.py [11ms]
[2022-10-30T01:22:18.652Z] > git show --textconv :pandas_ejercicios/DATASETS/fifa_2020/fifa_2020.py [9ms]
[2022-10-30T01:22:18.717Z] > git status -z -uall [114ms]
[2022-10-30T01:22:18.724Z] > git symbolic-ref --short HEAD [2ms]
[2022-10-30T01:22:18.728Z] > git for-each-ref --format=%(refname)%00%(upstream:short)%00%(objectname)%00%(upstream:track)%00%(upstream:remotename)%00%(upstream:remoteref) refs/heads/master refs/remotes/master [0ms]
[2022-10-30T01:22:18.736Z] > git remote --verbose [1ms]
[2022-10-30T01:22:18.736Z] > git for-each-ref --sort -committerdate --format %(refname) %(objectname) %(*objectname) [4ms]
[2022-10-30T01:22:18.811Z] > git config --get commit.template [2ms]
[2022-10-30T01:22:19.844Z] > git fetch [1248ms]
[2022-10-30T01:22:19.938Z] > git status -z -uall [89ms]
[2022-10-30T01:22:19.944Z] > git symbolic-ref --short HEAD [1ms]
[2022-10-30T01:22:19.950Z] > git for-each-ref --format=%(refname)%00%(upstream:short)%00%(objectname)%00%(upstream:track)%00%(upstream:remotename)%00%(upstream:remoteref) refs/heads/master refs/remotes/master [1ms]
[2022-10-30T01:22:19.959Z] > git remote --verbose [0ms]
[2022-10-30T01:22:19.959Z] > git for-each-ref --sort -committerdate --format %(refname) %(objectname) %(*objectname) [5ms]
[2022-10-30T01:22:20.033Z] > git config --get commit.template [6ms]
[2022-10-30T01:28:53.420Z] > git ls-files --stage -- /home/lrb96/pandas_ejercicios/DATASETS/fifa_2020/fifa_2020.py [9ms]
[2022-10-30T01:28:53.444Z] > git show --textconv :pandas_ejercicios/DATASETS/fifa_2020/fifa_2020.py [6ms]
[2022-10-30T01:28:53.496Z] > git status -z -uall [101ms]
[2022-10-30T01:28:53.502Z] > git symbolic-ref --short HEAD [1ms]
[2022-10-30T01:28:53.508Z] > git for-each-ref --format=%(refname)%00%(upstream:short)%00%(objectname)%00%(upstream:track)%00%(upstream:remotename)%00%(upstream:remoteref) refs/heads/master refs/remotes/master [1ms]
[2022-10-30T01:28:53.516Z] > git remote --verbose [1ms]
[2022-10-30T01:28:53.516Z] > git for-each-ref --sort -committerdate --format %(refname) %(objectname) %(*objectname) [5ms]
[2022-10-30T01:28:53.591Z] > git config --get commit.template [2ms]
[2022-10-30T01:28:54.629Z] > git fetch [1240ms]
[2022-10-30T01:28:54.722Z] > git status -z -uall [86ms]
[2022-10-30T01:28:54.727Z] > git symbolic-ref --short HEAD [1ms]
[2022-10-30T01:28:54.733Z] > git for-each-ref --format=%(refname)%00%(upstream:short)%00%(objectname)%00%(upstream:track)%00%(upstream:remotename)%00%(upstream:remoteref) refs/heads/master refs/remotes/master [1ms]
[2022-10-30T01:28:54.741Z] > git remote --verbose [0ms]
[2022-10-30T01:28:54.741Z] > git for-each-ref --sort -committerdate --format %(refname) %(objectname) %(*objectname) [4ms]
[2022-10-30T01:28:54.810Z] > git config --get commit.template [5ms]
[2022-10-30T01:32:25.355Z] > git ls-files --stage -- /home/lrb96/pandas_ejercicios/DATASETS/fifa_2020/fifa_2020.py [10ms]
[2022-10-30T01:32:25.374Z] > git show --textconv :pandas_ejercicios/DATASETS/fifa_2020/fifa_2020.py [6ms]
[2022-10-30T01:32:25.431Z] > git status -z -uall [98ms]
[2022-10-30T01:32:25.436Z] > git symbolic-ref --short HEAD [1ms]
[2022-10-30T01:32:25.440Z] > git for-each-ref --format=%(refname)%00%(upstream:short)%00%(objectname)%00%(upstream:track)%00%(upstream:remotename)%00%(upstream:remoteref) refs/heads/master refs/remotes/master [0ms]
[2022-10-30T01:32:25.451Z] > git remote --verbose [1ms]
[2022-10-30T01:32:25.451Z] > git for-each-ref --sort -committerdate --format %(refname) %(objectname) %(*objectname) [7ms]
[2022-10-30T01:32:25.521Z] > git config --get commit.template [2ms]
[2022-10-30T01:32:26.547Z] > git ls-files --stage -- /home/lrb96/pandas_ejercicios/DATASETS/fifa_2020/fifa_2020.py [7ms]
[2022-10-30T01:32:26.563Z] > git show --textconv :pandas_ejercicios/DATASETS/fifa_2020/fifa_2020.py [7ms]
[2022-10-30T01:32:26.589Z] > git fetch [1262ms]
[2022-10-30T01:32:26.677Z] > git status -z -uall [83ms]
[2022-10-30T01:32:26.683Z] > git symbolic-ref --short HEAD [1ms]
[2022-10-30T01:32:26.689Z] > git for-each-ref --format=%(refname)%00%(upstream:short)%00%(objectname)%00%(upstream:track)%00%(upstream:remotename)%00%(upstream:remoteref) refs/heads/master refs/remotes/master [1ms]
[2022-10-30T01:32:26.697Z] > git remote --verbose [0ms]
[2022-10-30T01:32:26.698Z] > git for-each-ref --sort -committerdate --format %(refname) %(objectname) %(*objectname) [5ms]
[2022-10-30T01:32:26.767Z] > git config --get commit.template [6ms]
[2022-10-30T01:32:27.667Z] > git ls-files --stage -- /home/lrb96/pandas_ejercicios/DATASETS/fifa_2020/fifa_2020.py [7ms]
[2022-10-30T01:32:27.683Z] > git show --textconv :pandas_ejercicios/DATASETS/fifa_2020/fifa_2020.py [6ms]
[2022-10-30T01:32:30.610Z] > git status -z -uall [83ms]
[2022-10-30T01:32:30.616Z] > git symbolic-ref --short HEAD [1ms]
[2022-10-30T01:32:30.622Z] > git for-each-ref --format=%(refname)%00%(upstream:short)%00%(objectname)%00%(upstream:track)%00%(upstream:remotename)%00%(upstream:remoteref) refs/heads/master refs/remotes/master [1ms]
[2022-10-30T01:32:30.630Z] > git remote --verbose [0ms]
[2022-10-30T01:32:30.631Z] > git for-each-ref --sort -committerdate --format %(refname) %(objectname) %(*objectname) [5ms]
[2022-10-30T01:32:30.697Z] > git config --get commit.template [5ms]
[2022-10-30T01:32:35.787Z] > git status -z -uall [83ms]
[2022-10-30T01:32:35.793Z] > git symbolic-ref --short HEAD [0ms]
[2022-10-30T01:32:35.799Z] > git for-each-ref --format=%(refname)%00%(upstream:short)%00%(objectname)%00%(upstream:track)%00%(upstream:remotename)%00%(upstream:remoteref) refs/heads/master refs/remotes/master [0ms]
[2022-10-30T01:32:35.809Z] > git remote --verbose [1ms]
[2022-10-30T01:32:35.809Z] > git for-each-ref --sort -committerdate --format %(refname) %(objectname) %(*objectname) [5ms]
[2022-10-30T01:32:35.879Z] > git config --get commit.template [5ms]
[2022-10-30T01:32:36.704Z] > git show --textconv :pandas_ejercicios/df.py [10ms]
[2022-10-30T01:32:36.709Z] > git ls-files --stage -- /home/lrb96/pandas_ejercicios/df.py [6ms]
[2022-10-30T01:32:36.718Z] > git cat-file -s cabe399a76225768f6e414f6206bbcff5e8c04ba [1ms]
[2022-10-30T01:32:40.968Z] > git status -z -uall [82ms]
[2022-10-30T01:32:40.974Z] > git symbolic-ref --short HEAD [0ms]
[2022-10-30T01:32:40.980Z] > git for-each-ref --format=%(refname)%00%(upstream:short)%00%(objectname)%00%(upstream:track)%00%(upstream:remotename)%00%(upstream:remoteref) refs/heads/master refs/remotes/master [0ms]
[2022-10-30T01:32:40.990Z] > git remote --verbose [0ms]
[2022-10-30T01:32:40.990Z] > git for-each-ref --sort -committerdate --format %(refname) %(objectname) %(*objectname) [5ms]
[2022-10-30T01:32:41.053Z] > git config --get commit.template [4ms]
