[2022-10-26 18:54:43.934] [exthost] [info] Extension host with pid 142 started
[2022-10-26 18:54:43.950] [exthost] [info] Lock '/home/lrb96/.vscode-server/data/User/workspaceStorage/84a63d8cd94709000b4759208589a887/vscode.lock': Lock acquired.
[2022-10-26 18:54:43.974] [exthost] [info] ExtensionService#_doActivateExtension vscode.debug-auto-launch, startup: true, activationEvent: '*'
[2022-10-26 18:54:43.975] [exthost] [info] ExtensionService#_doActivateExtension vscode.git-base, startup: true, activationEvent: '*', root cause: vscode.git
[2022-10-26 18:54:43.975] [exthost] [info] ExtensionService#_doActivateExtension vscode.ipynb, startup: true, activationEvent: '*'
[2022-10-26 18:54:44.012] [exthost] [info] ExtensionService#_doActivateExtension vscode.git, startup: true, activationEvent: '*'
[2022-10-26 18:54:44.012] [exthost] [info] ExtensionService#_doActivateExtension vscode.github, startup: true, activationEvent: '*'
[2022-10-26 18:54:44.167] [exthost] [info] ExtensionService#_doActivateExtension vscode.emmet, startup: false, activationEvent: 'onStartupFinished'
[2022-10-26 18:54:44.168] [exthost] [info] ExtensionService#_doActivateExtension vscode.merge-conflict, startup: false, activationEvent: 'onStartupFinished'
[2022-10-26 18:54:44.168] [exthost] [info] ExtensionService#_doActivateExtension ritwickdey.LiveServer, startup: false, activationEvent: 'onStartupFinished'
[2022-10-26 18:54:44.168] [exthost] [info] Eager extensions activated
[2022-10-26 18:54:44.602] [exthost] [warning] [Decorations] CAPPING events from decorations provider vscode.git 4912
[2022-10-26 18:54:45.070] [exthost] [info] ExtensionService#_doActivateExtension vscode.configuration-editing, startup: false, activationEvent: 'onLanguage:jsonc'
[2022-10-26 18:54:45.070] [exthost] [info] ExtensionService#_doActivateExtension vscode.json-language-features, startup: false, activationEvent: 'onLanguage:jsonc'
[2022-10-26 18:54:45.070] [exthost] [info] ExtensionService#_doActivateExtension vscode.typescript-language-features, startup: false, activationEvent: 'onLanguage:jsonc'
[2022-10-26 18:54:45.220] [exthost] [warning] [Decorations] CAPPING events from decorations provider vscode.git 4912
[2022-10-26 18:54:45.824] [exthost] [warning] [Decorations] CAPPING events from decorations provider vscode.git 4914
[2022-10-26 18:54:49.410] [exthost] [warning] [Decorations] CAPPING events from decorations provider vscode.git 4914
[2022-10-26 18:54:49.916] [exthost] [info] ExtensionService#_doActivateExtension ms-python.python, startup: false, activationEvent: 'onLanguage:python'
[2022-10-26 18:54:49.916] [exthost] [info] ExtensionService#_doActivateExtension ms-toolsai.jupyter, startup: false, activationEvent: 'onLanguage:python'
[2022-10-26 18:54:49.917] [exthost] [info] ExtensionService#_doActivateExtension njpwerner.autodocstring, startup: false, activationEvent: 'onLanguage:python'
[2022-10-26 18:54:50.724] [exthost] [info] ExtensionService#_doActivateExtension ms-toolsai.jupyter-renderers, startup: false, activationEvent: 'api', root cause: ms-toolsai.jupyter
[2022-10-26 18:54:50.798] [exthost] [info] ExtensionService#_doActivateExtension ms-python.vscode-pylance, startup: false, activationEvent: 'onLanguage:python'
[2022-10-26 18:54:54.578] [exthost] [warning] [Decorations] CAPPING events from decorations provider vscode.git 4929
[2022-10-26 18:54:59.714] [exthost] [warning] [Decorations] CAPPING events from decorations provider vscode.git 4930
[2022-10-26 18:55:11.507] [exthost] [warning] [Decorations] CAPPING events from decorations provider vscode.git 4931
[2022-10-26 18:55:16.630] [exthost] [warning] [Decorations] CAPPING events from decorations provider vscode.git 4931
[2022-10-26 18:55:21.765] [exthost] [warning] [Decorations] CAPPING events from decorations provider vscode.git 4931
[2022-10-26 18:55:26.926] [exthost] [warning] [Decorations] CAPPING events from decorations provider vscode.git 4932
[2022-10-26 18:55:57.161] [exthost] [warning] [Decorations] CAPPING events from decorations provider vscode.git 4932
[2022-10-26 18:56:02.286] [exthost] [warning] [Decorations] CAPPING events from decorations provider vscode.git 4932
[2022-10-26 18:56:09.880] [exthost] [warning] [Decorations] CAPPING events from decorations provider vscode.git 4932
[2022-10-26 18:58:46.383] [exthost] [warning] [Decorations] CAPPING events from decorations provider vscode.git 4932
[2022-10-26 18:58:47.601] [exthost] [warning] [Decorations] CAPPING events from decorations provider vscode.git 4932
[2022-10-26 18:59:22.260] [exthost] [warning] [Decorations] CAPPING events from decorations provider vscode.git 4932
[2022-10-26 18:59:27.263] [exthost] [info] Extension host terminating: received terminate message from renderer
[2022-10-26 18:59:27.264] [exthost] [info] Lock '/home/lrb96/.vscode-server/data/User/workspaceStorage/84a63d8cd94709000b4759208589a887/vscode.lock': Marking the lockfile as scheduled to be released in 6000 ms.
[2022-10-26 18:59:27.310] [exthost] [info] Extension host with pid 142 exiting with code 0
