[2022-10-26T23:54:44.117Z] Nivel de registro: Info
[2022-10-26T23:54:44.123Z] [info] La validación encontró Git en: git
[2022-10-26T23:54:44.152Z] [info] Usando GIT 2.25.1 desde git
[2022-10-26T23:54:44.204Z] > git rev-parse --show-toplevel [40ms]
[2022-10-26T23:54:44.211Z] > git rev-parse --git-dir --git-common-dir [0ms]
[2022-10-26T23:54:44.219Z] [info] Open repository: /home/lrb96
[2022-10-26T23:54:44.518Z] > git status -z -uall [289ms]
[2022-10-26T23:54:44.522Z] > git symbolic-ref --short HEAD [1ms]
[2022-10-26T23:54:44.526Z] > git for-each-ref --format=%(refname)%00%(upstream:short)%00%(objectname)%00%(upstream:track)%00%(upstream:remotename)%00%(upstream:remoteref) refs/heads/master refs/remotes/master [2ms]
[2022-10-26T23:54:44.533Z] > git remote --verbose [1ms]
[2022-10-26T23:54:44.534Z] > git for-each-ref --sort -committerdate --format %(refname) %(objectname) %(*objectname) [5ms]
[2022-10-26T23:54:44.614Z] > git config --get commit.template [0ms]
[2022-10-26T23:54:45.177Z] > git status -z -uall [558ms]
[2022-10-26T23:54:45.181Z] > git check-ignore -v -z --stdin [11ms]
[2022-10-26T23:54:45.182Z] > git symbolic-ref --short HEAD [1ms]
[2022-10-26T23:54:45.185Z] > git for-each-ref --format=%(refname)%00%(upstream:short)%00%(objectname)%00%(upstream:track)%00%(upstream:remotename)%00%(upstream:remoteref) refs/heads/master refs/remotes/master [0ms]
[2022-10-26T23:54:45.191Z] > git remote --verbose [1ms]
[2022-10-26T23:54:45.191Z] > git for-each-ref --sort -committerdate --format %(refname) %(objectname) %(*objectname) [3ms]
[2022-10-26T23:54:45.266Z] > git config --get commit.template [33ms]
[2022-10-26T23:54:45.702Z] > git fetch [1477ms]
[2022-10-26T23:54:45.702Z] Warning: Permanently added the ECDSA host key for IP address '140.82.112.4' to the list of known hosts.
[2022-10-26T23:54:45.782Z] > git status -z -uall [77ms]
[2022-10-26T23:54:45.786Z] > git symbolic-ref --short HEAD [1ms]
[2022-10-26T23:54:45.789Z] > git for-each-ref --format=%(refname)%00%(upstream:short)%00%(objectname)%00%(upstream:track)%00%(upstream:remotename)%00%(upstream:remoteref) refs/heads/master refs/remotes/master [0ms]
[2022-10-26T23:54:45.795Z] > git remote --verbose [1ms]
[2022-10-26T23:54:45.796Z] > git for-each-ref --sort -committerdate --format %(refname) %(objectname) %(*objectname) [4ms]
[2022-10-26T23:54:45.838Z] > git config --get commit.template [3ms]
[2022-10-26T23:54:49.371Z] > git status -z -uall [62ms]
[2022-10-26T23:54:49.374Z] > git symbolic-ref --short HEAD [0ms]
[2022-10-26T23:54:49.377Z] > git for-each-ref --format=%(refname)%00%(upstream:short)%00%(objectname)%00%(upstream:track)%00%(upstream:remotename)%00%(upstream:remoteref) refs/heads/master refs/remotes/master [0ms]
[2022-10-26T23:54:49.383Z] > git remote --verbose [1ms]
[2022-10-26T23:54:49.383Z] > git for-each-ref --sort -committerdate --format %(refname) %(objectname) %(*objectname) [3ms]
[2022-10-26T23:54:49.424Z] > git config --get commit.template [7ms]
[2022-10-26T23:54:50.771Z] > git show --textconv :python_pandas/python_pandas.py [14ms]
[2022-10-26T23:54:50.935Z] > git ls-files --stage -- /home/lrb96/python_pandas/python_pandas.py [172ms]
[2022-10-26T23:54:54.514Z] > git status -z -uall [68ms]
[2022-10-26T23:54:54.519Z] > git symbolic-ref --short HEAD [1ms]
[2022-10-26T23:54:54.522Z] > git for-each-ref --format=%(refname)%00%(upstream:short)%00%(objectname)%00%(upstream:track)%00%(upstream:remotename)%00%(upstream:remoteref) refs/heads/master refs/remotes/master [0ms]
[2022-10-26T23:54:54.531Z] > git remote --verbose [1ms]
[2022-10-26T23:54:54.531Z] > git for-each-ref --sort -committerdate --format %(refname) %(objectname) %(*objectname) [5ms]
[2022-10-26T23:54:54.590Z] > git config --get commit.template [1ms]
[2022-10-26T23:54:59.666Z] > git status -z -uall [71ms]
[2022-10-26T23:54:59.671Z] > git symbolic-ref --short HEAD [1ms]
[2022-10-26T23:54:59.675Z] > git for-each-ref --format=%(refname)%00%(upstream:short)%00%(objectname)%00%(upstream:track)%00%(upstream:remotename)%00%(upstream:remoteref) refs/heads/master refs/remotes/master [1ms]
[2022-10-26T23:54:59.682Z] > git remote --verbose [1ms]
[2022-10-26T23:54:59.682Z] > git for-each-ref --sort -committerdate --format %(refname) %(objectname) %(*objectname) [4ms]
[2022-10-26T23:54:59.723Z] > git config --get commit.template [0ms]
[2022-10-26T23:55:11.461Z] > git status -z -uall [71ms]
[2022-10-26T23:55:11.466Z] > git symbolic-ref --short HEAD [0ms]
[2022-10-26T23:55:11.471Z] > git for-each-ref --format=%(refname)%00%(upstream:short)%00%(objectname)%00%(upstream:track)%00%(upstream:remotename)%00%(upstream:remoteref) refs/heads/master refs/remotes/master [1ms]
[2022-10-26T23:55:11.478Z] > git for-each-ref --sort -committerdate --format %(refname) %(objectname) %(*objectname) [4ms]
[2022-10-26T23:55:11.478Z] > git remote --verbose [1ms]
[2022-10-26T23:55:11.517Z] > git config --get commit.template [1ms]
[2022-10-26T23:55:16.584Z] > git status -z -uall [62ms]
[2022-10-26T23:55:16.589Z] > git symbolic-ref --short HEAD [0ms]
[2022-10-26T23:55:16.594Z] > git for-each-ref --format=%(refname)%00%(upstream:short)%00%(objectname)%00%(upstream:track)%00%(upstream:remotename)%00%(upstream:remoteref) refs/heads/master refs/remotes/master [1ms]
[2022-10-26T23:55:16.602Z] > git remote --verbose [0ms]
[2022-10-26T23:55:16.603Z] > git for-each-ref --sort -committerdate --format %(refname) %(objectname) %(*objectname) [5ms]
[2022-10-26T23:55:16.645Z] > git config --get commit.template [6ms]
[2022-10-26T23:55:21.714Z] > git status -z -uall [61ms]
[2022-10-26T23:55:21.720Z] > git symbolic-ref --short HEAD [1ms]
[2022-10-26T23:55:21.725Z] > git for-each-ref --format=%(refname)%00%(upstream:short)%00%(objectname)%00%(upstream:track)%00%(upstream:remotename)%00%(upstream:remoteref) refs/heads/master refs/remotes/master [0ms]
[2022-10-26T23:55:21.734Z] > git remote --verbose [1ms]
[2022-10-26T23:55:21.734Z] > git for-each-ref --sort -committerdate --format %(refname) %(objectname) %(*objectname) [5ms]
[2022-10-26T23:55:21.779Z] > git config --get commit.template [4ms]
[2022-10-26T23:55:26.852Z] > git status -z -uall [67ms]
[2022-10-26T23:55:26.863Z] > git symbolic-ref --short HEAD [2ms]
[2022-10-26T23:55:26.872Z] > git for-each-ref --format=%(refname)%00%(upstream:short)%00%(objectname)%00%(upstream:track)%00%(upstream:remotename)%00%(upstream:remoteref) refs/heads/master refs/remotes/master [1ms]
[2022-10-26T23:55:26.885Z] > git remote --verbose [1ms]
[2022-10-26T23:55:26.885Z] > git for-each-ref --sort -committerdate --format %(refname) %(objectname) %(*objectname) [6ms]
[2022-10-26T23:55:26.938Z] > git config --get commit.template [0ms]
[2022-10-26T23:55:57.108Z] > git status -z -uall [67ms]
[2022-10-26T23:55:57.112Z] > git symbolic-ref --short HEAD [1ms]
[2022-10-26T23:55:57.116Z] > git for-each-ref --format=%(refname)%00%(upstream:short)%00%(objectname)%00%(upstream:track)%00%(upstream:remotename)%00%(upstream:remoteref) refs/heads/master refs/remotes/master [0ms]
[2022-10-26T23:55:57.122Z] > git remote --verbose [1ms]
[2022-10-26T23:55:57.122Z] > git for-each-ref --sort -committerdate --format %(refname) %(objectname) %(*objectname) [3ms]
[2022-10-26T23:55:57.174Z] > git config --get commit.template [2ms]
[2022-10-26T23:56:02.242Z] > git status -z -uall [63ms]
[2022-10-26T23:56:02.246Z] > git symbolic-ref --short HEAD [1ms]
[2022-10-26T23:56:02.250Z] > git for-each-ref --format=%(refname)%00%(upstream:short)%00%(objectname)%00%(upstream:track)%00%(upstream:remotename)%00%(upstream:remoteref) refs/heads/master refs/remotes/master [1ms]
[2022-10-26T23:56:02.257Z] > git remote --verbose [1ms]
[2022-10-26T23:56:02.257Z] > git for-each-ref --sort -committerdate --format %(refname) %(objectname) %(*objectname) [3ms]
[2022-10-26T23:56:02.305Z] > git config --get commit.template [6ms]
[2022-10-26T23:56:09.837Z] > git status -z -uall [62ms]
[2022-10-26T23:56:09.841Z] > git symbolic-ref --short HEAD [0ms]
[2022-10-26T23:56:09.845Z] > git for-each-ref --format=%(refname)%00%(upstream:short)%00%(objectname)%00%(upstream:track)%00%(upstream:remotename)%00%(upstream:remoteref) refs/heads/master refs/remotes/master [0ms]
[2022-10-26T23:56:09.852Z] > git remote --verbose [0ms]
[2022-10-26T23:56:09.852Z] > git for-each-ref --sort -committerdate --format %(refname) %(objectname) %(*objectname) [3ms]
[2022-10-26T23:56:09.895Z] > git config --get commit.template [6ms]
[2022-10-26T23:58:46.332Z] > git status -z -uall [71ms]
[2022-10-26T23:58:46.335Z] > git symbolic-ref --short HEAD [0ms]
[2022-10-26T23:58:46.339Z] > git for-each-ref --format=%(refname)%00%(upstream:short)%00%(objectname)%00%(upstream:track)%00%(upstream:remotename)%00%(upstream:remoteref) refs/heads/master refs/remotes/master [1ms]
[2022-10-26T23:58:46.346Z] > git remote --verbose [1ms]
[2022-10-26T23:58:46.346Z] > git for-each-ref --sort -committerdate --format %(refname) %(objectname) %(*objectname) [3ms]
[2022-10-26T23:58:46.392Z] > git config --get commit.template [0ms]
[2022-10-26T23:58:47.491Z] > git fetch [1237ms]
[2022-10-26T23:58:47.558Z] > git status -z -uall [63ms]
[2022-10-26T23:58:47.561Z] > git symbolic-ref --short HEAD [0ms]
[2022-10-26T23:58:47.565Z] > git for-each-ref --format=%(refname)%00%(upstream:short)%00%(objectname)%00%(upstream:track)%00%(upstream:remotename)%00%(upstream:remoteref) refs/heads/master refs/remotes/master [1ms]
[2022-10-26T23:58:47.571Z] > git remote --verbose [1ms]
[2022-10-26T23:58:47.571Z] > git for-each-ref --sort -committerdate --format %(refname) %(objectname) %(*objectname) [3ms]
[2022-10-26T23:58:47.614Z] > git config --get commit.template [4ms]
[2022-10-26T23:59:22.170Z] > git ls-files --stage -- /home/lrb96/python_pandas/python_pandas.py [4ms]
[2022-10-26T23:59:22.175Z] > git cat-file -s ffd919bcfb1b1138710a3c20396ab26821b6ffa4 [1ms]
[2022-10-26T23:59:22.188Z] > git show --textconv :python_pandas/python_pandas.py [4ms]
[2022-10-26T23:59:22.230Z] > git status -z -uall [76ms]
[2022-10-26T23:59:22.234Z] > git symbolic-ref --short HEAD [1ms]
[2022-10-26T23:59:22.238Z] > git for-each-ref --format=%(refname)%00%(upstream:short)%00%(objectname)%00%(upstream:track)%00%(upstream:remotename)%00%(upstream:remoteref) refs/heads/master refs/remotes/master [1ms]
[2022-10-26T23:59:22.245Z] > git remote --verbose [1ms]
[2022-10-26T23:59:22.245Z] > git for-each-ref --sort -committerdate --format %(refname) %(objectname) %(*objectname) [4ms]
[2022-10-26T23:59:22.277Z] > git config --get commit.template [2ms]
