LSP Notebooks experiment is enabled
LSP Notebooks interactive window support is enabled
> conda info --json
> ~/fastapi_python/main.py ~/.vscode-server/extensions/ms-python.python-2022.16.1/pythonFiles/get_output_via_markers.py ~/.vscode-server/extensions/ms-python.python-2022.16.1/pythonFiles/interpreterInfo.py
[ERROR 2022-9-26 18:54:51.7]: [Error: Command failed: /home/lrb96/fastapi_python/main.py /home/lrb96/.vscode-server/extensions/ms-python.python-2022.16.1/pythonFiles/get_output_via_markers.py /home/lrb96/.vscode-server/extensions/ms-python.python-2022.16.1/pythonFiles/interpreterInfo.py
/bin/sh: 1: /home/lrb96/fastapi_python/main.py: not found

	at ChildProcess.exithandler (node:child_process:399:12)
	at ChildProcess.emit (node:events:526:28)
	at maybeClose (node:internal/child_process:1092:16)
	at Socket.<anonymous> (node:internal/child_process:451:11)
	at Socket.emit (node:events:526:28)
	at Pipe.<anonymous> (node:net:687:12)] {
  killed: false,
  code: 127,
  signal: null,
  cmd: '/home/lrb96/fastapi_python/main.py /home/lrb96/.vscode-server/extensions/ms-python.python-2022.16.1/pythonFiles/get_output_via_markers.py /home/lrb96/.vscode-server/extensions/ms-python.python-2022.16.1/pythonFiles/interpreterInfo.py'
}
> /bin/python3 ~/.vscode-server/extensions/ms-python.python-2022.16.1/pythonFiles/get_output_via_markers.py ~/.vscode-server/extensions/ms-python.python-2022.16.1/pythonFiles/interpreterInfo.py
> /bin/python3.9 ~/.vscode-server/extensions/ms-python.python-2022.16.1/pythonFiles/get_output_via_markers.py ~/.vscode-server/extensions/ms-python.python-2022.16.1/pythonFiles/interpreterInfo.py
> /usr/bin/python3 ~/.vscode-server/extensions/ms-python.python-2022.16.1/pythonFiles/get_output_via_markers.py ~/.vscode-server/extensions/ms-python.python-2022.16.1/pythonFiles/interpreterInfo.py
> /usr/bin/python3.9 ~/.vscode-server/extensions/ms-python.python-2022.16.1/pythonFiles/get_output_via_markers.py ~/.vscode-server/extensions/ms-python.python-2022.16.1/pythonFiles/interpreterInfo.py
Iniciando el servidor de lenguaje Pylance.
Ruta de acceso del intérprete de Python: /usr/bin/python3.9
