[Info  - 6:54:51 PM] (309) Pylance language server 2022.10.30 (pyright 50e12b4b) starting
[Info  - 6:54:51 PM] (309) Server root directory: /home/lrb96/.vscode-server/extensions/ms-python.vscode-pylance-2022.10.30/dist
[Info  - 6:54:51 PM] (309) Starting service instance "python_pandas"
[Info  - 6:54:51 PM] (309) Notebook support: LSP
[Info  - 6:54:51 PM] (309) Interactive window support: LSP
[Info  - 6:54:51 PM] (309) No configuration file found.
[Info  - 6:54:51 PM] (309) No pyproject.toml file found.
[Info  - 6:54:51 PM] (309) Setting pythonPath for service "python_pandas": "/home/lrb96/fastapi_python/main.py"
[Warn  - 6:54:51 PM] (309) stubPath /home/lrb96/python_pandas/typings is not a valid directory.
[Info  - 6:54:51 PM] (309) Unable to get Python version from interpreter
[Info  - 6:54:51 PM] (309) Assuming Python platform Linux
[Info  - 6:54:51 PM] (309) Searching for source files
[Info  - 6:54:51 PM] (309) Found 1 source file
[Info  - 6:54:51 PM] (309) Background analysis(1) root directory: /home/lrb96/.vscode-server/extensions/ms-python.vscode-pylance-2022.10.30/dist
[Info  - 6:54:51 PM] (309) Background analysis(1) started
[Info  - 6:54:51 PM] (309) Indexer background runner(2) root directory: /home/lrb96/.vscode-server/extensions/ms-python.vscode-pylance-2022.10.30/dist (index)
[Info  - 6:54:51 PM] (309) Indexing(2) started
[Info  - 6:54:52 PM] (309) Indexer done(2). indexed 445 files
[Info  - 6:56:05 PM] (309) No configuration file found.
[Info  - 6:56:05 PM] (309) No pyproject.toml file found.
[Info  - 6:56:05 PM] (309) Setting pythonPath for service "python_pandas": "/usr/bin/python3.9"
[Warn  - 6:56:05 PM] (309) stubPath /home/lrb96/python_pandas/typings is not a valid directory.
[Info  - 6:56:05 PM] (309) Assuming Python version 3.9
[Info  - 6:56:05 PM] (309) Assuming Python platform Linux
[Info  - 6:56:05 PM] (309) Searching for source files
[Info  - 6:56:05 PM] (309) Found 1 source file
[Info  - 6:56:05 PM] (309) Indexer background runner(3) root directory: /home/lrb96/.vscode-server/extensions/ms-python.vscode-pylance-2022.10.30/dist (index)
[Info  - 6:56:05 PM] (309) Indexing(3) started
[Info  - 6:56:06 PM] (309) Indexer done(3). indexed 480 files
