[2022-10-21T14:55:50.798Z] Nivel de registro: Info
[2022-10-21T14:55:50.804Z] [info] La validación encontró Git en: git
[2022-10-21T14:55:51.051Z] [info] Usando GIT 2.25.1 desde git
[2022-10-21T14:55:51.146Z] > git rev-parse --show-toplevel [78ms]
[2022-10-21T14:55:51.167Z] > git rev-parse --git-dir --git-common-dir [14ms]
[2022-10-21T14:55:51.171Z] [info] Open repository: /home/lrb96
[2022-10-21T14:55:51.193Z] > git rev-parse --show-toplevel [5ms]
[2022-10-21T14:55:51.202Z] > git rev-parse --show-toplevel [3ms]
[2022-10-21T14:55:51.210Z] > git rev-parse --show-toplevel [2ms]
[2022-10-21T14:55:51.221Z] > git rev-parse --show-toplevel [4ms]
[2022-10-21T14:55:51.232Z] > git rev-parse --show-toplevel [3ms]
[2022-10-21T14:55:51.246Z] > git rev-parse --show-toplevel [4ms]
[2022-10-21T14:55:51.721Z] > git status -z -uall [538ms]
[2022-10-21T14:55:51.728Z] > git show --textconv :ejercicios_python/listas_tuplas/ejercicio7.py [72ms]
[2022-10-21T14:55:51.732Z] > git ls-files --stage -- /home/lrb96/ejercicios_python/listas_tuplas/ejercicio7.py [68ms]
[2022-10-21T14:55:51.764Z] > git symbolic-ref --short HEAD [36ms]
[2022-10-21T14:55:51.801Z] > git for-each-ref --format=%(refname)%00%(upstream:short)%00%(objectname)%00%(upstream:track)%00%(upstream:remotename)%00%(upstream:remoteref) refs/heads/master refs/remotes/master [31ms]
[2022-10-21T14:55:51.843Z] > git check-ignore -v -z --stdin [60ms]
[2022-10-21T14:55:51.844Z] > git remote --verbose [26ms]
[2022-10-21T14:55:51.845Z] > git for-each-ref --sort -committerdate --format %(refname) %(objectname) %(*objectname) [34ms]
[2022-10-21T14:55:51.881Z] > git config --get commit.template [14ms]
[2022-10-21T14:55:51.992Z] > git status -z -uall [101ms]
[2022-10-21T14:55:52.002Z] > git symbolic-ref --short HEAD [1ms]
[2022-10-21T14:55:52.014Z] > git for-each-ref --format=%(refname)%00%(upstream:short)%00%(objectname)%00%(upstream:track)%00%(upstream:remotename)%00%(upstream:remoteref) refs/heads/master refs/remotes/master [1ms]
[2022-10-21T14:55:52.046Z] > git for-each-ref --sort -committerdate --format %(refname) %(objectname) %(*objectname) [24ms]
[2022-10-21T14:55:52.053Z] > git remote --verbose [21ms]
[2022-10-21T14:55:52.066Z] > git config --get commit.template [3ms]
[2022-10-21T14:55:52.577Z] > git fetch [1399ms]
[2022-10-21T14:55:52.677Z] > git status -z -uall [91ms]
[2022-10-21T14:55:52.686Z] > git symbolic-ref --short HEAD [0ms]
[2022-10-21T14:55:52.695Z] > git for-each-ref --format=%(refname)%00%(upstream:short)%00%(objectname)%00%(upstream:track)%00%(upstream:remotename)%00%(upstream:remoteref) refs/heads/master refs/remotes/master [1ms]
[2022-10-21T14:55:52.712Z] > git remote --verbose [1ms]
[2022-10-21T14:55:52.713Z] > git for-each-ref --sort -committerdate --format %(refname) %(objectname) %(*objectname) [9ms]
[2022-10-21T14:55:52.732Z] > git config --get commit.template [4ms]
[2022-10-21T14:55:54.964Z] > git ls-files --stage -- /home/lrb96/ejercicios_python/listas_tuplas/ejercicio7.py [4ms]
[2022-10-21T14:55:55.012Z] > git status -z -uall [66ms]
[2022-10-21T14:55:55.024Z] > git symbolic-ref --short HEAD [7ms]
[2022-10-21T14:55:55.031Z] > git show --textconv :ejercicios_python/listas_tuplas/ejercicio7.py [8ms]
[2022-10-21T14:55:55.032Z] > git for-each-ref --format=%(refname)%00%(upstream:short)%00%(objectname)%00%(upstream:track)%00%(upstream:remotename)%00%(upstream:remoteref) refs/heads/master refs/remotes/master [1ms]
[2022-10-21T14:55:55.043Z] > git remote --verbose [1ms]
[2022-10-21T14:55:55.043Z] > git for-each-ref --sort -committerdate --format %(refname) %(objectname) %(*objectname) [6ms]
[2022-10-21T14:55:55.054Z] > git config --get commit.template [2ms]
[2022-10-21T14:55:56.947Z] > git show --textconv :ejercicios_python/listas_tuplas/ejercicio6.py [9ms]
[2022-10-21T14:55:56.949Z] > git ls-files --stage -- /home/lrb96/ejercicios_python/listas_tuplas/ejercicio6.py [4ms]
[2022-10-21T14:55:58.795Z] > git show --textconv :ejercicios_python/listas_tuplas/ejercicio1.py [9ms]
[2022-10-21T14:55:58.798Z] > git ls-files --stage -- /home/lrb96/ejercicios_python/listas_tuplas/ejercicio1.py [4ms]
[2022-10-21T14:55:58.806Z] > git cat-file -s d9252a08c003dc75a992291b4db0a6c779cdbf2a [1ms]
[2022-10-21T14:56:00.022Z] > git show --textconv :ejercicios_python/listas_tuplas/ejercicio2.py [12ms]
[2022-10-21T14:56:00.024Z] > git ls-files --stage -- /home/lrb96/ejercicios_python/listas_tuplas/ejercicio2.py [5ms]
[2022-10-21T14:56:00.033Z] > git cat-file -s e69de29bb2d1d6434b8b29ae775ad8c2e48c5391 [1ms]
[2022-10-21T14:56:00.861Z] > git show --textconv :ejercicios_python/listas_tuplas/ejercicio3.py [9ms]
[2022-10-21T14:56:00.864Z] > git ls-files --stage -- /home/lrb96/ejercicios_python/listas_tuplas/ejercicio3.py [4ms]
[2022-10-21T14:56:00.872Z] > git cat-file -s e69de29bb2d1d6434b8b29ae775ad8c2e48c5391 [1ms]
[2022-10-21T14:56:01.816Z] > git show --textconv :ejercicios_python/listas_tuplas/ejercicio4.py [7ms]
[2022-10-21T14:56:01.821Z] > git ls-files --stage -- /home/lrb96/ejercicios_python/listas_tuplas/ejercicio4.py [4ms]
[2022-10-21T14:56:01.827Z] > git cat-file -s e69de29bb2d1d6434b8b29ae775ad8c2e48c5391 [1ms]
[2022-10-21T14:56:03.992Z] > git status -z -uall [83ms]
[2022-10-21T14:56:03.998Z] > git symbolic-ref --short HEAD [0ms]
[2022-10-21T14:56:04.005Z] > git for-each-ref --format=%(refname)%00%(upstream:short)%00%(objectname)%00%(upstream:track)%00%(upstream:remotename)%00%(upstream:remoteref) refs/heads/master refs/remotes/master [1ms]
[2022-10-21T14:56:04.016Z] > git remote --verbose [1ms]
[2022-10-21T14:56:04.016Z] > git for-each-ref --sort -committerdate --format %(refname) %(objectname) %(*objectname) [6ms]
[2022-10-21T14:56:04.087Z] > git config --get commit.template [1ms]
[2022-10-21T14:56:05.168Z] > git show --textconv :ejercicios_python/listas_tuplas/ejercicio5.py [5ms]
[2022-10-21T14:56:05.171Z] > git ls-files --stage -- /home/lrb96/ejercicios_python/listas_tuplas/ejercicio5.py [3ms]
[2022-10-21T14:56:05.176Z] > git cat-file -s e69de29bb2d1d6434b8b29ae775ad8c2e48c5391 [1ms]
[2022-10-21T14:56:06.341Z] > git show --textconv :ejercicios_python/listas_tuplas/ejercicio7.py [5ms]
[2022-10-21T14:56:06.344Z] > git ls-files --stage -- /home/lrb96/ejercicios_python/listas_tuplas/ejercicio7.py [3ms]
[2022-10-21T14:56:07.444Z] > git show --textconv :ejercicios_python/listas_tuplas/ejercicio5.py [5ms]
[2022-10-21T14:56:07.447Z] > git ls-files --stage -- /home/lrb96/ejercicios_python/listas_tuplas/ejercicio5.py [4ms]
[2022-10-21T14:56:07.452Z] > git cat-file -s e69de29bb2d1d6434b8b29ae775ad8c2e48c5391 [1ms]
[2022-10-21T14:56:08.479Z] > git show --textconv :ejercicios_python/listas_tuplas/ejercicio6.py [5ms]
[2022-10-21T14:56:08.482Z] > git ls-files --stage -- /home/lrb96/ejercicios_python/listas_tuplas/ejercicio6.py [3ms]
[2022-10-21T14:56:10.315Z] > git show --textconv :ejercicios_python/listas_tuplas/ejercicio1.py [5ms]
[2022-10-21T14:56:10.318Z] > git ls-files --stage -- /home/lrb96/ejercicios_python/listas_tuplas/ejercicio1.py [3ms]
[2022-10-21T14:56:10.322Z] > git cat-file -s d9252a08c003dc75a992291b4db0a6c779cdbf2a [0ms]
[2022-10-21T14:56:11.980Z] > git status -z -uall [74ms]
[2022-10-21T14:56:11.985Z] > git symbolic-ref --short HEAD [1ms]
[2022-10-21T14:56:11.989Z] > git for-each-ref --format=%(refname)%00%(upstream:short)%00%(objectname)%00%(upstream:track)%00%(upstream:remotename)%00%(upstream:remoteref) refs/heads/master refs/remotes/master [0ms]
[2022-10-21T14:56:11.999Z] > git for-each-ref --sort -committerdate --format %(refname) %(objectname) %(*objectname) [6ms]
[2022-10-21T14:56:11.999Z] > git remote --verbose [2ms]
[2022-10-21T14:56:12.051Z] > git config --get commit.template [0ms]
