[2022-10-21T14:56:18.015Z] Nivel de registro: Info
[2022-10-21T14:56:18.020Z] [info] La validación encontró Git en: git
[2022-10-21T14:56:18.305Z] [info] Usando GIT 2.25.1 desde git
[2022-10-21T14:56:18.366Z] > git rev-parse --show-toplevel [48ms]
[2022-10-21T14:56:18.406Z] > git rev-parse --git-dir --git-common-dir [31ms]
[2022-10-21T14:56:18.410Z] [info] Open repository: /home/lrb96
[2022-10-21T14:56:18.433Z] > git rev-parse --show-toplevel [6ms]
[2022-10-21T14:56:18.442Z] > git rev-parse --show-toplevel [2ms]
[2022-10-21T14:56:18.451Z] > git rev-parse --show-toplevel [2ms]
[2022-10-21T14:56:18.457Z] > git rev-parse --show-toplevel [0ms]
[2022-10-21T14:56:18.465Z] > git rev-parse --show-toplevel [1ms]
[2022-10-21T14:56:18.474Z] > git rev-parse --show-toplevel [2ms]
[2022-10-21T14:56:18.520Z] > git status -z -uall [102ms]
[2022-10-21T14:56:18.530Z] > git symbolic-ref --short HEAD [2ms]
[2022-10-21T14:56:18.540Z] > git for-each-ref --format=%(refname)%00%(upstream:short)%00%(objectname)%00%(upstream:track)%00%(upstream:remotename)%00%(upstream:remoteref) refs/heads/master refs/remotes/master [5ms]
[2022-10-21T14:56:18.559Z] > git remote --verbose [1ms]
[2022-10-21T14:56:18.560Z] > git for-each-ref --sort -committerdate --format %(refname) %(objectname) %(*objectname) [13ms]
[2022-10-21T14:56:19.172Z] > git config --get commit.template [517ms]
[2022-10-21T14:56:19.202Z] > git check-ignore -v -z --stdin [10ms]
[2022-10-21T14:56:19.304Z] > git status -z -uall [122ms]
[2022-10-21T14:56:19.314Z] > git symbolic-ref --short HEAD [1ms]
[2022-10-21T14:56:19.323Z] > git for-each-ref --format=%(refname)%00%(upstream:short)%00%(objectname)%00%(upstream:track)%00%(upstream:remotename)%00%(upstream:remoteref) refs/heads/master refs/remotes/master [1ms]
[2022-10-21T14:56:19.373Z] > git show --textconv :ejercicios_python/listas_tuplas/ejercicio1.py [15ms]
[2022-10-21T14:56:19.373Z] > git remote --verbose [32ms]
[2022-10-21T14:56:19.374Z] > git for-each-ref --sort -committerdate --format %(refname) %(objectname) %(*objectname) [40ms]
[2022-10-21T14:56:19.456Z] > git ls-files --stage -- /home/lrb96/ejercicios_python/listas_tuplas/ejercicio1.py [92ms]
[2022-10-21T14:56:19.465Z] > git cat-file -s d9252a08c003dc75a992291b4db0a6c779cdbf2a [4ms]
[2022-10-21T14:56:19.466Z] > git config --get commit.template [17ms]
[2022-10-21T14:56:20.679Z] > git fetch [1208ms]
[2022-10-21T14:56:20.780Z] > git status -z -uall [94ms]
[2022-10-21T14:56:20.786Z] > git symbolic-ref --short HEAD [1ms]
[2022-10-21T14:56:20.794Z] > git for-each-ref --format=%(refname)%00%(upstream:short)%00%(objectname)%00%(upstream:track)%00%(upstream:remotename)%00%(upstream:remoteref) refs/heads/master refs/remotes/master [1ms]
[2022-10-21T14:56:20.804Z] > git remote --verbose [1ms]
[2022-10-21T14:56:20.804Z] > git for-each-ref --sort -committerdate --format %(refname) %(objectname) %(*objectname) [6ms]
[2022-10-21T14:56:20.871Z] > git config --get commit.template [3ms]
[2022-10-21T14:56:21.754Z] > git ls-files --stage -- /home/lrb96/ejercicios_python/listas_tuplas/ejercicio1.py [4ms]
[2022-10-21T14:56:21.759Z] > git cat-file -s d9252a08c003dc75a992291b4db0a6c779cdbf2a [1ms]
[2022-10-21T14:56:21.772Z] > git show --textconv :ejercicios_python/listas_tuplas/ejercicio1.py [4ms]
[2022-10-21T14:56:23.506Z] > git status -z -uall [76ms]
[2022-10-21T14:56:23.512Z] > git symbolic-ref --short HEAD [0ms]
[2022-10-21T14:56:23.519Z] > git for-each-ref --format=%(refname)%00%(upstream:short)%00%(objectname)%00%(upstream:track)%00%(upstream:remotename)%00%(upstream:remoteref) refs/heads/master refs/remotes/master [0ms]
[2022-10-21T14:56:23.531Z] > git remote --verbose [1ms]
[2022-10-21T14:56:23.531Z] > git for-each-ref --sort -committerdate --format %(refname) %(objectname) %(*objectname) [6ms]
[2022-10-21T14:56:23.599Z] > git config --get commit.template [16ms]
[2022-10-21T14:56:24.119Z] > git check-ignore -v -z --stdin [17ms]
[2022-10-21T15:17:23.855Z] > git status -z -uall [80ms]
[2022-10-21T15:17:23.859Z] > git symbolic-ref --short HEAD [1ms]
[2022-10-21T15:17:23.863Z] > git for-each-ref --format=%(refname)%00%(upstream:short)%00%(objectname)%00%(upstream:track)%00%(upstream:remotename)%00%(upstream:remoteref) refs/heads/master refs/remotes/master [2ms]
[2022-10-21T15:17:23.868Z] > git remote --verbose [0ms]
[2022-10-21T15:17:23.869Z] > git for-each-ref --sort -committerdate --format %(refname) %(objectname) %(*objectname) [4ms]
[2022-10-21T15:17:23.931Z] > git config --get commit.template [2ms]
[2022-10-21T15:17:24.955Z] > git fetch [1185ms]
[2022-10-21T15:17:25.034Z] > git status -z -uall [75ms]
[2022-10-21T15:17:25.040Z] > git symbolic-ref --short HEAD [1ms]
[2022-10-21T15:17:25.046Z] > git for-each-ref --format=%(refname)%00%(upstream:short)%00%(objectname)%00%(upstream:track)%00%(upstream:remotename)%00%(upstream:remoteref) refs/heads/master refs/remotes/master [1ms]
[2022-10-21T15:17:25.058Z] > git remote --verbose [2ms]
[2022-10-21T15:17:25.058Z] > git for-each-ref --sort -committerdate --format %(refname) %(objectname) %(*objectname) [7ms]
[2022-10-21T15:17:25.127Z] > git config --get commit.template [0ms]
[2022-10-21T15:17:26.036Z] > git ls-files --stage -- /home/lrb96/ejercicios_python/listas_tuplas/ejercicio1.py [4ms]
[2022-10-21T15:17:26.041Z] > git cat-file -s d9252a08c003dc75a992291b4db0a6c779cdbf2a [0ms]
[2022-10-21T15:17:26.054Z] > git show --textconv :ejercicios_python/listas_tuplas/ejercicio1.py [4ms]
[2022-10-21T15:17:26.303Z] > git check-ignore -v -z --stdin [8ms]
[2022-10-21T15:17:29.025Z] > git status -z -uall [87ms]
[2022-10-21T15:17:29.033Z] > git symbolic-ref --short HEAD [2ms]
[2022-10-21T15:17:29.040Z] > git for-each-ref --format=%(refname)%00%(upstream:short)%00%(objectname)%00%(upstream:track)%00%(upstream:remotename)%00%(upstream:remoteref) refs/heads/master refs/remotes/master [1ms]
[2022-10-21T15:17:29.053Z] > git remote --verbose [1ms]
[2022-10-21T15:17:29.053Z] > git for-each-ref --sort -committerdate --format %(refname) %(objectname) %(*objectname) [7ms]
[2022-10-21T15:17:29.120Z] > git config --get commit.template [1ms]
[2022-10-21T15:17:29.867Z] > git show --textconv :ejercicios_python/listas_tuplas/ejercicio3.py [5ms]
[2022-10-21T15:17:29.870Z] > git ls-files --stage -- /home/lrb96/ejercicios_python/listas_tuplas/ejercicio3.py [3ms]
[2022-10-21T15:17:29.875Z] > git cat-file -s e69de29bb2d1d6434b8b29ae775ad8c2e48c5391 [1ms]
[2022-10-21T15:17:30.613Z] > git show --textconv :ejercicios_python/listas_tuplas/ejercicio4.py [5ms]
[2022-10-21T15:17:30.616Z] > git ls-files --stage -- /home/lrb96/ejercicios_python/listas_tuplas/ejercicio4.py [3ms]
[2022-10-21T15:17:30.620Z] > git cat-file -s e69de29bb2d1d6434b8b29ae775ad8c2e48c5391 [0ms]
[2022-10-21T15:17:31.029Z] > git show --textconv :ejercicios_python/listas_tuplas/ejercicio5.py [20ms]
[2022-10-21T15:17:31.029Z] > git ls-files --stage -- /home/lrb96/ejercicios_python/listas_tuplas/ejercicio5.py [14ms]
[2022-10-21T15:17:31.035Z] > git cat-file -s e69de29bb2d1d6434b8b29ae775ad8c2e48c5391 [2ms]
[2022-10-21T15:17:31.579Z] > git show --textconv :ejercicios_python/listas_tuplas/ejercicio6.py [5ms]
[2022-10-21T15:17:31.581Z] > git ls-files --stage -- /home/lrb96/ejercicios_python/listas_tuplas/ejercicio6.py [3ms]
[2022-10-21T15:17:32.991Z] > git show --textconv :ejercicios_python/listas_tuplas/ejercicio5.py [5ms]
[2022-10-21T15:17:32.994Z] > git ls-files --stage -- /home/lrb96/ejercicios_python/listas_tuplas/ejercicio5.py [4ms]
[2022-10-21T15:17:32.998Z] > git cat-file -s e69de29bb2d1d6434b8b29ae775ad8c2e48c5391 [0ms]
[2022-10-21T15:17:35.730Z] > git show --textconv :ejercicios_python/listas_tuplas/ejercicio1.py [5ms]
[2022-10-21T15:17:35.733Z] > git ls-files --stage -- /home/lrb96/ejercicios_python/listas_tuplas/ejercicio1.py [4ms]
[2022-10-21T15:17:35.737Z] > git cat-file -s d9252a08c003dc75a992291b4db0a6c779cdbf2a [0ms]
[2022-10-21T15:17:38.710Z] > git status -z -uall [69ms]
[2022-10-21T15:17:38.715Z] > git symbolic-ref --short HEAD [1ms]
[2022-10-21T15:17:38.719Z] > git for-each-ref --format=%(refname)%00%(upstream:short)%00%(objectname)%00%(upstream:track)%00%(upstream:remotename)%00%(upstream:remoteref) refs/heads/master refs/remotes/master [1ms]
[2022-10-21T15:17:38.726Z] > git remote --verbose [1ms]
[2022-10-21T15:17:38.726Z] > git for-each-ref --sort -committerdate --format %(refname) %(objectname) %(*objectname) [3ms]
[2022-10-21T15:17:38.775Z] > git config --get commit.template [0ms]
[2022-10-21T15:17:39.976Z] > git show --textconv :ejercicios_python/listas_tuplas/ejercicio2.py [5ms]
[2022-10-21T15:17:39.979Z] > git ls-files --stage -- /home/lrb96/ejercicios_python/listas_tuplas/ejercicio2.py [3ms]
[2022-10-21T15:17:39.984Z] > git cat-file -s e69de29bb2d1d6434b8b29ae775ad8c2e48c5391 [1ms]
[2022-10-21T15:17:40.517Z] > git show --textconv :ejercicios_python/listas_tuplas/ejercicio1.py [5ms]
[2022-10-21T15:17:40.520Z] > git ls-files --stage -- /home/lrb96/ejercicios_python/listas_tuplas/ejercicio1.py [3ms]
[2022-10-21T15:17:40.525Z] > git cat-file -s d9252a08c003dc75a992291b4db0a6c779cdbf2a [0ms]
[2022-10-21T15:17:41.680Z] > git show --textconv :ejercicios_python/listas_tuplas/ejercicio2.py [5ms]
[2022-10-21T15:17:41.683Z] > git ls-files --stage -- /home/lrb96/ejercicios_python/listas_tuplas/ejercicio2.py [3ms]
[2022-10-21T15:17:41.688Z] > git cat-file -s e69de29bb2d1d6434b8b29ae775ad8c2e48c5391 [1ms]
[2022-10-21T15:17:43.850Z] > git status -z -uall [69ms]
[2022-10-21T15:17:43.855Z] > git symbolic-ref --short HEAD [1ms]
[2022-10-21T15:17:43.859Z] > git for-each-ref --format=%(refname)%00%(upstream:short)%00%(objectname)%00%(upstream:track)%00%(upstream:remotename)%00%(upstream:remoteref) refs/heads/master refs/remotes/master [1ms]
[2022-10-21T15:17:43.866Z] > git remote --verbose [1ms]
[2022-10-21T15:17:43.866Z] > git for-each-ref --sort -committerdate --format %(refname) %(objectname) %(*objectname) [4ms]
[2022-10-21T15:17:43.916Z] > git config --get commit.template [0ms]
[2022-10-21T15:18:00.486Z] > git status -z -uall [77ms]
[2022-10-21T15:18:00.491Z] > git symbolic-ref --short HEAD [1ms]
[2022-10-21T15:18:00.496Z] > git for-each-ref --format=%(refname)%00%(upstream:short)%00%(objectname)%00%(upstream:track)%00%(upstream:remotename)%00%(upstream:remoteref) refs/heads/master refs/remotes/master [1ms]
[2022-10-21T15:18:00.503Z] > git remote --verbose [0ms]
[2022-10-21T15:18:00.504Z] > git for-each-ref --sort -committerdate --format %(refname) %(objectname) %(*objectname) [5ms]
[2022-10-21T15:18:00.554Z] > git config --get commit.template [1ms]
[2022-10-21T15:18:05.628Z] > git status -z -uall [68ms]
[2022-10-21T15:18:05.633Z] > git symbolic-ref --short HEAD [1ms]
[2022-10-21T15:18:05.638Z] > git for-each-ref --format=%(refname)%00%(upstream:short)%00%(objectname)%00%(upstream:track)%00%(upstream:remotename)%00%(upstream:remoteref) refs/heads/master refs/remotes/master [1ms]
[2022-10-21T15:18:05.645Z] > git remote --verbose [0ms]
[2022-10-21T15:18:05.645Z] > git for-each-ref --sort -committerdate --format %(refname) %(objectname) %(*objectname) [4ms]
[2022-10-21T15:18:05.700Z] > git config --get commit.template [1ms]
[2022-10-21T15:43:16.909Z] > git status -z -uall [76ms]
[2022-10-21T15:43:16.914Z] > git symbolic-ref --short HEAD [1ms]
[2022-10-21T15:43:16.918Z] > git for-each-ref --format=%(refname)%00%(upstream:short)%00%(objectname)%00%(upstream:track)%00%(upstream:remotename)%00%(upstream:remoteref) refs/heads/master refs/remotes/master [1ms]
[2022-10-21T15:43:16.926Z] > git remote --verbose [1ms]
[2022-10-21T15:43:16.926Z] > git for-each-ref --sort -committerdate --format %(refname) %(objectname) %(*objectname) [5ms]
[2022-10-21T15:43:16.991Z] > git config --get commit.template [1ms]
[2022-10-21T15:43:18.018Z] > git fetch [1188ms]
[2022-10-21T15:43:18.092Z] > git status -z -uall [71ms]
[2022-10-21T15:43:18.096Z] > git symbolic-ref --short HEAD [0ms]
[2022-10-21T15:43:18.100Z] > git for-each-ref --format=%(refname)%00%(upstream:short)%00%(objectname)%00%(upstream:track)%00%(upstream:remotename)%00%(upstream:remoteref) refs/heads/master refs/remotes/master [0ms]
[2022-10-21T15:43:18.107Z] > git remote --verbose [1ms]
[2022-10-21T15:43:18.107Z] > git for-each-ref --sort -committerdate --format %(refname) %(objectname) %(*objectname) [4ms]
[2022-10-21T15:43:18.162Z] > git config --get commit.template [1ms]
