[2022-10-27T23:46:09.531Z] Nivel de registro: Info
[2022-10-27T23:46:09.539Z] [info] La validación encontró Git en: git
[2022-10-27T23:46:09.576Z] [info] Usando GIT 2.25.1 desde git
[2022-10-27T23:46:09.858Z] > git rev-parse --show-toplevel [270ms]
[2022-10-27T23:46:09.881Z] > git rev-parse --git-dir --git-common-dir [14ms]
[2022-10-27T23:46:09.891Z] [info] Open repository: /home/lrb96
[2022-10-27T23:46:10.541Z] > git check-ignore -v -z --stdin [11ms]
[2022-10-27T23:46:10.942Z] > git status -z -uall [1039ms]
[2022-10-27T23:46:10.956Z] > git symbolic-ref --short HEAD [9ms]
[2022-10-27T23:46:10.961Z] > git for-each-ref --format=%(refname)%00%(upstream:short)%00%(objectname)%00%(upstream:track)%00%(upstream:remotename)%00%(upstream:remoteref) refs/heads/master refs/remotes/master [0ms]
[2022-10-27T23:46:10.975Z] > git remote --verbose [4ms]
[2022-10-27T23:46:10.976Z] > git for-each-ref --sort -committerdate --format %(refname) %(objectname) %(*objectname) [10ms]
[2022-10-27T23:46:11.007Z] > git config --get commit.template [22ms]
[2022-10-27T23:46:11.102Z] > git status -z -uall [89ms]
[2022-10-27T23:46:11.105Z] > git symbolic-ref --short HEAD [0ms]
[2022-10-27T23:46:11.110Z] > git for-each-ref --format=%(refname)%00%(upstream:short)%00%(objectname)%00%(upstream:track)%00%(upstream:remotename)%00%(upstream:remoteref) refs/heads/master refs/remotes/master [1ms]
[2022-10-27T23:46:11.118Z] > git remote --verbose [1ms]
[2022-10-27T23:46:11.118Z] > git for-each-ref --sort -committerdate --format %(refname) %(objectname) %(*objectname) [4ms]
[2022-10-27T23:46:11.126Z] > git config --get commit.template [0ms]
[2022-10-27T23:46:16.631Z] > git check-ignore -v -z --stdin [8ms]
[2022-10-27T23:46:45.302Z] > git fetch [1242ms]
[2022-10-27T23:46:45.377Z] > git status -z -uall [72ms]
[2022-10-27T23:46:45.380Z] > git symbolic-ref --short HEAD [1ms]
[2022-10-27T23:46:45.383Z] > git for-each-ref --format=%(refname)%00%(upstream:short)%00%(objectname)%00%(upstream:track)%00%(upstream:remotename)%00%(upstream:remoteref) refs/heads/master refs/remotes/master [1ms]
[2022-10-27T23:46:45.387Z] > git remote --verbose [0ms]
[2022-10-27T23:46:45.388Z] > git for-each-ref --sort -committerdate --format %(refname) %(objectname) %(*objectname) [3ms]
[2022-10-27T23:46:45.393Z] > git config --get commit.template [1ms]
[2022-10-27T23:46:45.469Z] > git status -z -uall [72ms]
[2022-10-27T23:46:45.472Z] > git symbolic-ref --short HEAD [0ms]
[2022-10-27T23:46:45.475Z] > git for-each-ref --format=%(refname)%00%(upstream:short)%00%(objectname)%00%(upstream:track)%00%(upstream:remotename)%00%(upstream:remoteref) refs/heads/master refs/remotes/master [1ms]
[2022-10-27T23:46:45.480Z] > git remote --verbose [1ms]
[2022-10-27T23:46:45.480Z] > git for-each-ref --sort -committerdate --format %(refname) %(objectname) %(*objectname) [3ms]
[2022-10-27T23:46:45.485Z] > git config --get commit.template [1ms]
