[2022-10-27T23:46:11.111Z] Nivel de registro: Info
[2022-10-27T23:46:11.115Z] [info] La validación encontró Git en: git
[2022-10-27T23:46:11.397Z] [info] Usando GIT 2.25.1 desde git
[2022-10-27T23:46:11.638Z] > git rev-parse --show-toplevel [230ms]
[2022-10-27T23:46:11.675Z] > git rev-parse --git-dir --git-common-dir [30ms]
[2022-10-27T23:46:11.680Z] [info] Open repository: /home/lrb96
[2022-10-27T23:46:11.741Z] > git rev-parse --show-toplevel [44ms]
[2022-10-27T23:46:11.801Z] > git status -z -uall [110ms]
[2022-10-27T23:46:11.822Z] > git symbolic-ref --short HEAD [16ms]
[2022-10-27T23:46:11.840Z] > git for-each-ref --format=%(refname)%00%(upstream:short)%00%(objectname)%00%(upstream:track)%00%(upstream:remotename)%00%(upstream:remoteref) refs/heads/master refs/remotes/master [13ms]
[2022-10-27T23:46:11.856Z] > git remote --verbose [8ms]
[2022-10-27T23:46:11.856Z] > git for-each-ref --sort -committerdate --format %(refname) %(objectname) %(*objectname) [12ms]
[2022-10-27T23:46:11.877Z] > git config --get commit.template [12ms]
[2022-10-27T23:46:11.997Z] > git status -z -uall [115ms]
[2022-10-27T23:46:12.004Z] > git symbolic-ref --short HEAD [1ms]
[2022-10-27T23:46:12.010Z] > git for-each-ref --format=%(refname)%00%(upstream:short)%00%(objectname)%00%(upstream:track)%00%(upstream:remotename)%00%(upstream:remoteref) refs/heads/master refs/remotes/master [1ms]
[2022-10-27T23:46:12.027Z] > git for-each-ref --sort -committerdate --format %(refname) %(objectname) %(*objectname) [13ms]
[2022-10-27T23:46:12.028Z] > git remote --verbose [8ms]
[2022-10-27T23:46:12.037Z] > git config --get commit.template [1ms]
[2022-10-27T23:46:12.234Z] > git check-ignore -v -z --stdin [10ms]
[2022-10-27T23:46:12.371Z] > git show --textconv :pandas_ejercicios/students_performance.py [11ms]
[2022-10-27T23:46:12.375Z] > git ls-files --stage -- /home/lrb96/pandas_ejercicios/students_performance.py [9ms]
[2022-10-27T23:46:12.381Z] > git cat-file -s 3d307d88810fefb16df15d9998c218f4027c5d7c [1ms]
[2022-10-27T23:46:12.991Z] > git fetch [1304ms]
[2022-10-27T23:46:13.102Z] > git status -z -uall [105ms]
[2022-10-27T23:46:13.108Z] > git symbolic-ref --short HEAD [1ms]
[2022-10-27T23:46:13.114Z] > git for-each-ref --format=%(refname)%00%(upstream:short)%00%(objectname)%00%(upstream:track)%00%(upstream:remotename)%00%(upstream:remoteref) refs/heads/master refs/remotes/master [1ms]
[2022-10-27T23:46:13.125Z] > git remote --verbose [1ms]
[2022-10-27T23:46:13.125Z] > git for-each-ref --sort -committerdate --format %(refname) %(objectname) %(*objectname) [6ms]
[2022-10-27T23:46:13.133Z] > git config --get commit.template [1ms]
[2022-10-27T23:46:14.307Z] > git ls-files --stage -- /home/lrb96/pandas_ejercicios/students_performance.py [6ms]
[2022-10-27T23:46:14.312Z] > git cat-file -s 3d307d88810fefb16df15d9998c218f4027c5d7c [1ms]
[2022-10-27T23:46:14.326Z] > git show --textconv :pandas_ejercicios/students_performance.py [7ms]
[2022-10-27T23:46:15.813Z] > git show --textconv :pandas_ejercicios/df.py [8ms]
[2022-10-27T23:46:15.818Z] > git ls-files --stage -- /home/lrb96/pandas_ejercicios/df.py [8ms]
[2022-10-27T23:46:16.095Z] > git check-ignore -v -z --stdin [8ms]
[2022-10-27T23:46:20.781Z] > git show --textconv :pandas_ejercicios/students_performance.py [7ms]
[2022-10-27T23:46:20.785Z] > git ls-files --stage -- /home/lrb96/pandas_ejercicios/students_performance.py [6ms]
[2022-10-27T23:46:20.790Z] > git cat-file -s 3d307d88810fefb16df15d9998c218f4027c5d7c [1ms]
[2022-10-27T23:46:22.594Z] > git show --textconv :pandas_ejercicios/df.py [7ms]
[2022-10-27T23:46:22.598Z] > git ls-files --stage -- /home/lrb96/pandas_ejercicios/df.py [6ms]
[2022-10-27T23:46:46.720Z] > git ls-files --stage -- /home/lrb96/pandas_ejercicios/df.py [6ms]
[2022-10-27T23:46:46.740Z] > git show --textconv :pandas_ejercicios/df.py [8ms]
[2022-10-27T23:46:49.743Z] > git status -z -uall [80ms]
[2022-10-27T23:46:49.748Z] > git symbolic-ref --short HEAD [1ms]
[2022-10-27T23:46:49.754Z] > git for-each-ref --format=%(refname)%00%(upstream:short)%00%(objectname)%00%(upstream:track)%00%(upstream:remotename)%00%(upstream:remoteref) refs/heads/master refs/remotes/master [1ms]
[2022-10-27T23:46:49.761Z] > git remote --verbose [1ms]
[2022-10-27T23:46:49.761Z] > git for-each-ref --sort -committerdate --format %(refname) %(objectname) %(*objectname) [4ms]
[2022-10-27T23:46:49.769Z] > git config --get commit.template [1ms]
[2022-10-27T23:46:54.849Z] > git status -z -uall [75ms]
[2022-10-27T23:46:54.853Z] > git symbolic-ref --short HEAD [0ms]
[2022-10-27T23:46:54.858Z] > git for-each-ref --format=%(refname)%00%(upstream:short)%00%(objectname)%00%(upstream:track)%00%(upstream:remotename)%00%(upstream:remoteref) refs/heads/master refs/remotes/master [0ms]
[2022-10-27T23:46:54.865Z] > git remote --verbose [1ms]
[2022-10-27T23:46:54.865Z] > git for-each-ref --sort -committerdate --format %(refname) %(objectname) %(*objectname) [3ms]
[2022-10-27T23:46:54.872Z] > git config --get commit.template [0ms]
[2022-10-27T23:46:59.948Z] > git status -z -uall [70ms]
[2022-10-27T23:46:59.953Z] > git symbolic-ref --short HEAD [0ms]
[2022-10-27T23:46:59.957Z] > git for-each-ref --format=%(refname)%00%(upstream:short)%00%(objectname)%00%(upstream:track)%00%(upstream:remotename)%00%(upstream:remoteref) refs/heads/master refs/remotes/master [1ms]
[2022-10-27T23:46:59.964Z] > git remote --verbose [1ms]
[2022-10-27T23:46:59.965Z] > git for-each-ref --sort -committerdate --format %(refname) %(objectname) %(*objectname) [5ms]
[2022-10-27T23:46:59.971Z] > git config --get commit.template [0ms]
[2022-10-27T23:47:05.048Z] > git status -z -uall [71ms]
[2022-10-27T23:47:05.052Z] > git symbolic-ref --short HEAD [0ms]
[2022-10-27T23:47:05.057Z] > git for-each-ref --format=%(refname)%00%(upstream:short)%00%(objectname)%00%(upstream:track)%00%(upstream:remotename)%00%(upstream:remoteref) refs/heads/master refs/remotes/master [0ms]
[2022-10-27T23:47:05.064Z] > git remote --verbose [0ms]
[2022-10-27T23:47:05.065Z] > git for-each-ref --sort -committerdate --format %(refname) %(objectname) %(*objectname) [4ms]
[2022-10-27T23:47:05.070Z] > git config --get commit.template [0ms]
[2022-10-27T23:47:10.150Z] > git status -z -uall [75ms]
[2022-10-27T23:47:10.155Z] > git symbolic-ref --short HEAD [1ms]
[2022-10-27T23:47:10.159Z] > git for-each-ref --format=%(refname)%00%(upstream:short)%00%(objectname)%00%(upstream:track)%00%(upstream:remotename)%00%(upstream:remoteref) refs/heads/master refs/remotes/master [0ms]
[2022-10-27T23:47:10.167Z] > git for-each-ref --sort -committerdate --format %(refname) %(objectname) %(*objectname) [4ms]
[2022-10-27T23:47:10.167Z] > git remote --verbose [1ms]
[2022-10-27T23:47:10.174Z] > git config --get commit.template [1ms]
[2022-10-27T23:47:15.249Z] > git status -z -uall [71ms]
[2022-10-27T23:47:15.254Z] > git symbolic-ref --short HEAD [1ms]
[2022-10-27T23:47:15.260Z] > git for-each-ref --format=%(refname)%00%(upstream:short)%00%(objectname)%00%(upstream:track)%00%(upstream:remotename)%00%(upstream:remoteref) refs/heads/master refs/remotes/master [1ms]
[2022-10-27T23:47:15.267Z] > git remote --verbose [0ms]
[2022-10-27T23:47:15.268Z] > git for-each-ref --sort -committerdate --format %(refname) %(objectname) %(*objectname) [4ms]
[2022-10-27T23:47:15.274Z] > git config --get commit.template [0ms]
[2022-10-27T23:47:20.357Z] > git status -z -uall [78ms]
[2022-10-27T23:47:20.362Z] > git symbolic-ref --short HEAD [1ms]
[2022-10-27T23:47:20.367Z] > git for-each-ref --format=%(refname)%00%(upstream:short)%00%(objectname)%00%(upstream:track)%00%(upstream:remotename)%00%(upstream:remoteref) refs/heads/master refs/remotes/master [0ms]
[2022-10-27T23:47:20.377Z] > git remote --verbose [3ms]
[2022-10-27T23:47:20.377Z] > git for-each-ref --sort -committerdate --format %(refname) %(objectname) %(*objectname) [6ms]
[2022-10-27T23:47:20.383Z] > git config --get commit.template [0ms]
[2022-10-27T23:47:25.460Z] > git status -z -uall [72ms]
[2022-10-27T23:47:25.464Z] > git symbolic-ref --short HEAD [0ms]
[2022-10-27T23:47:25.468Z] > git for-each-ref --format=%(refname)%00%(upstream:short)%00%(objectname)%00%(upstream:track)%00%(upstream:remotename)%00%(upstream:remoteref) refs/heads/master refs/remotes/master [1ms]
[2022-10-27T23:47:25.475Z] > git remote --verbose [1ms]
[2022-10-27T23:47:25.475Z] > git for-each-ref --sort -committerdate --format %(refname) %(objectname) %(*objectname) [4ms]
[2022-10-27T23:47:25.480Z] > git config --get commit.template [1ms]
[2022-10-27T23:47:30.560Z] > git status -z -uall [73ms]
[2022-10-27T23:47:30.564Z] > git symbolic-ref --short HEAD [1ms]
[2022-10-27T23:47:30.568Z] > git for-each-ref --format=%(refname)%00%(upstream:short)%00%(objectname)%00%(upstream:track)%00%(upstream:remotename)%00%(upstream:remoteref) refs/heads/master refs/remotes/master [0ms]
[2022-10-27T23:47:30.575Z] > git remote --verbose [1ms]
[2022-10-27T23:47:30.575Z] > git for-each-ref --sort -committerdate --format %(refname) %(objectname) %(*objectname) [4ms]
[2022-10-27T23:47:30.581Z] > git config --get commit.template [1ms]
[2022-10-27T23:47:35.657Z] > git status -z -uall [71ms]
[2022-10-27T23:47:35.662Z] > git symbolic-ref --short HEAD [1ms]
[2022-10-27T23:47:35.665Z] > git for-each-ref --format=%(refname)%00%(upstream:short)%00%(objectname)%00%(upstream:track)%00%(upstream:remotename)%00%(upstream:remoteref) refs/heads/master refs/remotes/master [0ms]
[2022-10-27T23:47:35.674Z] > git remote --verbose [1ms]
[2022-10-27T23:47:35.674Z] > git for-each-ref --sort -committerdate --format %(refname) %(objectname) %(*objectname) [5ms]
[2022-10-27T23:47:35.680Z] > git config --get commit.template [0ms]
[2022-10-27T23:47:54.822Z] > git status -z -uall [74ms]
[2022-10-27T23:47:54.827Z] > git symbolic-ref --short HEAD [1ms]
[2022-10-27T23:47:54.831Z] > git for-each-ref --format=%(refname)%00%(upstream:short)%00%(objectname)%00%(upstream:track)%00%(upstream:remotename)%00%(upstream:remoteref) refs/heads/master refs/remotes/master [1ms]
[2022-10-27T23:47:54.838Z] > git remote --verbose [1ms]
[2022-10-27T23:47:54.839Z] > git for-each-ref --sort -committerdate --format %(refname) %(objectname) %(*objectname) [5ms]
[2022-10-27T23:47:54.845Z] > git config --get commit.template [1ms]
[2022-10-27T23:47:59.923Z] > git status -z -uall [73ms]
[2022-10-27T23:47:59.927Z] > git symbolic-ref --short HEAD [0ms]
[2022-10-27T23:47:59.932Z] > git for-each-ref --format=%(refname)%00%(upstream:short)%00%(objectname)%00%(upstream:track)%00%(upstream:remotename)%00%(upstream:remoteref) refs/heads/master refs/remotes/master [1ms]
[2022-10-27T23:47:59.939Z] > git remote --verbose [0ms]
[2022-10-27T23:47:59.940Z] > git for-each-ref --sort -committerdate --format %(refname) %(objectname) %(*objectname) [4ms]
[2022-10-27T23:47:59.946Z] > git config --get commit.template [1ms]
[2022-10-27T23:48:08.290Z] > git status -z -uall [73ms]
[2022-10-27T23:48:08.295Z] > git symbolic-ref --short HEAD [1ms]
[2022-10-27T23:48:08.298Z] > git for-each-ref --format=%(refname)%00%(upstream:short)%00%(objectname)%00%(upstream:track)%00%(upstream:remotename)%00%(upstream:remoteref) refs/heads/master refs/remotes/master [0ms]
[2022-10-27T23:48:08.306Z] > git remote --verbose [1ms]
[2022-10-27T23:48:08.306Z] > git for-each-ref --sort -committerdate --format %(refname) %(objectname) %(*objectname) [4ms]
[2022-10-27T23:48:08.311Z] > git config --get commit.template [1ms]
[2022-10-27T23:48:13.388Z] > git status -z -uall [70ms]
[2022-10-27T23:48:13.392Z] > git symbolic-ref --short HEAD [1ms]
[2022-10-27T23:48:13.395Z] > git for-each-ref --format=%(refname)%00%(upstream:short)%00%(objectname)%00%(upstream:track)%00%(upstream:remotename)%00%(upstream:remoteref) refs/heads/master refs/remotes/master [0ms]
[2022-10-27T23:48:13.402Z] > git for-each-ref --sort -committerdate --format %(refname) %(objectname) %(*objectname) [4ms]
[2022-10-27T23:48:13.402Z] > git remote --verbose [1ms]
[2022-10-27T23:48:13.407Z] > git config --get commit.template [1ms]
[2022-10-27T23:48:18.482Z] > git status -z -uall [71ms]
[2022-10-27T23:48:18.486Z] > git symbolic-ref --short HEAD [1ms]
[2022-10-27T23:48:18.490Z] > git for-each-ref --format=%(refname)%00%(upstream:short)%00%(objectname)%00%(upstream:track)%00%(upstream:remotename)%00%(upstream:remoteref) refs/heads/master refs/remotes/master [1ms]
[2022-10-27T23:48:18.496Z] > git for-each-ref --sort -committerdate --format %(refname) %(objectname) %(*objectname) [3ms]
[2022-10-27T23:48:18.496Z] > git remote --verbose [1ms]
[2022-10-27T23:48:18.502Z] > git config --get commit.template [1ms]
[2022-10-27T23:48:24.293Z] > git status -z -uall [72ms]
[2022-10-27T23:48:24.297Z] > git symbolic-ref --short HEAD [1ms]
[2022-10-27T23:48:24.302Z] > git for-each-ref --format=%(refname)%00%(upstream:short)%00%(objectname)%00%(upstream:track)%00%(upstream:remotename)%00%(upstream:remoteref) refs/heads/master refs/remotes/master [2ms]
[2022-10-27T23:48:24.309Z] > git for-each-ref --sort -committerdate --format %(refname) %(objectname) %(*objectname) [4ms]
[2022-10-27T23:48:24.309Z] > git remote --verbose [1ms]
[2022-10-27T23:48:24.314Z] > git config --get commit.template [1ms]
[2022-10-27T23:48:31.735Z] > git status -z -uall [78ms]
[2022-10-27T23:48:31.739Z] > git symbolic-ref --short HEAD [1ms]
[2022-10-27T23:48:31.746Z] > git for-each-ref --format=%(refname)%00%(upstream:short)%00%(objectname)%00%(upstream:track)%00%(upstream:remotename)%00%(upstream:remoteref) refs/heads/master refs/remotes/master [1ms]
[2022-10-27T23:48:31.753Z] > git remote --verbose [1ms]
[2022-10-27T23:48:31.753Z] > git for-each-ref --sort -committerdate --format %(refname) %(objectname) %(*objectname) [4ms]
[2022-10-27T23:48:31.761Z] > git config --get commit.template [1ms]
[2022-10-27T23:48:36.840Z] > git status -z -uall [73ms]
[2022-10-27T23:48:36.845Z] > git symbolic-ref --short HEAD [1ms]
[2022-10-27T23:48:36.849Z] > git for-each-ref --format=%(refname)%00%(upstream:short)%00%(objectname)%00%(upstream:track)%00%(upstream:remotename)%00%(upstream:remoteref) refs/heads/master refs/remotes/master [1ms]
[2022-10-27T23:48:36.855Z] > git remote --verbose [0ms]
[2022-10-27T23:48:36.855Z] > git for-each-ref --sort -committerdate --format %(refname) %(objectname) %(*objectname) [3ms]
[2022-10-27T23:48:36.862Z] > git config --get commit.template [1ms]
[2022-10-27T23:49:16.274Z] > git status -z -uall [78ms]
[2022-10-27T23:49:16.281Z] > git symbolic-ref --short HEAD [1ms]
[2022-10-27T23:49:16.285Z] > git for-each-ref --format=%(refname)%00%(upstream:short)%00%(objectname)%00%(upstream:track)%00%(upstream:remotename)%00%(upstream:remoteref) refs/heads/master refs/remotes/master [0ms]
[2022-10-27T23:49:16.293Z] > git remote --verbose [0ms]
[2022-10-27T23:49:16.294Z] > git for-each-ref --sort -committerdate --format %(refname) %(objectname) %(*objectname) [6ms]
[2022-10-27T23:49:16.299Z] > git config --get commit.template [0ms]
[2022-10-27T23:49:17.396Z] > git ls-files --stage -- /home/lrb96/pandas_ejercicios/df.py [6ms]
[2022-10-27T23:49:17.411Z] > git show --textconv :pandas_ejercicios/df.py [6ms]
[2022-10-27T23:49:17.422Z] > git fetch [1233ms]
[2022-10-27T23:49:17.495Z] > git status -z -uall [70ms]
[2022-10-27T23:49:17.499Z] > git symbolic-ref --short HEAD [0ms]
[2022-10-27T23:49:17.503Z] > git for-each-ref --format=%(refname)%00%(upstream:short)%00%(objectname)%00%(upstream:track)%00%(upstream:remotename)%00%(upstream:remoteref) refs/heads/master refs/remotes/master [1ms]
[2022-10-27T23:49:17.510Z] > git for-each-ref --sort -committerdate --format %(refname) %(objectname) %(*objectname) [3ms]
[2022-10-27T23:49:17.510Z] > git remote --verbose [1ms]
[2022-10-27T23:49:17.514Z] > git config --get commit.template [0ms]
[2022-10-27T23:49:18.503Z] > git ls-files --stage -- /home/lrb96/pandas_ejercicios/df.py [7ms]
[2022-10-27T23:49:18.518Z] > git show --textconv :pandas_ejercicios/df.py [6ms]
[2022-10-27T23:49:21.389Z] > git status -z -uall [83ms]
[2022-10-27T23:49:21.395Z] > git symbolic-ref --short HEAD [1ms]
[2022-10-27T23:49:21.401Z] > git for-each-ref --format=%(refname)%00%(upstream:short)%00%(objectname)%00%(upstream:track)%00%(upstream:remotename)%00%(upstream:remoteref) refs/heads/master refs/remotes/master [1ms]
[2022-10-27T23:49:21.410Z] > git for-each-ref --sort -committerdate --format %(refname) %(objectname) %(*objectname) [4ms]
[2022-10-27T23:49:21.410Z] > git remote --verbose [1ms]
[2022-10-27T23:49:21.417Z] > git config --get commit.template [0ms]
[2022-10-27T23:49:35.307Z] > git status -z -uall [86ms]
[2022-10-27T23:49:35.312Z] > git symbolic-ref --short HEAD [1ms]
[2022-10-27T23:49:35.316Z] > git for-each-ref --format=%(refname)%00%(upstream:short)%00%(objectname)%00%(upstream:track)%00%(upstream:remotename)%00%(upstream:remoteref) refs/heads/master refs/remotes/master [1ms]
[2022-10-27T23:49:35.324Z] > git remote --verbose [0ms]
[2022-10-27T23:49:35.324Z] > git for-each-ref --sort -committerdate --format %(refname) %(objectname) %(*objectname) [3ms]
[2022-10-27T23:49:35.330Z] > git config --get commit.template [1ms]
[2022-10-27T23:49:43.598Z] > git status -z -uall [94ms]
[2022-10-27T23:49:43.603Z] > git symbolic-ref --short HEAD [1ms]
[2022-10-27T23:49:43.608Z] > git for-each-ref --format=%(refname)%00%(upstream:short)%00%(objectname)%00%(upstream:track)%00%(upstream:remotename)%00%(upstream:remoteref) refs/heads/master refs/remotes/master [1ms]
[2022-10-27T23:49:43.617Z] > git for-each-ref --sort -committerdate --format %(refname) %(objectname) %(*objectname) [6ms]
[2022-10-27T23:49:43.618Z] > git remote --verbose [3ms]
[2022-10-27T23:49:43.623Z] > git config --get commit.template [1ms]
[2022-10-27T23:50:12.669Z] > git status -z -uall [80ms]
[2022-10-27T23:50:12.673Z] > git symbolic-ref --short HEAD [0ms]
[2022-10-27T23:50:12.677Z] > git for-each-ref --format=%(refname)%00%(upstream:short)%00%(objectname)%00%(upstream:track)%00%(upstream:remotename)%00%(upstream:remoteref) refs/heads/master refs/remotes/master [1ms]
[2022-10-27T23:50:12.683Z] > git remote --verbose [0ms]
[2022-10-27T23:50:12.684Z] > git for-each-ref --sort -committerdate --format %(refname) %(objectname) %(*objectname) [4ms]
[2022-10-27T23:50:12.690Z] > git config --get commit.template [1ms]
[2022-10-27T23:50:38.022Z] > git check-ignore -v -z --stdin [8ms]
[2022-10-27T23:54:23.873Z] > git status -z -uall [82ms]
[2022-10-27T23:54:23.877Z] > git symbolic-ref --short HEAD [1ms]
[2022-10-27T23:54:23.881Z] > git for-each-ref --format=%(refname)%00%(upstream:short)%00%(objectname)%00%(upstream:track)%00%(upstream:remotename)%00%(upstream:remoteref) refs/heads/master refs/remotes/master [0ms]
[2022-10-27T23:54:23.887Z] > git remote --verbose [0ms]
[2022-10-27T23:54:23.888Z] > git for-each-ref --sort -committerdate --format %(refname) %(objectname) %(*objectname) [4ms]
[2022-10-27T23:54:23.893Z] > git config --get commit.template [1ms]
[2022-10-27T23:54:24.965Z] > git ls-files --stage -- /home/lrb96/pandas_ejercicios/df.py [7ms]
[2022-10-27T23:54:24.980Z] > git show --textconv :pandas_ejercicios/df.py [6ms]
[2022-10-27T23:54:25.020Z] > git fetch [1237ms]
[2022-10-27T23:54:25.097Z] > git status -z -uall [73ms]
[2022-10-27T23:54:25.101Z] > git symbolic-ref --short HEAD [0ms]
[2022-10-27T23:54:25.105Z] > git for-each-ref --format=%(refname)%00%(upstream:short)%00%(objectname)%00%(upstream:track)%00%(upstream:remotename)%00%(upstream:remoteref) refs/heads/master refs/remotes/master [1ms]
[2022-10-27T23:54:25.113Z] > git remote --verbose [1ms]
[2022-10-27T23:54:25.113Z] > git for-each-ref --sort -committerdate --format %(refname) %(objectname) %(*objectname) [4ms]
[2022-10-27T23:54:25.119Z] > git config --get commit.template [1ms]
[2022-10-27T23:54:26.191Z] > git ls-files --stage -- /home/lrb96/pandas_ejercicios/df.py [7ms]
[2022-10-27T23:54:26.204Z] > git show --textconv :pandas_ejercicios/df.py [6ms]
[2022-10-27T23:54:28.978Z] > git status -z -uall [80ms]
[2022-10-27T23:54:28.983Z] > git symbolic-ref --short HEAD [2ms]
[2022-10-27T23:54:28.987Z] > git for-each-ref --format=%(refname)%00%(upstream:short)%00%(objectname)%00%(upstream:track)%00%(upstream:remotename)%00%(upstream:remoteref) refs/heads/master refs/remotes/master [1ms]
[2022-10-27T23:54:28.993Z] > git for-each-ref --sort -committerdate --format %(refname) %(objectname) %(*objectname) [3ms]
[2022-10-27T23:54:28.993Z] > git remote --verbose [0ms]
[2022-10-27T23:54:28.999Z] > git config --get commit.template [1ms]
[2022-10-27T23:54:34.076Z] > git status -z -uall [72ms]
[2022-10-27T23:54:34.080Z] > git symbolic-ref --short HEAD [1ms]
[2022-10-27T23:54:34.084Z] > git for-each-ref --format=%(refname)%00%(upstream:short)%00%(objectname)%00%(upstream:track)%00%(upstream:remotename)%00%(upstream:remoteref) refs/heads/master refs/remotes/master [1ms]
[2022-10-27T23:54:34.090Z] > git for-each-ref --sort -committerdate --format %(refname) %(objectname) %(*objectname) [3ms]
[2022-10-27T23:54:34.091Z] > git remote --verbose [1ms]
[2022-10-27T23:54:34.097Z] > git config --get commit.template [1ms]
[2022-10-27T23:54:42.585Z] > git status -z -uall [72ms]
[2022-10-27T23:54:42.590Z] > git symbolic-ref --short HEAD [1ms]
[2022-10-27T23:54:42.594Z] > git for-each-ref --format=%(refname)%00%(upstream:short)%00%(objectname)%00%(upstream:track)%00%(upstream:remotename)%00%(upstream:remoteref) refs/heads/master refs/remotes/master [1ms]
[2022-10-27T23:54:42.600Z] > git remote --verbose [0ms]
[2022-10-27T23:54:42.600Z] > git for-each-ref --sort -committerdate --format %(refname) %(objectname) %(*objectname) [3ms]
[2022-10-27T23:54:42.606Z] > git config --get commit.template [1ms]
[2022-10-27T23:54:47.685Z] > git status -z -uall [74ms]
[2022-10-27T23:54:47.689Z] > git symbolic-ref --short HEAD [1ms]
[2022-10-27T23:54:47.693Z] > git for-each-ref --format=%(refname)%00%(upstream:short)%00%(objectname)%00%(upstream:track)%00%(upstream:remotename)%00%(upstream:remoteref) refs/heads/master refs/remotes/master [1ms]
[2022-10-27T23:54:47.702Z] > git remote --verbose [1ms]
[2022-10-27T23:54:47.702Z] > git for-each-ref --sort -committerdate --format %(refname) %(objectname) %(*objectname) [4ms]
[2022-10-27T23:54:47.707Z] > git config --get commit.template [0ms]
[2022-10-27T23:54:52.784Z] > git status -z -uall [72ms]
[2022-10-27T23:54:52.789Z] > git symbolic-ref --short HEAD [0ms]
[2022-10-27T23:54:52.793Z] > git for-each-ref --format=%(refname)%00%(upstream:short)%00%(objectname)%00%(upstream:track)%00%(upstream:remotename)%00%(upstream:remoteref) refs/heads/master refs/remotes/master [0ms]
[2022-10-27T23:54:52.800Z] > git remote --verbose [1ms]
[2022-10-27T23:54:52.800Z] > git for-each-ref --sort -committerdate --format %(refname) %(objectname) %(*objectname) [4ms]
[2022-10-27T23:54:52.806Z] > git config --get commit.template [1ms]
[2022-10-27T23:54:57.884Z] > git status -z -uall [73ms]
[2022-10-27T23:54:57.889Z] > git symbolic-ref --short HEAD [1ms]
[2022-10-27T23:54:57.892Z] > git for-each-ref --format=%(refname)%00%(upstream:short)%00%(objectname)%00%(upstream:track)%00%(upstream:remotename)%00%(upstream:remoteref) refs/heads/master refs/remotes/master [0ms]
[2022-10-27T23:54:57.900Z] > git for-each-ref --sort -committerdate --format %(refname) %(objectname) %(*objectname) [4ms]
[2022-10-27T23:54:57.900Z] > git remote --verbose [1ms]
[2022-10-27T23:54:57.907Z] > git config --get commit.template [1ms]
[2022-10-27T23:55:02.985Z] > git status -z -uall [73ms]
[2022-10-27T23:55:02.990Z] > git symbolic-ref --short HEAD [1ms]
[2022-10-27T23:55:02.994Z] > git for-each-ref --format=%(refname)%00%(upstream:short)%00%(objectname)%00%(upstream:track)%00%(upstream:remotename)%00%(upstream:remoteref) refs/heads/master refs/remotes/master [1ms]
[2022-10-27T23:55:03.001Z] > git remote --verbose [1ms]
[2022-10-27T23:55:03.001Z] > git for-each-ref --sort -committerdate --format %(refname) %(objectname) %(*objectname) [4ms]
[2022-10-27T23:55:03.007Z] > git config --get commit.template [1ms]
[2022-10-27T23:55:08.085Z] > git status -z -uall [73ms]
[2022-10-27T23:55:08.090Z] > git symbolic-ref --short HEAD [1ms]
[2022-10-27T23:55:08.094Z] > git for-each-ref --format=%(refname)%00%(upstream:short)%00%(objectname)%00%(upstream:track)%00%(upstream:remotename)%00%(upstream:remoteref) refs/heads/master refs/remotes/master [0ms]
[2022-10-27T23:55:08.101Z] > git remote --verbose [1ms]
[2022-10-27T23:55:08.101Z] > git for-each-ref --sort -committerdate --format %(refname) %(objectname) %(*objectname) [4ms]
[2022-10-27T23:55:08.106Z] > git config --get commit.template [1ms]
[2022-10-27T23:55:13.185Z] > git status -z -uall [75ms]
[2022-10-27T23:55:13.192Z] > git symbolic-ref --short HEAD [1ms]
[2022-10-27T23:55:13.199Z] > git for-each-ref --format=%(refname)%00%(upstream:short)%00%(objectname)%00%(upstream:track)%00%(upstream:remotename)%00%(upstream:remoteref) refs/heads/master refs/remotes/master [1ms]
[2022-10-27T23:55:13.209Z] > git remote --verbose [0ms]
[2022-10-27T23:55:13.210Z] > git for-each-ref --sort -committerdate --format %(refname) %(objectname) %(*objectname) [6ms]
[2022-10-27T23:55:13.216Z] > git config --get commit.template [0ms]
[2022-10-27T23:55:18.303Z] > git status -z -uall [82ms]
[2022-10-27T23:55:18.308Z] > git symbolic-ref --short HEAD [1ms]
[2022-10-27T23:55:18.313Z] > git for-each-ref --format=%(refname)%00%(upstream:short)%00%(objectname)%00%(upstream:track)%00%(upstream:remotename)%00%(upstream:remoteref) refs/heads/master refs/remotes/master [1ms]
[2022-10-27T23:55:18.321Z] > git for-each-ref --sort -committerdate --format %(refname) %(objectname) %(*objectname) [5ms]
[2022-10-27T23:55:18.322Z] > git remote --verbose [3ms]
[2022-10-27T23:55:18.327Z] > git config --get commit.template [0ms]
[2022-10-27T23:55:23.403Z] > git status -z -uall [71ms]
[2022-10-27T23:55:23.410Z] > git symbolic-ref --short HEAD [3ms]
[2022-10-27T23:55:23.415Z] > git for-each-ref --format=%(refname)%00%(upstream:short)%00%(objectname)%00%(upstream:track)%00%(upstream:remotename)%00%(upstream:remoteref) refs/heads/master refs/remotes/master [1ms]
[2022-10-27T23:55:23.421Z] > git for-each-ref --sort -committerdate --format %(refname) %(objectname) %(*objectname) [3ms]
[2022-10-27T23:55:23.422Z] > git remote --verbose [1ms]
[2022-10-27T23:55:23.427Z] > git config --get commit.template [1ms]
[2022-10-27T23:55:28.504Z] > git status -z -uall [72ms]
[2022-10-27T23:55:28.508Z] > git symbolic-ref --short HEAD [0ms]
[2022-10-27T23:55:28.513Z] > git for-each-ref --format=%(refname)%00%(upstream:short)%00%(objectname)%00%(upstream:track)%00%(upstream:remotename)%00%(upstream:remoteref) refs/heads/master refs/remotes/master [1ms]
[2022-10-27T23:55:28.519Z] > git remote --verbose [0ms]
[2022-10-27T23:55:28.520Z] > git for-each-ref --sort -committerdate --format %(refname) %(objectname) %(*objectname) [4ms]
[2022-10-27T23:55:28.525Z] > git config --get commit.template [1ms]
[2022-10-27T23:55:41.615Z] > git status -z -uall [94ms]
[2022-10-27T23:55:41.620Z] > git symbolic-ref --short HEAD [0ms]
[2022-10-27T23:55:41.624Z] > git for-each-ref --format=%(refname)%00%(upstream:short)%00%(objectname)%00%(upstream:track)%00%(upstream:remotename)%00%(upstream:remoteref) refs/heads/master refs/remotes/master [0ms]
[2022-10-27T23:55:41.632Z] > git remote --verbose [1ms]
[2022-10-27T23:55:41.632Z] > git for-each-ref --sort -committerdate --format %(refname) %(objectname) %(*objectname) [4ms]
[2022-10-27T23:55:41.639Z] > git config --get commit.template [1ms]
[2022-10-27T23:55:46.721Z] > git status -z -uall [78ms]
[2022-10-27T23:55:46.725Z] > git symbolic-ref --short HEAD [0ms]
[2022-10-27T23:55:46.729Z] > git for-each-ref --format=%(refname)%00%(upstream:short)%00%(objectname)%00%(upstream:track)%00%(upstream:remotename)%00%(upstream:remoteref) refs/heads/master refs/remotes/master [1ms]
[2022-10-27T23:55:46.736Z] > git remote --verbose [0ms]
[2022-10-27T23:55:46.737Z] > git for-each-ref --sort -committerdate --format %(refname) %(objectname) %(*objectname) [4ms]
[2022-10-27T23:55:46.742Z] > git config --get commit.template [1ms]
[2022-10-27T23:55:51.819Z] > git status -z -uall [74ms]
[2022-10-27T23:55:51.823Z] > git symbolic-ref --short HEAD [0ms]
[2022-10-27T23:55:51.827Z] > git for-each-ref --format=%(refname)%00%(upstream:short)%00%(objectname)%00%(upstream:track)%00%(upstream:remotename)%00%(upstream:remoteref) refs/heads/master refs/remotes/master [0ms]
[2022-10-27T23:55:51.834Z] > git for-each-ref --sort -committerdate --format %(refname) %(objectname) %(*objectname) [3ms]
[2022-10-27T23:55:51.834Z] > git remote --verbose [1ms]
[2022-10-27T23:55:51.840Z] > git config --get commit.template [1ms]
[2022-10-27T23:55:56.918Z] > git status -z -uall [73ms]
[2022-10-27T23:55:56.922Z] > git symbolic-ref --short HEAD [1ms]
[2022-10-27T23:55:56.926Z] > git for-each-ref --format=%(refname)%00%(upstream:short)%00%(objectname)%00%(upstream:track)%00%(upstream:remotename)%00%(upstream:remoteref) refs/heads/master refs/remotes/master [1ms]
[2022-10-27T23:55:56.932Z] > git for-each-ref --sort -committerdate --format %(refname) %(objectname) %(*objectname) [3ms]
[2022-10-27T23:55:56.932Z] > git remote --verbose [0ms]
[2022-10-27T23:55:56.938Z] > git config --get commit.template [1ms]
[2022-10-27T23:56:07.362Z] > git status -z -uall [74ms]
[2022-10-27T23:56:07.367Z] > git symbolic-ref --short HEAD [1ms]
[2022-10-27T23:56:07.372Z] > git for-each-ref --format=%(refname)%00%(upstream:short)%00%(objectname)%00%(upstream:track)%00%(upstream:remotename)%00%(upstream:remoteref) refs/heads/master refs/remotes/master [1ms]
[2022-10-27T23:56:07.382Z] > git remote --verbose [1ms]
[2022-10-27T23:56:07.382Z] > git for-each-ref --sort -committerdate --format %(refname) %(objectname) %(*objectname) [6ms]
[2022-10-27T23:56:07.389Z] > git config --get commit.template [0ms]
[2022-10-27T23:56:19.491Z] > git status -z -uall [81ms]
[2022-10-27T23:56:19.496Z] > git symbolic-ref --short HEAD [1ms]
[2022-10-27T23:56:19.501Z] > git for-each-ref --format=%(refname)%00%(upstream:short)%00%(objectname)%00%(upstream:track)%00%(upstream:remotename)%00%(upstream:remoteref) refs/heads/master refs/remotes/master [1ms]
[2022-10-27T23:56:19.507Z] > git remote --verbose [1ms]
[2022-10-27T23:56:19.507Z] > git for-each-ref --sort -committerdate --format %(refname) %(objectname) %(*objectname) [3ms]
[2022-10-27T23:56:19.515Z] > git config --get commit.template [0ms]
[2022-10-27T23:56:49.592Z] > git status -z -uall [78ms]
[2022-10-27T23:56:49.597Z] > git symbolic-ref --short HEAD [1ms]
[2022-10-27T23:56:49.600Z] > git for-each-ref --format=%(refname)%00%(upstream:short)%00%(objectname)%00%(upstream:track)%00%(upstream:remotename)%00%(upstream:remoteref) refs/heads/master refs/remotes/master [0ms]
[2022-10-27T23:56:49.607Z] > git remote --verbose [1ms]
[2022-10-27T23:56:49.607Z] > git for-each-ref --sort -committerdate --format %(refname) %(objectname) %(*objectname) [4ms]
[2022-10-27T23:56:49.613Z] > git config --get commit.template [1ms]
[2022-10-27T23:57:00.227Z] > git status -z -uall [81ms]
[2022-10-27T23:57:00.232Z] > git symbolic-ref --short HEAD [1ms]
[2022-10-27T23:57:00.237Z] > git for-each-ref --format=%(refname)%00%(upstream:short)%00%(objectname)%00%(upstream:track)%00%(upstream:remotename)%00%(upstream:remoteref) refs/heads/master refs/remotes/master [1ms]
[2022-10-27T23:57:00.244Z] > git remote --verbose [1ms]
[2022-10-27T23:57:00.244Z] > git for-each-ref --sort -committerdate --format %(refname) %(objectname) %(*objectname) [4ms]
[2022-10-27T23:57:00.251Z] > git config --get commit.template [1ms]
[2022-10-27T23:57:05.331Z] > git status -z -uall [75ms]
[2022-10-27T23:57:05.335Z] > git symbolic-ref --short HEAD [0ms]
[2022-10-27T23:57:05.339Z] > git for-each-ref --format=%(refname)%00%(upstream:short)%00%(objectname)%00%(upstream:track)%00%(upstream:remotename)%00%(upstream:remoteref) refs/heads/master refs/remotes/master [1ms]
[2022-10-27T23:57:05.348Z] > git remote --verbose [1ms]
[2022-10-27T23:57:05.348Z] > git for-each-ref --sort -committerdate --format %(refname) %(objectname) %(*objectname) [5ms]
[2022-10-27T23:57:05.354Z] > git config --get commit.template [1ms]
[2022-10-27T23:57:10.440Z] > git status -z -uall [81ms]
[2022-10-27T23:57:10.445Z] > git symbolic-ref --short HEAD [1ms]
[2022-10-27T23:57:10.449Z] > git for-each-ref --format=%(refname)%00%(upstream:short)%00%(objectname)%00%(upstream:track)%00%(upstream:remotename)%00%(upstream:remoteref) refs/heads/master refs/remotes/master [0ms]
[2022-10-27T23:57:10.456Z] > git remote --verbose [1ms]
[2022-10-27T23:57:10.456Z] > git for-each-ref --sort -committerdate --format %(refname) %(objectname) %(*objectname) [3ms]
[2022-10-27T23:57:10.462Z] > git config --get commit.template [1ms]
[2022-10-27T23:57:15.549Z] > git status -z -uall [81ms]
[2022-10-27T23:57:15.553Z] > git symbolic-ref --short HEAD [0ms]
[2022-10-27T23:57:15.559Z] > git for-each-ref --format=%(refname)%00%(upstream:short)%00%(objectname)%00%(upstream:track)%00%(upstream:remotename)%00%(upstream:remoteref) refs/heads/master refs/remotes/master [1ms]
[2022-10-27T23:57:15.566Z] > git for-each-ref --sort -committerdate --format %(refname) %(objectname) %(*objectname) [4ms]
[2022-10-27T23:57:15.566Z] > git remote --verbose [1ms]
[2022-10-27T23:57:15.573Z] > git config --get commit.template [1ms]
[2022-10-27T23:57:34.929Z] > git status -z -uall [79ms]
[2022-10-27T23:57:34.934Z] > git symbolic-ref --short HEAD [1ms]
[2022-10-27T23:57:34.937Z] > git for-each-ref --format=%(refname)%00%(upstream:short)%00%(objectname)%00%(upstream:track)%00%(upstream:remotename)%00%(upstream:remoteref) refs/heads/master refs/remotes/master [0ms]
[2022-10-27T23:57:34.946Z] > git remote --verbose [1ms]
[2022-10-27T23:57:34.946Z] > git for-each-ref --sort -committerdate --format %(refname) %(objectname) %(*objectname) [5ms]
[2022-10-27T23:57:34.951Z] > git config --get commit.template [0ms]
[2022-10-27T23:57:36.072Z] > git fetch [1229ms]
[2022-10-27T23:57:36.156Z] > git status -z -uall [79ms]
[2022-10-27T23:57:36.161Z] > git symbolic-ref --short HEAD [0ms]
[2022-10-27T23:57:36.165Z] > git for-each-ref --format=%(refname)%00%(upstream:short)%00%(objectname)%00%(upstream:track)%00%(upstream:remotename)%00%(upstream:remoteref) refs/heads/master refs/remotes/master [0ms]
[2022-10-27T23:57:36.174Z] > git remote --verbose [1ms]
[2022-10-27T23:57:36.174Z] > git for-each-ref --sort -committerdate --format %(refname) %(objectname) %(*objectname) [6ms]
[2022-10-27T23:57:36.182Z] > git config --get commit.template [1ms]
[2022-10-27T23:57:42.240Z] > git ls-files --stage -- /home/lrb96/pandas_ejercicios/df.py [8ms]
[2022-10-27T23:57:42.261Z] > git show --textconv :pandas_ejercicios/df.py [9ms]
[2022-10-27T23:57:42.287Z] > git status -z -uall [89ms]
[2022-10-27T23:57:42.292Z] > git symbolic-ref --short HEAD [1ms]
[2022-10-27T23:57:42.296Z] > git for-each-ref --format=%(refname)%00%(upstream:short)%00%(objectname)%00%(upstream:track)%00%(upstream:remotename)%00%(upstream:remoteref) refs/heads/master refs/remotes/master [0ms]
[2022-10-27T23:57:42.303Z] > git remote --verbose [1ms]
[2022-10-27T23:57:42.303Z] > git for-each-ref --sort -committerdate --format %(refname) %(objectname) %(*objectname) [4ms]
[2022-10-27T23:57:42.310Z] > git config --get commit.template [0ms]
[2022-10-28T00:11:46.437Z] > git status -z -uall [77ms]
[2022-10-28T00:11:46.443Z] > git symbolic-ref --short HEAD [1ms]
[2022-10-28T00:11:46.446Z] > git for-each-ref --format=%(refname)%00%(upstream:short)%00%(objectname)%00%(upstream:track)%00%(upstream:remotename)%00%(upstream:remoteref) refs/heads/master refs/remotes/master [0ms]
[2022-10-28T00:11:46.453Z] > git remote --verbose [0ms]
[2022-10-28T00:11:46.453Z] > git for-each-ref --sort -committerdate --format %(refname) %(objectname) %(*objectname) [4ms]
[2022-10-28T00:11:46.458Z] > git config --get commit.template [0ms]
[2022-10-28T00:11:47.594Z] > git fetch [1241ms]
[2022-10-28T00:11:47.594Z] Warning: Permanently added the ECDSA host key for IP address '140.82.112.4' to the list of known hosts.
[2022-10-28T00:11:47.675Z] > git status -z -uall [77ms]
[2022-10-28T00:11:47.682Z] > git symbolic-ref --short HEAD [1ms]
[2022-10-28T00:11:47.686Z] > git for-each-ref --format=%(refname)%00%(upstream:short)%00%(objectname)%00%(upstream:track)%00%(upstream:remotename)%00%(upstream:remoteref) refs/heads/master refs/remotes/master [0ms]
[2022-10-28T00:11:47.694Z] > git remote --verbose [1ms]
[2022-10-28T00:11:47.694Z] > git for-each-ref --sort -committerdate --format %(refname) %(objectname) %(*objectname) [4ms]
[2022-10-28T00:11:47.700Z] > git config --get commit.template [1ms]
[2022-10-28T00:19:24.178Z] > git ls-files --stage -- /home/lrb96/pandas_ejercicios/df.py [7ms]
[2022-10-28T00:19:24.193Z] > git show --textconv :pandas_ejercicios/df.py [6ms]
[2022-10-28T00:19:24.232Z] > git status -z -uall [83ms]
[2022-10-28T00:19:24.239Z] > git symbolic-ref --short HEAD [2ms]
[2022-10-28T00:19:24.243Z] > git for-each-ref --format=%(refname)%00%(upstream:short)%00%(objectname)%00%(upstream:track)%00%(upstream:remotename)%00%(upstream:remoteref) refs/heads/master refs/remotes/master [1ms]
[2022-10-28T00:19:24.250Z] > git remote --verbose [1ms]
[2022-10-28T00:19:24.250Z] > git for-each-ref --sort -committerdate --format %(refname) %(objectname) %(*objectname) [4ms]
[2022-10-28T00:19:24.255Z] > git config --get commit.template [0ms]
[2022-10-28T00:19:25.396Z] > git fetch [1255ms]
[2022-10-28T00:19:25.478Z] > git status -z -uall [78ms]
[2022-10-28T00:19:25.483Z] > git symbolic-ref --short HEAD [1ms]
[2022-10-28T00:19:25.486Z] > git for-each-ref --format=%(refname)%00%(upstream:short)%00%(objectname)%00%(upstream:track)%00%(upstream:remotename)%00%(upstream:remoteref) refs/heads/master refs/remotes/master [0ms]
[2022-10-28T00:19:25.493Z] > git remote --verbose [0ms]
[2022-10-28T00:19:25.493Z] > git for-each-ref --sort -committerdate --format %(refname) %(objectname) %(*objectname) [3ms]
[2022-10-28T00:19:25.499Z] > git config --get commit.template [1ms]
[2022-10-28T00:19:27.380Z] > git ls-files --stage -- /home/lrb96/pandas_ejercicios/df.py [8ms]
[2022-10-28T00:19:27.396Z] > git show --textconv :pandas_ejercicios/df.py [6ms]
[2022-10-28T00:24:14.217Z] > git status -z -uall [80ms]
[2022-10-28T00:24:14.221Z] > git symbolic-ref --short HEAD [1ms]
[2022-10-28T00:24:14.225Z] > git for-each-ref --format=%(refname)%00%(upstream:short)%00%(objectname)%00%(upstream:track)%00%(upstream:remotename)%00%(upstream:remoteref) refs/heads/master refs/remotes/master [1ms]
[2022-10-28T00:24:14.231Z] > git remote --verbose [0ms]
[2022-10-28T00:24:14.231Z] > git for-each-ref --sort -committerdate --format %(refname) %(objectname) %(*objectname) [3ms]
[2022-10-28T00:24:14.238Z] > git config --get commit.template [0ms]
[2022-10-28T00:24:15.364Z] > git fetch [1235ms]
[2022-10-28T00:24:15.449Z] > git status -z -uall [82ms]
[2022-10-28T00:24:15.455Z] > git symbolic-ref --short HEAD [1ms]
[2022-10-28T00:24:15.460Z] > git for-each-ref --format=%(refname)%00%(upstream:short)%00%(objectname)%00%(upstream:track)%00%(upstream:remotename)%00%(upstream:remoteref) refs/heads/master refs/remotes/master [1ms]
[2022-10-28T00:24:15.469Z] > git remote --verbose [2ms]
[2022-10-28T00:24:15.470Z] > git for-each-ref --sort -committerdate --format %(refname) %(objectname) %(*objectname) [7ms]
[2022-10-28T00:24:15.475Z] > git config --get commit.template [0ms]
[2022-10-28T00:24:16.020Z] > git ls-files --stage -- /home/lrb96/pandas_ejercicios/df.py [7ms]
[2022-10-28T00:24:16.037Z] > git show --textconv :pandas_ejercicios/df.py [6ms]
[2022-10-28T00:31:14.891Z] > git status -z -uall [81ms]
[2022-10-28T00:31:14.895Z] > git symbolic-ref --short HEAD [1ms]
[2022-10-28T00:31:14.899Z] > git for-each-ref --format=%(refname)%00%(upstream:short)%00%(objectname)%00%(upstream:track)%00%(upstream:remotename)%00%(upstream:remoteref) refs/heads/master refs/remotes/master [0ms]
[2022-10-28T00:31:14.907Z] > git remote --verbose [1ms]
[2022-10-28T00:31:14.907Z] > git for-each-ref --sort -committerdate --format %(refname) %(objectname) %(*objectname) [4ms]
[2022-10-28T00:31:14.912Z] > git config --get commit.template [1ms]
[2022-10-28T00:31:16.057Z] > git fetch [1256ms]
[2022-10-28T00:31:16.137Z] > git status -z -uall [76ms]
[2022-10-28T00:31:16.142Z] > git symbolic-ref --short HEAD [0ms]
[2022-10-28T00:31:16.146Z] > git for-each-ref --format=%(refname)%00%(upstream:short)%00%(objectname)%00%(upstream:track)%00%(upstream:remotename)%00%(upstream:remoteref) refs/heads/master refs/remotes/master [0ms]
[2022-10-28T00:31:16.153Z] > git remote --verbose [0ms]
[2022-10-28T00:31:16.153Z] > git for-each-ref --sort -committerdate --format %(refname) %(objectname) %(*objectname) [4ms]
[2022-10-28T00:31:16.159Z] > git config --get commit.template [1ms]
[2022-10-28T00:32:12.650Z] > git ls-files --stage -- /home/lrb96/pandas_ejercicios/df.py [10ms]
[2022-10-28T00:32:12.666Z] > git show --textconv :pandas_ejercicios/df.py [7ms]
[2022-10-28T00:32:12.712Z] > git status -z -uall [85ms]
[2022-10-28T00:32:12.717Z] > git symbolic-ref --short HEAD [1ms]
[2022-10-28T00:32:12.721Z] > git for-each-ref --format=%(refname)%00%(upstream:short)%00%(objectname)%00%(upstream:track)%00%(upstream:remotename)%00%(upstream:remoteref) refs/heads/master refs/remotes/master [1ms]
[2022-10-28T00:32:12.727Z] > git remote --verbose [1ms]
[2022-10-28T00:32:12.727Z] > git for-each-ref --sort -committerdate --format %(refname) %(objectname) %(*objectname) [3ms]
[2022-10-28T00:32:12.735Z] > git config --get commit.template [1ms]
