[Info  - 6:46:12 PM] (382) Pylance language server 2022.10.40 (pyright 24992a73) starting
[Info  - 6:46:12 PM] (382) Server root directory: /home/lrb96/.vscode-server/extensions/ms-python.vscode-pylance-2022.10.40/dist
[Info  - 6:46:12 PM] (382) Starting service instance "pandas_ejercicios"
[Info  - 6:46:12 PM] (382) Notebook support: LSP
[Info  - 6:46:12 PM] (382) Interactive window support: LSP
[Info  - 6:46:12 PM] (382) No configuration file found.
[Info  - 6:46:12 PM] (382) No pyproject.toml file found.
[Info  - 6:46:12 PM] (382) Setting pythonPath for service "pandas_ejercicios": "/usr/bin/python3.9"
[Warn  - 6:46:12 PM] (382) stubPath /home/lrb96/pandas_ejercicios/typings is not a valid directory.
[Info  - 6:46:12 PM] (382) Assuming Python version 3.9
[Info  - 6:46:12 PM] (382) Assuming Python platform Linux
[Info  - 6:46:12 PM] (382) Searching for source files
[Info  - 6:46:12 PM] (382) Found 1 source file
[Info  - 6:46:12 PM] (382) Background analysis(1) root directory: /home/lrb96/.vscode-server/extensions/ms-python.vscode-pylance-2022.10.40/dist
[Info  - 6:46:12 PM] (382) Background analysis(1) started
[Info  - 6:46:12 PM] (382) Indexer background runner(2) root directory: /home/lrb96/.vscode-server/extensions/ms-python.vscode-pylance-2022.10.40/dist (index)
[Info  - 6:46:12 PM] (382) Indexing(2) started
[Info  - 6:46:13 PM] (382) Indexer done(2). indexed 480 files
[Info  - 6:46:15 PM] (382) Searching for source files
[Info  - 6:46:15 PM] (382) Found 2 source files
