[2022-10-21T20:17:24.606Z] Nivel de registro: Info
[2022-10-21T20:17:24.612Z] [info] La validación encontró Git en: git
[2022-10-21T20:17:24.844Z] [info] Usando GIT 2.25.1 desde git
[2022-10-21T20:17:24.897Z] > git rev-parse --show-toplevel [44ms]
[2022-10-21T20:17:24.930Z] > git rev-parse --git-dir --git-common-dir [25ms]
[2022-10-21T20:17:24.934Z] [info] Open repository: /home/lrb96
[2022-10-21T20:17:24.956Z] > git rev-parse --show-toplevel [11ms]
[2022-10-21T20:17:24.965Z] > git rev-parse --show-toplevel [2ms]
[2022-10-21T20:17:24.974Z] > git rev-parse --show-toplevel [3ms]
[2022-10-21T20:17:24.982Z] > git rev-parse --show-toplevel [2ms]
[2022-10-21T20:17:24.990Z] > git rev-parse --show-toplevel [3ms]
[2022-10-21T20:17:24.997Z] > git rev-parse --show-toplevel [1ms]
[2022-10-21T20:17:25.403Z] > git show --textconv :ejercicios_python/listas_tuplas/ejercicio7.py [6ms]
[2022-10-21T20:17:25.428Z] > git ls-files --stage -- /home/lrb96/ejercicios_python/listas_tuplas/ejercicio7.py [25ms]
[2022-10-21T20:17:25.523Z] > git check-ignore -v -z --stdin [40ms]
[2022-10-21T20:17:25.755Z] > git status -z -uall [815ms]
[2022-10-21T20:18:48.114Z] > git symbolic-ref --short HEAD [0ms]
[2022-10-21T20:18:48.119Z] > git for-each-ref --format=%(refname)%00%(upstream:short)%00%(objectname)%00%(upstream:track)%00%(upstream:remotename)%00%(upstream:remoteref) refs/heads/master refs/remotes/master [2ms]
[2022-10-21T20:18:48.126Z] > git remote --verbose [1ms]
[2022-10-21T20:18:48.126Z] > git for-each-ref --sort -committerdate --format %(refname) %(objectname) %(*objectname) [4ms]
[2022-10-21T20:18:49.123Z] > git config --get commit.template [15ms]
[2022-10-21T20:18:49.251Z] > git status -z -uall [109ms]
[2022-10-21T20:18:49.251Z] > git symbolic-ref --short HEAD [1ms]
[2022-10-21T20:18:49.257Z] > git for-each-ref --format=%(refname)%00%(upstream:short)%00%(objectname)%00%(upstream:track)%00%(upstream:remotename)%00%(upstream:remoteref) refs/heads/master refs/remotes/master [1ms]
[2022-10-21T20:18:49.270Z] > git remote --verbose [1ms]
[2022-10-21T20:18:49.270Z] > git for-each-ref --sort -committerdate --format %(refname) %(objectname) %(*objectname) [7ms]
[2022-10-21T20:18:49.383Z] > git config --get commit.template [6ms]
[2022-10-21T20:18:50.461Z] > git fetch [1328ms]
[2022-10-21T20:18:50.581Z] > git status -z -uall [110ms]
[2022-10-21T20:18:50.582Z] > git symbolic-ref --short HEAD [1ms]
[2022-10-21T20:18:50.588Z] > git for-each-ref --format=%(refname)%00%(upstream:short)%00%(objectname)%00%(upstream:track)%00%(upstream:remotename)%00%(upstream:remoteref) refs/heads/master refs/remotes/master [1ms]
[2022-10-21T20:18:50.600Z] > git remote --verbose [1ms]
[2022-10-21T20:18:50.600Z] > git for-each-ref --sort -committerdate --format %(refname) %(objectname) %(*objectname) [5ms]
[2022-10-21T20:18:50.716Z] > git config --get commit.template [4ms]
[2022-10-21T20:18:52.143Z] > git show --textconv :ejercicios_python/listas_tuplas/ejercicio7.py [6ms]
[2022-10-21T20:18:52.147Z] > git ls-files --stage -- /home/lrb96/ejercicios_python/listas_tuplas/ejercicio7.py [5ms]
[2022-10-21T20:18:53.544Z] > git show --textconv :ejercicios_python/listas_tuplas/ejercicio6.py [7ms]
[2022-10-21T20:18:53.547Z] > git ls-files --stage -- /home/lrb96/ejercicios_python/listas_tuplas/ejercicio6.py [3ms]
[2022-10-21T20:18:54.243Z] > git show --textconv :ejercicios_python/listas_tuplas/ejercicio3.py [7ms]
[2022-10-21T20:18:54.246Z] > git ls-files --stage -- /home/lrb96/ejercicios_python/listas_tuplas/ejercicio3.py [4ms]
[2022-10-21T20:18:54.251Z] > git cat-file -s e69de29bb2d1d6434b8b29ae775ad8c2e48c5391 [1ms]
[2022-10-21T20:18:55.032Z] > git show --textconv :ejercicios_python/listas_tuplas/ejercicio2.py [6ms]
[2022-10-21T20:18:55.035Z] > git ls-files --stage -- /home/lrb96/ejercicios_python/listas_tuplas/ejercicio2.py [3ms]
[2022-10-21T20:18:55.041Z] > git cat-file -s e69de29bb2d1d6434b8b29ae775ad8c2e48c5391 [0ms]
[2022-10-21T20:18:55.753Z] > git show --textconv :ejercicios_python/listas_tuplas/ejercicio3.py [5ms]
[2022-10-21T20:18:55.756Z] > git ls-files --stage -- /home/lrb96/ejercicios_python/listas_tuplas/ejercicio3.py [3ms]
[2022-10-21T20:18:55.762Z] > git cat-file -s e69de29bb2d1d6434b8b29ae775ad8c2e48c5391 [1ms]
[2022-10-21T20:18:56.237Z] > git show --textconv :ejercicios_python/listas_tuplas/ejercicio2.py [5ms]
[2022-10-21T20:18:56.240Z] > git ls-files --stage -- /home/lrb96/ejercicios_python/listas_tuplas/ejercicio2.py [4ms]
[2022-10-21T20:18:56.245Z] > git cat-file -s e69de29bb2d1d6434b8b29ae775ad8c2e48c5391 [1ms]
[2022-10-21T20:37:48.316Z] > git fetch [1234ms]
[2022-10-21T20:37:48.407Z] > git status -z -uall [88ms]
[2022-10-21T20:37:48.407Z] > git symbolic-ref --short HEAD [1ms]
[2022-10-21T20:37:48.411Z] > git for-each-ref --format=%(refname)%00%(upstream:short)%00%(objectname)%00%(upstream:track)%00%(upstream:remotename)%00%(upstream:remoteref) refs/heads/master refs/remotes/master [1ms]
[2022-10-21T20:37:48.418Z] > git for-each-ref --sort -committerdate --format %(refname) %(objectname) %(*objectname) [4ms]
[2022-10-21T20:37:48.419Z] > git remote --verbose [2ms]
[2022-10-21T20:37:49.534Z] > git config --get commit.template [20ms]
[2022-10-21T20:37:49.736Z] > git ls-files --stage -- /home/lrb96/ejercicios_python/listas_tuplas/ejercicio2.py [4ms]
[2022-10-21T20:37:49.741Z] > git cat-file -s e69de29bb2d1d6434b8b29ae775ad8c2e48c5391 [1ms]
[2022-10-21T20:37:49.754Z] > git show --textconv :ejercicios_python/listas_tuplas/ejercicio2.py [4ms]
[2022-10-21T20:39:06.290Z] > git show --textconv :ejercicios_python/listas_tuplas/ejercicio3.py [5ms]
[2022-10-21T20:39:06.293Z] > git ls-files --stage -- /home/lrb96/ejercicios_python/listas_tuplas/ejercicio3.py [3ms]
[2022-10-21T20:39:06.298Z] > git cat-file -s e69de29bb2d1d6434b8b29ae775ad8c2e48c5391 [0ms]
[2022-10-21T20:39:06.520Z] > git show --textconv :ejercicios_python/listas_tuplas/ejercicio4.py [5ms]
[2022-10-21T20:39:06.524Z] > git ls-files --stage -- /home/lrb96/ejercicios_python/listas_tuplas/ejercicio4.py [4ms]
[2022-10-21T20:39:06.529Z] > git cat-file -s e69de29bb2d1d6434b8b29ae775ad8c2e48c5391 [1ms]
[2022-10-21T20:39:07.236Z] > git show --textconv :ejercicios_python/listas_tuplas/ejercicio2.py [6ms]
[2022-10-21T20:39:07.239Z] > git ls-files --stage -- /home/lrb96/ejercicios_python/listas_tuplas/ejercicio2.py [4ms]
[2022-10-21T20:39:07.244Z] > git cat-file -s e69de29bb2d1d6434b8b29ae775ad8c2e48c5391 [1ms]
[2022-10-21T20:39:07.475Z] > git show --textconv :ejercicios_python/listas_tuplas/ejercicio3.py [5ms]
[2022-10-21T20:39:07.478Z] > git ls-files --stage -- /home/lrb96/ejercicios_python/listas_tuplas/ejercicio3.py [4ms]
[2022-10-21T20:39:07.483Z] > git cat-file -s e69de29bb2d1d6434b8b29ae775ad8c2e48c5391 [1ms]
[2022-10-21T20:40:50.736Z] > git ls-files --stage -- /home/lrb96/ejercicios_python/listas_tuplas/ejercicio3.py [3ms]
[2022-10-21T20:40:50.741Z] > git cat-file -s e69de29bb2d1d6434b8b29ae775ad8c2e48c5391 [0ms]
[2022-10-21T20:40:50.753Z] > git show --textconv :ejercicios_python/listas_tuplas/ejercicio3.py [3ms]
[2022-10-21T20:40:50.932Z] > git fetch [1392ms]
[2022-10-21T20:40:51.023Z] > git status -z -uall [86ms]
[2022-10-21T20:40:51.023Z] > git symbolic-ref --short HEAD [3ms]
[2022-10-21T20:40:51.028Z] > git for-each-ref --format=%(refname)%00%(upstream:short)%00%(objectname)%00%(upstream:track)%00%(upstream:remotename)%00%(upstream:remoteref) refs/heads/master refs/remotes/master [0ms]
[2022-10-21T20:40:51.036Z] > git remote --verbose [1ms]
[2022-10-21T20:40:51.036Z] > git for-each-ref --sort -committerdate --format %(refname) %(objectname) %(*objectname) [4ms]
[2022-10-21T20:40:51.133Z] > git config --get commit.template [2ms]
[2022-10-21T20:40:52.287Z] > git ls-files --stage -- /home/lrb96/ejercicios_python/listas_tuplas/ejercicio3.py [3ms]
[2022-10-21T20:40:52.292Z] > git cat-file -s e69de29bb2d1d6434b8b29ae775ad8c2e48c5391 [1ms]
[2022-10-21T20:40:52.306Z] > git show --textconv :ejercicios_python/listas_tuplas/ejercicio3.py [3ms]
[2022-10-21T20:43:52.332Z] > git ls-files --stage -- /home/lrb96/ejercicios_python/listas_tuplas/ejercicio3.py [4ms]
[2022-10-21T20:43:52.337Z] > git cat-file -s e69de29bb2d1d6434b8b29ae775ad8c2e48c5391 [1ms]
[2022-10-21T20:43:52.350Z] > git show --textconv :ejercicios_python/listas_tuplas/ejercicio3.py [4ms]
[2022-10-21T20:43:52.387Z] > git fetch [1249ms]
[2022-10-21T20:43:52.473Z] > git status -z -uall [82ms]
[2022-10-21T20:43:52.473Z] > git symbolic-ref --short HEAD [0ms]
[2022-10-21T20:43:52.478Z] > git for-each-ref --format=%(refname)%00%(upstream:short)%00%(objectname)%00%(upstream:track)%00%(upstream:remotename)%00%(upstream:remoteref) refs/heads/master refs/remotes/master [0ms]
[2022-10-21T20:43:52.485Z] > git remote --verbose [0ms]
[2022-10-21T20:43:52.486Z] > git for-each-ref --sort -committerdate --format %(refname) %(objectname) %(*objectname) [4ms]
[2022-10-21T20:43:52.592Z] > git config --get commit.template [8ms]
[2022-10-21T20:43:53.751Z] > git ls-files --stage -- /home/lrb96/ejercicios_python/listas_tuplas/ejercicio3.py [4ms]
[2022-10-21T20:43:53.757Z] > git cat-file -s e69de29bb2d1d6434b8b29ae775ad8c2e48c5391 [1ms]
[2022-10-21T20:43:53.769Z] > git show --textconv :ejercicios_python/listas_tuplas/ejercicio3.py [3ms]
[2022-10-21T20:46:53.785Z] > git ls-files --stage -- /home/lrb96/ejercicios_python/listas_tuplas/ejercicio3.py [4ms]
[2022-10-21T20:46:53.790Z] > git cat-file -s e69de29bb2d1d6434b8b29ae775ad8c2e48c5391 [1ms]
[2022-10-21T20:46:53.802Z] > git show --textconv :ejercicios_python/listas_tuplas/ejercicio3.py [3ms]
[2022-10-21T20:46:53.823Z] > git fetch [1226ms]
[2022-10-21T20:46:53.911Z] > git status -z -uall [84ms]
[2022-10-21T20:46:53.911Z] > git symbolic-ref --short HEAD [1ms]
[2022-10-21T20:46:53.919Z] > git for-each-ref --format=%(refname)%00%(upstream:short)%00%(objectname)%00%(upstream:track)%00%(upstream:remotename)%00%(upstream:remoteref) refs/heads/master refs/remotes/master [2ms]
[2022-10-21T20:46:53.933Z] > git remote --verbose [2ms]
[2022-10-21T20:46:53.934Z] > git for-each-ref --sort -committerdate --format %(refname) %(objectname) %(*objectname) [8ms]
[2022-10-21T20:46:54.066Z] > git config --get commit.template [4ms]
[2022-10-21T20:46:55.198Z] > git ls-files --stage -- /home/lrb96/ejercicios_python/listas_tuplas/ejercicio3.py [4ms]
[2022-10-21T20:46:55.204Z] > git cat-file -s e69de29bb2d1d6434b8b29ae775ad8c2e48c5391 [0ms]
[2022-10-21T20:46:55.221Z] > git show --textconv :ejercicios_python/listas_tuplas/ejercicio3.py [4ms]
[2022-10-21T20:47:33.472Z] > git show --textconv :ejercicios_python/listas_tuplas/ejercicio2.py [6ms]
[2022-10-21T20:47:33.475Z] > git ls-files --stage -- /home/lrb96/ejercicios_python/listas_tuplas/ejercicio2.py [4ms]
[2022-10-21T20:47:33.479Z] > git cat-file -s e69de29bb2d1d6434b8b29ae775ad8c2e48c5391 [1ms]
[2022-10-21T20:47:33.834Z] > git show --textconv :ejercicios_python/listas_tuplas/ejercicio3.py [5ms]
[2022-10-21T20:47:33.838Z] > git ls-files --stage -- /home/lrb96/ejercicios_python/listas_tuplas/ejercicio3.py [4ms]
[2022-10-21T20:47:33.842Z] > git cat-file -s e69de29bb2d1d6434b8b29ae775ad8c2e48c5391 [1ms]
[2022-10-21T20:47:34.121Z] > git show --textconv :ejercicios_python/listas_tuplas/ejercicio4.py [5ms]
[2022-10-21T20:47:34.124Z] > git ls-files --stage -- /home/lrb96/ejercicios_python/listas_tuplas/ejercicio4.py [4ms]
[2022-10-21T20:47:34.128Z] > git cat-file -s e69de29bb2d1d6434b8b29ae775ad8c2e48c5391 [0ms]
[2022-10-21T20:49:55.296Z] > git fetch [1225ms]
[2022-10-21T20:49:55.380Z] > git status -z -uall [80ms]
[2022-10-21T20:49:55.380Z] > git symbolic-ref --short HEAD [0ms]
[2022-10-21T20:49:55.385Z] > git for-each-ref --format=%(refname)%00%(upstream:short)%00%(objectname)%00%(upstream:track)%00%(upstream:remotename)%00%(upstream:remoteref) refs/heads/master refs/remotes/master [1ms]
[2022-10-21T20:49:55.392Z] > git remote --verbose [1ms]
[2022-10-21T20:49:55.393Z] > git for-each-ref --sort -committerdate --format %(refname) %(objectname) %(*objectname) [5ms]
[2022-10-21T20:49:55.503Z] > git config --get commit.template [7ms]
[2022-10-21T20:49:56.665Z] > git ls-files --stage -- /home/lrb96/ejercicios_python/listas_tuplas/ejercicio4.py [3ms]
[2022-10-21T20:49:56.674Z] > git cat-file -s e69de29bb2d1d6434b8b29ae775ad8c2e48c5391 [1ms]
[2022-10-21T20:49:56.704Z] > git show --textconv :ejercicios_python/listas_tuplas/ejercicio4.py [4ms]
[2022-10-21T20:53:02.474Z] > git fetch [1266ms]
[2022-10-21T20:53:02.563Z] > git status -z -uall [85ms]
[2022-10-21T20:53:02.563Z] > git symbolic-ref --short HEAD [0ms]
[2022-10-21T20:53:02.568Z] > git for-each-ref --format=%(refname)%00%(upstream:short)%00%(objectname)%00%(upstream:track)%00%(upstream:remotename)%00%(upstream:remoteref) refs/heads/master refs/remotes/master [1ms]
[2022-10-21T20:53:02.576Z] > git remote --verbose [1ms]
[2022-10-21T20:53:02.576Z] > git for-each-ref --sort -committerdate --format %(refname) %(objectname) %(*objectname) [4ms]
[2022-10-21T20:53:03.591Z] > git config --get commit.template [892ms]
[2022-10-21T20:53:04.301Z] > git ls-files --stage -- /home/lrb96/ejercicios_python/listas_tuplas/ejercicio4.py [5ms]
[2022-10-21T20:53:04.314Z] > git cat-file -s e69de29bb2d1d6434b8b29ae775ad8c2e48c5391 [1ms]
[2022-10-21T20:53:04.336Z] > git show --textconv :ejercicios_python/listas_tuplas/ejercicio4.py [4ms]
[2022-10-21T20:56:04.981Z] > git ls-files --stage -- /home/lrb96/ejercicios_python/listas_tuplas/ejercicio4.py [4ms]
[2022-10-21T20:56:04.986Z] > git cat-file -s e69de29bb2d1d6434b8b29ae775ad8c2e48c5391 [1ms]
[2022-10-21T20:56:05.000Z] > git show --textconv :ejercicios_python/listas_tuplas/ejercicio4.py [4ms]
[2022-10-21T20:56:05.053Z] > git fetch [1246ms]
[2022-10-21T20:56:05.144Z] > git status -z -uall [87ms]
[2022-10-21T20:56:05.144Z] > git symbolic-ref --short HEAD [1ms]
[2022-10-21T20:56:05.149Z] > git for-each-ref --format=%(refname)%00%(upstream:short)%00%(objectname)%00%(upstream:track)%00%(upstream:remotename)%00%(upstream:remoteref) refs/heads/master refs/remotes/master [1ms]
[2022-10-21T20:56:05.157Z] > git remote --verbose [1ms]
[2022-10-21T20:56:05.158Z] > git for-each-ref --sort -committerdate --format %(refname) %(objectname) %(*objectname) [5ms]
[2022-10-21T20:56:06.164Z] > git config --get commit.template [887ms]
[2022-10-21T20:56:06.374Z] > git ls-files --stage -- /home/lrb96/ejercicios_python/listas_tuplas/ejercicio4.py [3ms]
[2022-10-21T20:56:06.380Z] > git cat-file -s e69de29bb2d1d6434b8b29ae775ad8c2e48c5391 [0ms]
[2022-10-21T20:56:06.394Z] > git show --textconv :ejercicios_python/listas_tuplas/ejercicio4.py [4ms]
[2022-10-21T20:59:13.732Z] > git ls-files --stage -- /home/lrb96/ejercicios_python/listas_tuplas/ejercicio4.py [3ms]
[2022-10-21T20:59:13.738Z] > git cat-file -s e69de29bb2d1d6434b8b29ae775ad8c2e48c5391 [1ms]
[2022-10-21T20:59:13.752Z] > git show --textconv :ejercicios_python/listas_tuplas/ejercicio4.py [4ms]
[2022-10-21T20:59:13.779Z] > git fetch [1240ms]
[2022-10-21T20:59:13.869Z] > git status -z -uall [86ms]
[2022-10-21T20:59:13.869Z] > git symbolic-ref --short HEAD [1ms]
[2022-10-21T20:59:13.874Z] > git for-each-ref --format=%(refname)%00%(upstream:short)%00%(objectname)%00%(upstream:track)%00%(upstream:remotename)%00%(upstream:remoteref) refs/heads/master refs/remotes/master [1ms]
[2022-10-21T20:59:13.883Z] > git remote --verbose [2ms]
[2022-10-21T20:59:13.883Z] > git for-each-ref --sort -committerdate --format %(refname) %(objectname) %(*objectname) [5ms]
[2022-10-21T20:59:13.983Z] > git config --get commit.template [3ms]
[2022-10-21T20:59:15.122Z] > git ls-files --stage -- /home/lrb96/ejercicios_python/listas_tuplas/ejercicio4.py [4ms]
[2022-10-21T20:59:15.127Z] > git cat-file -s e69de29bb2d1d6434b8b29ae775ad8c2e48c5391 [1ms]
[2022-10-21T20:59:15.140Z] > git show --textconv :ejercicios_python/listas_tuplas/ejercicio4.py [4ms]
[2022-10-21T21:02:19.445Z] > git ls-files --stage -- /home/lrb96/ejercicios_python/listas_tuplas/ejercicio4.py [4ms]
[2022-10-21T21:02:19.450Z] > git cat-file -s e69de29bb2d1d6434b8b29ae775ad8c2e48c5391 [1ms]
[2022-10-21T21:02:19.464Z] > git show --textconv :ejercicios_python/listas_tuplas/ejercicio4.py [4ms]
[2022-10-21T21:02:19.519Z] > git fetch [1248ms]
[2022-10-21T21:02:19.610Z] > git status -z -uall [85ms]
[2022-10-21T21:02:19.610Z] > git symbolic-ref --short HEAD [3ms]
[2022-10-21T21:02:19.616Z] > git for-each-ref --format=%(refname)%00%(upstream:short)%00%(objectname)%00%(upstream:track)%00%(upstream:remotename)%00%(upstream:remoteref) refs/heads/master refs/remotes/master [1ms]
[2022-10-21T21:02:19.631Z] > git for-each-ref --sort -committerdate --format %(refname) %(objectname) %(*objectname) [8ms]
[2022-10-21T21:02:19.632Z] > git remote --verbose [2ms]
[2022-10-21T21:02:19.766Z] > git config --get commit.template [0ms]
[2022-10-21T21:02:20.885Z] > git ls-files --stage -- /home/lrb96/ejercicios_python/listas_tuplas/ejercicio4.py [4ms]
[2022-10-21T21:02:20.892Z] > git cat-file -s e69de29bb2d1d6434b8b29ae775ad8c2e48c5391 [1ms]
[2022-10-21T21:02:20.907Z] > git show --textconv :ejercicios_python/listas_tuplas/ejercicio4.py [4ms]
[2022-10-21T21:05:20.947Z] > git ls-files --stage -- /home/lrb96/ejercicios_python/listas_tuplas/ejercicio4.py [4ms]
[2022-10-21T21:05:20.952Z] > git cat-file -s e69de29bb2d1d6434b8b29ae775ad8c2e48c5391 [1ms]
[2022-10-21T21:05:20.965Z] > git show --textconv :ejercicios_python/listas_tuplas/ejercicio4.py [3ms]
[2022-10-21T21:05:21.005Z] > git fetch [1232ms]
[2022-10-21T21:05:21.092Z] > git status -z -uall [81ms]
[2022-10-21T21:05:21.092Z] > git symbolic-ref --short HEAD [1ms]
[2022-10-21T21:05:21.097Z] > git for-each-ref --format=%(refname)%00%(upstream:short)%00%(objectname)%00%(upstream:track)%00%(upstream:remotename)%00%(upstream:remoteref) refs/heads/master refs/remotes/master [1ms]
[2022-10-21T21:05:21.104Z] > git remote --verbose [0ms]
[2022-10-21T21:05:21.105Z] > git for-each-ref --sort -committerdate --format %(refname) %(objectname) %(*objectname) [5ms]
[2022-10-21T21:05:22.137Z] > git config --get commit.template [908ms]
[2022-10-21T21:05:22.378Z] > git ls-files --stage -- /home/lrb96/ejercicios_python/listas_tuplas/ejercicio4.py [3ms]
[2022-10-21T21:05:22.384Z] > git cat-file -s e69de29bb2d1d6434b8b29ae775ad8c2e48c5391 [0ms]
[2022-10-21T21:05:22.398Z] > git show --textconv :ejercicios_python/listas_tuplas/ejercicio4.py [4ms]
[2022-10-21T21:08:23.378Z] > git fetch [1234ms]
[2022-10-21T21:08:23.468Z] > git status -z -uall [86ms]
[2022-10-21T21:08:23.469Z] > git symbolic-ref --short HEAD [1ms]
[2022-10-21T21:08:23.473Z] > git for-each-ref --format=%(refname)%00%(upstream:short)%00%(objectname)%00%(upstream:track)%00%(upstream:remotename)%00%(upstream:remoteref) refs/heads/master refs/remotes/master [0ms]
[2022-10-21T21:08:23.480Z] > git remote --verbose [0ms]
[2022-10-21T21:08:23.481Z] > git for-each-ref --sort -committerdate --format %(refname) %(objectname) %(*objectname) [4ms]
[2022-10-21T21:08:23.589Z] > git config --get commit.template [1ms]
[2022-10-21T21:08:24.690Z] > git ls-files --stage -- /home/lrb96/ejercicios_python/listas_tuplas/ejercicio4.py [4ms]
[2022-10-21T21:08:24.697Z] > git cat-file -s e69de29bb2d1d6434b8b29ae775ad8c2e48c5391 [1ms]
[2022-10-21T21:08:24.708Z] > git show --textconv :ejercicios_python/listas_tuplas/ejercicio4.py [4ms]
[2022-10-21T21:11:24.767Z] > git ls-files --stage -- /home/lrb96/ejercicios_python/listas_tuplas/ejercicio4.py [4ms]
[2022-10-21T21:11:24.771Z] > git cat-file -s e69de29bb2d1d6434b8b29ae775ad8c2e48c5391 [1ms]
[2022-10-21T21:11:24.783Z] > git show --textconv :ejercicios_python/listas_tuplas/ejercicio4.py [4ms]
[2022-10-21T21:11:24.826Z] > git fetch [1231ms]
[2022-10-21T21:11:24.911Z] > git status -z -uall [81ms]
[2022-10-21T21:11:24.912Z] > git symbolic-ref --short HEAD [1ms]
[2022-10-21T21:11:24.916Z] > git for-each-ref --format=%(refname)%00%(upstream:short)%00%(objectname)%00%(upstream:track)%00%(upstream:remotename)%00%(upstream:remoteref) refs/heads/master refs/remotes/master [1ms]
[2022-10-21T21:11:24.924Z] > git remote --verbose [1ms]
[2022-10-21T21:11:24.924Z] > git for-each-ref --sort -committerdate --format %(refname) %(objectname) %(*objectname) [4ms]
[2022-10-21T21:11:25.921Z] > git config --get commit.template [876ms]
[2022-10-21T21:11:26.143Z] > git ls-files --stage -- /home/lrb96/ejercicios_python/listas_tuplas/ejercicio4.py [3ms]
[2022-10-21T21:11:26.150Z] > git cat-file -s e69de29bb2d1d6434b8b29ae775ad8c2e48c5391 [0ms]
[2022-10-21T21:11:26.164Z] > git show --textconv :ejercicios_python/listas_tuplas/ejercicio4.py [4ms]
[2022-10-21T21:14:27.125Z] > git ls-files --stage -- /home/lrb96/ejercicios_python/listas_tuplas/ejercicio4.py [4ms]
[2022-10-21T21:14:27.130Z] > git cat-file -s e69de29bb2d1d6434b8b29ae775ad8c2e48c5391 [1ms]
[2022-10-21T21:14:27.142Z] > git show --textconv :ejercicios_python/listas_tuplas/ejercicio4.py [3ms]
[2022-10-21T21:14:27.164Z] > git fetch [1236ms]
[2022-10-21T21:14:27.255Z] > git status -z -uall [86ms]
[2022-10-21T21:14:27.255Z] > git symbolic-ref --short HEAD [1ms]
[2022-10-21T21:14:27.260Z] > git for-each-ref --format=%(refname)%00%(upstream:short)%00%(objectname)%00%(upstream:track)%00%(upstream:remotename)%00%(upstream:remoteref) refs/heads/master refs/remotes/master [1ms]
[2022-10-21T21:14:27.271Z] > git remote --verbose [1ms]
[2022-10-21T21:14:27.271Z] > git for-each-ref --sort -committerdate --format %(refname) %(objectname) %(*objectname) [5ms]
[2022-10-21T21:14:27.372Z] > git config --get commit.template [3ms]
[2022-10-21T21:14:28.492Z] > git ls-files --stage -- /home/lrb96/ejercicios_python/listas_tuplas/ejercicio4.py [4ms]
[2022-10-21T21:14:28.498Z] > git cat-file -s e69de29bb2d1d6434b8b29ae775ad8c2e48c5391 [0ms]
[2022-10-21T21:14:28.511Z] > git show --textconv :ejercicios_python/listas_tuplas/ejercicio4.py [4ms]
[2022-10-21T21:17:37.085Z] > git ls-files --stage -- /home/lrb96/ejercicios_python/listas_tuplas/ejercicio4.py [4ms]
[2022-10-21T21:17:37.090Z] > git cat-file -s e69de29bb2d1d6434b8b29ae775ad8c2e48c5391 [1ms]
[2022-10-21T21:17:37.103Z] > git show --textconv :ejercicios_python/listas_tuplas/ejercicio4.py [4ms]
[2022-10-21T21:17:37.135Z] > git fetch [1231ms]
[2022-10-21T21:17:37.228Z] > git status -z -uall [88ms]
[2022-10-21T21:17:37.228Z] > git symbolic-ref --short HEAD [1ms]
[2022-10-21T21:17:37.233Z] > git for-each-ref --format=%(refname)%00%(upstream:short)%00%(objectname)%00%(upstream:track)%00%(upstream:remotename)%00%(upstream:remoteref) refs/heads/master refs/remotes/master [1ms]
[2022-10-21T21:17:37.241Z] > git remote --verbose [1ms]
[2022-10-21T21:17:37.241Z] > git for-each-ref --sort -committerdate --format %(refname) %(objectname) %(*objectname) [4ms]
[2022-10-21T21:17:37.338Z] > git config --get commit.template [3ms]
[2022-10-21T21:17:38.473Z] > git ls-files --stage -- /home/lrb96/ejercicios_python/listas_tuplas/ejercicio4.py [4ms]
[2022-10-21T21:17:38.479Z] > git cat-file -s e69de29bb2d1d6434b8b29ae775ad8c2e48c5391 [1ms]
[2022-10-21T21:17:38.494Z] > git show --textconv :ejercicios_python/listas_tuplas/ejercicio4.py [4ms]
[2022-10-21T21:22:19.235Z] > git fetch [1243ms]
[2022-10-21T21:22:19.332Z] > git status -z -uall [93ms]
[2022-10-21T21:22:19.333Z] > git symbolic-ref --short HEAD [2ms]
[2022-10-21T21:22:19.337Z] > git for-each-ref --format=%(refname)%00%(upstream:short)%00%(objectname)%00%(upstream:track)%00%(upstream:remotename)%00%(upstream:remoteref) refs/heads/master refs/remotes/master [0ms]
[2022-10-21T21:22:19.347Z] > git remote --verbose [1ms]
[2022-10-21T21:22:19.347Z] > git for-each-ref --sort -committerdate --format %(refname) %(objectname) %(*objectname) [5ms]
[2022-10-21T21:22:20.391Z] > git config --get commit.template [14ms]
[2022-10-21T21:22:30.984Z] > git ls-files --stage -- /home/lrb96/ejercicios_python/listas_tuplas/ejercicio4.py [4ms]
[2022-10-21T21:22:30.990Z] > git cat-file -s e69de29bb2d1d6434b8b29ae775ad8c2e48c5391 [1ms]
[2022-10-21T21:22:31.007Z] > git show --textconv :ejercicios_python/listas_tuplas/ejercicio4.py [5ms]
[2022-10-21T21:22:37.501Z] > git show --textconv :ejercicios_python/listas_tuplas/ejercicio5.py [5ms]
[2022-10-21T21:22:37.504Z] > git ls-files --stage -- /home/lrb96/ejercicios_python/listas_tuplas/ejercicio5.py [3ms]
[2022-10-21T21:22:37.509Z] > git cat-file -s e69de29bb2d1d6434b8b29ae775ad8c2e48c5391 [1ms]
[2022-10-21T21:24:34.065Z] > git show --textconv :ejercicios_python/listas_tuplas/ejercicio6.py [6ms]
[2022-10-21T21:24:34.068Z] > git ls-files --stage -- /home/lrb96/ejercicios_python/listas_tuplas/ejercicio6.py [4ms]
[2022-10-21T21:25:21.574Z] > git ls-files --stage -- /home/lrb96/ejercicios_python/listas_tuplas/ejercicio6.py [4ms]
[2022-10-21T21:25:21.587Z] > git show --textconv :ejercicios_python/listas_tuplas/ejercicio6.py [4ms]
[2022-10-21T21:25:21.633Z] > git fetch [1233ms]
[2022-10-21T21:25:21.721Z] > git status -z -uall [84ms]
[2022-10-21T21:25:21.721Z] > git symbolic-ref --short HEAD [1ms]
[2022-10-21T21:25:21.727Z] > git for-each-ref --format=%(refname)%00%(upstream:short)%00%(objectname)%00%(upstream:track)%00%(upstream:remotename)%00%(upstream:remoteref) refs/heads/master refs/remotes/master [1ms]
[2022-10-21T21:25:21.740Z] > git remote --verbose [1ms]
[2022-10-21T21:25:21.740Z] > git for-each-ref --sort -committerdate --format %(refname) %(objectname) %(*objectname) [6ms]
[2022-10-21T21:25:21.866Z] > git config --get commit.template [1ms]
[2022-10-21T21:25:22.998Z] > git ls-files --stage -- /home/lrb96/ejercicios_python/listas_tuplas/ejercicio6.py [5ms]
[2022-10-21T21:25:23.011Z] > git show --textconv :ejercicios_python/listas_tuplas/ejercicio6.py [4ms]
[2022-10-21T21:28:23.056Z] > git ls-files --stage -- /home/lrb96/ejercicios_python/listas_tuplas/ejercicio6.py [4ms]
[2022-10-21T21:28:23.069Z] > git show --textconv :ejercicios_python/listas_tuplas/ejercicio6.py [4ms]
[2022-10-21T21:28:23.094Z] > git fetch [1222ms]
[2022-10-21T21:28:23.184Z] > git status -z -uall [86ms]
[2022-10-21T21:28:23.184Z] > git symbolic-ref --short HEAD [0ms]
[2022-10-21T21:28:23.189Z] > git for-each-ref --format=%(refname)%00%(upstream:short)%00%(objectname)%00%(upstream:track)%00%(upstream:remotename)%00%(upstream:remoteref) refs/heads/master refs/remotes/master [1ms]
[2022-10-21T21:28:23.196Z] > git remote --verbose [1ms]
[2022-10-21T21:28:23.196Z] > git for-each-ref --sort -committerdate --format %(refname) %(objectname) %(*objectname) [4ms]
[2022-10-21T21:28:23.297Z] > git config --get commit.template [3ms]
[2022-10-21T21:28:24.408Z] > git ls-files --stage -- /home/lrb96/ejercicios_python/listas_tuplas/ejercicio6.py [4ms]
[2022-10-21T21:28:24.420Z] > git show --textconv :ejercicios_python/listas_tuplas/ejercicio6.py [3ms]
[2022-10-21T21:31:24.480Z] > git ls-files --stage -- /home/lrb96/ejercicios_python/listas_tuplas/ejercicio6.py [3ms]
[2022-10-21T21:31:24.494Z] > git show --textconv :ejercicios_python/listas_tuplas/ejercicio6.py [4ms]
[2022-10-21T21:31:24.552Z] > git fetch [1247ms]
[2022-10-21T21:31:24.641Z] > git status -z -uall [84ms]
[2022-10-21T21:31:24.641Z] > git symbolic-ref --short HEAD [4ms]
[2022-10-21T21:31:24.648Z] > git for-each-ref --format=%(refname)%00%(upstream:short)%00%(objectname)%00%(upstream:track)%00%(upstream:remotename)%00%(upstream:remoteref) refs/heads/master refs/remotes/master [1ms]
[2022-10-21T21:31:24.657Z] > git remote --verbose [1ms]
[2022-10-21T21:31:24.657Z] > git for-each-ref --sort -committerdate --format %(refname) %(objectname) %(*objectname) [5ms]
[2022-10-21T21:31:24.757Z] > git config --get commit.template [2ms]
[2022-10-21T21:31:25.901Z] > git ls-files --stage -- /home/lrb96/ejercicios_python/listas_tuplas/ejercicio6.py [3ms]
[2022-10-21T21:31:25.917Z] > git show --textconv :ejercicios_python/listas_tuplas/ejercicio6.py [5ms]
[2022-10-21T21:34:25.957Z] > git ls-files --stage -- /home/lrb96/ejercicios_python/listas_tuplas/ejercicio6.py [4ms]
[2022-10-21T21:34:25.969Z] > git show --textconv :ejercicios_python/listas_tuplas/ejercicio6.py [3ms]
[2022-10-21T21:34:25.992Z] > git fetch [1229ms]
[2022-10-21T21:34:26.080Z] > git status -z -uall [83ms]
[2022-10-21T21:34:26.081Z] > git symbolic-ref --short HEAD [1ms]
[2022-10-21T21:34:26.085Z] > git for-each-ref --format=%(refname)%00%(upstream:short)%00%(objectname)%00%(upstream:track)%00%(upstream:remotename)%00%(upstream:remoteref) refs/heads/master refs/remotes/master [0ms]
[2022-10-21T21:34:26.093Z] > git remote --verbose [1ms]
[2022-10-21T21:34:26.093Z] > git for-each-ref --sort -committerdate --format %(refname) %(objectname) %(*objectname) [4ms]
[2022-10-21T21:34:26.196Z] > git config --get commit.template [3ms]
[2022-10-21T21:34:27.347Z] > git ls-files --stage -- /home/lrb96/ejercicios_python/listas_tuplas/ejercicio6.py [4ms]
[2022-10-21T21:34:27.360Z] > git show --textconv :ejercicios_python/listas_tuplas/ejercicio6.py [4ms]
[2022-10-21T21:37:27.397Z] > git ls-files --stage -- /home/lrb96/ejercicios_python/listas_tuplas/ejercicio6.py [4ms]
[2022-10-21T21:37:27.409Z] > git show --textconv :ejercicios_python/listas_tuplas/ejercicio6.py [4ms]
[2022-10-21T21:37:27.442Z] > git fetch [1239ms]
[2022-10-21T21:37:27.528Z] > git status -z -uall [82ms]
[2022-10-21T21:37:27.529Z] > git symbolic-ref --short HEAD [2ms]
[2022-10-21T21:37:27.535Z] > git for-each-ref --format=%(refname)%00%(upstream:short)%00%(objectname)%00%(upstream:track)%00%(upstream:remotename)%00%(upstream:remoteref) refs/heads/master refs/remotes/master [1ms]
[2022-10-21T21:37:27.548Z] > git remote --verbose [1ms]
[2022-10-21T21:37:27.549Z] > git for-each-ref --sort -committerdate --format %(refname) %(objectname) %(*objectname) [7ms]
[2022-10-21T21:37:27.672Z] > git config --get commit.template [1ms]
[2022-10-21T21:37:28.766Z] > git ls-files --stage -- /home/lrb96/ejercicios_python/listas_tuplas/ejercicio6.py [4ms]
[2022-10-21T21:37:28.779Z] > git show --textconv :ejercicios_python/listas_tuplas/ejercicio6.py [4ms]
[2022-10-21T21:38:31.805Z] > git show --textconv :ejercicios_python/listas_tuplas/ejercicio7.py [5ms]
[2022-10-21T21:38:31.808Z] > git ls-files --stage -- /home/lrb96/ejercicios_python/listas_tuplas/ejercicio7.py [3ms]
[2022-10-21T21:39:08.963Z] > git show --textconv :ejercicios_python/listas_tuplas/ejercicio6.py [5ms]
[2022-10-21T21:39:08.966Z] > git ls-files --stage -- /home/lrb96/ejercicios_python/listas_tuplas/ejercicio6.py [3ms]
[2022-10-21T21:39:27.349Z] > git show --textconv :ejercicios_python/listas_tuplas/ejercicio7.py [5ms]
[2022-10-21T21:39:27.352Z] > git ls-files --stage -- /home/lrb96/ejercicios_python/listas_tuplas/ejercicio7.py [3ms]
[2022-10-21T21:39:44.002Z] > git show --textconv :ejercicios_python/listas_tuplas/ejercicio6.py [5ms]
[2022-10-21T21:39:44.005Z] > git ls-files --stage -- /home/lrb96/ejercicios_python/listas_tuplas/ejercicio6.py [3ms]
[2022-10-21T21:39:45.263Z] > git show --textconv :ejercicios_python/listas_tuplas/ejercicio7.py [5ms]
[2022-10-21T21:39:45.266Z] > git ls-files --stage -- /home/lrb96/ejercicios_python/listas_tuplas/ejercicio7.py [3ms]
[2022-10-21T21:40:28.873Z] > git ls-files --stage -- /home/lrb96/ejercicios_python/listas_tuplas/ejercicio7.py [4ms]
[2022-10-21T21:40:28.886Z] > git show --textconv :ejercicios_python/listas_tuplas/ejercicio7.py [3ms]
[2022-10-21T21:40:28.918Z] > git fetch [1240ms]
[2022-10-21T21:40:29.013Z] > git status -z -uall [90ms]
[2022-10-21T21:40:29.013Z] > git symbolic-ref --short HEAD [2ms]
[2022-10-21T21:40:29.020Z] > git for-each-ref --format=%(refname)%00%(upstream:short)%00%(objectname)%00%(upstream:track)%00%(upstream:remotename)%00%(upstream:remoteref) refs/heads/master refs/remotes/master [0ms]
[2022-10-21T21:40:29.033Z] > git remote --verbose [1ms]
[2022-10-21T21:40:29.034Z] > git for-each-ref --sort -committerdate --format %(refname) %(objectname) %(*objectname) [7ms]
[2022-10-21T21:40:29.132Z] > git config --get commit.template [3ms]
[2022-10-21T21:40:30.271Z] > git ls-files --stage -- /home/lrb96/ejercicios_python/listas_tuplas/ejercicio7.py [3ms]
[2022-10-21T21:40:30.285Z] > git show --textconv :ejercicios_python/listas_tuplas/ejercicio7.py [3ms]
[2022-10-21T21:45:46.880Z] > git ls-files --stage -- /home/lrb96/ejercicios_python/listas_tuplas/ejercicio7.py [4ms]
[2022-10-21T21:45:46.892Z] > git show --textconv :ejercicios_python/listas_tuplas/ejercicio7.py [3ms]
[2022-10-21T21:45:46.916Z] > git fetch [1231ms]
[2022-10-21T21:45:47.005Z] > git status -z -uall [84ms]
[2022-10-21T21:45:47.006Z] > git symbolic-ref --short HEAD [1ms]
[2022-10-21T21:45:47.010Z] > git for-each-ref --format=%(refname)%00%(upstream:short)%00%(objectname)%00%(upstream:track)%00%(upstream:remotename)%00%(upstream:remoteref) refs/heads/master refs/remotes/master [1ms]
[2022-10-21T21:45:47.019Z] > git remote --verbose [2ms]
[2022-10-21T21:45:47.019Z] > git for-each-ref --sort -committerdate --format %(refname) %(objectname) %(*objectname) [5ms]
[2022-10-21T21:45:47.116Z] > git config --get commit.template [1ms]
[2022-10-21T21:45:51.056Z] > git ls-files --stage -- /home/lrb96/ejercicios_python/listas_tuplas/ejercicio7.py [5ms]
[2022-10-21T21:45:51.075Z] > git show --textconv :ejercicios_python/listas_tuplas/ejercicio7.py [4ms]
[2022-10-21T21:58:04.627Z] > git ls-files --stage -- /home/lrb96/ejercicios_python/listas_tuplas/ejercicio7.py [3ms]
[2022-10-21T21:58:04.640Z] > git show --textconv :ejercicios_python/listas_tuplas/ejercicio7.py [3ms]
[2022-10-21T21:58:04.680Z] > git fetch [1233ms]
[2022-10-21T21:58:04.766Z] > git status -z -uall [82ms]
[2022-10-21T21:58:04.766Z] > git symbolic-ref --short HEAD [1ms]
[2022-10-21T21:58:04.771Z] > git for-each-ref --format=%(refname)%00%(upstream:short)%00%(objectname)%00%(upstream:track)%00%(upstream:remotename)%00%(upstream:remoteref) refs/heads/master refs/remotes/master [1ms]
[2022-10-21T21:58:04.778Z] > git remote --verbose [1ms]
[2022-10-21T21:58:04.778Z] > git for-each-ref --sort -committerdate --format %(refname) %(objectname) %(*objectname) [4ms]
[2022-10-21T21:58:04.896Z] > git config --get commit.template [12ms]
[2022-10-21T21:58:05.988Z] > git ls-files --stage -- /home/lrb96/ejercicios_python/listas_tuplas/ejercicio7.py [4ms]
[2022-10-21T21:58:06.001Z] > git show --textconv :ejercicios_python/listas_tuplas/ejercicio7.py [3ms]
