2022-11-17 19:51:31.018 [info] La validación encontró Git en: git
2022-11-17 19:51:31.018 [info] Usando GIT 2.25.1 desde git
2022-11-17 19:51:31.018 [info] > git rev-parse --show-toplevel [9ms]
2022-11-17 19:51:31.018 [info] > git rev-parse --git-dir --git-common-dir [4ms]
2022-11-17 19:51:31.018 [info] Log level: Info
2022-11-17 19:51:31.018 [info] Open repository: /home/lrb96
2022-11-17 19:51:31.018 [info] > git rev-parse --show-toplevel [7ms]
2022-11-17 19:51:31.018 [info] > git remote --verbose [18ms]
2022-11-17 19:51:31.018 [info] > git for-each-ref --sort -committerdate --format %(refname) %(objectname) %(*objectname) [22ms]
2022-11-17 19:51:31.018 [info] > git config --get commit.template [5ms]
2022-11-17 19:51:31.018 [info] > git for-each-ref --format=%(refname)%00%(upstream:short)%00%(objectname)%00%(upstream:track)%00%(upstream:remotename)%00%(upstream:remoteref) refs/heads/master refs/remotes/master [1ms]
2022-11-17 19:51:31.561 [info] > git status -z -uall [734ms]
2022-11-17 19:51:31.665 [info] > git check-ignore -v -z --stdin [134ms]
2022-11-17 19:51:31.667 [info] > git remote --verbose [11ms]
2022-11-17 19:51:31.669 [info] > git for-each-ref --sort -committerdate --format %(refname) %(objectname) %(*objectname) [16ms]
2022-11-17 19:51:31.671 [info] > git config --get commit.template [6ms]
2022-11-17 19:51:31.677 [info] > git for-each-ref --format=%(refname)%00%(upstream:short)%00%(objectname)%00%(upstream:track)%00%(upstream:remotename)%00%(upstream:remoteref) refs/heads/master refs/remotes/master [1ms]
2022-11-17 19:51:32.420 [info] > git status -z -uall [762ms]
2022-11-17 19:51:35.986 [info] > git config --local branch.master.github-pr-owner-number [60ms]
2022-11-17 19:51:51.658 [info] > git remote --verbose [10ms]
2022-11-17 19:51:51.658 [info] > git for-each-ref --sort -committerdate --format %(refname) %(objectname) %(*objectname) [15ms]
2022-11-17 19:51:51.659 [info] > git config --get commit.template [3ms]
2022-11-17 19:51:51.669 [info] > git for-each-ref --format=%(refname)%00%(upstream:short)%00%(objectname)%00%(upstream:track)%00%(upstream:remotename)%00%(upstream:remoteref) refs/heads/master refs/remotes/master [1ms]
2022-11-17 19:51:51.766 [info] > git status -z -uall [115ms] (cancelled)
2022-11-17 19:51:52.853 [info] > git fetch [1215ms]
2022-11-17 19:51:52.867 [info] > git remote --verbose [8ms]
2022-11-17 19:51:52.867 [info] > git for-each-ref --sort -committerdate --format %(refname) %(objectname) %(*objectname) [11ms]
2022-11-17 19:51:52.868 [info] > git config --get commit.template [2ms]
2022-11-17 19:51:52.876 [info] > git for-each-ref --format=%(refname)%00%(upstream:short)%00%(objectname)%00%(upstream:track)%00%(upstream:remotename)%00%(upstream:remoteref) refs/heads/master refs/remotes/master [1ms]
2022-11-17 19:51:52.969 [info] > git status -z -uall [107ms] (cancelled)
2022-11-17 19:51:58.071 [info] > git remote --verbose [10ms]
2022-11-17 19:51:58.072 [info] > git for-each-ref --sort -committerdate --format %(refname) %(objectname) %(*objectname) [14ms]
2022-11-17 19:51:58.072 [info] > git config --get commit.template [2ms]
2022-11-17 19:51:58.081 [info] > git for-each-ref --format=%(refname)%00%(upstream:short)%00%(objectname)%00%(upstream:track)%00%(upstream:remotename)%00%(upstream:remoteref) refs/heads/master refs/remotes/master [1ms]
2022-11-17 19:51:58.230 [info] > git status -z -uall [166ms] (cancelled)
2022-11-17 19:53:15.886 [info] > git check-ignore -v -z --stdin [15ms]
