[2022-11-01T18:59:49.366Z] Nivel de registro: Info
[2022-11-01T18:59:49.373Z] [info] La validación encontró Git en: git
[2022-11-01T18:59:49.679Z] [info] Usando GIT 2.25.1 desde git
[2022-11-01T18:59:49.723Z] > git rev-parse --show-toplevel [34ms]
[2022-11-01T18:59:49.739Z] > git rev-parse --git-dir --git-common-dir [9ms]
[2022-11-01T18:59:49.744Z] [info] Open repository: /home/lrb96
[2022-11-01T18:59:49.758Z] > git rev-parse --show-toplevel [1ms]
[2022-11-01T18:59:49.766Z] > git rev-parse --show-toplevel [1ms]
[2022-11-01T18:59:49.781Z] > git rev-parse --show-toplevel [7ms]
[2022-11-01T18:59:49.789Z] > git rev-parse --show-toplevel [1ms]
[2022-11-01T18:59:50.339Z] > git check-ignore -v -z --stdin [30ms]
[2022-11-01T18:59:50.340Z] > git show --textconv :pandas_ejercicios/df.py [22ms]
[2022-11-01T18:59:50.342Z] > git ls-files --stage -- /home/lrb96/pandas_ejercicios/df.py [13ms]
[2022-11-01T18:59:50.351Z] > git cat-file -s 2bc8428b502ef172248334360d99ec0ad3205269 [2ms]
[2022-11-01T18:59:50.534Z] > git status -z -uall [784ms]
[2022-11-01T18:59:50.552Z] > git symbolic-ref --short HEAD [11ms]
[2022-11-01T18:59:50.563Z] > git for-each-ref --format=%(refname)%00%(upstream:short)%00%(objectname)%00%(upstream:track)%00%(upstream:remotename)%00%(upstream:remoteref) refs/heads/master refs/remotes/master [4ms]
[2022-11-01T18:59:50.588Z] > git remote --verbose [12ms]
[2022-11-01T18:59:50.589Z] > git for-each-ref --sort -committerdate --format %(refname) %(objectname) %(*objectname) [19ms]
[2022-11-01T18:59:50.604Z] > git config --get commit.template [3ms]
[2022-11-01T18:59:50.753Z] > git status -z -uall [139ms]
[2022-11-01T18:59:50.761Z] > git symbolic-ref --short HEAD [1ms]
[2022-11-01T18:59:50.769Z] > git for-each-ref --format=%(refname)%00%(upstream:short)%00%(objectname)%00%(upstream:track)%00%(upstream:remotename)%00%(upstream:remoteref) refs/heads/master refs/remotes/master [1ms]
[2022-11-01T18:59:50.782Z] > git remote --verbose [1ms]
[2022-11-01T18:59:50.782Z] > git for-each-ref --sort -committerdate --format %(refname) %(objectname) %(*objectname) [7ms]
[2022-11-01T18:59:50.793Z] > git config --get commit.template [1ms]
[2022-11-01T18:59:51.977Z] > git config --local branch.master.github-pr-owner-number [74ms]
[2022-11-01T18:59:56.303Z] > git ls-files --stage -- /home/lrb96/pandas_ejercicios/df.py [8ms]
[2022-11-01T18:59:56.307Z] > git cat-file -s 2bc8428b502ef172248334360d99ec0ad3205269 [0ms]
[2022-11-01T18:59:56.324Z] > git show --textconv :pandas_ejercicios/df.py [7ms]
[2022-11-01T18:59:56.385Z] > git fetch [1268ms]
[2022-11-01T18:59:56.470Z] > git status -z -uall [81ms]
[2022-11-01T18:59:56.475Z] > git symbolic-ref --short HEAD [0ms]
[2022-11-01T18:59:56.480Z] > git for-each-ref --format=%(refname)%00%(upstream:short)%00%(objectname)%00%(upstream:track)%00%(upstream:remotename)%00%(upstream:remoteref) refs/heads/master refs/remotes/master [0ms]
[2022-11-01T18:59:56.489Z] > git remote --verbose [1ms]
[2022-11-01T18:59:56.490Z] > git for-each-ref --sort -committerdate --format %(refname) %(objectname) %(*objectname) [6ms]
[2022-11-01T18:59:56.496Z] > git config --get commit.template [0ms]
[2022-11-01T18:59:56.582Z] > git status -z -uall [81ms]
[2022-11-01T18:59:56.587Z] > git symbolic-ref --short HEAD [1ms]
[2022-11-01T18:59:56.594Z] > git for-each-ref --format=%(refname)%00%(upstream:short)%00%(objectname)%00%(upstream:track)%00%(upstream:remotename)%00%(upstream:remoteref) refs/heads/master refs/remotes/master [3ms]
[2022-11-01T18:59:56.602Z] > git remote --verbose [1ms]
[2022-11-01T18:59:56.602Z] > git for-each-ref --sort -committerdate --format %(refname) %(objectname) %(*objectname) [4ms]
[2022-11-01T18:59:56.608Z] > git config --get commit.template [0ms]
[2022-11-01T18:59:57.496Z] > git ls-files --stage -- /home/lrb96/pandas_ejercicios/df.py [7ms]
[2022-11-01T18:59:57.501Z] > git cat-file -s 2bc8428b502ef172248334360d99ec0ad3205269 [1ms]
[2022-11-01T18:59:57.517Z] > git show --textconv :pandas_ejercicios/df.py [7ms]
[2022-11-01T19:00:01.695Z] > git status -z -uall [81ms]
[2022-11-01T19:00:01.699Z] > git symbolic-ref --short HEAD [0ms]
[2022-11-01T19:00:01.704Z] > git for-each-ref --format=%(refname)%00%(upstream:short)%00%(objectname)%00%(upstream:track)%00%(upstream:remotename)%00%(upstream:remoteref) refs/heads/master refs/remotes/master [1ms]
[2022-11-01T19:00:01.711Z] > git remote --verbose [0ms]
[2022-11-01T19:00:01.711Z] > git for-each-ref --sort -committerdate --format %(refname) %(objectname) %(*objectname) [4ms]
[2022-11-01T19:00:01.717Z] > git config --get commit.template [0ms]
[2022-11-01T19:00:09.060Z] > git status -z -uall [81ms]
[2022-11-01T19:00:09.065Z] > git symbolic-ref --short HEAD [1ms]
[2022-11-01T19:00:09.069Z] > git for-each-ref --format=%(refname)%00%(upstream:short)%00%(objectname)%00%(upstream:track)%00%(upstream:remotename)%00%(upstream:remoteref) refs/heads/master refs/remotes/master [0ms]
[2022-11-01T19:00:09.077Z] > git remote --verbose [1ms]
[2022-11-01T19:00:09.077Z] > git for-each-ref --sort -committerdate --format %(refname) %(objectname) %(*objectname) [4ms]
[2022-11-01T19:00:09.083Z] > git config --get commit.template [0ms]
[2022-11-01T19:00:14.164Z] > git status -z -uall [76ms]
[2022-11-01T19:00:14.169Z] > git symbolic-ref --short HEAD [1ms]
[2022-11-01T19:00:14.173Z] > git for-each-ref --format=%(refname)%00%(upstream:short)%00%(objectname)%00%(upstream:track)%00%(upstream:remotename)%00%(upstream:remoteref) refs/heads/master refs/remotes/master [1ms]
[2022-11-01T19:00:14.179Z] > git remote --verbose [0ms]
[2022-11-01T19:00:14.180Z] > git for-each-ref --sort -committerdate --format %(refname) %(objectname) %(*objectname) [4ms]
[2022-11-01T19:00:14.186Z] > git config --get commit.template [1ms]
[2022-11-01T19:00:19.270Z] > git status -z -uall [78ms]
[2022-11-01T19:00:19.274Z] > git symbolic-ref --short HEAD [0ms]
[2022-11-01T19:00:19.279Z] > git for-each-ref --format=%(refname)%00%(upstream:short)%00%(objectname)%00%(upstream:track)%00%(upstream:remotename)%00%(upstream:remoteref) refs/heads/master refs/remotes/master [1ms]
[2022-11-01T19:00:19.290Z] > git remote --verbose [1ms]
[2022-11-01T19:00:19.291Z] > git for-each-ref --sort -committerdate --format %(refname) %(objectname) %(*objectname) [6ms]
[2022-11-01T19:00:19.298Z] > git config --get commit.template [0ms]
[2022-11-01T19:00:24.387Z] > git status -z -uall [83ms]
[2022-11-01T19:00:24.392Z] > git symbolic-ref --short HEAD [1ms]
[2022-11-01T19:00:24.397Z] > git for-each-ref --format=%(refname)%00%(upstream:short)%00%(objectname)%00%(upstream:track)%00%(upstream:remotename)%00%(upstream:remoteref) refs/heads/master refs/remotes/master [1ms]
[2022-11-01T19:00:24.407Z] > git remote --verbose [1ms]
[2022-11-01T19:00:24.408Z] > git for-each-ref --sort -committerdate --format %(refname) %(objectname) %(*objectname) [6ms]
[2022-11-01T19:00:24.414Z] > git config --get commit.template [0ms]
[2022-11-01T19:00:29.500Z] > git status -z -uall [80ms]
[2022-11-01T19:00:29.504Z] > git symbolic-ref --short HEAD [0ms]
[2022-11-01T19:00:29.509Z] > git for-each-ref --format=%(refname)%00%(upstream:short)%00%(objectname)%00%(upstream:track)%00%(upstream:remotename)%00%(upstream:remoteref) refs/heads/master refs/remotes/master [1ms]
[2022-11-01T19:00:29.515Z] > git remote --verbose [1ms]
[2022-11-01T19:00:29.515Z] > git for-each-ref --sort -committerdate --format %(refname) %(objectname) %(*objectname) [3ms]
[2022-11-01T19:00:29.522Z] > git config --get commit.template [1ms]
[2022-11-01T19:00:35.151Z] > git status -z -uall [81ms]
[2022-11-01T19:00:35.155Z] > git symbolic-ref --short HEAD [0ms]
[2022-11-01T19:00:35.160Z] > git for-each-ref --format=%(refname)%00%(upstream:short)%00%(objectname)%00%(upstream:track)%00%(upstream:remotename)%00%(upstream:remoteref) refs/heads/master refs/remotes/master [0ms]
[2022-11-01T19:00:35.167Z] > git remote --verbose [1ms]
[2022-11-01T19:00:35.167Z] > git for-each-ref --sort -committerdate --format %(refname) %(objectname) %(*objectname) [4ms]
[2022-11-01T19:00:35.172Z] > git config --get commit.template [0ms]
[2022-11-01T19:00:40.265Z] > git status -z -uall [87ms]
[2022-11-01T19:00:40.270Z] > git symbolic-ref --short HEAD [0ms]
[2022-11-01T19:00:40.275Z] > git for-each-ref --format=%(refname)%00%(upstream:short)%00%(objectname)%00%(upstream:track)%00%(upstream:remotename)%00%(upstream:remoteref) refs/heads/master refs/remotes/master [1ms]
[2022-11-01T19:00:40.284Z] > git remote --verbose [1ms]
[2022-11-01T19:00:40.284Z] > git for-each-ref --sort -committerdate --format %(refname) %(objectname) %(*objectname) [5ms]
[2022-11-01T19:00:40.291Z] > git config --get commit.template [1ms]
[2022-11-01T19:00:45.376Z] > git status -z -uall [80ms]
[2022-11-01T19:00:45.380Z] > git symbolic-ref --short HEAD [0ms]
[2022-11-01T19:00:45.385Z] > git for-each-ref --format=%(refname)%00%(upstream:short)%00%(objectname)%00%(upstream:track)%00%(upstream:remotename)%00%(upstream:remoteref) refs/heads/master refs/remotes/master [1ms]
[2022-11-01T19:00:45.391Z] > git remote --verbose [0ms]
[2022-11-01T19:00:45.392Z] > git for-each-ref --sort -committerdate --format %(refname) %(objectname) %(*objectname) [4ms]
[2022-11-01T19:00:45.398Z] > git config --get commit.template [1ms]
[2022-11-01T19:00:57.188Z] > git status -z -uall [82ms]
[2022-11-01T19:00:57.193Z] > git symbolic-ref --short HEAD [1ms]
[2022-11-01T19:00:57.197Z] > git for-each-ref --format=%(refname)%00%(upstream:short)%00%(objectname)%00%(upstream:track)%00%(upstream:remotename)%00%(upstream:remoteref) refs/heads/master refs/remotes/master [1ms]
[2022-11-01T19:00:57.204Z] > git remote --verbose [1ms]
[2022-11-01T19:00:57.204Z] > git for-each-ref --sort -committerdate --format %(refname) %(objectname) %(*objectname) [4ms]
[2022-11-01T19:00:57.210Z] > git config --get commit.template [1ms]
[2022-11-01T19:01:02.306Z] > git status -z -uall [84ms]
[2022-11-01T19:01:02.311Z] > git symbolic-ref --short HEAD [1ms]
[2022-11-01T19:01:02.318Z] > git for-each-ref --format=%(refname)%00%(upstream:short)%00%(objectname)%00%(upstream:track)%00%(upstream:remotename)%00%(upstream:remoteref) refs/heads/master refs/remotes/master [3ms]
[2022-11-01T19:01:02.327Z] > git remote --verbose [1ms]
[2022-11-01T19:01:02.327Z] > git for-each-ref --sort -committerdate --format %(refname) %(objectname) %(*objectname) [5ms]
[2022-11-01T19:01:02.335Z] > git config --get commit.template [3ms]
[2022-11-01T19:01:19.566Z] > git status -z -uall [83ms]
[2022-11-01T19:01:19.570Z] > git symbolic-ref --short HEAD [0ms]
[2022-11-01T19:01:19.574Z] > git for-each-ref --format=%(refname)%00%(upstream:short)%00%(objectname)%00%(upstream:track)%00%(upstream:remotename)%00%(upstream:remoteref) refs/heads/master refs/remotes/master [0ms]
[2022-11-01T19:01:19.582Z] > git remote --verbose [1ms]
[2022-11-01T19:01:19.582Z] > git for-each-ref --sort -committerdate --format %(refname) %(objectname) %(*objectname) [4ms]
[2022-11-01T19:01:19.588Z] > git config --get commit.template [1ms]
[2022-11-01T19:01:28.766Z] > git status -z -uall [83ms]
[2022-11-01T19:01:28.771Z] > git symbolic-ref --short HEAD [1ms]
[2022-11-01T19:01:28.775Z] > git for-each-ref --format=%(refname)%00%(upstream:short)%00%(objectname)%00%(upstream:track)%00%(upstream:remotename)%00%(upstream:remoteref) refs/heads/master refs/remotes/master [1ms]
[2022-11-01T19:01:28.782Z] > git remote --verbose [1ms]
[2022-11-01T19:01:28.782Z] > git for-each-ref --sort -committerdate --format %(refname) %(objectname) %(*objectname) [4ms]
[2022-11-01T19:01:28.787Z] > git config --get commit.template [1ms]
[2022-11-01T19:01:51.665Z] > git status -z -uall [86ms]
[2022-11-01T19:01:51.671Z] > git symbolic-ref --short HEAD [1ms]
[2022-11-01T19:01:51.675Z] > git for-each-ref --format=%(refname)%00%(upstream:short)%00%(objectname)%00%(upstream:track)%00%(upstream:remotename)%00%(upstream:remoteref) refs/heads/master refs/remotes/master [1ms]
[2022-11-01T19:01:51.683Z] > git remote --verbose [1ms]
[2022-11-01T19:01:51.683Z] > git for-each-ref --sort -committerdate --format %(refname) %(objectname) %(*objectname) [5ms]
[2022-11-01T19:01:51.688Z] > git config --get commit.template [0ms]
[2022-11-01T19:04:00.566Z] > git status -z -uall [91ms]
[2022-11-01T19:04:00.571Z] > git symbolic-ref --short HEAD [0ms]
[2022-11-01T19:04:00.575Z] > git for-each-ref --format=%(refname)%00%(upstream:short)%00%(objectname)%00%(upstream:track)%00%(upstream:remotename)%00%(upstream:remoteref) refs/heads/master refs/remotes/master [0ms]
[2022-11-01T19:04:00.582Z] > git remote --verbose [0ms]
[2022-11-01T19:04:00.582Z] > git for-each-ref --sort -committerdate --format %(refname) %(objectname) %(*objectname) [4ms]
[2022-11-01T19:04:00.627Z] > git config --get commit.template [1ms]
[2022-11-01T19:04:01.667Z] > git ls-files --stage -- /home/lrb96/pandas_ejercicios/df.py [6ms]
[2022-11-01T19:04:01.672Z] > git cat-file -s 2bc8428b502ef172248334360d99ec0ad3205269 [0ms]
[2022-11-01T19:04:01.690Z] > git show --textconv :pandas_ejercicios/df.py [7ms]
[2022-11-01T19:04:01.735Z] > git fetch [1268ms]
[2022-11-01T19:04:01.821Z] > git status -z -uall [82ms]
[2022-11-01T19:04:01.826Z] > git symbolic-ref --short HEAD [1ms]
[2022-11-01T19:04:01.831Z] > git for-each-ref --format=%(refname)%00%(upstream:short)%00%(objectname)%00%(upstream:track)%00%(upstream:remotename)%00%(upstream:remoteref) refs/heads/master refs/remotes/master [1ms]
[2022-11-01T19:04:01.839Z] > git remote --verbose [1ms]
[2022-11-01T19:04:01.839Z] > git for-each-ref --sort -committerdate --format %(refname) %(objectname) %(*objectname) [5ms]
[2022-11-01T19:04:01.871Z] > git config --get commit.template [2ms]
[2022-11-01T19:04:02.910Z] > git ls-files --stage -- /home/lrb96/pandas_ejercicios/df.py [9ms]
[2022-11-01T19:04:02.915Z] > git cat-file -s 2bc8428b502ef172248334360d99ec0ad3205269 [1ms]
[2022-11-01T19:04:02.932Z] > git show --textconv :pandas_ejercicios/df.py [7ms]
[2022-11-01T19:04:05.717Z] > git status -z -uall [84ms]
[2022-11-01T19:04:05.722Z] > git symbolic-ref --short HEAD [1ms]
[2022-11-01T19:04:05.726Z] > git for-each-ref --format=%(refname)%00%(upstream:short)%00%(objectname)%00%(upstream:track)%00%(upstream:remotename)%00%(upstream:remoteref) refs/heads/master refs/remotes/master [0ms]
[2022-11-01T19:04:05.736Z] > git remote --verbose [1ms]
[2022-11-01T19:04:05.736Z] > git for-each-ref --sort -committerdate --format %(refname) %(objectname) %(*objectname) [5ms]
[2022-11-01T19:04:05.762Z] > git config --get commit.template [0ms]
[2022-11-01T19:04:10.856Z] > git status -z -uall [87ms]
[2022-11-01T19:04:10.863Z] > git symbolic-ref --short HEAD [1ms]
[2022-11-01T19:04:10.869Z] > git for-each-ref --format=%(refname)%00%(upstream:short)%00%(objectname)%00%(upstream:track)%00%(upstream:remotename)%00%(upstream:remoteref) refs/heads/master refs/remotes/master [1ms]
[2022-11-01T19:04:10.879Z] > git for-each-ref --sort -committerdate --format %(refname) %(objectname) %(*objectname) [6ms]
[2022-11-01T19:04:10.879Z] > git remote --verbose [1ms]
[2022-11-01T19:04:10.909Z] > git config --get commit.template [2ms]
[2022-11-01T19:04:15.998Z] > git status -z -uall [83ms]
[2022-11-01T19:04:16.003Z] > git symbolic-ref --short HEAD [1ms]
[2022-11-01T19:04:16.008Z] > git for-each-ref --format=%(refname)%00%(upstream:short)%00%(objectname)%00%(upstream:track)%00%(upstream:remotename)%00%(upstream:remoteref) refs/heads/master refs/remotes/master [1ms]
[2022-11-01T19:04:16.017Z] > git remote --verbose [1ms]
[2022-11-01T19:04:16.017Z] > git for-each-ref --sort -committerdate --format %(refname) %(objectname) %(*objectname) [5ms]
[2022-11-01T19:04:16.049Z] > git config --get commit.template [0ms]
[2022-11-01T19:04:25.969Z] > git status -z -uall [87ms]
[2022-11-01T19:04:25.974Z] > git symbolic-ref --short HEAD [0ms]
[2022-11-01T19:04:25.979Z] > git for-each-ref --format=%(refname)%00%(upstream:short)%00%(objectname)%00%(upstream:track)%00%(upstream:remotename)%00%(upstream:remoteref) refs/heads/master refs/remotes/master [0ms]
[2022-11-01T19:04:25.987Z] > git remote --verbose [0ms]
[2022-11-01T19:04:25.987Z] > git for-each-ref --sort -committerdate --format %(refname) %(objectname) %(*objectname) [4ms]
[2022-11-01T19:04:26.012Z] > git config --get commit.template [1ms]
[2022-11-01T19:04:31.100Z] > git status -z -uall [83ms]
[2022-11-01T19:04:31.105Z] > git symbolic-ref --short HEAD [0ms]
[2022-11-01T19:04:31.110Z] > git for-each-ref --format=%(refname)%00%(upstream:short)%00%(objectname)%00%(upstream:track)%00%(upstream:remotename)%00%(upstream:remoteref) refs/heads/master refs/remotes/master [0ms]
[2022-11-01T19:04:31.118Z] > git remote --verbose [0ms]
[2022-11-01T19:04:31.118Z] > git for-each-ref --sort -committerdate --format %(refname) %(objectname) %(*objectname) [4ms]
[2022-11-01T19:04:31.144Z] > git config --get commit.template [0ms]
[2022-11-01T19:04:36.234Z] > git status -z -uall [84ms]
[2022-11-01T19:04:36.240Z] > git symbolic-ref --short HEAD [0ms]
[2022-11-01T19:04:36.245Z] > git for-each-ref --format=%(refname)%00%(upstream:short)%00%(objectname)%00%(upstream:track)%00%(upstream:remotename)%00%(upstream:remoteref) refs/heads/master refs/remotes/master [1ms]
[2022-11-01T19:04:36.253Z] > git remote --verbose [0ms]
[2022-11-01T19:04:36.254Z] > git for-each-ref --sort -committerdate --format %(refname) %(objectname) %(*objectname) [5ms]
[2022-11-01T19:04:36.278Z] > git config --get commit.template [0ms]
[2022-11-01T19:04:51.478Z] > git status -z -uall [90ms]
[2022-11-01T19:04:51.483Z] > git symbolic-ref --short HEAD [1ms]
[2022-11-01T19:04:51.488Z] > git for-each-ref --format=%(refname)%00%(upstream:short)%00%(objectname)%00%(upstream:track)%00%(upstream:remotename)%00%(upstream:remoteref) refs/heads/master refs/remotes/master [0ms]
[2022-11-01T19:04:51.495Z] > git remote --verbose [1ms]
[2022-11-01T19:04:51.495Z] > git for-each-ref --sort -committerdate --format %(refname) %(objectname) %(*objectname) [3ms]
[2022-11-01T19:04:51.534Z] > git config --get commit.template [1ms]
[2022-11-01T19:04:56.627Z] > git status -z -uall [87ms]
[2022-11-01T19:04:56.633Z] > git symbolic-ref --short HEAD [1ms]
[2022-11-01T19:04:56.638Z] > git for-each-ref --format=%(refname)%00%(upstream:short)%00%(objectname)%00%(upstream:track)%00%(upstream:remotename)%00%(upstream:remoteref) refs/heads/master refs/remotes/master [1ms]
[2022-11-01T19:04:56.645Z] > git remote --verbose [0ms]
[2022-11-01T19:04:56.646Z] > git for-each-ref --sort -committerdate --format %(refname) %(objectname) %(*objectname) [5ms]
[2022-11-01T19:04:56.672Z] > git config --get commit.template [0ms]
[2022-11-01T19:05:01.761Z] > git status -z -uall [83ms]
[2022-11-01T19:05:01.766Z] > git symbolic-ref --short HEAD [0ms]
[2022-11-01T19:05:01.772Z] > git for-each-ref --format=%(refname)%00%(upstream:short)%00%(objectname)%00%(upstream:track)%00%(upstream:remotename)%00%(upstream:remoteref) refs/heads/master refs/remotes/master [1ms]
[2022-11-01T19:05:01.781Z] > git remote --verbose [2ms]
[2022-11-01T19:05:01.781Z] > git for-each-ref --sort -committerdate --format %(refname) %(objectname) %(*objectname) [5ms]
[2022-11-01T19:05:01.806Z] > git config --get commit.template [1ms]
[2022-11-01T19:05:06.899Z] > git status -z -uall [86ms]
[2022-11-01T19:05:06.904Z] > git symbolic-ref --short HEAD [0ms]
[2022-11-01T19:05:06.909Z] > git for-each-ref --format=%(refname)%00%(upstream:short)%00%(objectname)%00%(upstream:track)%00%(upstream:remotename)%00%(upstream:remoteref) refs/heads/master refs/remotes/master [0ms]
[2022-11-01T19:05:06.917Z] > git for-each-ref --sort -committerdate --format %(refname) %(objectname) %(*objectname) [4ms]
[2022-11-01T19:05:06.917Z] > git remote --verbose [1ms]
[2022-11-01T19:05:06.942Z] > git config --get commit.template [0ms]
[2022-11-01T19:08:23.894Z] > git status -z -uall [87ms]
[2022-11-01T19:08:23.900Z] > git symbolic-ref --short HEAD [1ms]
[2022-11-01T19:08:23.905Z] > git for-each-ref --format=%(refname)%00%(upstream:short)%00%(objectname)%00%(upstream:track)%00%(upstream:remotename)%00%(upstream:remoteref) refs/heads/master refs/remotes/master [1ms]
[2022-11-01T19:08:23.914Z] > git remote --verbose [0ms]
[2022-11-01T19:08:23.914Z] > git for-each-ref --sort -committerdate --format %(refname) %(objectname) %(*objectname) [5ms]
[2022-11-01T19:08:23.948Z] > git config --get commit.template [1ms]
[2022-11-01T19:08:24.981Z] > git ls-files --stage -- /home/lrb96/pandas_ejercicios/df.py [6ms]
[2022-11-01T19:08:24.987Z] > git cat-file -s 2bc8428b502ef172248334360d99ec0ad3205269 [1ms]
[2022-11-01T19:08:25.003Z] > git show --textconv :pandas_ejercicios/df.py [6ms]
[2022-11-01T19:08:25.085Z] > git fetch [1287ms]
[2022-11-01T19:08:25.176Z] > git status -z -uall [86ms]
[2022-11-01T19:08:25.183Z] > git symbolic-ref --short HEAD [1ms]
[2022-11-01T19:08:25.190Z] > git for-each-ref --format=%(refname)%00%(upstream:short)%00%(objectname)%00%(upstream:track)%00%(upstream:remotename)%00%(upstream:remoteref) refs/heads/master refs/remotes/master [0ms]
[2022-11-01T19:08:25.203Z] > git remote --verbose [1ms]
[2022-11-01T19:08:25.203Z] > git for-each-ref --sort -committerdate --format %(refname) %(objectname) %(*objectname) [7ms]
[2022-11-01T19:08:25.258Z] > git config --get commit.template [14ms]
[2022-11-01T19:08:26.294Z] > git ls-files --stage -- /home/lrb96/pandas_ejercicios/df.py [9ms]
[2022-11-01T19:08:26.300Z] > git cat-file -s 2bc8428b502ef172248334360d99ec0ad3205269 [1ms]
[2022-11-01T19:08:26.316Z] > git show --textconv :pandas_ejercicios/df.py [7ms]
[2022-11-01T19:08:30.267Z] > git status -z -uall [85ms]
[2022-11-01T19:08:30.273Z] > git symbolic-ref --short HEAD [1ms]
[2022-11-01T19:08:30.278Z] > git for-each-ref --format=%(refname)%00%(upstream:short)%00%(objectname)%00%(upstream:track)%00%(upstream:remotename)%00%(upstream:remoteref) refs/heads/master refs/remotes/master [1ms]
[2022-11-01T19:08:30.285Z] > git remote --verbose [0ms]
[2022-11-01T19:08:30.286Z] > git for-each-ref --sort -committerdate --format %(refname) %(objectname) %(*objectname) [5ms]
[2022-11-01T19:08:30.309Z] > git config --get commit.template [0ms]
[2022-11-01T19:08:35.531Z] > git status -z -uall [85ms]
[2022-11-01T19:08:35.538Z] > git symbolic-ref --short HEAD [1ms]
[2022-11-01T19:08:35.547Z] > git for-each-ref --format=%(refname)%00%(upstream:short)%00%(objectname)%00%(upstream:track)%00%(upstream:remotename)%00%(upstream:remoteref) refs/heads/master refs/remotes/master [2ms]
[2022-11-01T19:08:35.560Z] > git remote --verbose [1ms]
[2022-11-01T19:08:35.560Z] > git for-each-ref --sort -committerdate --format %(refname) %(objectname) %(*objectname) [7ms]
[2022-11-01T19:08:35.605Z] > git config --get commit.template [11ms]
[2022-11-01T19:08:40.703Z] > git status -z -uall [93ms]
[2022-11-01T19:08:40.712Z] > git symbolic-ref --short HEAD [1ms]
[2022-11-01T19:08:40.718Z] > git for-each-ref --format=%(refname)%00%(upstream:short)%00%(objectname)%00%(upstream:track)%00%(upstream:remotename)%00%(upstream:remoteref) refs/heads/master refs/remotes/master [0ms]
[2022-11-01T19:08:40.731Z] > git remote --verbose [1ms]
[2022-11-01T19:08:40.731Z] > git for-each-ref --sort -committerdate --format %(refname) %(objectname) %(*objectname) [6ms]
[2022-11-01T19:08:40.764Z] > git config --get commit.template [3ms]
[2022-11-01T19:08:45.855Z] > git status -z -uall [84ms]
[2022-11-01T19:08:45.861Z] > git symbolic-ref --short HEAD [1ms]
[2022-11-01T19:08:45.867Z] > git for-each-ref --format=%(refname)%00%(upstream:short)%00%(objectname)%00%(upstream:track)%00%(upstream:remotename)%00%(upstream:remoteref) refs/heads/master refs/remotes/master [1ms]
[2022-11-01T19:08:45.875Z] > git remote --verbose [1ms]
[2022-11-01T19:08:45.875Z] > git for-each-ref --sort -committerdate --format %(refname) %(objectname) %(*objectname) [4ms]
[2022-11-01T19:08:45.901Z] > git config --get commit.template [0ms]
[2022-11-01T19:08:50.991Z] > git status -z -uall [83ms]
[2022-11-01T19:08:50.996Z] > git symbolic-ref --short HEAD [0ms]
[2022-11-01T19:08:51.001Z] > git for-each-ref --format=%(refname)%00%(upstream:short)%00%(objectname)%00%(upstream:track)%00%(upstream:remotename)%00%(upstream:remoteref) refs/heads/master refs/remotes/master [0ms]
[2022-11-01T19:08:51.009Z] > git remote --verbose [0ms]
[2022-11-01T19:08:51.009Z] > git for-each-ref --sort -committerdate --format %(refname) %(objectname) %(*objectname) [4ms]
[2022-11-01T19:08:51.038Z] > git config --get commit.template [5ms]
[2022-11-01T19:08:57.712Z] > git status -z -uall [82ms]
[2022-11-01T19:08:57.717Z] > git symbolic-ref --short HEAD [0ms]
[2022-11-01T19:08:57.722Z] > git for-each-ref --format=%(refname)%00%(upstream:short)%00%(objectname)%00%(upstream:track)%00%(upstream:remotename)%00%(upstream:remoteref) refs/heads/master refs/remotes/master [0ms]
[2022-11-01T19:08:57.731Z] > git remote --verbose [1ms]
[2022-11-01T19:08:57.731Z] > git for-each-ref --sort -committerdate --format %(refname) %(objectname) %(*objectname) [5ms]
[2022-11-01T19:08:57.757Z] > git config --get commit.template [1ms]
[2022-11-01T19:09:02.845Z] > git status -z -uall [83ms]
[2022-11-01T19:09:02.851Z] > git symbolic-ref --short HEAD [0ms]
[2022-11-01T19:09:02.856Z] > git for-each-ref --format=%(refname)%00%(upstream:short)%00%(objectname)%00%(upstream:track)%00%(upstream:remotename)%00%(upstream:remoteref) refs/heads/master refs/remotes/master [0ms]
[2022-11-01T19:09:02.865Z] > git remote --verbose [0ms]
[2022-11-01T19:09:02.865Z] > git for-each-ref --sort -committerdate --format %(refname) %(objectname) %(*objectname) [4ms]
[2022-11-01T19:09:02.891Z] > git config --get commit.template [2ms]
[2022-11-01T19:09:08.806Z] > git status -z -uall [86ms]
[2022-11-01T19:09:08.812Z] > git symbolic-ref --short HEAD [1ms]
[2022-11-01T19:09:08.817Z] > git for-each-ref --format=%(refname)%00%(upstream:short)%00%(objectname)%00%(upstream:track)%00%(upstream:remotename)%00%(upstream:remoteref) refs/heads/master refs/remotes/master [0ms]
[2022-11-01T19:09:08.826Z] > git remote --verbose [1ms]
[2022-11-01T19:09:08.826Z] > git for-each-ref --sort -committerdate --format %(refname) %(objectname) %(*objectname) [5ms]
[2022-11-01T19:09:08.852Z] > git config --get commit.template [0ms]
[2022-11-01T19:09:18.008Z] > git status -z -uall [89ms]
[2022-11-01T19:09:18.016Z] > git symbolic-ref --short HEAD [1ms]
[2022-11-01T19:09:18.024Z] > git for-each-ref --format=%(refname)%00%(upstream:short)%00%(objectname)%00%(upstream:track)%00%(upstream:remotename)%00%(upstream:remoteref) refs/heads/master refs/remotes/master [2ms]
[2022-11-01T19:09:18.038Z] > git remote --verbose [1ms]
[2022-11-01T19:09:18.039Z] > git for-each-ref --sort -committerdate --format %(refname) %(objectname) %(*objectname) [8ms]
[2022-11-01T19:09:18.088Z] > git config --get commit.template [13ms]
[2022-11-01T19:09:23.195Z] > git status -z -uall [100ms]
[2022-11-01T19:09:23.202Z] > git symbolic-ref --short HEAD [1ms]
[2022-11-01T19:09:23.208Z] > git for-each-ref --format=%(refname)%00%(upstream:short)%00%(objectname)%00%(upstream:track)%00%(upstream:remotename)%00%(upstream:remoteref) refs/heads/master refs/remotes/master [1ms]
[2022-11-01T19:09:23.218Z] > git remote --verbose [1ms]
[2022-11-01T19:09:23.218Z] > git for-each-ref --sort -committerdate --format %(refname) %(objectname) %(*objectname) [6ms]
[2022-11-01T19:09:23.245Z] > git config --get commit.template [1ms]
[2022-11-01T19:09:34.663Z] > git status -z -uall [84ms]
[2022-11-01T19:09:34.669Z] > git symbolic-ref --short HEAD [0ms]
[2022-11-01T19:09:34.674Z] > git for-each-ref --format=%(refname)%00%(upstream:short)%00%(objectname)%00%(upstream:track)%00%(upstream:remotename)%00%(upstream:remoteref) refs/heads/master refs/remotes/master [1ms]
[2022-11-01T19:09:34.683Z] > git remote --verbose [1ms]
[2022-11-01T19:09:34.683Z] > git for-each-ref --sort -committerdate --format %(refname) %(objectname) %(*objectname) [5ms]
[2022-11-01T19:09:34.708Z] > git config --get commit.template [0ms]
[2022-11-01T19:09:39.797Z] > git status -z -uall [82ms]
[2022-11-01T19:09:39.802Z] > git symbolic-ref --short HEAD [0ms]
[2022-11-01T19:09:39.807Z] > git for-each-ref --format=%(refname)%00%(upstream:short)%00%(objectname)%00%(upstream:track)%00%(upstream:remotename)%00%(upstream:remoteref) refs/heads/master refs/remotes/master [0ms]
[2022-11-01T19:09:39.816Z] > git remote --verbose [1ms]
[2022-11-01T19:09:39.816Z] > git for-each-ref --sort -committerdate --format %(refname) %(objectname) %(*objectname) [5ms]
[2022-11-01T19:09:39.840Z] > git config --get commit.template [0ms]
[2022-11-01T19:09:44.934Z] > git status -z -uall [87ms]
[2022-11-01T19:09:44.942Z] > git symbolic-ref --short HEAD [2ms]
[2022-11-01T19:09:44.947Z] > git for-each-ref --format=%(refname)%00%(upstream:short)%00%(objectname)%00%(upstream:track)%00%(upstream:remotename)%00%(upstream:remoteref) refs/heads/master refs/remotes/master [0ms]
[2022-11-01T19:09:44.958Z] > git remote --verbose [1ms]
[2022-11-01T19:09:44.958Z] > git for-each-ref --sort -committerdate --format %(refname) %(objectname) %(*objectname) [5ms]
[2022-11-01T19:09:44.988Z] > git config --get commit.template [3ms]
[2022-11-01T19:09:55.189Z] > git status -z -uall [88ms]
[2022-11-01T19:09:55.194Z] > git symbolic-ref --short HEAD [0ms]
[2022-11-01T19:09:55.199Z] > git for-each-ref --format=%(refname)%00%(upstream:short)%00%(objectname)%00%(upstream:track)%00%(upstream:remotename)%00%(upstream:remoteref) refs/heads/master refs/remotes/master [0ms]
[2022-11-01T19:09:55.207Z] > git remote --verbose [1ms]
[2022-11-01T19:09:55.207Z] > git for-each-ref --sort -committerdate --format %(refname) %(objectname) %(*objectname) [4ms]
[2022-11-01T19:09:55.232Z] > git config --get commit.template [0ms]
[2022-11-01T19:10:00.326Z] > git status -z -uall [86ms]
[2022-11-01T19:10:00.332Z] > git symbolic-ref --short HEAD [1ms]
[2022-11-01T19:10:00.339Z] > git for-each-ref --format=%(refname)%00%(upstream:short)%00%(objectname)%00%(upstream:track)%00%(upstream:remotename)%00%(upstream:remoteref) refs/heads/master refs/remotes/master [2ms]
[2022-11-01T19:10:00.348Z] > git remote --verbose [0ms]
[2022-11-01T19:10:00.349Z] > git for-each-ref --sort -committerdate --format %(refname) %(objectname) %(*objectname) [5ms]
[2022-11-01T19:10:00.376Z] > git config --get commit.template [0ms]
[2022-11-01T19:10:54.477Z] > git status -z -uall [93ms]
[2022-11-01T19:10:54.482Z] > git symbolic-ref --short HEAD [1ms]
[2022-11-01T19:10:54.487Z] > git for-each-ref --format=%(refname)%00%(upstream:short)%00%(objectname)%00%(upstream:track)%00%(upstream:remotename)%00%(upstream:remoteref) refs/heads/master refs/remotes/master [1ms]
[2022-11-01T19:10:54.494Z] > git remote --verbose [1ms]
[2022-11-01T19:10:54.495Z] > git for-each-ref --sort -committerdate --format %(refname) %(objectname) %(*objectname) [5ms]
[2022-11-01T19:10:54.527Z] > git config --get commit.template [1ms]
[2022-11-01T19:10:59.619Z] > git status -z -uall [86ms]
[2022-11-01T19:10:59.625Z] > git symbolic-ref --short HEAD [1ms]
[2022-11-01T19:10:59.631Z] > git for-each-ref --format=%(refname)%00%(upstream:short)%00%(objectname)%00%(upstream:track)%00%(upstream:remotename)%00%(upstream:remoteref) refs/heads/master refs/remotes/master [1ms]
[2022-11-01T19:10:59.639Z] > git remote --verbose [1ms]
[2022-11-01T19:10:59.639Z] > git for-each-ref --sort -committerdate --format %(refname) %(objectname) %(*objectname) [5ms]
[2022-11-01T19:10:59.673Z] > git config --get commit.template [1ms]
[2022-11-01T19:11:07.670Z] > git status -z -uall [90ms]
[2022-11-01T19:11:07.676Z] > git symbolic-ref --short HEAD [1ms]
[2022-11-01T19:11:07.681Z] > git for-each-ref --format=%(refname)%00%(upstream:short)%00%(objectname)%00%(upstream:track)%00%(upstream:remotename)%00%(upstream:remoteref) refs/heads/master refs/remotes/master [1ms]
[2022-11-01T19:11:07.690Z] > git remote --verbose [1ms]
[2022-11-01T19:11:07.690Z] > git for-each-ref --sort -committerdate --format %(refname) %(objectname) %(*objectname) [4ms]
[2022-11-01T19:11:07.716Z] > git config --get commit.template [1ms]
[2022-11-01T19:11:18.034Z] > git status -z -uall [89ms]
[2022-11-01T19:11:18.041Z] > git symbolic-ref --short HEAD [2ms]
[2022-11-01T19:11:18.048Z] > git for-each-ref --format=%(refname)%00%(upstream:short)%00%(objectname)%00%(upstream:track)%00%(upstream:remotename)%00%(upstream:remoteref) refs/heads/master refs/remotes/master [1ms]
[2022-11-01T19:11:18.059Z] > git for-each-ref --sort -committerdate --format %(refname) %(objectname) %(*objectname) [6ms]
[2022-11-01T19:11:18.060Z] > git remote --verbose [1ms]
[2022-11-01T19:11:18.106Z] > git config --get commit.template [12ms]
[2022-11-01T19:11:23.196Z] > git status -z -uall [84ms]
[2022-11-01T19:11:23.202Z] > git symbolic-ref --short HEAD [1ms]
[2022-11-01T19:11:23.207Z] > git for-each-ref --format=%(refname)%00%(upstream:short)%00%(objectname)%00%(upstream:track)%00%(upstream:remotename)%00%(upstream:remoteref) refs/heads/master refs/remotes/master [1ms]
[2022-11-01T19:11:23.214Z] > git remote --verbose [0ms]
[2022-11-01T19:11:23.215Z] > git for-each-ref --sort -committerdate --format %(refname) %(objectname) %(*objectname) [5ms]
[2022-11-01T19:11:23.240Z] > git config --get commit.template [1ms]
[2022-11-01T19:11:26.467Z] > git ls-files --stage -- /home/lrb96/pandas_ejercicios/df.py [8ms]
[2022-11-01T19:11:26.473Z] > git cat-file -s 2bc8428b502ef172248334360d99ec0ad3205269 [1ms]
[2022-11-01T19:11:26.488Z] > git show --textconv :pandas_ejercicios/df.py [6ms]
[2022-11-01T19:11:26.489Z] > git fetch [1224ms]
[2022-11-01T19:11:26.576Z] > git status -z -uall [82ms]
[2022-11-01T19:11:26.581Z] > git symbolic-ref --short HEAD [0ms]
[2022-11-01T19:11:26.586Z] > git for-each-ref --format=%(refname)%00%(upstream:short)%00%(objectname)%00%(upstream:track)%00%(upstream:remotename)%00%(upstream:remoteref) refs/heads/master refs/remotes/master [1ms]
[2022-11-01T19:11:26.594Z] > git remote --verbose [0ms]
[2022-11-01T19:11:26.594Z] > git for-each-ref --sort -committerdate --format %(refname) %(objectname) %(*objectname) [4ms]
[2022-11-01T19:11:26.621Z] > git config --get commit.template [2ms]
[2022-11-01T19:11:27.572Z] > git ls-files --stage -- /home/lrb96/pandas_ejercicios/df.py [6ms]
[2022-11-01T19:11:27.578Z] > git cat-file -s 2bc8428b502ef172248334360d99ec0ad3205269 [1ms]
[2022-11-01T19:11:27.594Z] > git show --textconv :pandas_ejercicios/df.py [7ms]
[2022-11-01T19:11:28.327Z] > git status -z -uall [82ms]
[2022-11-01T19:11:28.333Z] > git symbolic-ref --short HEAD [1ms]
[2022-11-01T19:11:28.338Z] > git for-each-ref --format=%(refname)%00%(upstream:short)%00%(objectname)%00%(upstream:track)%00%(upstream:remotename)%00%(upstream:remoteref) refs/heads/master refs/remotes/master [0ms]
[2022-11-01T19:11:28.346Z] > git remote --verbose [1ms]
[2022-11-01T19:11:28.346Z] > git for-each-ref --sort -committerdate --format %(refname) %(objectname) %(*objectname) [4ms]
[2022-11-01T19:11:28.372Z] > git config --get commit.template [1ms]
[2022-11-01T19:11:33.464Z] > git status -z -uall [86ms]
[2022-11-01T19:11:33.469Z] > git symbolic-ref --short HEAD [0ms]
[2022-11-01T19:11:33.475Z] > git for-each-ref --format=%(refname)%00%(upstream:short)%00%(objectname)%00%(upstream:track)%00%(upstream:remotename)%00%(upstream:remoteref) refs/heads/master refs/remotes/master [0ms]
[2022-11-01T19:11:33.483Z] > git remote --verbose [1ms]
[2022-11-01T19:11:33.483Z] > git for-each-ref --sort -committerdate --format %(refname) %(objectname) %(*objectname) [4ms]
[2022-11-01T19:11:33.509Z] > git config --get commit.template [0ms]
[2022-11-01T19:11:38.599Z] > git status -z -uall [84ms]
[2022-11-01T19:11:38.605Z] > git symbolic-ref --short HEAD [1ms]
[2022-11-01T19:11:38.609Z] > git for-each-ref --format=%(refname)%00%(upstream:short)%00%(objectname)%00%(upstream:track)%00%(upstream:remotename)%00%(upstream:remoteref) refs/heads/master refs/remotes/master [0ms]
[2022-11-01T19:11:38.617Z] > git for-each-ref --sort -committerdate --format %(refname) %(objectname) %(*objectname) [4ms]
[2022-11-01T19:11:38.617Z] > git remote --verbose [0ms]
[2022-11-01T19:11:38.646Z] > git config --get commit.template [2ms]
[2022-11-01T19:11:43.740Z] > git status -z -uall [88ms]
[2022-11-01T19:11:43.746Z] > git symbolic-ref --short HEAD [1ms]
[2022-11-01T19:11:43.751Z] > git for-each-ref --format=%(refname)%00%(upstream:short)%00%(objectname)%00%(upstream:track)%00%(upstream:remotename)%00%(upstream:remoteref) refs/heads/master refs/remotes/master [0ms]
[2022-11-01T19:11:43.761Z] > git remote --verbose [1ms]
[2022-11-01T19:11:43.761Z] > git for-each-ref --sort -committerdate --format %(refname) %(objectname) %(*objectname) [5ms]
[2022-11-01T19:11:43.819Z] > git config --get commit.template [12ms]
[2022-11-01T19:11:52.299Z] > git status -z -uall [84ms]
[2022-11-01T19:11:52.304Z] > git symbolic-ref --short HEAD [0ms]
[2022-11-01T19:11:52.309Z] > git for-each-ref --format=%(refname)%00%(upstream:short)%00%(objectname)%00%(upstream:track)%00%(upstream:remotename)%00%(upstream:remoteref) refs/heads/master refs/remotes/master [0ms]
[2022-11-01T19:11:52.317Z] > git remote --verbose [0ms]
[2022-11-01T19:11:52.317Z] > git for-each-ref --sort -committerdate --format %(refname) %(objectname) %(*objectname) [4ms]
[2022-11-01T19:11:52.342Z] > git config --get commit.template [1ms]
[2022-11-01T19:11:57.435Z] > git status -z -uall [87ms]
[2022-11-01T19:11:57.441Z] > git symbolic-ref --short HEAD [1ms]
[2022-11-01T19:11:57.448Z] > git for-each-ref --format=%(refname)%00%(upstream:short)%00%(objectname)%00%(upstream:track)%00%(upstream:remotename)%00%(upstream:remoteref) refs/heads/master refs/remotes/master [1ms]
[2022-11-01T19:11:57.462Z] > git for-each-ref --sort -committerdate --format %(refname) %(objectname) %(*objectname) [8ms]
[2022-11-01T19:11:57.462Z] > git remote --verbose [1ms]
[2022-11-01T19:11:57.509Z] > git config --get commit.template [11ms]
[2022-11-01T19:12:02.599Z] > git status -z -uall [84ms]
[2022-11-01T19:12:02.605Z] > git symbolic-ref --short HEAD [1ms]
[2022-11-01T19:12:02.610Z] > git for-each-ref --format=%(refname)%00%(upstream:short)%00%(objectname)%00%(upstream:track)%00%(upstream:remotename)%00%(upstream:remoteref) refs/heads/master refs/remotes/master [1ms]
[2022-11-01T19:12:02.618Z] > git remote --verbose [1ms]
[2022-11-01T19:12:02.618Z] > git for-each-ref --sort -committerdate --format %(refname) %(objectname) %(*objectname) [4ms]
[2022-11-01T19:12:02.643Z] > git config --get commit.template [0ms]
[2022-11-01T19:12:07.732Z] > git status -z -uall [82ms]
[2022-11-01T19:12:07.737Z] > git symbolic-ref --short HEAD [1ms]
[2022-11-01T19:12:07.742Z] > git for-each-ref --format=%(refname)%00%(upstream:short)%00%(objectname)%00%(upstream:track)%00%(upstream:remotename)%00%(upstream:remoteref) refs/heads/master refs/remotes/master [0ms]
[2022-11-01T19:12:07.751Z] > git remote --verbose [0ms]
[2022-11-01T19:12:07.751Z] > git for-each-ref --sort -committerdate --format %(refname) %(objectname) %(*objectname) [5ms]
[2022-11-01T19:12:07.776Z] > git config --get commit.template [0ms]
[2022-11-01T19:12:12.869Z] > git status -z -uall [87ms]
[2022-11-01T19:12:12.875Z] > git symbolic-ref --short HEAD [1ms]
[2022-11-01T19:12:12.880Z] > git for-each-ref --format=%(refname)%00%(upstream:short)%00%(objectname)%00%(upstream:track)%00%(upstream:remotename)%00%(upstream:remoteref) refs/heads/master refs/remotes/master [1ms]
[2022-11-01T19:12:12.888Z] > git remote --verbose [0ms]
[2022-11-01T19:12:12.889Z] > git for-each-ref --sort -committerdate --format %(refname) %(objectname) %(*objectname) [5ms]
[2022-11-01T19:12:12.914Z] > git config --get commit.template [0ms]
[2022-11-01T19:12:18.005Z] > git status -z -uall [84ms]
[2022-11-01T19:12:18.010Z] > git symbolic-ref --short HEAD [0ms]
[2022-11-01T19:12:18.016Z] > git for-each-ref --format=%(refname)%00%(upstream:short)%00%(objectname)%00%(upstream:track)%00%(upstream:remotename)%00%(upstream:remoteref) refs/heads/master refs/remotes/master [1ms]
[2022-11-01T19:12:18.024Z] > git remote --verbose [1ms]
[2022-11-01T19:12:18.024Z] > git for-each-ref --sort -committerdate --format %(refname) %(objectname) %(*objectname) [5ms]
[2022-11-01T19:12:18.049Z] > git config --get commit.template [0ms]
[2022-11-01T19:12:23.478Z] > git status -z -uall [83ms]
[2022-11-01T19:12:23.485Z] > git symbolic-ref --short HEAD [1ms]
[2022-11-01T19:12:23.493Z] > git for-each-ref --format=%(refname)%00%(upstream:short)%00%(objectname)%00%(upstream:track)%00%(upstream:remotename)%00%(upstream:remoteref) refs/heads/master refs/remotes/master [1ms]
[2022-11-01T19:12:23.505Z] > git for-each-ref --sort -committerdate --format %(refname) %(objectname) %(*objectname) [7ms]
[2022-11-01T19:12:23.505Z] > git remote --verbose [1ms]
[2022-11-01T19:12:23.553Z] > git config --get commit.template [11ms]
[2022-11-01T19:12:35.748Z] > git status -z -uall [92ms]
[2022-11-01T19:12:35.754Z] > git symbolic-ref --short HEAD [1ms]
[2022-11-01T19:12:35.763Z] > git for-each-ref --format=%(refname)%00%(upstream:short)%00%(objectname)%00%(upstream:track)%00%(upstream:remotename)%00%(upstream:remoteref) refs/heads/master refs/remotes/master [2ms]
[2022-11-01T19:12:35.778Z] > git remote --verbose [2ms]
[2022-11-01T19:12:35.778Z] > git for-each-ref --sort -committerdate --format %(refname) %(objectname) %(*objectname) [8ms]
[2022-11-01T19:12:35.823Z] > git config --get commit.template [11ms]
[2022-11-01T19:12:40.927Z] > git status -z -uall [99ms]
[2022-11-01T19:12:40.932Z] > git symbolic-ref --short HEAD [0ms]
[2022-11-01T19:12:40.937Z] > git for-each-ref --format=%(refname)%00%(upstream:short)%00%(objectname)%00%(upstream:track)%00%(upstream:remotename)%00%(upstream:remoteref) refs/heads/master refs/remotes/master [0ms]
[2022-11-01T19:12:40.947Z] > git remote --verbose [1ms]
[2022-11-01T19:12:40.947Z] > git for-each-ref --sort -committerdate --format %(refname) %(objectname) %(*objectname) [5ms]
[2022-11-01T19:12:40.973Z] > git config --get commit.template [1ms]
[2022-11-01T19:12:46.067Z] > git status -z -uall [89ms]
[2022-11-01T19:12:46.074Z] > git symbolic-ref --short HEAD [1ms]
[2022-11-01T19:12:46.082Z] > git for-each-ref --format=%(refname)%00%(upstream:short)%00%(objectname)%00%(upstream:track)%00%(upstream:remotename)%00%(upstream:remoteref) refs/heads/master refs/remotes/master [1ms]
[2022-11-01T19:12:46.094Z] > git for-each-ref --sort -committerdate --format %(refname) %(objectname) %(*objectname) [6ms]
[2022-11-01T19:12:46.094Z] > git remote --verbose [1ms]
[2022-11-01T19:12:46.141Z] > git config --get commit.template [10ms]
[2022-11-01T19:13:41.062Z] > git status -z -uall [93ms]
[2022-11-01T19:13:41.068Z] > git symbolic-ref --short HEAD [0ms]
[2022-11-01T19:13:41.073Z] > git for-each-ref --format=%(refname)%00%(upstream:short)%00%(objectname)%00%(upstream:track)%00%(upstream:remotename)%00%(upstream:remoteref) refs/heads/master refs/remotes/master [1ms]
[2022-11-01T19:13:41.082Z] > git remote --verbose [1ms]
[2022-11-01T19:13:41.083Z] > git for-each-ref --sort -committerdate --format %(refname) %(objectname) %(*objectname) [6ms]
[2022-11-01T19:13:41.114Z] > git config --get commit.template [0ms]
[2022-11-01T19:13:46.949Z] > git status -z -uall [87ms]
[2022-11-01T19:13:46.954Z] > git symbolic-ref --short HEAD [0ms]
[2022-11-01T19:13:46.959Z] > git for-each-ref --format=%(refname)%00%(upstream:short)%00%(objectname)%00%(upstream:track)%00%(upstream:remotename)%00%(upstream:remoteref) refs/heads/master refs/remotes/master [0ms]
[2022-11-01T19:13:46.968Z] > git remote --verbose [1ms]
[2022-11-01T19:13:46.968Z] > git for-each-ref --sort -committerdate --format %(refname) %(objectname) %(*objectname) [5ms]
[2022-11-01T19:13:46.996Z] > git config --get commit.template [0ms]
[2022-11-01T19:13:52.088Z] > git status -z -uall [85ms]
[2022-11-01T19:13:52.094Z] > git symbolic-ref --short HEAD [1ms]
[2022-11-01T19:13:52.099Z] > git for-each-ref --format=%(refname)%00%(upstream:short)%00%(objectname)%00%(upstream:track)%00%(upstream:remotename)%00%(upstream:remoteref) refs/heads/master refs/remotes/master [0ms]
[2022-11-01T19:13:52.108Z] > git remote --verbose [0ms]
[2022-11-01T19:13:52.109Z] > git for-each-ref --sort -committerdate --format %(refname) %(objectname) %(*objectname) [6ms]
[2022-11-01T19:13:52.134Z] > git config --get commit.template [0ms]
[2022-11-01T19:14:11.655Z] > git status -z -uall [89ms]
[2022-11-01T19:14:11.660Z] > git symbolic-ref --short HEAD [0ms]
[2022-11-01T19:14:11.665Z] > git for-each-ref --format=%(refname)%00%(upstream:short)%00%(objectname)%00%(upstream:track)%00%(upstream:remotename)%00%(upstream:remoteref) refs/heads/master refs/remotes/master [1ms]
[2022-11-01T19:14:11.674Z] > git remote --verbose [0ms]
[2022-11-01T19:14:11.674Z] > git for-each-ref --sort -committerdate --format %(refname) %(objectname) %(*objectname) [4ms]
[2022-11-01T19:14:11.701Z] > git config --get commit.template [0ms]
[2022-11-01T19:14:16.792Z] > git status -z -uall [84ms]
[2022-11-01T19:14:16.798Z] > git symbolic-ref --short HEAD [1ms]
[2022-11-01T19:14:16.805Z] > git for-each-ref --format=%(refname)%00%(upstream:short)%00%(objectname)%00%(upstream:track)%00%(upstream:remotename)%00%(upstream:remoteref) refs/heads/master refs/remotes/master [1ms]
[2022-11-01T19:14:16.818Z] > git remote --verbose [1ms]
[2022-11-01T19:14:16.818Z] > git for-each-ref --sort -committerdate --format %(refname) %(objectname) %(*objectname) [8ms]
[2022-11-01T19:14:16.865Z] > git config --get commit.template [10ms]
[2022-11-01T19:14:21.962Z] > git status -z -uall [90ms]
[2022-11-01T19:14:21.968Z] > git symbolic-ref --short HEAD [1ms]
[2022-11-01T19:14:21.973Z] > git for-each-ref --format=%(refname)%00%(upstream:short)%00%(objectname)%00%(upstream:track)%00%(upstream:remotename)%00%(upstream:remoteref) refs/heads/master refs/remotes/master [1ms]
[2022-11-01T19:14:21.981Z] > git remote --verbose [1ms]
[2022-11-01T19:14:21.981Z] > git for-each-ref --sort -committerdate --format %(refname) %(objectname) %(*objectname) [4ms]
[2022-11-01T19:14:22.006Z] > git config --get commit.template [0ms]
[2022-11-01T19:14:30.360Z] > git status -z -uall [87ms]
[2022-11-01T19:14:30.366Z] > git symbolic-ref --short HEAD [1ms]
[2022-11-01T19:14:30.371Z] > git for-each-ref --format=%(refname)%00%(upstream:short)%00%(objectname)%00%(upstream:track)%00%(upstream:remotename)%00%(upstream:remoteref) refs/heads/master refs/remotes/master [0ms]
[2022-11-01T19:14:30.381Z] > git remote --verbose [1ms]
[2022-11-01T19:14:30.381Z] > git for-each-ref --sort -committerdate --format %(refname) %(objectname) %(*objectname) [5ms]
[2022-11-01T19:14:30.406Z] > git config --get commit.template [0ms]
[2022-11-01T19:14:31.446Z] > git ls-files --stage -- /home/lrb96/pandas_ejercicios/df.py [6ms]
[2022-11-01T19:14:31.452Z] > git cat-file -s 2bc8428b502ef172248334360d99ec0ad3205269 [1ms]
[2022-11-01T19:14:31.468Z] > git show --textconv :pandas_ejercicios/df.py [7ms]
[2022-11-01T19:14:31.509Z] > git fetch [1246ms]
[2022-11-01T19:14:31.597Z] > git status -z -uall [83ms]
[2022-11-01T19:14:31.603Z] > git symbolic-ref --short HEAD [1ms]
[2022-11-01T19:14:31.607Z] > git for-each-ref --format=%(refname)%00%(upstream:short)%00%(objectname)%00%(upstream:track)%00%(upstream:remotename)%00%(upstream:remoteref) refs/heads/master refs/remotes/master [0ms]
[2022-11-01T19:14:31.616Z] > git remote --verbose [0ms]
[2022-11-01T19:14:31.617Z] > git for-each-ref --sort -committerdate --format %(refname) %(objectname) %(*objectname) [6ms]
[2022-11-01T19:14:31.641Z] > git config --get commit.template [1ms]
[2022-11-01T19:14:35.646Z] > git ls-files --stage -- /home/lrb96/pandas_ejercicios/df.py [9ms]
[2022-11-01T19:14:35.653Z] > git cat-file -s 2bc8428b502ef172248334360d99ec0ad3205269 [1ms]
[2022-11-01T19:14:35.670Z] > git show --textconv :pandas_ejercicios/df.py [7ms]
[2022-11-01T19:14:35.712Z] > git status -z -uall [91ms]
[2022-11-01T19:14:35.718Z] > git symbolic-ref --short HEAD [1ms]
[2022-11-01T19:14:35.724Z] > git for-each-ref --format=%(refname)%00%(upstream:short)%00%(objectname)%00%(upstream:track)%00%(upstream:remotename)%00%(upstream:remoteref) refs/heads/master refs/remotes/master [1ms]
[2022-11-01T19:14:35.738Z] > git remote --verbose [1ms]
[2022-11-01T19:14:35.738Z] > git for-each-ref --sort -committerdate --format %(refname) %(objectname) %(*objectname) [7ms]
[2022-11-01T19:14:35.791Z] > git config --get commit.template [15ms]
[2022-11-01T19:15:10.180Z] > git status -z -uall [90ms]
[2022-11-01T19:15:10.187Z] > git symbolic-ref --short HEAD [1ms]
[2022-11-01T19:15:10.194Z] > git for-each-ref --format=%(refname)%00%(upstream:short)%00%(objectname)%00%(upstream:track)%00%(upstream:remotename)%00%(upstream:remoteref) refs/heads/master refs/remotes/master [1ms]
[2022-11-01T19:15:10.206Z] > git remote --verbose [0ms]
[2022-11-01T19:15:10.207Z] > git for-each-ref --sort -committerdate --format %(refname) %(objectname) %(*objectname) [8ms]
[2022-11-01T19:15:10.267Z] > git config --get commit.template [11ms]
[2022-11-01T19:15:15.361Z] > git status -z -uall [88ms]
[2022-11-01T19:15:15.366Z] > git symbolic-ref --short HEAD [1ms]
[2022-11-01T19:15:15.371Z] > git for-each-ref --format=%(refname)%00%(upstream:short)%00%(objectname)%00%(upstream:track)%00%(upstream:remotename)%00%(upstream:remoteref) refs/heads/master refs/remotes/master [1ms]
[2022-11-01T19:15:15.379Z] > git remote --verbose [1ms]
[2022-11-01T19:15:15.379Z] > git for-each-ref --sort -committerdate --format %(refname) %(objectname) %(*objectname) [5ms]
[2022-11-01T19:15:15.407Z] > git config --get commit.template [0ms]
[2022-11-01T19:15:28.981Z] > git status -z -uall [85ms]
[2022-11-01T19:15:28.987Z] > git symbolic-ref --short HEAD [1ms]
[2022-11-01T19:15:28.993Z] > git for-each-ref --format=%(refname)%00%(upstream:short)%00%(objectname)%00%(upstream:track)%00%(upstream:remotename)%00%(upstream:remoteref) refs/heads/master refs/remotes/master [1ms]
[2022-11-01T19:15:29.004Z] > git remote --verbose [1ms]
[2022-11-01T19:15:29.004Z] > git for-each-ref --sort -committerdate --format %(refname) %(objectname) %(*objectname) [7ms]
[2022-11-01T19:15:29.033Z] > git config --get commit.template [1ms]
[2022-11-01T19:15:37.907Z] > git status -z -uall [94ms]
[2022-11-01T19:15:37.914Z] > git symbolic-ref --short HEAD [1ms]
[2022-11-01T19:15:37.920Z] > git for-each-ref --format=%(refname)%00%(upstream:short)%00%(objectname)%00%(upstream:track)%00%(upstream:remotename)%00%(upstream:remoteref) refs/heads/master refs/remotes/master [1ms]
[2022-11-01T19:15:37.929Z] > git remote --verbose [1ms]
[2022-11-01T19:15:37.929Z] > git for-each-ref --sort -committerdate --format %(refname) %(objectname) %(*objectname) [5ms]
[2022-11-01T19:15:37.958Z] > git config --get commit.template [0ms]
[2022-11-01T19:15:47.499Z] > git status -z -uall [89ms]
[2022-11-01T19:15:47.504Z] > git symbolic-ref --short HEAD [0ms]
[2022-11-01T19:15:47.509Z] > git for-each-ref --format=%(refname)%00%(upstream:short)%00%(objectname)%00%(upstream:track)%00%(upstream:remotename)%00%(upstream:remoteref) refs/heads/master refs/remotes/master [0ms]
[2022-11-01T19:15:47.517Z] > git remote --verbose [0ms]
[2022-11-01T19:15:47.518Z] > git for-each-ref --sort -committerdate --format %(refname) %(objectname) %(*objectname) [5ms]
[2022-11-01T19:15:47.542Z] > git config --get commit.template [0ms]
[2022-11-01T19:15:53.334Z] > git status -z -uall [85ms]
[2022-11-01T19:15:53.340Z] > git symbolic-ref --short HEAD [0ms]
[2022-11-01T19:15:53.345Z] > git for-each-ref --format=%(refname)%00%(upstream:short)%00%(objectname)%00%(upstream:track)%00%(upstream:remotename)%00%(upstream:remoteref) refs/heads/master refs/remotes/master [1ms]
[2022-11-01T19:15:53.355Z] > git remote --verbose [1ms]
[2022-11-01T19:15:53.355Z] > git for-each-ref --sort -committerdate --format %(refname) %(objectname) %(*objectname) [6ms]
[2022-11-01T19:15:53.382Z] > git config --get commit.template [0ms]
[2022-11-01T19:16:03.393Z] > git status -z -uall [105ms]
[2022-11-01T19:16:03.398Z] > git symbolic-ref --short HEAD [0ms]
[2022-11-01T19:16:03.403Z] > git for-each-ref --format=%(refname)%00%(upstream:short)%00%(objectname)%00%(upstream:track)%00%(upstream:remotename)%00%(upstream:remoteref) refs/heads/master refs/remotes/master [1ms]
[2022-11-01T19:16:03.410Z] > git remote --verbose [1ms]
[2022-11-01T19:16:03.410Z] > git for-each-ref --sort -committerdate --format %(refname) %(objectname) %(*objectname) [4ms]
[2022-11-01T19:16:03.441Z] > git config --get commit.template [1ms]
[2022-11-01T19:16:08.532Z] > git status -z -uall [84ms]
[2022-11-01T19:16:08.537Z] > git symbolic-ref --short HEAD [1ms]
[2022-11-01T19:16:08.542Z] > git for-each-ref --format=%(refname)%00%(upstream:short)%00%(objectname)%00%(upstream:track)%00%(upstream:remotename)%00%(upstream:remoteref) refs/heads/master refs/remotes/master [1ms]
[2022-11-01T19:16:08.550Z] > git remote --verbose [1ms]
[2022-11-01T19:16:08.550Z] > git for-each-ref --sort -committerdate --format %(refname) %(objectname) %(*objectname) [5ms]
[2022-11-01T19:16:08.579Z] > git config --get commit.template [0ms]
[2022-11-01T19:16:21.188Z] > git status -z -uall [90ms]
[2022-11-01T19:16:21.194Z] > git symbolic-ref --short HEAD [1ms]
[2022-11-01T19:16:21.199Z] > git for-each-ref --format=%(refname)%00%(upstream:short)%00%(objectname)%00%(upstream:track)%00%(upstream:remotename)%00%(upstream:remoteref) refs/heads/master refs/remotes/master [1ms]
[2022-11-01T19:16:21.207Z] > git remote --verbose [1ms]
[2022-11-01T19:16:21.207Z] > git for-each-ref --sort -committerdate --format %(refname) %(objectname) %(*objectname) [4ms]
[2022-11-01T19:16:21.233Z] > git config --get commit.template [0ms]
[2022-11-01T19:16:30.414Z] > git status -z -uall [94ms]
[2022-11-01T19:16:30.420Z] > git symbolic-ref --short HEAD [1ms]
[2022-11-01T19:16:30.425Z] > git for-each-ref --format=%(refname)%00%(upstream:short)%00%(objectname)%00%(upstream:track)%00%(upstream:remotename)%00%(upstream:remoteref) refs/heads/master refs/remotes/master [1ms]
[2022-11-01T19:16:30.433Z] > git remote --verbose [0ms]
[2022-11-01T19:16:30.433Z] > git for-each-ref --sort -committerdate --format %(refname) %(objectname) %(*objectname) [4ms]
[2022-11-01T19:16:30.458Z] > git config --get commit.template [1ms]
[2022-11-01T19:16:46.054Z] > git status -z -uall [94ms]
[2022-11-01T19:16:46.059Z] > git symbolic-ref --short HEAD [1ms]
[2022-11-01T19:16:46.063Z] > git for-each-ref --format=%(refname)%00%(upstream:short)%00%(objectname)%00%(upstream:track)%00%(upstream:remotename)%00%(upstream:remoteref) refs/heads/master refs/remotes/master [0ms]
[2022-11-01T19:16:46.070Z] > git remote --verbose [0ms]
[2022-11-01T19:16:46.071Z] > git for-each-ref --sort -committerdate --format %(refname) %(objectname) %(*objectname) [4ms]
[2022-11-01T19:16:46.101Z] > git config --get commit.template [0ms]
[2022-11-01T19:16:51.189Z] > git status -z -uall [82ms]
[2022-11-01T19:16:51.194Z] > git symbolic-ref --short HEAD [0ms]
[2022-11-01T19:16:51.199Z] > git for-each-ref --format=%(refname)%00%(upstream:short)%00%(objectname)%00%(upstream:track)%00%(upstream:remotename)%00%(upstream:remoteref) refs/heads/master refs/remotes/master [0ms]
[2022-11-01T19:16:51.207Z] > git for-each-ref --sort -committerdate --format %(refname) %(objectname) %(*objectname) [4ms]
[2022-11-01T19:16:51.207Z] > git remote --verbose [1ms]
[2022-11-01T19:16:51.234Z] > git config --get commit.template [1ms]
[2022-11-01T19:16:58.977Z] > git status -z -uall [93ms]
[2022-11-01T19:16:58.983Z] > git symbolic-ref --short HEAD [1ms]
[2022-11-01T19:16:58.988Z] > git for-each-ref --format=%(refname)%00%(upstream:short)%00%(objectname)%00%(upstream:track)%00%(upstream:remotename)%00%(upstream:remoteref) refs/heads/master refs/remotes/master [1ms]
[2022-11-01T19:16:58.996Z] > git remote --verbose [1ms]
[2022-11-01T19:16:58.996Z] > git for-each-ref --sort -committerdate --format %(refname) %(objectname) %(*objectname) [4ms]
[2022-11-01T19:16:59.025Z] > git config --get commit.template [4ms]
[2022-11-01T19:17:04.116Z] > git status -z -uall [86ms]
[2022-11-01T19:17:04.127Z] > git symbolic-ref --short HEAD [5ms]
[2022-11-01T19:17:04.133Z] > git for-each-ref --format=%(refname)%00%(upstream:short)%00%(objectname)%00%(upstream:track)%00%(upstream:remotename)%00%(upstream:remoteref) refs/heads/master refs/remotes/master [1ms]
[2022-11-01T19:17:04.142Z] > git remote --verbose [1ms]
[2022-11-01T19:17:04.142Z] > git for-each-ref --sort -committerdate --format %(refname) %(objectname) %(*objectname) [5ms]
[2022-11-01T19:17:04.168Z] > git config --get commit.template [0ms]
[2022-11-01T19:18:48.743Z] > git status -z -uall [88ms]
[2022-11-01T19:18:48.749Z] > git symbolic-ref --short HEAD [0ms]
[2022-11-01T19:18:48.754Z] > git for-each-ref --format=%(refname)%00%(upstream:short)%00%(objectname)%00%(upstream:track)%00%(upstream:remotename)%00%(upstream:remoteref) refs/heads/master refs/remotes/master [1ms]
[2022-11-01T19:18:48.762Z] > git remote --verbose [0ms]
[2022-11-01T19:18:48.762Z] > git for-each-ref --sort -committerdate --format %(refname) %(objectname) %(*objectname) [5ms]
[2022-11-01T19:18:48.796Z] > git config --get commit.template [1ms]
[2022-11-01T19:18:49.891Z] > git fetch [1242ms]
[2022-11-01T19:18:49.984Z] > git status -z -uall [87ms]
[2022-11-01T19:18:49.990Z] > git symbolic-ref --short HEAD [0ms]
[2022-11-01T19:18:49.995Z] > git for-each-ref --format=%(refname)%00%(upstream:short)%00%(objectname)%00%(upstream:track)%00%(upstream:remotename)%00%(upstream:remoteref) refs/heads/master refs/remotes/master [1ms]
[2022-11-01T19:18:50.004Z] > git remote --verbose [1ms]
[2022-11-01T19:18:50.004Z] > git for-each-ref --sort -committerdate --format %(refname) %(objectname) %(*objectname) [5ms]
[2022-11-01T19:18:50.035Z] > git config --get commit.template [4ms]
[2022-11-01T19:18:50.921Z] > git ls-files --stage -- /home/lrb96/pandas_ejercicios/df.py [8ms]
[2022-11-01T19:18:50.927Z] > git cat-file -s 2bc8428b502ef172248334360d99ec0ad3205269 [1ms]
[2022-11-01T19:18:50.945Z] > git show --textconv :pandas_ejercicios/df.py [6ms]
[2022-11-01T19:19:01.439Z] > git status -z -uall [98ms]
[2022-11-01T19:19:01.444Z] > git symbolic-ref --short HEAD [0ms]
[2022-11-01T19:19:01.449Z] > git for-each-ref --format=%(refname)%00%(upstream:short)%00%(objectname)%00%(upstream:track)%00%(upstream:remotename)%00%(upstream:remoteref) refs/heads/master refs/remotes/master [0ms]
[2022-11-01T19:19:01.457Z] > git remote --verbose [1ms]
[2022-11-01T19:19:01.457Z] > git for-each-ref --sort -committerdate --format %(refname) %(objectname) %(*objectname) [4ms]
[2022-11-01T19:19:01.485Z] > git config --get commit.template [0ms]
[2022-11-01T19:19:17.801Z] > git status -z -uall [91ms]
[2022-11-01T19:19:17.807Z] > git symbolic-ref --short HEAD [1ms]
[2022-11-01T19:19:17.812Z] > git for-each-ref --format=%(refname)%00%(upstream:short)%00%(objectname)%00%(upstream:track)%00%(upstream:remotename)%00%(upstream:remoteref) refs/heads/master refs/remotes/master [1ms]
[2022-11-01T19:19:17.822Z] > git remote --verbose [1ms]
[2022-11-01T19:19:17.822Z] > git for-each-ref --sort -committerdate --format %(refname) %(objectname) %(*objectname) [5ms]
[2022-11-01T19:19:17.851Z] > git config --get commit.template [1ms]
[2022-11-01T19:19:22.942Z] > git status -z -uall [83ms]
[2022-11-01T19:19:22.947Z] > git symbolic-ref --short HEAD [0ms]
[2022-11-01T19:19:22.952Z] > git for-each-ref --format=%(refname)%00%(upstream:short)%00%(objectname)%00%(upstream:track)%00%(upstream:remotename)%00%(upstream:remoteref) refs/heads/master refs/remotes/master [0ms]
[2022-11-01T19:19:22.960Z] > git remote --verbose [1ms]
[2022-11-01T19:19:22.960Z] > git for-each-ref --sort -committerdate --format %(refname) %(objectname) %(*objectname) [4ms]
[2022-11-01T19:19:22.990Z] > git config --get commit.template [0ms]
[2022-11-01T19:19:30.494Z] > git status -z -uall [86ms]
[2022-11-01T19:19:30.500Z] > git symbolic-ref --short HEAD [0ms]
[2022-11-01T19:19:30.505Z] > git for-each-ref --format=%(refname)%00%(upstream:short)%00%(objectname)%00%(upstream:track)%00%(upstream:remotename)%00%(upstream:remoteref) refs/heads/master refs/remotes/master [0ms]
[2022-11-01T19:19:30.513Z] > git remote --verbose [0ms]
[2022-11-01T19:19:30.513Z] > git for-each-ref --sort -committerdate --format %(refname) %(objectname) %(*objectname) [4ms]
[2022-11-01T19:19:30.538Z] > git config --get commit.template [0ms]
[2022-11-01T19:19:35.627Z] > git status -z -uall [83ms]
[2022-11-01T19:19:35.633Z] > git symbolic-ref --short HEAD [1ms]
[2022-11-01T19:19:35.638Z] > git for-each-ref --format=%(refname)%00%(upstream:short)%00%(objectname)%00%(upstream:track)%00%(upstream:remotename)%00%(upstream:remoteref) refs/heads/master refs/remotes/master [1ms]
[2022-11-01T19:19:35.646Z] > git remote --verbose [1ms]
[2022-11-01T19:19:35.646Z] > git for-each-ref --sort -committerdate --format %(refname) %(objectname) %(*objectname) [4ms]
[2022-11-01T19:19:35.676Z] > git config --get commit.template [1ms]
[2022-11-01T19:19:43.882Z] > git status -z -uall [86ms]
[2022-11-01T19:19:43.888Z] > git symbolic-ref --short HEAD [1ms]
[2022-11-01T19:19:43.892Z] > git for-each-ref --format=%(refname)%00%(upstream:short)%00%(objectname)%00%(upstream:track)%00%(upstream:remotename)%00%(upstream:remoteref) refs/heads/master refs/remotes/master [0ms]
[2022-11-01T19:19:43.902Z] > git remote --verbose [2ms]
[2022-11-01T19:19:43.902Z] > git for-each-ref --sort -committerdate --format %(refname) %(objectname) %(*objectname) [5ms]
[2022-11-01T19:19:43.927Z] > git config --get commit.template [1ms]
[2022-11-01T19:19:49.017Z] > git status -z -uall [85ms]
[2022-11-01T19:19:49.022Z] > git symbolic-ref --short HEAD [0ms]
[2022-11-01T19:19:49.027Z] > git for-each-ref --format=%(refname)%00%(upstream:short)%00%(objectname)%00%(upstream:track)%00%(upstream:remotename)%00%(upstream:remoteref) refs/heads/master refs/remotes/master [1ms]
[2022-11-01T19:19:49.035Z] > git remote --verbose [0ms]
[2022-11-01T19:19:49.035Z] > git for-each-ref --sort -committerdate --format %(refname) %(objectname) %(*objectname) [4ms]
[2022-11-01T19:19:49.061Z] > git config --get commit.template [1ms]
[2022-11-01T19:19:54.148Z] > git status -z -uall [82ms]
[2022-11-01T19:19:54.153Z] > git symbolic-ref --short HEAD [0ms]
[2022-11-01T19:19:54.158Z] > git for-each-ref --format=%(refname)%00%(upstream:short)%00%(objectname)%00%(upstream:track)%00%(upstream:remotename)%00%(upstream:remoteref) refs/heads/master refs/remotes/master [1ms]
[2022-11-01T19:19:54.168Z] > git remote --verbose [1ms]
[2022-11-01T19:19:54.168Z] > git for-each-ref --sort -committerdate --format %(refname) %(objectname) %(*objectname) [6ms]
[2022-11-01T19:19:54.194Z] > git config --get commit.template [1ms]
[2022-11-01T19:19:59.406Z] > git status -z -uall [91ms]
[2022-11-01T19:19:59.412Z] > git symbolic-ref --short HEAD [1ms]
[2022-11-01T19:19:59.417Z] > git for-each-ref --format=%(refname)%00%(upstream:short)%00%(objectname)%00%(upstream:track)%00%(upstream:remotename)%00%(upstream:remoteref) refs/heads/master refs/remotes/master [1ms]
[2022-11-01T19:19:59.426Z] > git remote --verbose [1ms]
[2022-11-01T19:19:59.426Z] > git for-each-ref --sort -committerdate --format %(refname) %(objectname) %(*objectname) [5ms]
[2022-11-01T19:19:59.453Z] > git config --get commit.template [2ms]
[2022-11-01T19:20:08.127Z] > git status -z -uall [85ms]
[2022-11-01T19:20:08.132Z] > git symbolic-ref --short HEAD [1ms]
[2022-11-01T19:20:08.137Z] > git for-each-ref --format=%(refname)%00%(upstream:short)%00%(objectname)%00%(upstream:track)%00%(upstream:remotename)%00%(upstream:remoteref) refs/heads/master refs/remotes/master [1ms]
[2022-11-01T19:20:08.145Z] > git remote --verbose [1ms]
[2022-11-01T19:20:08.145Z] > git for-each-ref --sort -committerdate --format %(refname) %(objectname) %(*objectname) [4ms]
[2022-11-01T19:20:08.172Z] > git config --get commit.template [0ms]
[2022-11-01T19:20:13.266Z] > git status -z -uall [86ms]
[2022-11-01T19:20:13.273Z] > git symbolic-ref --short HEAD [1ms]
[2022-11-01T19:20:13.281Z] > git for-each-ref --format=%(refname)%00%(upstream:short)%00%(objectname)%00%(upstream:track)%00%(upstream:remotename)%00%(upstream:remoteref) refs/heads/master refs/remotes/master [1ms]
[2022-11-01T19:20:13.295Z] > git remote --verbose [1ms]
[2022-11-01T19:20:13.295Z] > git for-each-ref --sort -committerdate --format %(refname) %(objectname) %(*objectname) [6ms]
[2022-11-01T19:20:13.353Z] > git config --get commit.template [18ms]
[2022-11-01T19:20:21.975Z] > git status -z -uall [93ms]
[2022-11-01T19:20:21.981Z] > git symbolic-ref --short HEAD [0ms]
[2022-11-01T19:20:21.986Z] > git for-each-ref --format=%(refname)%00%(upstream:short)%00%(objectname)%00%(upstream:track)%00%(upstream:remotename)%00%(upstream:remoteref) refs/heads/master refs/remotes/master [1ms]
[2022-11-01T19:20:21.995Z] > git remote --verbose [1ms]
[2022-11-01T19:20:21.995Z] > git for-each-ref --sort -committerdate --format %(refname) %(objectname) %(*objectname) [5ms]
[2022-11-01T19:20:22.022Z] > git config --get commit.template [0ms]
[2022-11-01T19:20:27.115Z] > git status -z -uall [86ms]
[2022-11-01T19:20:27.121Z] > git symbolic-ref --short HEAD [1ms]
[2022-11-01T19:20:27.126Z] > git for-each-ref --format=%(refname)%00%(upstream:short)%00%(objectname)%00%(upstream:track)%00%(upstream:remotename)%00%(upstream:remoteref) refs/heads/master refs/remotes/master [1ms]
[2022-11-01T19:20:27.135Z] > git remote --verbose [1ms]
[2022-11-01T19:20:27.135Z] > git for-each-ref --sort -committerdate --format %(refname) %(objectname) %(*objectname) [5ms]
[2022-11-01T19:20:27.165Z] > git config --get commit.template [4ms]
[2022-11-01T19:20:32.762Z] > git status -z -uall [83ms]
[2022-11-01T19:20:32.769Z] > git symbolic-ref --short HEAD [2ms]
[2022-11-01T19:20:32.774Z] > git for-each-ref --format=%(refname)%00%(upstream:short)%00%(objectname)%00%(upstream:track)%00%(upstream:remotename)%00%(upstream:remoteref) refs/heads/master refs/remotes/master [0ms]
[2022-11-01T19:20:32.783Z] > git remote --verbose [1ms]
[2022-11-01T19:20:32.783Z] > git for-each-ref --sort -committerdate --format %(refname) %(objectname) %(*objectname) [5ms]
[2022-11-01T19:20:32.809Z] > git config --get commit.template [1ms]
[2022-11-01T19:20:50.230Z] > git status -z -uall [88ms]
[2022-11-01T19:20:50.236Z] > git symbolic-ref --short HEAD [0ms]
[2022-11-01T19:20:50.241Z] > git for-each-ref --format=%(refname)%00%(upstream:short)%00%(objectname)%00%(upstream:track)%00%(upstream:remotename)%00%(upstream:remoteref) refs/heads/master refs/remotes/master [1ms]
[2022-11-01T19:20:50.249Z] > git remote --verbose [0ms]
[2022-11-01T19:20:50.250Z] > git for-each-ref --sort -committerdate --format %(refname) %(objectname) %(*objectname) [5ms]
[2022-11-01T19:20:50.275Z] > git config --get commit.template [0ms]
[2022-11-01T19:20:55.368Z] > git status -z -uall [87ms]
[2022-11-01T19:20:55.373Z] > git symbolic-ref --short HEAD [0ms]
[2022-11-01T19:20:55.378Z] > git for-each-ref --format=%(refname)%00%(upstream:short)%00%(objectname)%00%(upstream:track)%00%(upstream:remotename)%00%(upstream:remoteref) refs/heads/master refs/remotes/master [1ms]
[2022-11-01T19:20:55.387Z] > git remote --verbose [1ms]
[2022-11-01T19:20:55.387Z] > git for-each-ref --sort -committerdate --format %(refname) %(objectname) %(*objectname) [5ms]
[2022-11-01T19:20:55.413Z] > git config --get commit.template [0ms]
[2022-11-01T19:21:00.508Z] > git status -z -uall [89ms]
[2022-11-01T19:21:00.513Z] > git symbolic-ref --short HEAD [1ms]
[2022-11-01T19:21:00.519Z] > git for-each-ref --format=%(refname)%00%(upstream:short)%00%(objectname)%00%(upstream:track)%00%(upstream:remotename)%00%(upstream:remoteref) refs/heads/master refs/remotes/master [1ms]
[2022-11-01T19:21:00.527Z] > git for-each-ref --sort -committerdate --format %(refname) %(objectname) %(*objectname) [4ms]
[2022-11-01T19:21:00.527Z] > git remote --verbose [1ms]
[2022-11-01T19:21:00.554Z] > git config --get commit.template [2ms]
[2022-11-01T19:21:06.457Z] > git status -z -uall [89ms]
[2022-11-01T19:21:06.463Z] > git symbolic-ref --short HEAD [1ms]
[2022-11-01T19:21:06.468Z] > git for-each-ref --format=%(refname)%00%(upstream:short)%00%(objectname)%00%(upstream:track)%00%(upstream:remotename)%00%(upstream:remoteref) refs/heads/master refs/remotes/master [1ms]
[2022-11-01T19:21:06.477Z] > git for-each-ref --sort -committerdate --format %(refname) %(objectname) %(*objectname) [5ms]
[2022-11-01T19:21:06.477Z] > git remote --verbose [1ms]
[2022-11-01T19:21:06.503Z] > git config --get commit.template [0ms]
[2022-11-01T19:21:11.593Z] > git status -z -uall [83ms]
[2022-11-01T19:21:11.599Z] > git symbolic-ref --short HEAD [1ms]
[2022-11-01T19:21:11.604Z] > git for-each-ref --format=%(refname)%00%(upstream:short)%00%(objectname)%00%(upstream:track)%00%(upstream:remotename)%00%(upstream:remoteref) refs/heads/master refs/remotes/master [1ms]
[2022-11-01T19:21:11.612Z] > git remote --verbose [1ms]
[2022-11-01T19:21:11.612Z] > git for-each-ref --sort -committerdate --format %(refname) %(objectname) %(*objectname) [4ms]
[2022-11-01T19:21:11.639Z] > git config --get commit.template [2ms]
[2022-11-01T19:21:16.733Z] > git status -z -uall [88ms]
[2022-11-01T19:21:16.740Z] > git symbolic-ref --short HEAD [1ms]
[2022-11-01T19:21:16.748Z] > git for-each-ref --format=%(refname)%00%(upstream:short)%00%(objectname)%00%(upstream:track)%00%(upstream:remotename)%00%(upstream:remoteref) refs/heads/master refs/remotes/master [0ms]
[2022-11-01T19:21:16.762Z] > git remote --verbose [0ms]
[2022-11-01T19:21:16.763Z] > git for-each-ref --sort -committerdate --format %(refname) %(objectname) %(*objectname) [6ms]
[2022-11-01T19:21:16.788Z] > git config --get commit.template [1ms]
[2022-11-01T19:21:23.481Z] > git status -z -uall [88ms]
[2022-11-01T19:21:23.486Z] > git symbolic-ref --short HEAD [0ms]
[2022-11-01T19:21:23.492Z] > git for-each-ref --format=%(refname)%00%(upstream:short)%00%(objectname)%00%(upstream:track)%00%(upstream:remotename)%00%(upstream:remoteref) refs/heads/master refs/remotes/master [1ms]
[2022-11-01T19:21:23.500Z] > git for-each-ref --sort -committerdate --format %(refname) %(objectname) %(*objectname) [4ms]
[2022-11-01T19:21:23.500Z] > git remote --verbose [1ms]
[2022-11-01T19:21:23.526Z] > git config --get commit.template [1ms]
[2022-11-01T19:21:28.619Z] > git status -z -uall [86ms]
[2022-11-01T19:21:28.626Z] > git symbolic-ref --short HEAD [2ms]
[2022-11-01T19:21:28.632Z] > git for-each-ref --format=%(refname)%00%(upstream:short)%00%(objectname)%00%(upstream:track)%00%(upstream:remotename)%00%(upstream:remoteref) refs/heads/master refs/remotes/master [1ms]
[2022-11-01T19:21:28.640Z] > git remote --verbose [1ms]
[2022-11-01T19:21:28.640Z] > git for-each-ref --sort -committerdate --format %(refname) %(objectname) %(*objectname) [5ms]
[2022-11-01T19:21:28.665Z] > git config --get commit.template [0ms]
[2022-11-01T19:21:33.754Z] > git status -z -uall [83ms]
[2022-11-01T19:21:33.761Z] > git symbolic-ref --short HEAD [1ms]
[2022-11-01T19:21:33.766Z] > git for-each-ref --format=%(refname)%00%(upstream:short)%00%(objectname)%00%(upstream:track)%00%(upstream:remotename)%00%(upstream:remoteref) refs/heads/master refs/remotes/master [0ms]
[2022-11-01T19:21:33.779Z] > git remote --verbose [1ms]
[2022-11-01T19:21:33.779Z] > git for-each-ref --sort -committerdate --format %(refname) %(objectname) %(*objectname) [6ms]
[2022-11-01T19:21:33.831Z] > git config --get commit.template [14ms]
[2022-11-01T19:21:38.925Z] > git status -z -uall [87ms]
[2022-11-01T19:21:38.931Z] > git symbolic-ref --short HEAD [1ms]
[2022-11-01T19:21:38.936Z] > git for-each-ref --format=%(refname)%00%(upstream:short)%00%(objectname)%00%(upstream:track)%00%(upstream:remotename)%00%(upstream:remoteref) refs/heads/master refs/remotes/master [1ms]
[2022-11-01T19:21:38.945Z] > git for-each-ref --sort -committerdate --format %(refname) %(objectname) %(*objectname) [5ms]
[2022-11-01T19:21:38.946Z] > git remote --verbose [2ms]
[2022-11-01T19:21:38.971Z] > git config --get commit.template [0ms]
[2022-11-01T19:21:44.061Z] > git status -z -uall [83ms]
[2022-11-01T19:21:44.067Z] > git symbolic-ref --short HEAD [1ms]
[2022-11-01T19:21:44.071Z] > git for-each-ref --format=%(refname)%00%(upstream:short)%00%(objectname)%00%(upstream:track)%00%(upstream:remotename)%00%(upstream:remoteref) refs/heads/master refs/remotes/master [0ms]
[2022-11-01T19:21:44.080Z] > git remote --verbose [1ms]
[2022-11-01T19:21:44.080Z] > git for-each-ref --sort -committerdate --format %(refname) %(objectname) %(*objectname) [5ms]
[2022-11-01T19:21:44.105Z] > git config --get commit.template [0ms]
[2022-11-01T19:21:49.513Z] > git status -z -uall [97ms]
[2022-11-01T19:21:49.520Z] > git symbolic-ref --short HEAD [1ms]
[2022-11-01T19:21:49.525Z] > git for-each-ref --format=%(refname)%00%(upstream:short)%00%(objectname)%00%(upstream:track)%00%(upstream:remotename)%00%(upstream:remoteref) refs/heads/master refs/remotes/master [0ms]
[2022-11-01T19:21:49.537Z] > git remote --verbose [1ms]
[2022-11-01T19:21:49.537Z] > git for-each-ref --sort -committerdate --format %(refname) %(objectname) %(*objectname) [7ms]
[2022-11-01T19:21:49.566Z] > git config --get commit.template [2ms]
[2022-11-01T19:21:51.222Z] > git ls-files --stage -- /home/lrb96/pandas_ejercicios/df.py [7ms]
[2022-11-01T19:21:51.228Z] > git cat-file -s 2bc8428b502ef172248334360d99ec0ad3205269 [0ms]
[2022-11-01T19:21:51.246Z] > git show --textconv :pandas_ejercicios/df.py [7ms]
[2022-11-01T19:21:51.345Z] > git fetch [1304ms]
[2022-11-01T19:21:51.433Z] > git status -z -uall [82ms]
[2022-11-01T19:21:51.439Z] > git symbolic-ref --short HEAD [0ms]
[2022-11-01T19:21:51.444Z] > git for-each-ref --format=%(refname)%00%(upstream:short)%00%(objectname)%00%(upstream:track)%00%(upstream:remotename)%00%(upstream:remoteref) refs/heads/master refs/remotes/master [1ms]
[2022-11-01T19:21:51.452Z] > git remote --verbose [1ms]
[2022-11-01T19:21:51.452Z] > git for-each-ref --sort -committerdate --format %(refname) %(objectname) %(*objectname) [4ms]
[2022-11-01T19:21:51.480Z] > git config --get commit.template [2ms]
[2022-11-01T19:21:52.419Z] > git ls-files --stage -- /home/lrb96/pandas_ejercicios/df.py [8ms]
[2022-11-01T19:21:52.425Z] > git cat-file -s 2bc8428b502ef172248334360d99ec0ad3205269 [0ms]
[2022-11-01T19:21:52.442Z] > git show --textconv :pandas_ejercicios/df.py [8ms]
[2022-11-01T19:22:06.118Z] > git status -z -uall [88ms]
[2022-11-01T19:22:06.124Z] > git symbolic-ref --short HEAD [0ms]
[2022-11-01T19:22:06.131Z] > git for-each-ref --format=%(refname)%00%(upstream:short)%00%(objectname)%00%(upstream:track)%00%(upstream:remotename)%00%(upstream:remoteref) refs/heads/master refs/remotes/master [1ms]
[2022-11-01T19:22:06.144Z] > git for-each-ref --sort -committerdate --format %(refname) %(objectname) %(*objectname) [7ms]
[2022-11-01T19:22:06.144Z] > git remote --verbose [1ms]
[2022-11-01T19:22:06.190Z] > git config --get commit.template [12ms]
[2022-11-01T19:22:11.281Z] > git status -z -uall [84ms]
[2022-11-01T19:22:11.286Z] > git symbolic-ref --short HEAD [1ms]
[2022-11-01T19:22:11.290Z] > git for-each-ref --format=%(refname)%00%(upstream:short)%00%(objectname)%00%(upstream:track)%00%(upstream:remotename)%00%(upstream:remoteref) refs/heads/master refs/remotes/master [0ms]
[2022-11-01T19:22:11.299Z] > git remote --verbose [1ms]
[2022-11-01T19:22:11.299Z] > git for-each-ref --sort -committerdate --format %(refname) %(objectname) %(*objectname) [4ms]
[2022-11-01T19:22:11.327Z] > git config --get commit.template [1ms]
[2022-11-01T19:22:31.668Z] > git status -z -uall [97ms]
[2022-11-01T19:22:31.674Z] > git symbolic-ref --short HEAD [0ms]
[2022-11-01T19:22:31.679Z] > git for-each-ref --format=%(refname)%00%(upstream:short)%00%(objectname)%00%(upstream:track)%00%(upstream:remotename)%00%(upstream:remoteref) refs/heads/master refs/remotes/master [1ms]
[2022-11-01T19:22:31.688Z] > git for-each-ref --sort -committerdate --format %(refname) %(objectname) %(*objectname) [5ms]
[2022-11-01T19:22:31.688Z] > git remote --verbose [1ms]
[2022-11-01T19:22:31.714Z] > git config --get commit.template [0ms]
[2022-11-01T19:22:36.805Z] > git status -z -uall [85ms]
[2022-11-01T19:22:36.810Z] > git symbolic-ref --short HEAD [1ms]
[2022-11-01T19:22:36.816Z] > git for-each-ref --format=%(refname)%00%(upstream:short)%00%(objectname)%00%(upstream:track)%00%(upstream:remotename)%00%(upstream:remoteref) refs/heads/master refs/remotes/master [1ms]
[2022-11-01T19:22:36.824Z] > git remote --verbose [1ms]
[2022-11-01T19:22:36.824Z] > git for-each-ref --sort -committerdate --format %(refname) %(objectname) %(*objectname) [5ms]
[2022-11-01T19:22:36.851Z] > git config --get commit.template [3ms]
[2022-11-01T19:22:45.193Z] > git status -z -uall [85ms]
[2022-11-01T19:22:45.198Z] > git symbolic-ref --short HEAD [0ms]
[2022-11-01T19:22:45.204Z] > git for-each-ref --format=%(refname)%00%(upstream:short)%00%(objectname)%00%(upstream:track)%00%(upstream:remotename)%00%(upstream:remoteref) refs/heads/master refs/remotes/master [0ms]
[2022-11-01T19:22:45.212Z] > git remote --verbose [0ms]
[2022-11-01T19:22:45.213Z] > git for-each-ref --sort -committerdate --format %(refname) %(objectname) %(*objectname) [5ms]
[2022-11-01T19:22:45.238Z] > git config --get commit.template [0ms]
[2022-11-01T19:22:50.329Z] > git status -z -uall [85ms]
[2022-11-01T19:22:50.338Z] > git symbolic-ref --short HEAD [1ms]
[2022-11-01T19:22:50.346Z] > git for-each-ref --format=%(refname)%00%(upstream:short)%00%(objectname)%00%(upstream:track)%00%(upstream:remotename)%00%(upstream:remoteref) refs/heads/master refs/remotes/master [1ms]
[2022-11-01T19:22:50.363Z] > git for-each-ref --sort -committerdate --format %(refname) %(objectname) %(*objectname) [9ms]
[2022-11-01T19:22:50.363Z] > git remote --verbose [1ms]
[2022-11-01T19:22:50.409Z] > git config --get commit.template [12ms]
[2022-11-01T19:22:55.500Z] > git status -z -uall [84ms]
[2022-11-01T19:22:55.507Z] > git symbolic-ref --short HEAD [1ms]
[2022-11-01T19:22:55.515Z] > git for-each-ref --format=%(refname)%00%(upstream:short)%00%(objectname)%00%(upstream:track)%00%(upstream:remotename)%00%(upstream:remoteref) refs/heads/master refs/remotes/master [1ms]
[2022-11-01T19:22:55.527Z] > git for-each-ref --sort -committerdate --format %(refname) %(objectname) %(*objectname) [7ms]
[2022-11-01T19:22:55.528Z] > git remote --verbose [2ms]
[2022-11-01T19:22:55.576Z] > git config --get commit.template [10ms]
[2022-11-01T19:23:12.537Z] > git status -z -uall [89ms]
[2022-11-01T19:23:12.542Z] > git symbolic-ref --short HEAD [1ms]
[2022-11-01T19:23:12.546Z] > git for-each-ref --format=%(refname)%00%(upstream:short)%00%(objectname)%00%(upstream:track)%00%(upstream:remotename)%00%(upstream:remoteref) refs/heads/master refs/remotes/master [0ms]
[2022-11-01T19:23:12.555Z] > git remote --verbose [1ms]
[2022-11-01T19:23:12.555Z] > git for-each-ref --sort -committerdate --format %(refname) %(objectname) %(*objectname) [4ms]
[2022-11-01T19:23:12.586Z] > git config --get commit.template [0ms]
[2022-11-01T19:23:17.676Z] > git status -z -uall [84ms]
[2022-11-01T19:23:17.682Z] > git symbolic-ref --short HEAD [1ms]
[2022-11-01T19:23:17.688Z] > git for-each-ref --format=%(refname)%00%(upstream:short)%00%(objectname)%00%(upstream:track)%00%(upstream:remotename)%00%(upstream:remoteref) refs/heads/master refs/remotes/master [1ms]
[2022-11-01T19:23:17.697Z] > git remote --verbose [1ms]
[2022-11-01T19:23:17.697Z] > git for-each-ref --sort -committerdate --format %(refname) %(objectname) %(*objectname) [5ms]
[2022-11-01T19:23:17.726Z] > git config --get commit.template [3ms]
[2022-11-01T19:23:23.473Z] > git status -z -uall [86ms]
[2022-11-01T19:23:23.479Z] > git symbolic-ref --short HEAD [1ms]
[2022-11-01T19:23:23.485Z] > git for-each-ref --format=%(refname)%00%(upstream:short)%00%(objectname)%00%(upstream:track)%00%(upstream:remotename)%00%(upstream:remoteref) refs/heads/master refs/remotes/master [1ms]
[2022-11-01T19:23:23.493Z] > git remote --verbose [1ms]
[2022-11-01T19:23:23.493Z] > git for-each-ref --sort -committerdate --format %(refname) %(objectname) %(*objectname) [4ms]
[2022-11-01T19:23:23.517Z] > git config --get commit.template [1ms]
[2022-11-01T19:23:28.609Z] > git status -z -uall [86ms]
[2022-11-01T19:23:28.614Z] > git symbolic-ref --short HEAD [0ms]
[2022-11-01T19:23:28.621Z] > git for-each-ref --format=%(refname)%00%(upstream:short)%00%(objectname)%00%(upstream:track)%00%(upstream:remotename)%00%(upstream:remoteref) refs/heads/master refs/remotes/master [1ms]
[2022-11-01T19:23:28.630Z] > git remote --verbose [1ms]
[2022-11-01T19:23:28.630Z] > git for-each-ref --sort -committerdate --format %(refname) %(objectname) %(*objectname) [5ms]
[2022-11-01T19:23:28.656Z] > git config --get commit.template [1ms]
[2022-11-01T19:23:33.748Z] > git status -z -uall [86ms]
[2022-11-01T19:23:33.755Z] > git symbolic-ref --short HEAD [1ms]
[2022-11-01T19:23:33.761Z] > git for-each-ref --format=%(refname)%00%(upstream:short)%00%(objectname)%00%(upstream:track)%00%(upstream:remotename)%00%(upstream:remoteref) refs/heads/master refs/remotes/master [1ms]
[2022-11-01T19:23:33.771Z] > git remote --verbose [1ms]
[2022-11-01T19:23:33.771Z] > git for-each-ref --sort -committerdate --format %(refname) %(objectname) %(*objectname) [6ms]
[2022-11-01T19:23:33.798Z] > git config --get commit.template [0ms]
[2022-11-01T19:23:43.219Z] > git status -z -uall [88ms]
[2022-11-01T19:23:43.225Z] > git symbolic-ref --short HEAD [1ms]
[2022-11-01T19:23:43.231Z] > git for-each-ref --format=%(refname)%00%(upstream:short)%00%(objectname)%00%(upstream:track)%00%(upstream:remotename)%00%(upstream:remoteref) refs/heads/master refs/remotes/master [1ms]
[2022-11-01T19:23:43.242Z] > git remote --verbose [1ms]
[2022-11-01T19:23:43.243Z] > git for-each-ref --sort -committerdate --format %(refname) %(objectname) %(*objectname) [7ms]
[2022-11-01T19:23:43.291Z] > git config --get commit.template [10ms]
[2022-11-01T19:23:48.392Z] > git status -z -uall [95ms]
[2022-11-01T19:23:48.398Z] > git symbolic-ref --short HEAD [1ms]
[2022-11-01T19:23:48.403Z] > git for-each-ref --format=%(refname)%00%(upstream:short)%00%(objectname)%00%(upstream:track)%00%(upstream:remotename)%00%(upstream:remoteref) refs/heads/master refs/remotes/master [1ms]
[2022-11-01T19:23:48.412Z] > git remote --verbose [1ms]
[2022-11-01T19:23:48.412Z] > git for-each-ref --sort -committerdate --format %(refname) %(objectname) %(*objectname) [5ms]
[2022-11-01T19:23:48.437Z] > git config --get commit.template [1ms]
[2022-11-01T19:23:53.530Z] > git status -z -uall [86ms]
[2022-11-01T19:23:53.535Z] > git symbolic-ref --short HEAD [1ms]
[2022-11-01T19:23:53.540Z] > git for-each-ref --format=%(refname)%00%(upstream:short)%00%(objectname)%00%(upstream:track)%00%(upstream:remotename)%00%(upstream:remoteref) refs/heads/master refs/remotes/master [0ms]
[2022-11-01T19:23:53.550Z] > git remote --verbose [1ms]
[2022-11-01T19:23:53.550Z] > git for-each-ref --sort -committerdate --format %(refname) %(objectname) %(*objectname) [5ms]
[2022-11-01T19:23:53.576Z] > git config --get commit.template [0ms]
[2022-11-01T19:23:59.894Z] > git status -z -uall [86ms]
[2022-11-01T19:23:59.900Z] > git symbolic-ref --short HEAD [1ms]
[2022-11-01T19:23:59.905Z] > git for-each-ref --format=%(refname)%00%(upstream:short)%00%(objectname)%00%(upstream:track)%00%(upstream:remotename)%00%(upstream:remoteref) refs/heads/master refs/remotes/master [1ms]
[2022-11-01T19:23:59.913Z] > git remote --verbose [0ms]
[2022-11-01T19:23:59.913Z] > git for-each-ref --sort -committerdate --format %(refname) %(objectname) %(*objectname) [4ms]
[2022-11-01T19:23:59.939Z] > git config --get commit.template [0ms]
[2022-11-01T19:24:05.028Z] > git status -z -uall [83ms]
[2022-11-01T19:24:05.035Z] > git symbolic-ref --short HEAD [1ms]
[2022-11-01T19:24:05.043Z] > git for-each-ref --format=%(refname)%00%(upstream:short)%00%(objectname)%00%(upstream:track)%00%(upstream:remotename)%00%(upstream:remoteref) refs/heads/master refs/remotes/master [1ms]
[2022-11-01T19:24:05.055Z] > git remote --verbose [2ms]
[2022-11-01T19:24:05.055Z] > git for-each-ref --sort -committerdate --format %(refname) %(objectname) %(*objectname) [6ms]
[2022-11-01T19:24:05.082Z] > git config --get commit.template [1ms]
[2022-11-01T19:24:11.991Z] > git status -z -uall [89ms]
[2022-11-01T19:24:11.997Z] > git symbolic-ref --short HEAD [1ms]
[2022-11-01T19:24:12.002Z] > git for-each-ref --format=%(refname)%00%(upstream:short)%00%(objectname)%00%(upstream:track)%00%(upstream:remotename)%00%(upstream:remoteref) refs/heads/master refs/remotes/master [1ms]
[2022-11-01T19:24:12.011Z] > git remote --verbose [1ms]
[2022-11-01T19:24:12.011Z] > git for-each-ref --sort -committerdate --format %(refname) %(objectname) %(*objectname) [5ms]
[2022-11-01T19:24:12.036Z] > git config --get commit.template [1ms]
[2022-11-01T19:26:09.811Z] > git status -z -uall [93ms]
[2022-11-01T19:26:09.816Z] > git symbolic-ref --short HEAD [1ms]
[2022-11-01T19:26:09.820Z] > git for-each-ref --format=%(refname)%00%(upstream:short)%00%(objectname)%00%(upstream:track)%00%(upstream:remotename)%00%(upstream:remoteref) refs/heads/master refs/remotes/master [0ms]
[2022-11-01T19:26:09.828Z] > git remote --verbose [0ms]
[2022-11-01T19:26:09.829Z] > git for-each-ref --sort -committerdate --format %(refname) %(objectname) %(*objectname) [5ms]
[2022-11-01T19:26:09.862Z] > git config --get commit.template [1ms]
[2022-11-01T19:26:10.892Z] > git ls-files --stage -- /home/lrb96/pandas_ejercicios/df.py [7ms]
[2022-11-01T19:26:10.897Z] > git cat-file -s 2bc8428b502ef172248334360d99ec0ad3205269 [0ms]
[2022-11-01T19:26:10.913Z] > git show --textconv :pandas_ejercicios/df.py [7ms]
[2022-11-01T19:26:10.959Z] > git fetch [1251ms]
[2022-11-01T19:26:11.047Z] > git status -z -uall [83ms]
[2022-11-01T19:26:11.052Z] > git symbolic-ref --short HEAD [1ms]
[2022-11-01T19:26:11.057Z] > git for-each-ref --format=%(refname)%00%(upstream:short)%00%(objectname)%00%(upstream:track)%00%(upstream:remotename)%00%(upstream:remoteref) refs/heads/master refs/remotes/master [1ms]
[2022-11-01T19:26:11.065Z] > git remote --verbose [1ms]
[2022-11-01T19:26:11.065Z] > git for-each-ref --sort -committerdate --format %(refname) %(objectname) %(*objectname) [4ms]
[2022-11-01T19:26:11.096Z] > git config --get commit.template [2ms]
[2022-11-01T19:26:15.531Z] > git ls-files --stage -- /home/lrb96/pandas_ejercicios/df.py [8ms]
[2022-11-01T19:26:15.537Z] > git cat-file -s 2bc8428b502ef172248334360d99ec0ad3205269 [0ms]
[2022-11-01T19:26:15.559Z] > git show --textconv :pandas_ejercicios/df.py [8ms]
[2022-11-01T19:26:15.598Z] > git status -z -uall [95ms]
[2022-11-01T19:26:15.604Z] > git symbolic-ref --short HEAD [1ms]
[2022-11-01T19:26:15.609Z] > git for-each-ref --format=%(refname)%00%(upstream:short)%00%(objectname)%00%(upstream:track)%00%(upstream:remotename)%00%(upstream:remoteref) refs/heads/master refs/remotes/master [1ms]
[2022-11-01T19:26:15.617Z] > git remote --verbose [0ms]
[2022-11-01T19:26:15.618Z] > git for-each-ref --sort -committerdate --format %(refname) %(objectname) %(*objectname) [5ms]
[2022-11-01T19:26:15.644Z] > git config --get commit.template [0ms]
[2022-11-01T19:26:20.735Z] > git status -z -uall [85ms]
[2022-11-01T19:26:20.742Z] > git symbolic-ref --short HEAD [1ms]
[2022-11-01T19:26:20.751Z] > git for-each-ref --format=%(refname)%00%(upstream:short)%00%(objectname)%00%(upstream:track)%00%(upstream:remotename)%00%(upstream:remoteref) refs/heads/master refs/remotes/master [1ms]
[2022-11-01T19:26:20.764Z] > git remote --verbose [1ms]
[2022-11-01T19:26:20.764Z] > git for-each-ref --sort -committerdate --format %(refname) %(objectname) %(*objectname) [7ms]
[2022-11-01T19:26:20.809Z] > git config --get commit.template [10ms]
[2022-11-01T19:26:29.102Z] > git status -z -uall [93ms]
[2022-11-01T19:26:29.108Z] > git symbolic-ref --short HEAD [1ms]
[2022-11-01T19:26:29.113Z] > git for-each-ref --format=%(refname)%00%(upstream:short)%00%(objectname)%00%(upstream:track)%00%(upstream:remotename)%00%(upstream:remoteref) refs/heads/master refs/remotes/master [1ms]
[2022-11-01T19:26:29.122Z] > git for-each-ref --sort -committerdate --format %(refname) %(objectname) %(*objectname) [5ms]
[2022-11-01T19:26:29.122Z] > git remote --verbose [1ms]
[2022-11-01T19:26:29.148Z] > git config --get commit.template [1ms]
[2022-11-01T19:26:34.248Z] > git status -z -uall [94ms]
[2022-11-01T19:26:34.256Z] > git symbolic-ref --short HEAD [1ms]
[2022-11-01T19:26:34.263Z] > git for-each-ref --format=%(refname)%00%(upstream:short)%00%(objectname)%00%(upstream:track)%00%(upstream:remotename)%00%(upstream:remoteref) refs/heads/master refs/remotes/master [1ms]
[2022-11-01T19:26:34.277Z] > git remote --verbose [1ms]
[2022-11-01T19:26:34.278Z] > git for-each-ref --sort -committerdate --format %(refname) %(objectname) %(*objectname) [8ms]
[2022-11-01T19:26:34.332Z] > git config --get commit.template [11ms]
[2022-11-01T19:26:39.437Z] > git status -z -uall [97ms]
[2022-11-01T19:26:39.443Z] > git symbolic-ref --short HEAD [0ms]
[2022-11-01T19:26:39.449Z] > git for-each-ref --format=%(refname)%00%(upstream:short)%00%(objectname)%00%(upstream:track)%00%(upstream:remotename)%00%(upstream:remoteref) refs/heads/master refs/remotes/master [1ms]
[2022-11-01T19:26:39.458Z] > git for-each-ref --sort -committerdate --format %(refname) %(objectname) %(*objectname) [5ms]
[2022-11-01T19:26:39.458Z] > git remote --verbose [1ms]
[2022-11-01T19:26:39.487Z] > git config --get commit.template [2ms]
[2022-11-01T19:27:15.031Z] > git status -z -uall [96ms]
[2022-11-01T19:27:15.036Z] > git symbolic-ref --short HEAD [0ms]
[2022-11-01T19:27:15.042Z] > git for-each-ref --format=%(refname)%00%(upstream:short)%00%(objectname)%00%(upstream:track)%00%(upstream:remotename)%00%(upstream:remoteref) refs/heads/master refs/remotes/master [1ms]
[2022-11-01T19:27:15.050Z] > git remote --verbose [1ms]
[2022-11-01T19:27:15.050Z] > git for-each-ref --sort -committerdate --format %(refname) %(objectname) %(*objectname) [5ms]
[2022-11-01T19:27:15.084Z] > git config --get commit.template [1ms]
[2022-11-01T19:27:36.982Z] > git status -z -uall [90ms]
[2022-11-01T19:27:36.988Z] > git symbolic-ref --short HEAD [1ms]
[2022-11-01T19:27:36.993Z] > git for-each-ref --format=%(refname)%00%(upstream:short)%00%(objectname)%00%(upstream:track)%00%(upstream:remotename)%00%(upstream:remoteref) refs/heads/master refs/remotes/master [1ms]
[2022-11-01T19:27:37.003Z] > git for-each-ref --sort -committerdate --format %(refname) %(objectname) %(*objectname) [6ms]
[2022-11-01T19:27:37.003Z] > git remote --verbose [1ms]
[2022-11-01T19:27:37.041Z] > git config --get commit.template [7ms]
