[2022-10-31T18:57:41.864Z] Nivel de registro: Info
[2022-10-31T18:57:41.869Z] [info] La validación encontró Git en: git
[2022-10-31T18:57:42.178Z] [info] Usando GIT 2.25.1 desde git
[2022-10-31T18:57:42.228Z] > git rev-parse --show-toplevel [38ms]
[2022-10-31T18:57:42.259Z] > git rev-parse --git-dir --git-common-dir [25ms]
[2022-10-31T18:57:42.263Z] [info] Open repository: /home/lrb96
[2022-10-31T18:57:42.288Z] > git rev-parse --show-toplevel [5ms]
[2022-10-31T18:57:42.297Z] > git rev-parse --show-toplevel [3ms]
[2022-10-31T18:57:42.309Z] > git rev-parse --show-toplevel [4ms]
[2022-10-31T18:57:42.318Z] > git rev-parse --show-toplevel [1ms]
[2022-10-31T18:57:43.009Z] > git show --textconv :pandas_ejercicios/df.py [73ms]
[2022-10-31T18:57:43.009Z] > git ls-files --stage -- /home/lrb96/pandas_ejercicios/df.py [64ms]
[2022-10-31T18:57:43.024Z] > git check-ignore -v -z --stdin [100ms]
[2022-10-31T18:57:43.025Z] > git cat-file -s 093a2199b5f203baff7f98834e86f5bb149595a4 [6ms]
[2022-10-31T18:57:43.091Z] > git status -z -uall [814ms]
[2022-10-31T18:57:43.100Z] > git symbolic-ref --short HEAD [2ms]
[2022-10-31T18:57:43.107Z] > git for-each-ref --format=%(refname)%00%(upstream:short)%00%(objectname)%00%(upstream:track)%00%(upstream:remotename)%00%(upstream:remoteref) refs/heads/master refs/remotes/master [1ms]
[2022-10-31T18:57:43.126Z] > git remote --verbose [2ms]
[2022-10-31T18:57:43.127Z] > git for-each-ref --sort -committerdate --format %(refname) %(objectname) %(*objectname) [10ms]
[2022-10-31T18:57:43.139Z] > git config --get commit.template [1ms]
[2022-10-31T18:57:43.270Z] > git status -z -uall [122ms]
[2022-10-31T18:57:43.281Z] > git symbolic-ref --short HEAD [5ms]
[2022-10-31T18:57:43.295Z] > git for-each-ref --format=%(refname)%00%(upstream:short)%00%(objectname)%00%(upstream:track)%00%(upstream:remotename)%00%(upstream:remoteref) refs/heads/master refs/remotes/master [8ms]
[2022-10-31T18:57:43.308Z] > git remote --verbose [1ms]
[2022-10-31T18:57:43.308Z] > git for-each-ref --sort -committerdate --format %(refname) %(objectname) %(*objectname) [7ms]
[2022-10-31T18:57:43.317Z] > git config --get commit.template [0ms]
[2022-10-31T18:57:43.618Z] > git ls-files --stage -- /home/lrb96/pandas_ejercicios/df.py [12ms]
[2022-10-31T18:57:43.626Z] > git cat-file -s 093a2199b5f203baff7f98834e86f5bb149595a4 [1ms]
[2022-10-31T18:57:43.646Z] > git show --textconv :pandas_ejercicios/df.py [8ms]
[2022-10-31T18:57:43.664Z] > git fetch [1393ms]
[2022-10-31T18:57:43.776Z] > git status -z -uall [105ms]
[2022-10-31T18:57:43.786Z] > git symbolic-ref --short HEAD [2ms]
[2022-10-31T18:57:43.809Z] > git for-each-ref --format=%(refname)%00%(upstream:short)%00%(objectname)%00%(upstream:track)%00%(upstream:remotename)%00%(upstream:remoteref) refs/heads/master refs/remotes/master [15ms]
[2022-10-31T18:57:43.839Z] > git remote --verbose [15ms]
[2022-10-31T18:57:43.840Z] > git for-each-ref --sort -committerdate --format %(refname) %(objectname) %(*objectname) [24ms]
[2022-10-31T18:57:43.851Z] > git config --get commit.template [3ms]
[2022-10-31T18:57:44.617Z] > git config --local branch.master.github-pr-owner-number [90ms]
[2022-10-31T18:57:44.841Z] > git ls-files --stage -- /home/lrb96/pandas_ejercicios/df.py [10ms]
[2022-10-31T18:57:44.848Z] > git cat-file -s 093a2199b5f203baff7f98834e86f5bb149595a4 [1ms]
[2022-10-31T18:57:44.895Z] > git show --textconv :pandas_ejercicios/df.py [8ms]
[2022-10-31T18:57:46.258Z] > git status -z -uall [79ms]
[2022-10-31T18:57:46.263Z] > git symbolic-ref --short HEAD [1ms]
[2022-10-31T18:57:46.268Z] > git for-each-ref --format=%(refname)%00%(upstream:short)%00%(objectname)%00%(upstream:track)%00%(upstream:remotename)%00%(upstream:remoteref) refs/heads/master refs/remotes/master [1ms]
[2022-10-31T18:57:46.276Z] > git remote --verbose [0ms]
[2022-10-31T18:57:46.277Z] > git for-each-ref --sort -committerdate --format %(refname) %(objectname) %(*objectname) [5ms]
[2022-10-31T18:57:46.283Z] > git config --get commit.template [1ms]
[2022-10-31T18:57:51.367Z] > git status -z -uall [79ms]
[2022-10-31T18:57:51.372Z] > git symbolic-ref --short HEAD [0ms]
[2022-10-31T18:57:51.377Z] > git for-each-ref --format=%(refname)%00%(upstream:short)%00%(objectname)%00%(upstream:track)%00%(upstream:remotename)%00%(upstream:remoteref) refs/heads/master refs/remotes/master [0ms]
[2022-10-31T18:57:51.386Z] > git for-each-ref --sort -committerdate --format %(refname) %(objectname) %(*objectname) [4ms]
[2022-10-31T18:57:51.386Z] > git remote --verbose [1ms]
[2022-10-31T18:57:51.393Z] > git config --get commit.template [0ms]
[2022-10-31T18:57:56.484Z] > git status -z -uall [86ms]
[2022-10-31T18:57:56.490Z] > git symbolic-ref --short HEAD [1ms]
[2022-10-31T18:57:56.495Z] > git for-each-ref --format=%(refname)%00%(upstream:short)%00%(objectname)%00%(upstream:track)%00%(upstream:remotename)%00%(upstream:remoteref) refs/heads/master refs/remotes/master [1ms]
[2022-10-31T18:57:56.506Z] > git remote --verbose [0ms]
[2022-10-31T18:57:56.507Z] > git for-each-ref --sort -committerdate --format %(refname) %(objectname) %(*objectname) [6ms]
[2022-10-31T18:57:56.514Z] > git config --get commit.template [1ms]
[2022-10-31T18:58:01.598Z] > git status -z -uall [79ms]
[2022-10-31T18:58:01.603Z] > git symbolic-ref --short HEAD [1ms]
[2022-10-31T18:58:01.608Z] > git for-each-ref --format=%(refname)%00%(upstream:short)%00%(objectname)%00%(upstream:track)%00%(upstream:remotename)%00%(upstream:remoteref) refs/heads/master refs/remotes/master [1ms]
[2022-10-31T18:58:01.617Z] > git remote --verbose [1ms]
[2022-10-31T18:58:01.617Z] > git for-each-ref --sort -committerdate --format %(refname) %(objectname) %(*objectname) [5ms]
[2022-10-31T18:58:01.624Z] > git config --get commit.template [1ms]
[2022-10-31T18:58:06.710Z] > git status -z -uall [81ms]
[2022-10-31T18:58:06.716Z] > git symbolic-ref --short HEAD [1ms]
[2022-10-31T18:58:06.720Z] > git for-each-ref --format=%(refname)%00%(upstream:short)%00%(objectname)%00%(upstream:track)%00%(upstream:remotename)%00%(upstream:remoteref) refs/heads/master refs/remotes/master [0ms]
[2022-10-31T18:58:06.729Z] > git remote --verbose [0ms]
[2022-10-31T18:58:06.730Z] > git for-each-ref --sort -committerdate --format %(refname) %(objectname) %(*objectname) [6ms]
[2022-10-31T18:58:06.736Z] > git config --get commit.template [0ms]
[2022-10-31T18:59:20.299Z] > git status -z -uall [83ms]
[2022-10-31T18:59:20.304Z] > git symbolic-ref --short HEAD [1ms]
[2022-10-31T18:59:20.308Z] > git for-each-ref --format=%(refname)%00%(upstream:short)%00%(objectname)%00%(upstream:track)%00%(upstream:remotename)%00%(upstream:remoteref) refs/heads/master refs/remotes/master [1ms]
[2022-10-31T18:59:20.315Z] > git remote --verbose [1ms]
[2022-10-31T18:59:20.315Z] > git for-each-ref --sort -committerdate --format %(refname) %(objectname) %(*objectname) [4ms]
[2022-10-31T18:59:20.320Z] > git config --get commit.template [0ms]
[2022-10-31T19:00:23.394Z] > git status -z -uall [88ms]
[2022-10-31T19:00:23.398Z] > git symbolic-ref --short HEAD [1ms]
[2022-10-31T19:00:23.402Z] > git for-each-ref --format=%(refname)%00%(upstream:short)%00%(objectname)%00%(upstream:track)%00%(upstream:remotename)%00%(upstream:remoteref) refs/heads/master refs/remotes/master [1ms]
[2022-10-31T19:00:23.409Z] > git remote --verbose [0ms]
[2022-10-31T19:00:23.409Z] > git for-each-ref --sort -committerdate --format %(refname) %(objectname) %(*objectname) [4ms]
[2022-10-31T19:00:23.414Z] > git config --get commit.template [0ms]
[2022-10-31T19:00:28.500Z] > git status -z -uall [80ms]
[2022-10-31T19:00:28.505Z] > git symbolic-ref --short HEAD [1ms]
[2022-10-31T19:00:28.509Z] > git for-each-ref --format=%(refname)%00%(upstream:short)%00%(objectname)%00%(upstream:track)%00%(upstream:remotename)%00%(upstream:remoteref) refs/heads/master refs/remotes/master [0ms]
[2022-10-31T19:00:28.516Z] > git remote --verbose [1ms]
[2022-10-31T19:00:28.516Z] > git for-each-ref --sort -committerdate --format %(refname) %(objectname) %(*objectname) [4ms]
[2022-10-31T19:00:28.522Z] > git config --get commit.template [0ms]
[2022-10-31T19:00:33.604Z] > git status -z -uall [78ms]
[2022-10-31T19:00:33.610Z] > git symbolic-ref --short HEAD [1ms]
[2022-10-31T19:00:33.614Z] > git for-each-ref --format=%(refname)%00%(upstream:short)%00%(objectname)%00%(upstream:track)%00%(upstream:remotename)%00%(upstream:remoteref) refs/heads/master refs/remotes/master [1ms]
[2022-10-31T19:00:33.622Z] > git remote --verbose [1ms]
[2022-10-31T19:00:33.622Z] > git for-each-ref --sort -committerdate --format %(refname) %(objectname) %(*objectname) [4ms]
[2022-10-31T19:00:33.628Z] > git config --get commit.template [1ms]
[2022-10-31T19:00:38.713Z] > git status -z -uall [80ms]
[2022-10-31T19:00:38.717Z] > git symbolic-ref --short HEAD [1ms]
[2022-10-31T19:00:38.725Z] > git for-each-ref --format=%(refname)%00%(upstream:short)%00%(objectname)%00%(upstream:track)%00%(upstream:remotename)%00%(upstream:remoteref) refs/heads/master refs/remotes/master [5ms]
[2022-10-31T19:00:38.732Z] > git remote --verbose [1ms]
[2022-10-31T19:00:38.732Z] > git for-each-ref --sort -committerdate --format %(refname) %(objectname) %(*objectname) [4ms]
[2022-10-31T19:00:38.739Z] > git config --get commit.template [0ms]
[2022-10-31T19:00:43.822Z] > git status -z -uall [78ms]
[2022-10-31T19:00:43.826Z] > git symbolic-ref --short HEAD [0ms]
[2022-10-31T19:00:43.830Z] > git for-each-ref --format=%(refname)%00%(upstream:short)%00%(objectname)%00%(upstream:track)%00%(upstream:remotename)%00%(upstream:remoteref) refs/heads/master refs/remotes/master [0ms]
[2022-10-31T19:00:43.837Z] > git remote --verbose [1ms]
[2022-10-31T19:00:43.837Z] > git for-each-ref --sort -committerdate --format %(refname) %(objectname) %(*objectname) [4ms]
[2022-10-31T19:00:43.847Z] > git config --get commit.template [5ms]
[2022-10-31T19:00:45.037Z] > git ls-files --stage -- /home/lrb96/pandas_ejercicios/df.py [7ms]
[2022-10-31T19:00:45.042Z] > git cat-file -s 093a2199b5f203baff7f98834e86f5bb149595a4 [1ms]
[2022-10-31T19:00:45.056Z] > git show --textconv :pandas_ejercicios/df.py [6ms]
[2022-10-31T19:00:45.086Z] > git fetch [1230ms]
[2022-10-31T19:00:45.167Z] > git status -z -uall [77ms]
[2022-10-31T19:00:45.172Z] > git symbolic-ref --short HEAD [1ms]
[2022-10-31T19:00:45.176Z] > git for-each-ref --format=%(refname)%00%(upstream:short)%00%(objectname)%00%(upstream:track)%00%(upstream:remotename)%00%(upstream:remoteref) refs/heads/master refs/remotes/master [1ms]
[2022-10-31T19:00:45.182Z] > git remote --verbose [1ms]
[2022-10-31T19:00:45.182Z] > git for-each-ref --sort -committerdate --format %(refname) %(objectname) %(*objectname) [3ms]
[2022-10-31T19:00:45.187Z] > git config --get commit.template [1ms]
[2022-10-31T19:00:46.262Z] > git ls-files --stage -- /home/lrb96/pandas_ejercicios/df.py [8ms]
[2022-10-31T19:00:46.266Z] > git cat-file -s 093a2199b5f203baff7f98834e86f5bb149595a4 [0ms]
[2022-10-31T19:00:46.282Z] > git show --textconv :pandas_ejercicios/df.py [7ms]
[2022-10-31T19:00:48.932Z] > git status -z -uall [80ms]
[2022-10-31T19:00:48.938Z] > git symbolic-ref --short HEAD [1ms]
[2022-10-31T19:00:48.942Z] > git for-each-ref --format=%(refname)%00%(upstream:short)%00%(objectname)%00%(upstream:track)%00%(upstream:remotename)%00%(upstream:remoteref) refs/heads/master refs/remotes/master [1ms]
[2022-10-31T19:00:48.948Z] > git remote --verbose [0ms]
[2022-10-31T19:00:48.949Z] > git for-each-ref --sort -committerdate --format %(refname) %(objectname) %(*objectname) [4ms]
[2022-10-31T19:00:48.954Z] > git config --get commit.template [1ms]
[2022-10-31T19:00:54.038Z] > git status -z -uall [79ms]
[2022-10-31T19:00:54.043Z] > git symbolic-ref --short HEAD [1ms]
[2022-10-31T19:00:54.047Z] > git for-each-ref --format=%(refname)%00%(upstream:short)%00%(objectname)%00%(upstream:track)%00%(upstream:remotename)%00%(upstream:remoteref) refs/heads/master refs/remotes/master [1ms]
[2022-10-31T19:00:54.054Z] > git remote --verbose [1ms]
[2022-10-31T19:00:54.055Z] > git for-each-ref --sort -committerdate --format %(refname) %(objectname) %(*objectname) [5ms]
[2022-10-31T19:00:54.060Z] > git config --get commit.template [1ms]
[2022-10-31T19:00:59.805Z] > git status -z -uall [85ms]
[2022-10-31T19:00:59.810Z] > git symbolic-ref --short HEAD [1ms]
[2022-10-31T19:00:59.814Z] > git for-each-ref --format=%(refname)%00%(upstream:short)%00%(objectname)%00%(upstream:track)%00%(upstream:remotename)%00%(upstream:remoteref) refs/heads/master refs/remotes/master [1ms]
[2022-10-31T19:00:59.821Z] > git remote --verbose [1ms]
[2022-10-31T19:00:59.821Z] > git for-each-ref --sort -committerdate --format %(refname) %(objectname) %(*objectname) [4ms]
[2022-10-31T19:00:59.826Z] > git config --get commit.template [0ms]
[2022-10-31T19:01:04.910Z] > git status -z -uall [80ms]
[2022-10-31T19:01:04.915Z] > git symbolic-ref --short HEAD [1ms]
[2022-10-31T19:01:04.919Z] > git for-each-ref --format=%(refname)%00%(upstream:short)%00%(objectname)%00%(upstream:track)%00%(upstream:remotename)%00%(upstream:remoteref) refs/heads/master refs/remotes/master [1ms]
[2022-10-31T19:01:04.926Z] > git for-each-ref --sort -committerdate --format %(refname) %(objectname) %(*objectname) [4ms]
[2022-10-31T19:01:04.926Z] > git remote --verbose [1ms]
[2022-10-31T19:01:04.932Z] > git config --get commit.template [1ms]
[2022-10-31T19:01:10.019Z] > git status -z -uall [82ms]
[2022-10-31T19:01:10.023Z] > git symbolic-ref --short HEAD [1ms]
[2022-10-31T19:01:10.028Z] > git for-each-ref --format=%(refname)%00%(upstream:short)%00%(objectname)%00%(upstream:track)%00%(upstream:remotename)%00%(upstream:remoteref) refs/heads/master refs/remotes/master [1ms]
[2022-10-31T19:01:10.035Z] > git for-each-ref --sort -committerdate --format %(refname) %(objectname) %(*objectname) [4ms]
[2022-10-31T19:01:10.035Z] > git remote --verbose [1ms]
[2022-10-31T19:01:10.040Z] > git config --get commit.template [0ms]
[2022-10-31T19:01:15.283Z] > git status -z -uall [83ms]
[2022-10-31T19:01:15.287Z] > git symbolic-ref --short HEAD [0ms]
[2022-10-31T19:01:15.291Z] > git for-each-ref --format=%(refname)%00%(upstream:short)%00%(objectname)%00%(upstream:track)%00%(upstream:remotename)%00%(upstream:remoteref) refs/heads/master refs/remotes/master [1ms]
[2022-10-31T19:01:15.298Z] > git remote --verbose [1ms]
[2022-10-31T19:01:15.298Z] > git for-each-ref --sort -committerdate --format %(refname) %(objectname) %(*objectname) [4ms]
[2022-10-31T19:01:15.303Z] > git config --get commit.template [1ms]
[2022-10-31T19:01:20.392Z] > git status -z -uall [85ms]
[2022-10-31T19:01:20.397Z] > git symbolic-ref --short HEAD [1ms]
[2022-10-31T19:01:20.401Z] > git for-each-ref --format=%(refname)%00%(upstream:short)%00%(objectname)%00%(upstream:track)%00%(upstream:remotename)%00%(upstream:remoteref) refs/heads/master refs/remotes/master [1ms]
[2022-10-31T19:01:20.408Z] > git for-each-ref --sort -committerdate --format %(refname) %(objectname) %(*objectname) [3ms]
[2022-10-31T19:01:20.409Z] > git remote --verbose [1ms]
[2022-10-31T19:01:20.416Z] > git config --get commit.template [2ms]
[2022-10-31T19:01:25.499Z] > git status -z -uall [78ms]
[2022-10-31T19:01:25.503Z] > git symbolic-ref --short HEAD [0ms]
[2022-10-31T19:01:25.507Z] > git for-each-ref --format=%(refname)%00%(upstream:short)%00%(objectname)%00%(upstream:track)%00%(upstream:remotename)%00%(upstream:remoteref) refs/heads/master refs/remotes/master [1ms]
[2022-10-31T19:01:25.514Z] > git for-each-ref --sort -committerdate --format %(refname) %(objectname) %(*objectname) [4ms]
[2022-10-31T19:01:25.514Z] > git remote --verbose [1ms]
[2022-10-31T19:01:25.520Z] > git config --get commit.template [1ms]
[2022-10-31T19:01:30.605Z] > git status -z -uall [79ms]
[2022-10-31T19:01:30.612Z] > git symbolic-ref --short HEAD [2ms]
[2022-10-31T19:01:30.618Z] > git for-each-ref --format=%(refname)%00%(upstream:short)%00%(objectname)%00%(upstream:track)%00%(upstream:remotename)%00%(upstream:remoteref) refs/heads/master refs/remotes/master [0ms]
[2022-10-31T19:01:30.626Z] > git remote --verbose [0ms]
[2022-10-31T19:01:30.626Z] > git for-each-ref --sort -committerdate --format %(refname) %(objectname) %(*objectname) [4ms]
[2022-10-31T19:01:30.631Z] > git config --get commit.template [0ms]
[2022-10-31T19:01:35.717Z] > git status -z -uall [80ms]
[2022-10-31T19:01:35.722Z] > git symbolic-ref --short HEAD [1ms]
[2022-10-31T19:01:35.726Z] > git for-each-ref --format=%(refname)%00%(upstream:short)%00%(objectname)%00%(upstream:track)%00%(upstream:remotename)%00%(upstream:remoteref) refs/heads/master refs/remotes/master [0ms]
[2022-10-31T19:01:35.733Z] > git remote --verbose [1ms]
[2022-10-31T19:01:35.733Z] > git for-each-ref --sort -committerdate --format %(refname) %(objectname) %(*objectname) [3ms]
[2022-10-31T19:01:35.739Z] > git config --get commit.template [1ms]
[2022-10-31T19:01:45.262Z] > git status -z -uall [79ms]
[2022-10-31T19:01:45.267Z] > git symbolic-ref --short HEAD [1ms]
[2022-10-31T19:01:45.271Z] > git for-each-ref --format=%(refname)%00%(upstream:short)%00%(objectname)%00%(upstream:track)%00%(upstream:remotename)%00%(upstream:remoteref) refs/heads/master refs/remotes/master [1ms]
[2022-10-31T19:01:45.278Z] > git remote --verbose [0ms]
[2022-10-31T19:01:45.278Z] > git for-each-ref --sort -committerdate --format %(refname) %(objectname) %(*objectname) [3ms]
[2022-10-31T19:01:45.283Z] > git config --get commit.template [0ms]
[2022-10-31T19:01:50.367Z] > git status -z -uall [79ms]
[2022-10-31T19:01:50.371Z] > git symbolic-ref --short HEAD [0ms]
[2022-10-31T19:01:50.375Z] > git for-each-ref --format=%(refname)%00%(upstream:short)%00%(objectname)%00%(upstream:track)%00%(upstream:remotename)%00%(upstream:remoteref) refs/heads/master refs/remotes/master [0ms]
[2022-10-31T19:01:50.383Z] > git remote --verbose [1ms]
[2022-10-31T19:01:50.383Z] > git for-each-ref --sort -committerdate --format %(refname) %(objectname) %(*objectname) [4ms]
[2022-10-31T19:01:50.388Z] > git config --get commit.template [1ms]
[2022-10-31T19:01:55.473Z] > git status -z -uall [80ms]
[2022-10-31T19:01:55.478Z] > git symbolic-ref --short HEAD [1ms]
[2022-10-31T19:01:55.482Z] > git for-each-ref --format=%(refname)%00%(upstream:short)%00%(objectname)%00%(upstream:track)%00%(upstream:remotename)%00%(upstream:remoteref) refs/heads/master refs/remotes/master [1ms]
[2022-10-31T19:01:55.489Z] > git for-each-ref --sort -committerdate --format %(refname) %(objectname) %(*objectname) [4ms]
[2022-10-31T19:01:55.489Z] > git remote --verbose [1ms]
[2022-10-31T19:01:55.495Z] > git config --get commit.template [0ms]
[2022-10-31T19:02:00.579Z] > git status -z -uall [79ms]
[2022-10-31T19:02:00.583Z] > git symbolic-ref --short HEAD [0ms]
[2022-10-31T19:02:00.587Z] > git for-each-ref --format=%(refname)%00%(upstream:short)%00%(objectname)%00%(upstream:track)%00%(upstream:remotename)%00%(upstream:remoteref) refs/heads/master refs/remotes/master [1ms]
[2022-10-31T19:02:00.594Z] > git for-each-ref --sort -committerdate --format %(refname) %(objectname) %(*objectname) [4ms]
[2022-10-31T19:02:00.594Z] > git remote --verbose [1ms]
[2022-10-31T19:02:00.599Z] > git config --get commit.template [0ms]
[2022-10-31T19:02:05.685Z] > git status -z -uall [80ms]
[2022-10-31T19:02:05.690Z] > git symbolic-ref --short HEAD [1ms]
[2022-10-31T19:02:05.694Z] > git for-each-ref --format=%(refname)%00%(upstream:short)%00%(objectname)%00%(upstream:track)%00%(upstream:remotename)%00%(upstream:remoteref) refs/heads/master refs/remotes/master [0ms]
[2022-10-31T19:02:05.701Z] > git remote --verbose [0ms]
[2022-10-31T19:02:05.701Z] > git for-each-ref --sort -committerdate --format %(refname) %(objectname) %(*objectname) [3ms]
[2022-10-31T19:02:05.706Z] > git config --get commit.template [0ms]
[2022-10-31T19:02:10.789Z] > git status -z -uall [78ms]
[2022-10-31T19:02:10.794Z] > git symbolic-ref --short HEAD [0ms]
[2022-10-31T19:02:10.798Z] > git for-each-ref --format=%(refname)%00%(upstream:short)%00%(objectname)%00%(upstream:track)%00%(upstream:remotename)%00%(upstream:remoteref) refs/heads/master refs/remotes/master [0ms]
[2022-10-31T19:02:10.805Z] > git remote --verbose [1ms]
[2022-10-31T19:02:10.805Z] > git for-each-ref --sort -committerdate --format %(refname) %(objectname) %(*objectname) [4ms]
[2022-10-31T19:02:10.811Z] > git config --get commit.template [1ms]
[2022-10-31T19:02:15.900Z] > git status -z -uall [83ms]
[2022-10-31T19:02:15.905Z] > git symbolic-ref --short HEAD [0ms]
[2022-10-31T19:02:15.910Z] > git for-each-ref --format=%(refname)%00%(upstream:short)%00%(objectname)%00%(upstream:track)%00%(upstream:remotename)%00%(upstream:remoteref) refs/heads/master refs/remotes/master [0ms]
[2022-10-31T19:02:15.920Z] > git remote --verbose [1ms]
[2022-10-31T19:02:15.920Z] > git for-each-ref --sort -committerdate --format %(refname) %(objectname) %(*objectname) [5ms]
[2022-10-31T19:02:15.926Z] > git config --get commit.template [1ms]
[2022-10-31T19:02:21.011Z] > git status -z -uall [80ms]
[2022-10-31T19:02:21.016Z] > git symbolic-ref --short HEAD [0ms]
[2022-10-31T19:02:21.021Z] > git for-each-ref --format=%(refname)%00%(upstream:short)%00%(objectname)%00%(upstream:track)%00%(upstream:remotename)%00%(upstream:remoteref) refs/heads/master refs/remotes/master [0ms]
[2022-10-31T19:02:21.029Z] > git remote --verbose [1ms]
[2022-10-31T19:02:21.029Z] > git for-each-ref --sort -committerdate --format %(refname) %(objectname) %(*objectname) [4ms]
[2022-10-31T19:02:21.034Z] > git config --get commit.template [0ms]
[2022-10-31T19:02:26.121Z] > git status -z -uall [81ms]
[2022-10-31T19:02:26.126Z] > git symbolic-ref --short HEAD [1ms]
[2022-10-31T19:02:26.130Z] > git for-each-ref --format=%(refname)%00%(upstream:short)%00%(objectname)%00%(upstream:track)%00%(upstream:remotename)%00%(upstream:remoteref) refs/heads/master refs/remotes/master [1ms]
[2022-10-31T19:02:26.137Z] > git remote --verbose [1ms]
[2022-10-31T19:02:26.137Z] > git for-each-ref --sort -committerdate --format %(refname) %(objectname) %(*objectname) [4ms]
[2022-10-31T19:02:26.143Z] > git config --get commit.template [1ms]
[2022-10-31T19:02:31.227Z] > git status -z -uall [79ms]
[2022-10-31T19:02:31.231Z] > git symbolic-ref --short HEAD [0ms]
[2022-10-31T19:02:31.235Z] > git for-each-ref --format=%(refname)%00%(upstream:short)%00%(objectname)%00%(upstream:track)%00%(upstream:remotename)%00%(upstream:remoteref) refs/heads/master refs/remotes/master [0ms]
[2022-10-31T19:02:31.242Z] > git remote --verbose [1ms]
[2022-10-31T19:02:31.242Z] > git for-each-ref --sort -committerdate --format %(refname) %(objectname) %(*objectname) [4ms]
[2022-10-31T19:02:31.247Z] > git config --get commit.template [1ms]
[2022-10-31T19:02:36.332Z] > git status -z -uall [80ms]
[2022-10-31T19:02:36.336Z] > git symbolic-ref --short HEAD [0ms]
[2022-10-31T19:02:36.340Z] > git for-each-ref --format=%(refname)%00%(upstream:short)%00%(objectname)%00%(upstream:track)%00%(upstream:remotename)%00%(upstream:remoteref) refs/heads/master refs/remotes/master [1ms]
[2022-10-31T19:02:36.347Z] > git remote --verbose [0ms]
[2022-10-31T19:02:36.347Z] > git for-each-ref --sort -committerdate --format %(refname) %(objectname) %(*objectname) [3ms]
[2022-10-31T19:02:36.353Z] > git config --get commit.template [0ms]
[2022-10-31T19:02:41.443Z] > git status -z -uall [84ms]
[2022-10-31T19:02:41.447Z] > git symbolic-ref --short HEAD [1ms]
[2022-10-31T19:02:41.451Z] > git for-each-ref --format=%(refname)%00%(upstream:short)%00%(objectname)%00%(upstream:track)%00%(upstream:remotename)%00%(upstream:remoteref) refs/heads/master refs/remotes/master [1ms]
[2022-10-31T19:02:41.457Z] > git remote --verbose [0ms]
[2022-10-31T19:02:41.457Z] > git for-each-ref --sort -committerdate --format %(refname) %(objectname) %(*objectname) [3ms]
[2022-10-31T19:02:41.464Z] > git config --get commit.template [1ms]
[2022-10-31T19:02:47.129Z] > git status -z -uall [88ms]
[2022-10-31T19:02:47.133Z] > git symbolic-ref --short HEAD [0ms]
[2022-10-31T19:02:47.137Z] > git for-each-ref --format=%(refname)%00%(upstream:short)%00%(objectname)%00%(upstream:track)%00%(upstream:remotename)%00%(upstream:remoteref) refs/heads/master refs/remotes/master [0ms]
[2022-10-31T19:02:47.145Z] > git remote --verbose [1ms]
[2022-10-31T19:02:47.145Z] > git for-each-ref --sort -committerdate --format %(refname) %(objectname) %(*objectname) [4ms]
[2022-10-31T19:02:47.150Z] > git config --get commit.template [1ms]
[2022-10-31T19:02:54.399Z] > git status -z -uall [85ms]
[2022-10-31T19:02:54.404Z] > git symbolic-ref --short HEAD [1ms]
[2022-10-31T19:02:54.410Z] > git for-each-ref --format=%(refname)%00%(upstream:short)%00%(objectname)%00%(upstream:track)%00%(upstream:remotename)%00%(upstream:remoteref) refs/heads/master refs/remotes/master [1ms]
[2022-10-31T19:02:54.418Z] > git remote --verbose [0ms]
[2022-10-31T19:02:54.418Z] > git for-each-ref --sort -committerdate --format %(refname) %(objectname) %(*objectname) [5ms]
[2022-10-31T19:02:54.423Z] > git config --get commit.template [0ms]
[2022-10-31T19:02:59.508Z] > git status -z -uall [79ms]
[2022-10-31T19:02:59.513Z] > git symbolic-ref --short HEAD [0ms]
[2022-10-31T19:02:59.517Z] > git for-each-ref --format=%(refname)%00%(upstream:short)%00%(objectname)%00%(upstream:track)%00%(upstream:remotename)%00%(upstream:remoteref) refs/heads/master refs/remotes/master [1ms]
[2022-10-31T19:02:59.523Z] > git remote --verbose [0ms]
[2022-10-31T19:02:59.523Z] > git for-each-ref --sort -committerdate --format %(refname) %(objectname) %(*objectname) [3ms]
[2022-10-31T19:02:59.530Z] > git config --get commit.template [1ms]
[2022-10-31T19:03:05.399Z] > git status -z -uall [83ms]
[2022-10-31T19:03:05.403Z] > git symbolic-ref --short HEAD [0ms]
[2022-10-31T19:03:05.408Z] > git for-each-ref --format=%(refname)%00%(upstream:short)%00%(objectname)%00%(upstream:track)%00%(upstream:remotename)%00%(upstream:remoteref) refs/heads/master refs/remotes/master [1ms]
[2022-10-31T19:03:05.415Z] > git remote --verbose [1ms]
[2022-10-31T19:03:05.416Z] > git for-each-ref --sort -committerdate --format %(refname) %(objectname) %(*objectname) [5ms]
[2022-10-31T19:03:05.420Z] > git config --get commit.template [0ms]
[2022-10-31T19:03:10.503Z] > git status -z -uall [78ms]
[2022-10-31T19:03:10.508Z] > git symbolic-ref --short HEAD [1ms]
[2022-10-31T19:03:10.512Z] > git for-each-ref --format=%(refname)%00%(upstream:short)%00%(objectname)%00%(upstream:track)%00%(upstream:remotename)%00%(upstream:remoteref) refs/heads/master refs/remotes/master [1ms]
[2022-10-31T19:03:10.520Z] > git remote --verbose [1ms]
[2022-10-31T19:03:10.520Z] > git for-each-ref --sort -committerdate --format %(refname) %(objectname) %(*objectname) [4ms]
[2022-10-31T19:03:10.525Z] > git config --get commit.template [1ms]
[2022-10-31T19:03:15.608Z] > git status -z -uall [78ms]
[2022-10-31T19:03:15.613Z] > git symbolic-ref --short HEAD [1ms]
[2022-10-31T19:03:15.617Z] > git for-each-ref --format=%(refname)%00%(upstream:short)%00%(objectname)%00%(upstream:track)%00%(upstream:remotename)%00%(upstream:remoteref) refs/heads/master refs/remotes/master [0ms]
[2022-10-31T19:03:15.625Z] > git remote --verbose [0ms]
[2022-10-31T19:03:15.625Z] > git for-each-ref --sort -committerdate --format %(refname) %(objectname) %(*objectname) [4ms]
[2022-10-31T19:03:15.630Z] > git config --get commit.template [0ms]
[2022-10-31T19:03:20.720Z] > git status -z -uall [84ms]
[2022-10-31T19:03:20.725Z] > git symbolic-ref --short HEAD [1ms]
[2022-10-31T19:03:20.729Z] > git for-each-ref --format=%(refname)%00%(upstream:short)%00%(objectname)%00%(upstream:track)%00%(upstream:remotename)%00%(upstream:remoteref) refs/heads/master refs/remotes/master [1ms]
[2022-10-31T19:03:20.737Z] > git remote --verbose [2ms]
[2022-10-31T19:03:20.737Z] > git for-each-ref --sort -committerdate --format %(refname) %(objectname) %(*objectname) [4ms]
[2022-10-31T19:03:20.743Z] > git config --get commit.template [0ms]
[2022-10-31T19:03:25.958Z] > git status -z -uall [85ms]
[2022-10-31T19:03:25.963Z] > git symbolic-ref --short HEAD [1ms]
[2022-10-31T19:03:25.966Z] > git for-each-ref --format=%(refname)%00%(upstream:short)%00%(objectname)%00%(upstream:track)%00%(upstream:remotename)%00%(upstream:remoteref) refs/heads/master refs/remotes/master [0ms]
[2022-10-31T19:03:25.973Z] > git remote --verbose [0ms]
[2022-10-31T19:03:25.974Z] > git for-each-ref --sort -committerdate --format %(refname) %(objectname) %(*objectname) [4ms]
[2022-10-31T19:03:25.979Z] > git config --get commit.template [0ms]
[2022-10-31T19:03:31.063Z] > git status -z -uall [79ms]
[2022-10-31T19:03:31.067Z] > git symbolic-ref --short HEAD [0ms]
[2022-10-31T19:03:31.071Z] > git for-each-ref --format=%(refname)%00%(upstream:short)%00%(objectname)%00%(upstream:track)%00%(upstream:remotename)%00%(upstream:remoteref) refs/heads/master refs/remotes/master [1ms]
[2022-10-31T19:03:31.077Z] > git remote --verbose [0ms]
[2022-10-31T19:03:31.077Z] > git for-each-ref --sort -committerdate --format %(refname) %(objectname) %(*objectname) [3ms]
[2022-10-31T19:03:31.083Z] > git config --get commit.template [1ms]
[2022-10-31T19:03:36.168Z] > git status -z -uall [80ms]
[2022-10-31T19:03:36.172Z] > git symbolic-ref --short HEAD [0ms]
[2022-10-31T19:03:36.176Z] > git for-each-ref --format=%(refname)%00%(upstream:short)%00%(objectname)%00%(upstream:track)%00%(upstream:remotename)%00%(upstream:remoteref) refs/heads/master refs/remotes/master [0ms]
[2022-10-31T19:03:36.183Z] > git for-each-ref --sort -committerdate --format %(refname) %(objectname) %(*objectname) [4ms]
[2022-10-31T19:03:36.184Z] > git remote --verbose [2ms]
[2022-10-31T19:03:36.190Z] > git config --get commit.template [1ms]
[2022-10-31T19:03:41.273Z] > git status -z -uall [79ms]
[2022-10-31T19:03:41.278Z] > git symbolic-ref --short HEAD [1ms]
[2022-10-31T19:03:41.282Z] > git for-each-ref --format=%(refname)%00%(upstream:short)%00%(objectname)%00%(upstream:track)%00%(upstream:remotename)%00%(upstream:remoteref) refs/heads/master refs/remotes/master [1ms]
[2022-10-31T19:03:41.288Z] > git remote --verbose [1ms]
[2022-10-31T19:03:41.288Z] > git for-each-ref --sort -committerdate --format %(refname) %(objectname) %(*objectname) [3ms]
[2022-10-31T19:03:41.294Z] > git config --get commit.template [0ms]
[2022-10-31T19:03:46.372Z] > git ls-files --stage -- /home/lrb96/pandas_ejercicios/df.py [8ms]
[2022-10-31T19:03:46.376Z] > git cat-file -s 093a2199b5f203baff7f98834e86f5bb149595a4 [1ms]
[2022-10-31T19:03:46.393Z] > git show --textconv :pandas_ejercicios/df.py [7ms]
[2022-10-31T19:03:46.439Z] > git fetch [1247ms]
[2022-10-31T19:03:46.520Z] > git status -z -uall [78ms]
[2022-10-31T19:03:46.525Z] > git symbolic-ref --short HEAD [1ms]
[2022-10-31T19:03:46.529Z] > git for-each-ref --format=%(refname)%00%(upstream:short)%00%(objectname)%00%(upstream:track)%00%(upstream:remotename)%00%(upstream:remoteref) refs/heads/master refs/remotes/master [1ms]
[2022-10-31T19:03:46.536Z] > git for-each-ref --sort -committerdate --format %(refname) %(objectname) %(*objectname) [3ms]
[2022-10-31T19:03:46.536Z] > git remote --verbose [1ms]
[2022-10-31T19:03:46.542Z] > git config --get commit.template [1ms]
[2022-10-31T19:03:46.625Z] > git status -z -uall [79ms]
[2022-10-31T19:03:46.629Z] > git symbolic-ref --short HEAD [0ms]
[2022-10-31T19:03:46.634Z] > git for-each-ref --format=%(refname)%00%(upstream:short)%00%(objectname)%00%(upstream:track)%00%(upstream:remotename)%00%(upstream:remoteref) refs/heads/master refs/remotes/master [1ms]
[2022-10-31T19:03:46.647Z] > git remote --verbose [7ms]
[2022-10-31T19:03:46.647Z] > git for-each-ref --sort -committerdate --format %(refname) %(objectname) %(*objectname) [10ms]
[2022-10-31T19:03:46.653Z] > git config --get commit.template [1ms]
[2022-10-31T19:03:47.612Z] > git ls-files --stage -- /home/lrb96/pandas_ejercicios/df.py [8ms]
[2022-10-31T19:03:47.617Z] > git cat-file -s 093a2199b5f203baff7f98834e86f5bb149595a4 [1ms]
[2022-10-31T19:03:47.632Z] > git show --textconv :pandas_ejercicios/df.py [7ms]
[2022-10-31T19:03:51.737Z] > git status -z -uall [79ms]
[2022-10-31T19:03:51.742Z] > git symbolic-ref --short HEAD [1ms]
[2022-10-31T19:03:51.746Z] > git for-each-ref --format=%(refname)%00%(upstream:short)%00%(objectname)%00%(upstream:track)%00%(upstream:remotename)%00%(upstream:remoteref) refs/heads/master refs/remotes/master [0ms]
[2022-10-31T19:03:51.754Z] > git remote --verbose [2ms]
[2022-10-31T19:03:51.754Z] > git for-each-ref --sort -committerdate --format %(refname) %(objectname) %(*objectname) [5ms]
[2022-10-31T19:03:51.761Z] > git config --get commit.template [1ms]
[2022-10-31T19:03:56.850Z] > git status -z -uall [83ms]
[2022-10-31T19:03:56.854Z] > git symbolic-ref --short HEAD [0ms]
[2022-10-31T19:03:56.858Z] > git for-each-ref --format=%(refname)%00%(upstream:short)%00%(objectname)%00%(upstream:track)%00%(upstream:remotename)%00%(upstream:remoteref) refs/heads/master refs/remotes/master [0ms]
[2022-10-31T19:03:56.866Z] > git remote --verbose [2ms]
[2022-10-31T19:03:56.866Z] > git for-each-ref --sort -committerdate --format %(refname) %(objectname) %(*objectname) [5ms]
[2022-10-31T19:03:56.871Z] > git config --get commit.template [0ms]
[2022-10-31T19:04:01.953Z] > git status -z -uall [78ms]
[2022-10-31T19:04:01.958Z] > git symbolic-ref --short HEAD [1ms]
[2022-10-31T19:04:01.962Z] > git for-each-ref --format=%(refname)%00%(upstream:short)%00%(objectname)%00%(upstream:track)%00%(upstream:remotename)%00%(upstream:remoteref) refs/heads/master refs/remotes/master [1ms]
[2022-10-31T19:04:01.969Z] > git remote --verbose [1ms]
[2022-10-31T19:04:01.970Z] > git for-each-ref --sort -committerdate --format %(refname) %(objectname) %(*objectname) [5ms]
[2022-10-31T19:04:01.974Z] > git config --get commit.template [0ms]
[2022-10-31T19:04:07.968Z] > git status -z -uall [87ms]
[2022-10-31T19:04:07.973Z] > git symbolic-ref --short HEAD [1ms]
[2022-10-31T19:04:07.977Z] > git for-each-ref --format=%(refname)%00%(upstream:short)%00%(objectname)%00%(upstream:track)%00%(upstream:remotename)%00%(upstream:remoteref) refs/heads/master refs/remotes/master [1ms]
[2022-10-31T19:04:07.983Z] > git remote --verbose [0ms]
[2022-10-31T19:04:07.983Z] > git for-each-ref --sort -committerdate --format %(refname) %(objectname) %(*objectname) [3ms]
[2022-10-31T19:04:07.989Z] > git config --get commit.template [1ms]
[2022-10-31T19:04:13.075Z] > git status -z -uall [80ms]
[2022-10-31T19:04:13.079Z] > git symbolic-ref --short HEAD [0ms]
[2022-10-31T19:04:13.083Z] > git for-each-ref --format=%(refname)%00%(upstream:short)%00%(objectname)%00%(upstream:track)%00%(upstream:remotename)%00%(upstream:remoteref) refs/heads/master refs/remotes/master [1ms]
[2022-10-31T19:04:13.090Z] > git for-each-ref --sort -committerdate --format %(refname) %(objectname) %(*objectname) [3ms]
[2022-10-31T19:04:13.090Z] > git remote --verbose [1ms]
[2022-10-31T19:04:13.095Z] > git config --get commit.template [1ms]
[2022-10-31T19:04:19.143Z] > git status -z -uall [84ms]
[2022-10-31T19:04:19.148Z] > git symbolic-ref --short HEAD [0ms]
[2022-10-31T19:04:19.152Z] > git for-each-ref --format=%(refname)%00%(upstream:short)%00%(objectname)%00%(upstream:track)%00%(upstream:remotename)%00%(upstream:remoteref) refs/heads/master refs/remotes/master [0ms]
[2022-10-31T19:04:19.161Z] > git remote --verbose [1ms]
[2022-10-31T19:04:19.161Z] > git for-each-ref --sort -committerdate --format %(refname) %(objectname) %(*objectname) [5ms]
[2022-10-31T19:04:19.168Z] > git config --get commit.template [0ms]
[2022-10-31T19:04:24.251Z] > git status -z -uall [78ms]
[2022-10-31T19:04:24.256Z] > git symbolic-ref --short HEAD [1ms]
[2022-10-31T19:04:24.260Z] > git for-each-ref --format=%(refname)%00%(upstream:short)%00%(objectname)%00%(upstream:track)%00%(upstream:remotename)%00%(upstream:remoteref) refs/heads/master refs/remotes/master [1ms]
[2022-10-31T19:04:24.266Z] > git remote --verbose [1ms]
[2022-10-31T19:04:24.266Z] > git for-each-ref --sort -committerdate --format %(refname) %(objectname) %(*objectname) [3ms]
[2022-10-31T19:04:24.272Z] > git config --get commit.template [0ms]
[2022-10-31T19:04:29.458Z] > git status -z -uall [84ms]
[2022-10-31T19:04:29.463Z] > git symbolic-ref --short HEAD [1ms]
[2022-10-31T19:04:29.468Z] > git for-each-ref --format=%(refname)%00%(upstream:short)%00%(objectname)%00%(upstream:track)%00%(upstream:remotename)%00%(upstream:remoteref) refs/heads/master refs/remotes/master [1ms]
[2022-10-31T19:04:29.478Z] > git remote --verbose [1ms]
[2022-10-31T19:04:29.478Z] > git for-each-ref --sort -committerdate --format %(refname) %(objectname) %(*objectname) [6ms]
[2022-10-31T19:04:29.485Z] > git config --get commit.template [1ms]
[2022-10-31T19:04:34.571Z] > git status -z -uall [81ms]
[2022-10-31T19:04:34.576Z] > git symbolic-ref --short HEAD [1ms]
[2022-10-31T19:04:34.581Z] > git for-each-ref --format=%(refname)%00%(upstream:short)%00%(objectname)%00%(upstream:track)%00%(upstream:remotename)%00%(upstream:remoteref) refs/heads/master refs/remotes/master [1ms]
[2022-10-31T19:04:34.589Z] > git remote --verbose [1ms]
[2022-10-31T19:04:34.589Z] > git for-each-ref --sort -committerdate --format %(refname) %(objectname) %(*objectname) [4ms]
[2022-10-31T19:04:34.594Z] > git config --get commit.template [0ms]
[2022-10-31T19:04:39.679Z] > git status -z -uall [79ms]
[2022-10-31T19:04:39.684Z] > git symbolic-ref --short HEAD [1ms]
[2022-10-31T19:04:39.688Z] > git for-each-ref --format=%(refname)%00%(upstream:short)%00%(objectname)%00%(upstream:track)%00%(upstream:remotename)%00%(upstream:remoteref) refs/heads/master refs/remotes/master [1ms]
[2022-10-31T19:04:39.694Z] > git for-each-ref --sort -committerdate --format %(refname) %(objectname) %(*objectname) [3ms]
[2022-10-31T19:04:39.695Z] > git remote --verbose [1ms]
[2022-10-31T19:04:39.699Z] > git config --get commit.template [0ms]
[2022-10-31T19:04:48.410Z] > git status -z -uall [79ms]
[2022-10-31T19:04:48.415Z] > git symbolic-ref --short HEAD [1ms]
[2022-10-31T19:04:48.419Z] > git for-each-ref --format=%(refname)%00%(upstream:short)%00%(objectname)%00%(upstream:track)%00%(upstream:remotename)%00%(upstream:remoteref) refs/heads/master refs/remotes/master [1ms]
[2022-10-31T19:04:48.425Z] > git remote --verbose [0ms]
[2022-10-31T19:04:48.425Z] > git for-each-ref --sort -committerdate --format %(refname) %(objectname) %(*objectname) [3ms]
[2022-10-31T19:04:48.433Z] > git config --get commit.template [1ms]
[2022-10-31T19:05:08.888Z] > git status -z -uall [82ms]
[2022-10-31T19:05:08.893Z] > git symbolic-ref --short HEAD [0ms]
[2022-10-31T19:05:08.898Z] > git for-each-ref --format=%(refname)%00%(upstream:short)%00%(objectname)%00%(upstream:track)%00%(upstream:remotename)%00%(upstream:remoteref) refs/heads/master refs/remotes/master [1ms]
[2022-10-31T19:05:08.905Z] > git remote --verbose [1ms]
[2022-10-31T19:05:08.905Z] > git for-each-ref --sort -committerdate --format %(refname) %(objectname) %(*objectname) [4ms]
[2022-10-31T19:05:08.911Z] > git config --get commit.template [1ms]
[2022-10-31T19:05:13.996Z] > git status -z -uall [80ms]
[2022-10-31T19:05:14.000Z] > git symbolic-ref --short HEAD [0ms]
[2022-10-31T19:05:14.005Z] > git for-each-ref --format=%(refname)%00%(upstream:short)%00%(objectname)%00%(upstream:track)%00%(upstream:remotename)%00%(upstream:remoteref) refs/heads/master refs/remotes/master [1ms]
[2022-10-31T19:05:14.011Z] > git remote --verbose [0ms]
[2022-10-31T19:05:14.012Z] > git for-each-ref --sort -committerdate --format %(refname) %(objectname) %(*objectname) [4ms]
[2022-10-31T19:05:14.019Z] > git config --get commit.template [1ms]
[2022-10-31T19:05:19.104Z] > git status -z -uall [80ms]
[2022-10-31T19:05:19.110Z] > git symbolic-ref --short HEAD [1ms]
[2022-10-31T19:05:19.116Z] > git for-each-ref --format=%(refname)%00%(upstream:short)%00%(objectname)%00%(upstream:track)%00%(upstream:remotename)%00%(upstream:remoteref) refs/heads/master refs/remotes/master [0ms]
[2022-10-31T19:05:19.124Z] > git remote --verbose [1ms]
[2022-10-31T19:05:19.124Z] > git for-each-ref --sort -committerdate --format %(refname) %(objectname) %(*objectname) [4ms]
[2022-10-31T19:05:19.130Z] > git config --get commit.template [0ms]
[2022-10-31T19:05:34.454Z] > git status -z -uall [82ms]
[2022-10-31T19:05:34.460Z] > git symbolic-ref --short HEAD [0ms]
[2022-10-31T19:05:34.464Z] > git for-each-ref --format=%(refname)%00%(upstream:short)%00%(objectname)%00%(upstream:track)%00%(upstream:remotename)%00%(upstream:remoteref) refs/heads/master refs/remotes/master [1ms]
[2022-10-31T19:05:34.472Z] > git remote --verbose [1ms]
[2022-10-31T19:05:34.472Z] > git for-each-ref --sort -committerdate --format %(refname) %(objectname) %(*objectname) [5ms]
[2022-10-31T19:05:34.478Z] > git config --get commit.template [1ms]
[2022-10-31T19:08:33.833Z] > git status -z -uall [84ms]
[2022-10-31T19:08:33.838Z] > git symbolic-ref --short HEAD [1ms]
[2022-10-31T19:08:33.843Z] > git for-each-ref --format=%(refname)%00%(upstream:short)%00%(objectname)%00%(upstream:track)%00%(upstream:remotename)%00%(upstream:remoteref) refs/heads/master refs/remotes/master [1ms]
[2022-10-31T19:08:33.849Z] > git remote --verbose [1ms]
[2022-10-31T19:08:33.849Z] > git for-each-ref --sort -committerdate --format %(refname) %(objectname) %(*objectname) [3ms]
[2022-10-31T19:08:33.855Z] > git config --get commit.template [1ms]
[2022-10-31T19:08:34.985Z] > git fetch [1242ms]
[2022-10-31T19:08:35.070Z] > git status -z -uall [81ms]
[2022-10-31T19:08:35.074Z] > git symbolic-ref --short HEAD [1ms]
[2022-10-31T19:08:35.078Z] > git for-each-ref --format=%(refname)%00%(upstream:short)%00%(objectname)%00%(upstream:track)%00%(upstream:remotename)%00%(upstream:remoteref) refs/heads/master refs/remotes/master [1ms]
[2022-10-31T19:08:35.085Z] > git remote --verbose [1ms]
[2022-10-31T19:08:35.085Z] > git for-each-ref --sort -committerdate --format %(refname) %(objectname) %(*objectname) [4ms]
[2022-10-31T19:08:35.090Z] > git config --get commit.template [1ms]
[2022-10-31T19:09:15.059Z] > git ls-files --stage -- /home/lrb96/pandas_ejercicios/df.py [8ms]
[2022-10-31T19:09:15.064Z] > git cat-file -s 093a2199b5f203baff7f98834e86f5bb149595a4 [1ms]
[2022-10-31T19:09:15.079Z] > git show --textconv :pandas_ejercicios/df.py [7ms]
[2022-10-31T19:09:15.103Z] > git status -z -uall [87ms]
[2022-10-31T19:09:15.108Z] > git symbolic-ref --short HEAD [1ms]
[2022-10-31T19:09:15.112Z] > git for-each-ref --format=%(refname)%00%(upstream:short)%00%(objectname)%00%(upstream:track)%00%(upstream:remotename)%00%(upstream:remoteref) refs/heads/master refs/remotes/master [1ms]
[2022-10-31T19:09:15.119Z] > git for-each-ref --sort -committerdate --format %(refname) %(objectname) %(*objectname) [4ms]
[2022-10-31T19:09:15.119Z] > git remote --verbose [1ms]
[2022-10-31T19:09:15.125Z] > git config --get commit.template [1ms]
[2022-10-31T19:09:20.207Z] > git status -z -uall [77ms]
[2022-10-31T19:09:20.212Z] > git symbolic-ref --short HEAD [1ms]
[2022-10-31T19:09:20.215Z] > git for-each-ref --format=%(refname)%00%(upstream:short)%00%(objectname)%00%(upstream:track)%00%(upstream:remotename)%00%(upstream:remoteref) refs/heads/master refs/remotes/master [0ms]
[2022-10-31T19:09:20.223Z] > git remote --verbose [1ms]
[2022-10-31T19:09:20.223Z] > git for-each-ref --sort -committerdate --format %(refname) %(objectname) %(*objectname) [4ms]
[2022-10-31T19:09:20.229Z] > git config --get commit.template [0ms]
[2022-10-31T19:09:25.315Z] > git status -z -uall [80ms]
[2022-10-31T19:09:25.321Z] > git symbolic-ref --short HEAD [2ms]
[2022-10-31T19:09:25.326Z] > git for-each-ref --format=%(refname)%00%(upstream:short)%00%(objectname)%00%(upstream:track)%00%(upstream:remotename)%00%(upstream:remoteref) refs/heads/master refs/remotes/master [1ms]
[2022-10-31T19:09:25.334Z] > git remote --verbose [1ms]
[2022-10-31T19:09:25.334Z] > git for-each-ref --sort -committerdate --format %(refname) %(objectname) %(*objectname) [4ms]
[2022-10-31T19:09:25.340Z] > git config --get commit.template [1ms]
[2022-10-31T19:09:37.018Z] > git status -z -uall [84ms]
[2022-10-31T19:09:37.023Z] > git symbolic-ref --short HEAD [1ms]
[2022-10-31T19:09:37.027Z] > git for-each-ref --format=%(refname)%00%(upstream:short)%00%(objectname)%00%(upstream:track)%00%(upstream:remotename)%00%(upstream:remoteref) refs/heads/master refs/remotes/master [1ms]
[2022-10-31T19:09:37.035Z] > git for-each-ref --sort -committerdate --format %(refname) %(objectname) %(*objectname) [3ms]
[2022-10-31T19:09:37.035Z] > git remote --verbose [1ms]
[2022-10-31T19:09:37.040Z] > git config --get commit.template [0ms]
[2022-10-31T19:09:42.125Z] > git status -z -uall [79ms]
[2022-10-31T19:09:42.129Z] > git symbolic-ref --short HEAD [0ms]
[2022-10-31T19:09:42.133Z] > git for-each-ref --format=%(refname)%00%(upstream:short)%00%(objectname)%00%(upstream:track)%00%(upstream:remotename)%00%(upstream:remoteref) refs/heads/master refs/remotes/master [0ms]
[2022-10-31T19:09:42.140Z] > git remote --verbose [0ms]
[2022-10-31T19:09:42.140Z] > git for-each-ref --sort -committerdate --format %(refname) %(objectname) %(*objectname) [3ms]
[2022-10-31T19:09:42.147Z] > git config --get commit.template [1ms]
[2022-10-31T19:09:47.235Z] > git status -z -uall [83ms]
[2022-10-31T19:09:47.239Z] > git symbolic-ref --short HEAD [0ms]
[2022-10-31T19:09:47.244Z] > git for-each-ref --format=%(refname)%00%(upstream:short)%00%(objectname)%00%(upstream:track)%00%(upstream:remotename)%00%(upstream:remoteref) refs/heads/master refs/remotes/master [1ms]
[2022-10-31T19:09:47.251Z] > git remote --verbose [0ms]
[2022-10-31T19:09:47.251Z] > git for-each-ref --sort -committerdate --format %(refname) %(objectname) %(*objectname) [3ms]
[2022-10-31T19:09:47.256Z] > git config --get commit.template [0ms]
[2022-10-31T19:09:52.345Z] > git status -z -uall [83ms]
[2022-10-31T19:09:52.350Z] > git symbolic-ref --short HEAD [1ms]
[2022-10-31T19:09:52.355Z] > git for-each-ref --format=%(refname)%00%(upstream:short)%00%(objectname)%00%(upstream:track)%00%(upstream:remotename)%00%(upstream:remoteref) refs/heads/master refs/remotes/master [1ms]
[2022-10-31T19:09:52.364Z] > git remote --verbose [1ms]
[2022-10-31T19:09:52.364Z] > git for-each-ref --sort -committerdate --format %(refname) %(objectname) %(*objectname) [5ms]
[2022-10-31T19:09:52.370Z] > git config --get commit.template [1ms]
[2022-10-31T19:09:58.492Z] > git status -z -uall [84ms]
[2022-10-31T19:09:58.497Z] > git symbolic-ref --short HEAD [1ms]
[2022-10-31T19:09:58.501Z] > git for-each-ref --format=%(refname)%00%(upstream:short)%00%(objectname)%00%(upstream:track)%00%(upstream:remotename)%00%(upstream:remoteref) refs/heads/master refs/remotes/master [0ms]
[2022-10-31T19:09:58.508Z] > git remote --verbose [1ms]
[2022-10-31T19:09:58.508Z] > git for-each-ref --sort -committerdate --format %(refname) %(objectname) %(*objectname) [4ms]
[2022-10-31T19:09:58.513Z] > git config --get commit.template [0ms]
[2022-10-31T19:10:44.678Z] > git status -z -uall [82ms]
[2022-10-31T19:10:44.684Z] > git symbolic-ref --short HEAD [0ms]
[2022-10-31T19:10:44.689Z] > git for-each-ref --format=%(refname)%00%(upstream:short)%00%(objectname)%00%(upstream:track)%00%(upstream:remotename)%00%(upstream:remoteref) refs/heads/master refs/remotes/master [1ms]
[2022-10-31T19:10:44.696Z] > git remote --verbose [0ms]
[2022-10-31T19:10:44.697Z] > git for-each-ref --sort -committerdate --format %(refname) %(objectname) %(*objectname) [5ms]
[2022-10-31T19:10:44.704Z] > git config --get commit.template [1ms]
[2022-10-31T19:10:50.150Z] > git status -z -uall [85ms]
[2022-10-31T19:10:50.155Z] > git symbolic-ref --short HEAD [0ms]
[2022-10-31T19:10:50.160Z] > git for-each-ref --format=%(refname)%00%(upstream:short)%00%(objectname)%00%(upstream:track)%00%(upstream:remotename)%00%(upstream:remoteref) refs/heads/master refs/remotes/master [1ms]
[2022-10-31T19:10:50.166Z] > git for-each-ref --sort -committerdate --format %(refname) %(objectname) %(*objectname) [3ms]
[2022-10-31T19:10:50.167Z] > git remote --verbose [1ms]
[2022-10-31T19:10:50.172Z] > git config --get commit.template [0ms]
[2022-10-31T19:10:55.258Z] > git status -z -uall [81ms]
[2022-10-31T19:10:55.263Z] > git symbolic-ref --short HEAD [0ms]
[2022-10-31T19:10:55.268Z] > git for-each-ref --format=%(refname)%00%(upstream:short)%00%(objectname)%00%(upstream:track)%00%(upstream:remotename)%00%(upstream:remoteref) refs/heads/master refs/remotes/master [1ms]
[2022-10-31T19:10:55.275Z] > git remote --verbose [1ms]
[2022-10-31T19:10:55.275Z] > git for-each-ref --sort -committerdate --format %(refname) %(objectname) %(*objectname) [4ms]
[2022-10-31T19:10:55.280Z] > git config --get commit.template [0ms]
[2022-10-31T19:11:00.884Z] > git status -z -uall [83ms]
[2022-10-31T19:11:00.889Z] > git symbolic-ref --short HEAD [1ms]
[2022-10-31T19:11:00.893Z] > git for-each-ref --format=%(refname)%00%(upstream:short)%00%(objectname)%00%(upstream:track)%00%(upstream:remotename)%00%(upstream:remoteref) refs/heads/master refs/remotes/master [0ms]
[2022-10-31T19:11:00.901Z] > git for-each-ref --sort -committerdate --format %(refname) %(objectname) %(*objectname) [4ms]
[2022-10-31T19:11:00.901Z] > git remote --verbose [1ms]
[2022-10-31T19:11:00.907Z] > git config --get commit.template [1ms]
[2022-10-31T19:11:05.994Z] > git status -z -uall [82ms]
[2022-10-31T19:11:05.999Z] > git symbolic-ref --short HEAD [0ms]
[2022-10-31T19:11:06.003Z] > git for-each-ref --format=%(refname)%00%(upstream:short)%00%(objectname)%00%(upstream:track)%00%(upstream:remotename)%00%(upstream:remoteref) refs/heads/master refs/remotes/master [0ms]
[2022-10-31T19:11:06.015Z] > git remote --verbose [4ms]
[2022-10-31T19:11:06.015Z] > git for-each-ref --sort -committerdate --format %(refname) %(objectname) %(*objectname) [8ms]
[2022-10-31T19:11:06.023Z] > git config --get commit.template [1ms]
[2022-10-31T19:11:11.597Z] > git status -z -uall [78ms]
[2022-10-31T19:11:11.603Z] > git symbolic-ref --short HEAD [1ms]
[2022-10-31T19:11:11.609Z] > git for-each-ref --format=%(refname)%00%(upstream:short)%00%(objectname)%00%(upstream:track)%00%(upstream:remotename)%00%(upstream:remoteref) refs/heads/master refs/remotes/master [1ms]
[2022-10-31T19:11:11.617Z] > git remote --verbose [1ms]
[2022-10-31T19:11:11.617Z] > git for-each-ref --sort -committerdate --format %(refname) %(objectname) %(*objectname) [4ms]
[2022-10-31T19:11:11.623Z] > git config --get commit.template [1ms]
[2022-10-31T19:11:16.708Z] > git status -z -uall [80ms]
[2022-10-31T19:11:16.713Z] > git symbolic-ref --short HEAD [0ms]
[2022-10-31T19:11:16.720Z] > git for-each-ref --format=%(refname)%00%(upstream:short)%00%(objectname)%00%(upstream:track)%00%(upstream:remotename)%00%(upstream:remoteref) refs/heads/master refs/remotes/master [1ms]
[2022-10-31T19:11:16.763Z] > git remote --verbose [36ms]
[2022-10-31T19:11:16.763Z] > git for-each-ref --sort -committerdate --format %(refname) %(objectname) %(*objectname) [39ms]
[2022-10-31T19:11:16.771Z] > git config --get commit.template [1ms]
[2022-10-31T19:11:21.857Z] > git status -z -uall [80ms]
[2022-10-31T19:11:21.862Z] > git symbolic-ref --short HEAD [1ms]
[2022-10-31T19:11:21.866Z] > git for-each-ref --format=%(refname)%00%(upstream:short)%00%(objectname)%00%(upstream:track)%00%(upstream:remotename)%00%(upstream:remoteref) refs/heads/master refs/remotes/master [0ms]
[2022-10-31T19:11:21.874Z] > git remote --verbose [0ms]
[2022-10-31T19:11:21.875Z] > git for-each-ref --sort -committerdate --format %(refname) %(objectname) %(*objectname) [5ms]
[2022-10-31T19:11:21.883Z] > git config --get commit.template [0ms]
[2022-10-31T19:11:32.695Z] > git status -z -uall [89ms]
[2022-10-31T19:11:32.701Z] > git symbolic-ref --short HEAD [1ms]
[2022-10-31T19:11:32.707Z] > git for-each-ref --format=%(refname)%00%(upstream:short)%00%(objectname)%00%(upstream:track)%00%(upstream:remotename)%00%(upstream:remoteref) refs/heads/master refs/remotes/master [1ms]
[2022-10-31T19:11:32.716Z] > git remote --verbose [1ms]
[2022-10-31T19:11:32.716Z] > git for-each-ref --sort -committerdate --format %(refname) %(objectname) %(*objectname) [5ms]
[2022-10-31T19:11:32.722Z] > git config --get commit.template [0ms]
[2022-10-31T19:12:28.016Z] > git status -z -uall [83ms]
[2022-10-31T19:12:28.020Z] > git symbolic-ref --short HEAD [0ms]
[2022-10-31T19:12:28.025Z] > git for-each-ref --format=%(refname)%00%(upstream:short)%00%(objectname)%00%(upstream:track)%00%(upstream:remotename)%00%(upstream:remoteref) refs/heads/master refs/remotes/master [1ms]
[2022-10-31T19:12:28.032Z] > git remote --verbose [0ms]
[2022-10-31T19:12:28.033Z] > git for-each-ref --sort -committerdate --format %(refname) %(objectname) %(*objectname) [5ms]
[2022-10-31T19:12:28.038Z] > git config --get commit.template [1ms]
[2022-10-31T19:12:29.184Z] > git fetch [1260ms]
[2022-10-31T19:12:29.266Z] > git status -z -uall [78ms]
[2022-10-31T19:12:29.271Z] > git symbolic-ref --short HEAD [1ms]
[2022-10-31T19:12:29.275Z] > git for-each-ref --format=%(refname)%00%(upstream:short)%00%(objectname)%00%(upstream:track)%00%(upstream:remotename)%00%(upstream:remoteref) refs/heads/master refs/remotes/master [0ms]
[2022-10-31T19:12:29.284Z] > git for-each-ref --sort -committerdate --format %(refname) %(objectname) %(*objectname) [5ms]
[2022-10-31T19:12:29.284Z] > git remote --verbose [1ms]
[2022-10-31T19:12:29.290Z] > git config --get commit.template [1ms]
[2022-10-31T19:12:44.716Z] > git ls-files --stage -- /home/lrb96/pandas_ejercicios/df.py [9ms]
[2022-10-31T19:12:44.723Z] > git cat-file -s 093a2199b5f203baff7f98834e86f5bb149595a4 [1ms]
[2022-10-31T19:12:44.740Z] > git show --textconv :pandas_ejercicios/df.py [7ms]
[2022-10-31T19:12:44.781Z] > git status -z -uall [91ms]
[2022-10-31T19:12:44.786Z] > git symbolic-ref --short HEAD [1ms]
[2022-10-31T19:12:44.791Z] > git for-each-ref --format=%(refname)%00%(upstream:short)%00%(objectname)%00%(upstream:track)%00%(upstream:remotename)%00%(upstream:remoteref) refs/heads/master refs/remotes/master [1ms]
[2022-10-31T19:12:44.797Z] > git for-each-ref --sort -committerdate --format %(refname) %(objectname) %(*objectname) [3ms]
[2022-10-31T19:12:44.798Z] > git remote --verbose [1ms]
[2022-10-31T19:12:44.804Z] > git config --get commit.template [1ms]
[2022-10-31T19:13:37.359Z] > git status -z -uall [83ms]
[2022-10-31T19:13:37.364Z] > git symbolic-ref --short HEAD [0ms]
[2022-10-31T19:13:37.368Z] > git for-each-ref --format=%(refname)%00%(upstream:short)%00%(objectname)%00%(upstream:track)%00%(upstream:remotename)%00%(upstream:remoteref) refs/heads/master refs/remotes/master [0ms]
[2022-10-31T19:13:37.376Z] > git remote --verbose [1ms]
[2022-10-31T19:13:37.376Z] > git for-each-ref --sort -committerdate --format %(refname) %(objectname) %(*objectname) [4ms]
[2022-10-31T19:13:37.382Z] > git config --get commit.template [1ms]
[2022-10-31T19:13:42.472Z] > git status -z -uall [85ms]
[2022-10-31T19:13:42.478Z] > git symbolic-ref --short HEAD [0ms]
[2022-10-31T19:13:42.483Z] > git for-each-ref --format=%(refname)%00%(upstream:short)%00%(objectname)%00%(upstream:track)%00%(upstream:remotename)%00%(upstream:remoteref) refs/heads/master refs/remotes/master [1ms]
[2022-10-31T19:13:42.492Z] > git for-each-ref --sort -committerdate --format %(refname) %(objectname) %(*objectname) [5ms]
[2022-10-31T19:13:42.492Z] > git remote --verbose [2ms]
[2022-10-31T19:13:42.498Z] > git config --get commit.template [0ms]
[2022-10-31T19:13:47.584Z] > git status -z -uall [81ms]
[2022-10-31T19:13:47.589Z] > git symbolic-ref --short HEAD [1ms]
[2022-10-31T19:13:47.593Z] > git for-each-ref --format=%(refname)%00%(upstream:short)%00%(objectname)%00%(upstream:track)%00%(upstream:remotename)%00%(upstream:remoteref) refs/heads/master refs/remotes/master [0ms]
[2022-10-31T19:13:47.600Z] > git remote --verbose [0ms]
[2022-10-31T19:13:47.600Z] > git for-each-ref --sort -committerdate --format %(refname) %(objectname) %(*objectname) [3ms]
[2022-10-31T19:13:47.606Z] > git config --get commit.template [1ms]
[2022-10-31T19:13:52.695Z] > git status -z -uall [82ms]
[2022-10-31T19:13:52.702Z] > git symbolic-ref --short HEAD [1ms]
[2022-10-31T19:13:52.708Z] > git for-each-ref --format=%(refname)%00%(upstream:short)%00%(objectname)%00%(upstream:track)%00%(upstream:remotename)%00%(upstream:remoteref) refs/heads/master refs/remotes/master [1ms]
[2022-10-31T19:13:52.716Z] > git remote --verbose [1ms]
[2022-10-31T19:13:52.717Z] > git for-each-ref --sort -committerdate --format %(refname) %(objectname) %(*objectname) [5ms]
[2022-10-31T19:13:52.722Z] > git config --get commit.template [1ms]
[2022-10-31T19:13:57.817Z] > git status -z -uall [89ms]
[2022-10-31T19:13:57.823Z] > git symbolic-ref --short HEAD [1ms]
[2022-10-31T19:13:57.828Z] > git for-each-ref --format=%(refname)%00%(upstream:short)%00%(objectname)%00%(upstream:track)%00%(upstream:remotename)%00%(upstream:remoteref) refs/heads/master refs/remotes/master [1ms]
[2022-10-31T19:13:57.838Z] > git remote --verbose [0ms]
[2022-10-31T19:13:57.838Z] > git for-each-ref --sort -committerdate --format %(refname) %(objectname) %(*objectname) [6ms]
[2022-10-31T19:13:57.845Z] > git config --get commit.template [0ms]
[2022-10-31T19:14:02.936Z] > git status -z -uall [85ms]
[2022-10-31T19:14:02.941Z] > git symbolic-ref --short HEAD [1ms]
[2022-10-31T19:14:02.945Z] > git for-each-ref --format=%(refname)%00%(upstream:short)%00%(objectname)%00%(upstream:track)%00%(upstream:remotename)%00%(upstream:remoteref) refs/heads/master refs/remotes/master [0ms]
[2022-10-31T19:14:02.954Z] > git remote --verbose [1ms]
[2022-10-31T19:14:02.954Z] > git for-each-ref --sort -committerdate --format %(refname) %(objectname) %(*objectname) [5ms]
[2022-10-31T19:14:02.960Z] > git config --get commit.template [1ms]
[2022-10-31T19:14:08.056Z] > git status -z -uall [88ms]
[2022-10-31T19:14:08.061Z] > git symbolic-ref --short HEAD [1ms]
[2022-10-31T19:14:08.065Z] > git for-each-ref --format=%(refname)%00%(upstream:short)%00%(objectname)%00%(upstream:track)%00%(upstream:remotename)%00%(upstream:remoteref) refs/heads/master refs/remotes/master [0ms]
[2022-10-31T19:14:08.073Z] > git remote --verbose [1ms]
[2022-10-31T19:14:08.073Z] > git for-each-ref --sort -committerdate --format %(refname) %(objectname) %(*objectname) [5ms]
[2022-10-31T19:14:08.079Z] > git config --get commit.template [1ms]
[2022-10-31T19:14:13.780Z] > git status -z -uall [88ms]
[2022-10-31T19:14:13.785Z] > git symbolic-ref --short HEAD [1ms]
[2022-10-31T19:14:13.790Z] > git for-each-ref --format=%(refname)%00%(upstream:short)%00%(objectname)%00%(upstream:track)%00%(upstream:remotename)%00%(upstream:remoteref) refs/heads/master refs/remotes/master [1ms]
[2022-10-31T19:14:13.798Z] > git remote --verbose [1ms]
[2022-10-31T19:14:13.798Z] > git for-each-ref --sort -committerdate --format %(refname) %(objectname) %(*objectname) [5ms]
[2022-10-31T19:14:13.804Z] > git config --get commit.template [1ms]
[2022-10-31T19:14:19.189Z] > git status -z -uall [87ms]
[2022-10-31T19:14:19.195Z] > git symbolic-ref --short HEAD [1ms]
[2022-10-31T19:14:19.199Z] > git for-each-ref --format=%(refname)%00%(upstream:short)%00%(objectname)%00%(upstream:track)%00%(upstream:remotename)%00%(upstream:remoteref) refs/heads/master refs/remotes/master [0ms]
[2022-10-31T19:14:19.208Z] > git remote --verbose [1ms]
[2022-10-31T19:14:19.208Z] > git for-each-ref --sort -committerdate --format %(refname) %(objectname) %(*objectname) [5ms]
[2022-10-31T19:14:19.214Z] > git config --get commit.template [1ms]
[2022-10-31T19:14:26.440Z] > git status -z -uall [83ms]
[2022-10-31T19:14:26.445Z] > git symbolic-ref --short HEAD [1ms]
[2022-10-31T19:14:26.449Z] > git for-each-ref --format=%(refname)%00%(upstream:short)%00%(objectname)%00%(upstream:track)%00%(upstream:remotename)%00%(upstream:remoteref) refs/heads/master refs/remotes/master [1ms]
[2022-10-31T19:14:26.456Z] > git remote --verbose [1ms]
[2022-10-31T19:14:26.456Z] > git for-each-ref --sort -committerdate --format %(refname) %(objectname) %(*objectname) [4ms]
[2022-10-31T19:14:26.464Z] > git config --get commit.template [1ms]
[2022-10-31T19:16:11.446Z] > git status -z -uall [86ms]
[2022-10-31T19:16:11.453Z] > git symbolic-ref --short HEAD [1ms]
[2022-10-31T19:16:11.457Z] > git for-each-ref --format=%(refname)%00%(upstream:short)%00%(objectname)%00%(upstream:track)%00%(upstream:remotename)%00%(upstream:remoteref) refs/heads/master refs/remotes/master [1ms]
[2022-10-31T19:16:11.464Z] > git remote --verbose [0ms]
[2022-10-31T19:16:11.465Z] > git for-each-ref --sort -committerdate --format %(refname) %(objectname) %(*objectname) [5ms]
[2022-10-31T19:16:11.470Z] > git config --get commit.template [0ms]
[2022-10-31T19:16:12.534Z] > git ls-files --stage -- /home/lrb96/pandas_ejercicios/df.py [7ms]
[2022-10-31T19:16:12.539Z] > git cat-file -s 093a2199b5f203baff7f98834e86f5bb149595a4 [1ms]
[2022-10-31T19:16:12.555Z] > git show --textconv :pandas_ejercicios/df.py [7ms]
[2022-10-31T19:16:12.614Z] > git fetch [1263ms]
[2022-10-31T19:16:12.698Z] > git status -z -uall [79ms]
[2022-10-31T19:16:12.703Z] > git symbolic-ref --short HEAD [1ms]
[2022-10-31T19:16:12.707Z] > git for-each-ref --format=%(refname)%00%(upstream:short)%00%(objectname)%00%(upstream:track)%00%(upstream:remotename)%00%(upstream:remoteref) refs/heads/master refs/remotes/master [0ms]
[2022-10-31T19:16:12.714Z] > git remote --verbose [0ms]
[2022-10-31T19:16:12.715Z] > git for-each-ref --sort -committerdate --format %(refname) %(objectname) %(*objectname) [4ms]
[2022-10-31T19:16:12.721Z] > git config --get commit.template [0ms]
[2022-10-31T19:16:13.727Z] > git ls-files --stage -- /home/lrb96/pandas_ejercicios/df.py [8ms]
[2022-10-31T19:16:13.732Z] > git cat-file -s 093a2199b5f203baff7f98834e86f5bb149595a4 [1ms]
[2022-10-31T19:16:13.747Z] > git show --textconv :pandas_ejercicios/df.py [6ms]
[2022-10-31T19:16:16.555Z] > git status -z -uall [80ms]
[2022-10-31T19:16:16.561Z] > git symbolic-ref --short HEAD [0ms]
[2022-10-31T19:16:16.567Z] > git for-each-ref --format=%(refname)%00%(upstream:short)%00%(objectname)%00%(upstream:track)%00%(upstream:remotename)%00%(upstream:remoteref) refs/heads/master refs/remotes/master [1ms]
[2022-10-31T19:16:16.575Z] > git remote --verbose [0ms]
[2022-10-31T19:16:16.576Z] > git for-each-ref --sort -committerdate --format %(refname) %(objectname) %(*objectname) [6ms]
[2022-10-31T19:16:16.582Z] > git config --get commit.template [0ms]
[2022-10-31T19:16:21.667Z] > git status -z -uall [80ms]
[2022-10-31T19:16:21.672Z] > git symbolic-ref --short HEAD [0ms]
[2022-10-31T19:16:21.677Z] > git for-each-ref --format=%(refname)%00%(upstream:short)%00%(objectname)%00%(upstream:track)%00%(upstream:remotename)%00%(upstream:remoteref) refs/heads/master refs/remotes/master [1ms]
[2022-10-31T19:16:21.685Z] > git for-each-ref --sort -committerdate --format %(refname) %(objectname) %(*objectname) [4ms]
[2022-10-31T19:16:21.685Z] > git remote --verbose [1ms]
[2022-10-31T19:16:21.690Z] > git config --get commit.template [0ms]
[2022-10-31T19:16:28.777Z] > git status -z -uall [82ms]
[2022-10-31T19:16:28.782Z] > git symbolic-ref --short HEAD [0ms]
[2022-10-31T19:16:28.788Z] > git for-each-ref --format=%(refname)%00%(upstream:short)%00%(objectname)%00%(upstream:track)%00%(upstream:remotename)%00%(upstream:remoteref) refs/heads/master refs/remotes/master [1ms]
[2022-10-31T19:16:28.795Z] > git for-each-ref --sort -committerdate --format %(refname) %(objectname) %(*objectname) [4ms]
[2022-10-31T19:16:28.795Z] > git remote --verbose [0ms]
[2022-10-31T19:16:28.801Z] > git config --get commit.template [1ms]
[2022-10-31T19:17:04.052Z] > git status -z -uall [83ms]
[2022-10-31T19:17:04.057Z] > git symbolic-ref --short HEAD [0ms]
[2022-10-31T19:17:04.062Z] > git for-each-ref --format=%(refname)%00%(upstream:short)%00%(objectname)%00%(upstream:track)%00%(upstream:remotename)%00%(upstream:remoteref) refs/heads/master refs/remotes/master [1ms]
[2022-10-31T19:17:04.069Z] > git for-each-ref --sort -committerdate --format %(refname) %(objectname) %(*objectname) [4ms]
[2022-10-31T19:17:04.069Z] > git remote --verbose [1ms]
[2022-10-31T19:17:04.075Z] > git config --get commit.template [1ms]
[2022-10-31T19:17:23.701Z] > git status -z -uall [84ms]
[2022-10-31T19:17:23.706Z] > git symbolic-ref --short HEAD [0ms]
[2022-10-31T19:17:23.711Z] > git for-each-ref --format=%(refname)%00%(upstream:short)%00%(objectname)%00%(upstream:track)%00%(upstream:remotename)%00%(upstream:remoteref) refs/heads/master refs/remotes/master [1ms]
[2022-10-31T19:17:23.718Z] > git remote --verbose [0ms]
[2022-10-31T19:17:23.718Z] > git for-each-ref --sort -committerdate --format %(refname) %(objectname) %(*objectname) [3ms]
[2022-10-31T19:17:23.724Z] > git config --get commit.template [0ms]
[2022-10-31T19:23:30.294Z] > git status -z -uall [83ms]
[2022-10-31T19:23:30.299Z] > git symbolic-ref --short HEAD [1ms]
[2022-10-31T19:23:30.303Z] > git for-each-ref --format=%(refname)%00%(upstream:short)%00%(objectname)%00%(upstream:track)%00%(upstream:remotename)%00%(upstream:remoteref) refs/heads/master refs/remotes/master [1ms]
[2022-10-31T19:23:30.310Z] > git remote --verbose [1ms]
[2022-10-31T19:23:30.310Z] > git for-each-ref --sort -committerdate --format %(refname) %(objectname) %(*objectname) [4ms]
[2022-10-31T19:23:30.316Z] > git config --get commit.template [1ms]
[2022-10-31T19:23:31.384Z] > git ls-files --stage -- /home/lrb96/pandas_ejercicios/df.py [6ms]
[2022-10-31T19:23:31.389Z] > git cat-file -s 093a2199b5f203baff7f98834e86f5bb149595a4 [1ms]
[2022-10-31T19:23:31.404Z] > git show --textconv :pandas_ejercicios/df.py [7ms]
[2022-10-31T19:23:31.461Z] > git fetch [1258ms]
[2022-10-31T19:23:31.547Z] > git status -z -uall [80ms]
[2022-10-31T19:23:31.552Z] > git symbolic-ref --short HEAD [1ms]
[2022-10-31T19:23:31.556Z] > git for-each-ref --format=%(refname)%00%(upstream:short)%00%(objectname)%00%(upstream:track)%00%(upstream:remotename)%00%(upstream:remoteref) refs/heads/master refs/remotes/master [0ms]
[2022-10-31T19:23:31.563Z] > git for-each-ref --sort -committerdate --format %(refname) %(objectname) %(*objectname) [3ms]
[2022-10-31T19:23:31.564Z] > git remote --verbose [1ms]
[2022-10-31T19:23:31.570Z] > git config --get commit.template [1ms]
[2022-10-31T19:23:32.585Z] > git ls-files --stage -- /home/lrb96/pandas_ejercicios/df.py [8ms]
[2022-10-31T19:23:32.590Z] > git cat-file -s 093a2199b5f203baff7f98834e86f5bb149595a4 [1ms]
[2022-10-31T19:23:32.605Z] > git show --textconv :pandas_ejercicios/df.py [6ms]
